<?xml version="1.0" encoding="UTF-8" standalone="yes"?>
<testsuites name="ViewNewAcceptCancelAllBookingByServiceProviders" time="44" tests="1" failures="0" errors="0">
    <testsuite name="ViewNewAcceptCancelAllBookingByServiceProviders" tests="1" failures="0" errors="0" time="44" timestamp="2019-08-23 18:33:13" hostname="DAPL-Asset-180 - DAPL-Asset-180" id="Test Suites/ViewNewAcceptCancelAllBooking/ViewNewAcceptCancelAllBookingByServiceProviders">
        <properties>
            <property name="deviceName" value=""/>
            <property name="devicePlatform" value=""/>
            <property name="logFolder" value="C:\\Users\\DAPL-Asset-180\\Desktop\\project folder\\Workilo\\WorkiloAutomation(14.8.19)\\Reports\\ViewNewAcceptCancelAllBooking\\ViewNewAcceptCancelAllBookingByServiceProviders\\20190823_183309"/>
            <property name="logFiles" value="C:\\Users\\DAPL-Asset-180\\Desktop\\project folder\\Workilo\\WorkiloAutomation(14.8.19)\\Reports\\ViewNewAcceptCancelAllBooking\\ViewNewAcceptCancelAllBookingByServiceProviders\\20190823_183309\\execution0.log"/>
            <property name="attachments" value=""/>
            <property name="hostName" value="DAPL-Asset-180 - DAPL-Asset-180"/>
            <property name="hostAddress" value="192.168.1.188"/>
            <property name="os" value="Windows 8.1 64bit"/>
            <property name="katalonVersion" value="6.2.1.2"/>
        </properties>
        <testcase name="Test Cases/Workilo/Bookings/ServiceProvider/InboxVerifyMessageDetail" classname="Test Cases/Workilo/Bookings/ServiceProvider/InboxVerifyMessageDetail" status="PASSED">
            <system-out>2019-08-23 18:33:13 - [TEST_CASE][PASSED] - Test Cases/Workilo/Bookings/ServiceProvider/InboxVerifyMessageDetail: Test Cases/Workilo/Bookings/ServiceProvider/InboxVerifyMessageDetail&#xD;
&#xD;
2019-08-23 18:33:15 - [TEST_STEP][PASSED] - System.setProperty("webdriver.chrome.driver", chromePath): null&#xD;
&#xD;
2019-08-23 18:33:15 - [TEST_STEP][PASSED] - driver = new org.openqa.selenium.chrome.ChromeDriver(): null&#xD;
&#xD;
2019-08-23 18:33:18 - [TEST_STEP][PASSED] - window().maximize(): null&#xD;
&#xD;
2019-08-23 18:33:19 - [TEST_STEP][PASSED] - try: null&#xD;
&#xD;
2019-08-23 18:33:19 - [TEST_STEP][PASSED] - driver.get("http://workilo.com"): null&#xD;
&#xD;
2019-08-23 18:33:29 - [TEST_STEP][PASSED] - timeouts().implicitlyWait(30, SECONDS): null&#xD;
&#xD;
2019-08-23 18:33:29 - [TEST_STEP][PASSED] - linkText("Log In")).click(): null&#xD;
&#xD;
2019-08-23 18:33:29 - [TEST_STEP][PASSED] - Thread.sleep(2000): null&#xD;
&#xD;
2019-08-23 18:33:31 - [TEST_STEP][PASSED] - id("email_login")).sendKeys("testworkilo@gmail.com"): null&#xD;
&#xD;
2019-08-23 18:33:31 - [TEST_STEP][PASSED] - id("password_login")).sendKeys("admin#123"): null&#xD;
&#xD;
2019-08-23 18:33:32 - [TEST_STEP][PASSED] - //*[@value='Log in']")).click(): null&#xD;
&#xD;
2019-08-23 18:33:32 - [TEST_STEP][PASSED] - Thread.sleep(3000): null&#xD;
&#xD;
2019-08-23 18:33:35 - [TEST_STEP][PASSED] - xpath("/html/body/header/div/span[3]")).click(): null&#xD;
&#xD;
2019-08-23 18:33:35 - [TEST_STEP][PASSED] - Thread.sleep(1000): null&#xD;
&#xD;
2019-08-23 18:33:36 - [TEST_STEP][PASSED] - xpath("/html/body/div[4]/div/div[1]/ul/li[1]/a")).click(): null&#xD;
&#xD;
2019-08-23 18:33:37 - [TEST_STEP][PASSED] - Thread.sleep(1000): null&#xD;
&#xD;
2019-08-23 18:33:38 - [TEST_STEP][PASSED] - xpath("/html[1]/body[1]/div[6]/div[1]/div[1]/div[2]/div[1]/div[1]/table[1]/tbody[1]/tr[1]/td[4]")).click(): null&#xD;
&#xD;
2019-08-23 18:33:40 - [TEST_STEP][PASSED] - Thread.sleep(2000): null&#xD;
&#xD;
2019-08-23 18:33:42 - [TEST_STEP][PASSED] - js = driver: null&#xD;
&#xD;
2019-08-23 18:33:42 - [TEST_STEP][PASSED] - js.executeScript("window.scrollBy(0,230)"): null&#xD;
&#xD;
2019-08-23 18:33:42 - [TEST_STEP][PASSED] - Thread.sleep(1000): null&#xD;
&#xD;
2019-08-23 18:33:43 - [TEST_STEP][PASSED] - message = driver.findElement(By.xpath("/html/body/div[6]/div/div/div[1]/div[2]/div[2]/div/div[2]/p")): null&#xD;
&#xD;
2019-08-23 18:33:43 - [TEST_STEP][PASSED] - js.executeScript("arguments[0].style.border='3px solid red'", message): null&#xD;
&#xD;
2019-08-23 18:33:43 - [TEST_STEP][PASSED] - element = driver.findElements(By.xpath("//*[@id="order-status-form"]/div/div[2]/div/ul/li")): null&#xD;
&#xD;
2019-08-23 18:33:43 - [TEST_STEP][PASSED] - out.println("Total List == " + element.size()): null&#xD;
&#xD;
2019-08-23 18:33:43 - [TEST_STEP][PASSED] - for ([i = 0, i &lt; element.size() - 1, (i++)]): null&#xD;
&#xD;
2019-08-23 18:33:43 - [TEST_STEP][PASSED] - js.executeScript("arguments[0].style.border='3px solid red'", driver.findElement(By.xpath("//*[@id="order-status-form"]/div/div[2]/div/ul/li[" + i + 1 + "]"))): null&#xD;
&#xD;
2019-08-23 18:33:43 - [TEST_STEP][PASSED] - js.executeScript("arguments[0].style.border='3px solid red'", driver.findElement(By.xpath("//*[@id="order-status-form"]/div/div[2]/div/ul/li[" + i + 1 + "]"))): null&#xD;
&#xD;
2019-08-23 18:33:43 - [TEST_STEP][PASSED] - js.executeScript("arguments[0].style.border='3px solid red'", driver.findElement(By.xpath("//*[@id="order-status-form"]/div/div[2]/div/ul/li[" + i + 1 + "]"))): null&#xD;
&#xD;
2019-08-23 18:33:43 - [TEST_STEP][PASSED] - js.executeScript("arguments[0].style.border='3px solid red'", driver.findElement(By.xpath("//*[@id="order-status-form"]/div/div[2]/div/ul/li[" + i + 1 + "]"))): null&#xD;
&#xD;
2019-08-23 18:33:43 - [TEST_STEP][PASSED] - js.executeScript("window.scrollBy(0,430)"): null&#xD;
&#xD;
2019-08-23 18:33:43 - [TEST_STEP][PASSED] - paymentList = driver.findElements(By.xpath("//*[@id="order-status-form"]/div/div[3]/div/ul/li")): null&#xD;
&#xD;
2019-08-23 18:33:43 - [TEST_STEP][PASSED] - out.println("Payment List == " + paymentList.size()): null&#xD;
&#xD;
2019-08-23 18:33:43 - [TEST_STEP][PASSED] - Thread.sleep(2000): null&#xD;
&#xD;
2019-08-23 18:33:45 - [TEST_STEP][PASSED] - for ([i = 0, i &lt; paymentList.size(), (i++)]): null&#xD;
&#xD;
2019-08-23 18:33:45 - [TEST_STEP][PASSED] - js.executeScript("arguments[0].style.border='3px solid red'", driver.findElement(By.xpath("//*[@id="order-status-form"]/div/div[3]/div/ul/li[" + i + 1 + "]"))): null&#xD;
&#xD;
2019-08-23 18:33:45 - [TEST_STEP][PASSED] - js.executeScript("arguments[0].style.border='3px solid red'", driver.findElement(By.xpath("//*[@id="order-status-form"]/div/div[3]/div/ul/li[" + i + 1 + "]"))): null&#xD;
&#xD;
2019-08-23 18:33:45 - [TEST_STEP][PASSED] - js.executeScript("arguments[0].style.border='3px solid red'", driver.findElement(By.xpath("//*[@id="order-status-form"]/div/div[3]/div/ul/li[" + i + 1 + "]"))): null&#xD;
&#xD;
2019-08-23 18:33:45 - [TEST_STEP][PASSED] - js.executeScript("arguments[0].style.border='3px solid red'", driver.findElement(By.xpath("//*[@id="order-status-form"]/div/div[3]/div/ul/li[" + i + 1 + "]"))): null&#xD;
&#xD;
2019-08-23 18:33:45 - [TEST_STEP][PASSED] - js.executeScript("arguments[0].style.border='3px solid red'", driver.findElement(By.xpath("//*[@id="order-status-form"]/div/div[3]/div/ul/li[" + i + 1 + "]"))): null&#xD;
&#xD;
2019-08-23 18:33:45 - [TEST_STEP][PASSED] - js.executeScript("arguments[0].style.border='3px solid red'", driver.findElement(By.xpath("//*[@id="order-status-form"]/div/div[3]/div/ul/li[" + i + 1 + "]"))): null&#xD;
&#xD;
2019-08-23 18:33:45 - [TEST_STEP][PASSED] - js.executeScript("arguments[0].style.border='3px solid red'", driver.findElement(By.xpath("//*[@id="order-status-form"]/div/div[3]/div/ul/li[" + i + 1 + "]"))): null&#xD;
&#xD;
2019-08-23 18:33:45 - [TEST_STEP][PASSED] - xpath("/html/body/header/div/span[3]")).click(): null&#xD;
&#xD;
2019-08-23 18:33:46 - [TEST_STEP][PASSED] - Thread.sleep(2000): null&#xD;
&#xD;
2019-08-23 18:33:48 - [TEST_STEP][PASSED] - linkText("Sign Out")).click(): null&#xD;
&#xD;
2019-08-23 18:33:53 - [TEST_STEP][PASSED] - Thread.sleep(1000): null&#xD;
&#xD;
2019-08-23 18:33:54 - [TEST_STEP][PASSED] - action = new org.openqa.selenium.interactions.Actions(driver): null&#xD;
&#xD;
2019-08-23 18:33:54 - [TEST_STEP][PASSED] - build().perform(): null&#xD;
&#xD;
2019-08-23 18:33:54 - [TEST_STEP][PASSED] - Thread.sleep(2000): null&#xD;
&#xD;
2019-08-23 18:33:56 - [TEST_STEP][PASSED] - driver.quit(): null</system-out>
            <system-err></system-err>
        </testcase>
        <system-out>2019-08-23 18:33:13 - [TEST_SUITE][INCOMPLETE] - ViewNewAcceptCancelAllBookingByServiceProviders: null</system-out>
        <system-err>2019-08-23 18:33:13 - [TEST_SUITE][INCOMPLETE] - ViewNewAcceptCancelAllBookingByServiceProviders: null</system-err>
    </testsuite>
</testsuites>
