<?xml version="1.0" encoding="UTF-8" standalone="yes"?>
<testsuites name="CompleteBookingFutureDate-Time(LiveMode)" time="186" tests="3" failures="0" errors="0">
    <testsuite name="CompleteBookingFutureDate-Time(LiveMode)" tests="3" failures="0" errors="0" time="186" timestamp="2019-08-20 13:57:29" hostname="DAPL-Asset-180 - DAPL-Asset-180" id="Test Suites/CompleteBookingFutureDate-Time(LiveMode)">
        <properties>
            <property name="deviceName" value=""/>
            <property name="devicePlatform" value=""/>
            <property name="logFolder" value="C:\\Users\\DAPL-Asset-180\\Desktop\\project folder\\Workilo\\WorkiloAutomation(14.8.19)\\Reports\\CompleteBookingFutureDate-Time(LiveMode)\\20190820_135726"/>
            <property name="logFiles" value="C:\\Users\\DAPL-Asset-180\\Desktop\\project folder\\Workilo\\WorkiloAutomation(14.8.19)\\Reports\\CompleteBookingFutureDate-Time(LiveMode)\\20190820_135726\\execution0.log"/>
            <property name="attachments" value=""/>
            <property name="hostName" value="DAPL-Asset-180 - DAPL-Asset-180"/>
            <property name="hostAddress" value="192.168.1.188"/>
            <property name="os" value="Windows 8.1 64bit"/>
            <property name="katalonVersion" value="6.2.1.2"/>
        </properties>
        <testcase name="Test Cases/Workilo/Bookings/Customer/PlaceOrderBySearchTestMode" classname="Test Cases/Workilo/Bookings/Customer/PlaceOrderBySearchTestMode" status="PASSED">
            <system-out>2019-08-20 13:57:30 - [TEST_CASE][PASSED] - Test Cases/Workilo/Bookings/Customer/PlaceOrderBySearchTestMode: Test Cases/Workilo/Bookings/Customer/PlaceOrderBySearchTestMode&#xD;
&#xD;
2019-08-20 13:57:32 - [TEST_STEP][PASSED] - System.setProperty("webdriver.chrome.driver", chromePath): null&#xD;
&#xD;
2019-08-20 13:57:32 - [TEST_STEP][PASSED] - driver = new org.openqa.selenium.chrome.ChromeDriver(): null&#xD;
&#xD;
2019-08-20 13:57:35 - [TEST_STEP][PASSED] - window().maximize(): null&#xD;
&#xD;
2019-08-20 13:57:37 - [TEST_STEP][PASSED] - driver.get("http://workilo.com"): null&#xD;
&#xD;
2019-08-20 13:57:49 - [TEST_STEP][PASSED] - timeouts().implicitlyWait(30, SECONDS): null&#xD;
&#xD;
2019-08-20 13:57:49 - [TEST_STEP][PASSED] - try: null&#xD;
&#xD;
2019-08-20 13:57:49 - [TEST_STEP][PASSED] - linkText("Log In")).click(): null&#xD;
&#xD;
2019-08-20 13:57:49 - [TEST_STEP][PASSED] - Thread.sleep(2000): null&#xD;
&#xD;
2019-08-20 13:57:51 - [TEST_STEP][PASSED] - id("email_login")).sendKeys("nabin@digitalaptech.com"): null&#xD;
&#xD;
2019-08-20 13:57:52 - [TEST_STEP][PASSED] - id("password_login")).sendKeys("admin#123"): null&#xD;
&#xD;
2019-08-20 13:57:52 - [TEST_STEP][PASSED] - //*[@value='Log in']")).click(): null&#xD;
&#xD;
2019-08-20 13:57:52 - [TEST_STEP][PASSED] - Thread.sleep(3000): null&#xD;
&#xD;
2019-08-20 13:57:55 - [TEST_STEP][PASSED] - js = driver: null&#xD;
&#xD;
2019-08-20 13:57:55 - [TEST_STEP][PASSED] - id("search-input-desk")).sendKeys("Home Appliances"): null&#xD;
&#xD;
2019-08-20 13:58:01 - [TEST_STEP][PASSED] - xpath("//*[@id='select_list']/button")).click(): null&#xD;
&#xD;
2019-08-20 13:58:05 - [TEST_STEP][PASSED] - js.executeScript("window.scrollBy(0,500)"): null&#xD;
&#xD;
2019-08-20 13:58:06 - [TEST_STEP][PASSED] - Thread.sleep(2000): null&#xD;
&#xD;
2019-08-20 13:58:08 - [TEST_STEP][PASSED] - xpath("//*[@id='demo']/div/div/div[1]")).click(): null&#xD;
&#xD;
2019-08-20 13:58:14 - [TEST_STEP][PASSED] - element2 = driver.findElement(By.xpath(".//*[text()='book now']")): null&#xD;
&#xD;
2019-08-20 13:58:14 - [TEST_STEP][PASSED] - js.executeScript("window.scrollBy(0,500)"): null&#xD;
&#xD;
2019-08-20 13:58:14 - [TEST_STEP][PASSED] - Thread.sleep(2000): null&#xD;
&#xD;
2019-08-20 13:58:16 - [TEST_STEP][PASSED] - element2.click(): null&#xD;
&#xD;
2019-08-20 13:58:16 - [TEST_STEP][PASSED] - Thread.sleep(3000): null&#xD;
&#xD;
2019-08-20 13:58:19 - [TEST_STEP][PASSED] - id("step1")).click(): null&#xD;
&#xD;
2019-08-20 13:58:19 - [TEST_STEP][PASSED] - Thread.sleep(3000): null&#xD;
&#xD;
2019-08-20 13:58:22 - [TEST_STEP][PASSED] - id("billing_address1")).sendKeys("446 Plymouth St. Brooklyn"): null&#xD;
&#xD;
2019-08-20 13:58:22 - [TEST_STEP][PASSED] - id("billing_city")).click(): null&#xD;
&#xD;
2019-08-20 13:58:22 - [TEST_STEP][PASSED] - Thread.sleep(2000): null&#xD;
&#xD;
2019-08-20 13:58:24 - [TEST_STEP][PASSED] - element3 = driver.findElement(By.xpath("//*[@id='tab-2']/div[2]/a[1]")): null&#xD;
&#xD;
2019-08-20 13:58:24 - [TEST_STEP][PASSED] - js.executeScript("arguments[0].scrollIntoView();", element3): null&#xD;
&#xD;
2019-08-20 13:58:24 - [TEST_STEP][PASSED] - element3.click(): null&#xD;
&#xD;
2019-08-20 13:58:25 - [TEST_STEP][PASSED] - Thread.sleep(2000): null&#xD;
&#xD;
2019-08-20 13:58:27 - [TEST_STEP][PASSED] - xpath("//*[@id='tab-3']/div[2]/a[1]")).click(): null&#xD;
&#xD;
2019-08-20 13:58:27 - [TEST_STEP][PASSED] - Thread.sleep(2000): null&#xD;
&#xD;
2019-08-20 13:58:29 - [TEST_STEP][PASSED] - xpath("//*[@id='tab-4']/div[1]/div[1]/span")).click(): null&#xD;
&#xD;
2019-08-20 13:58:29 - [TEST_STEP][PASSED] - Thread.sleep(2000): null&#xD;
&#xD;
2019-08-20 13:58:31 - [TEST_STEP][PASSED] - name("send")).click(): null&#xD;
&#xD;
2019-08-20 13:58:31 - [TEST_STEP][PASSED] - Thread.sleep(3000): null&#xD;
&#xD;
2019-08-20 13:58:34 - [TEST_STEP][PASSED] - src = driver.getScreenshotAs(FILE): null&#xD;
&#xD;
2019-08-20 13:58:35 - [TEST_STEP][PASSED] - FileUtils.copyFile(src, new java.io.File(((screenshots + java.lang.System.currentTimeMillis()) + .png))): null&#xD;
&#xD;
2019-08-20 13:58:35 - [TEST_STEP][PASSED] - Thread.sleep(2000): null&#xD;
&#xD;
2019-08-20 13:58:37 - [TEST_STEP][PASSED] - orderId = id("order_id_data")).getText(): null&#xD;
&#xD;
2019-08-20 13:58:37 - [TEST_STEP][PASSED] - out.println("Order ID ==== " + orderId): null&#xD;
&#xD;
2019-08-20 13:58:37 - [TEST_STEP][PASSED] - xpath("//*[@id='messageModal']/div/div/i")).click(): null&#xD;
&#xD;
2019-08-20 13:58:37 - [TEST_STEP][PASSED] - Thread.sleep(2000): null&#xD;
&#xD;
2019-08-20 13:58:39 - [TEST_STEP][PASSED] - js.executeScript("window.scrollBy(0,-1000)"): null&#xD;
&#xD;
2019-08-20 13:58:39 - [TEST_STEP][PASSED] - Thread.sleep(1000): null&#xD;
&#xD;
2019-08-20 13:58:40 - [TEST_STEP][PASSED] - xpath("/html/body/header/div/span[3]")).click(): null&#xD;
&#xD;
2019-08-20 13:58:40 - [TEST_STEP][PASSED] - catch (Exception e): null&#xD;
&#xD;
2019-08-20 13:58:40 - [TEST_STEP][PASSED] - src = driver.getScreenshotAs(FILE): null&#xD;
&#xD;
2019-08-20 13:58:41 - [TEST_STEP][PASSED] - FileUtils.copyFile(src, new java.io.File(((screenshots + java.lang.System.currentTimeMillis()) + .png))): null&#xD;
&#xD;
2019-08-20 13:58:41 - [TEST_STEP][PASSED] - out.println(e.getMessage()): null</system-out>
            <system-err></system-err>
        </testcase>
        <testcase name="Test Cases/Workilo/Bookings/ServiceProvider/New Booking Order" classname="Test Cases/Workilo/Bookings/ServiceProvider/New Booking Order" status="PASSED">
            <system-out>2019-08-20 13:58:41 - [TEST_CASE][PASSED] - Test Cases/Workilo/Bookings/ServiceProvider/New Booking Order: Test Cases/Workilo/Bookings/ServiceProvider/New Booking Order&#xD;
&#xD;
2019-08-20 13:58:42 - [TEST_STEP][PASSED] - System.setProperty("webdriver.chrome.driver", chromePath): null&#xD;
&#xD;
2019-08-20 13:58:42 - [TEST_STEP][PASSED] - driver = new org.openqa.selenium.chrome.ChromeDriver(): null&#xD;
&#xD;
2019-08-20 13:58:44 - [TEST_STEP][PASSED] - window().maximize(): null&#xD;
&#xD;
2019-08-20 13:58:45 - [TEST_STEP][PASSED] - driver.get("http://workilo.com"): null&#xD;
&#xD;
2019-08-20 13:59:03 - [TEST_STEP][PASSED] - timeouts().implicitlyWait(30, SECONDS): null&#xD;
&#xD;
2019-08-20 13:59:03 - [TEST_STEP][PASSED] - try: null&#xD;
&#xD;
2019-08-20 13:59:03 - [TEST_STEP][PASSED] - linkText("Log In")).click(): null&#xD;
&#xD;
2019-08-20 13:59:03 - [TEST_STEP][PASSED] - Thread.sleep(2000): null&#xD;
&#xD;
2019-08-20 13:59:05 - [TEST_STEP][PASSED] - id("email_login")).sendKeys("testworkilo@gmail.com"): null&#xD;
&#xD;
2019-08-20 13:59:05 - [TEST_STEP][PASSED] - id("password_login")).sendKeys("admin#123"): null&#xD;
&#xD;
2019-08-20 13:59:05 - [TEST_STEP][PASSED] - //*[@value='Log in']")).click(): null&#xD;
&#xD;
2019-08-20 13:59:05 - [TEST_STEP][PASSED] - Thread.sleep(3000): null&#xD;
&#xD;
2019-08-20 13:59:08 - [TEST_STEP][PASSED] - xpath("/html/body/header/div/span[3]")).click(): null&#xD;
&#xD;
2019-08-20 13:59:10 - [TEST_STEP][PASSED] - Thread.sleep(1000): null&#xD;
&#xD;
2019-08-20 13:59:11 - [TEST_STEP][PASSED] - xpath("/html/body/div[4]/div/div[1]/ul/li[2]/a")).click(): null&#xD;
&#xD;
2019-08-20 13:59:18 - [TEST_STEP][PASSED] - Thread.sleep(1000): null&#xD;
&#xD;
2019-08-20 13:59:19 - [TEST_STEP][PASSED] - message = xpath("/html/body/div[6]/div/div[1]/div[1]/div/div/ul/li[1]/a")).getText(): null&#xD;
&#xD;
2019-08-20 13:59:19 - [TEST_STEP][PASSED] - if (message.contains("(0)")): null&#xD;
&#xD;
2019-08-20 13:59:19 - [TEST_STEP][PASSED] - else: null&#xD;
&#xD;
2019-08-20 13:59:19 - [TEST_STEP][PASSED] - js = driver: null&#xD;
&#xD;
2019-08-20 13:59:19 - [TEST_STEP][PASSED] - itemList = driver.findElements(By.xpath("//*[@id='tab-1']/table/tbody/tr")): null&#xD;
&#xD;
2019-08-20 13:59:19 - [TEST_STEP][PASSED] - out.println("ItemList == " + itemList.size()): null&#xD;
&#xD;
2019-08-20 13:59:19 - [TEST_STEP][PASSED] - for ([i = 0, i &lt; 1, (i++)]): null&#xD;
&#xD;
2019-08-20 13:59:19 - [TEST_STEP][PASSED] - js.executeScript("arguments[0].style.border='3px solid red'", driver.findElement(By.xpath("//*[@id='tab-1']/table/tbody/tr[" + i + 1 + "]/td[1]"))): null&#xD;
&#xD;
2019-08-20 13:59:19 - [TEST_STEP][PASSED] - orderValue = driver.findElement(By.xpath("//*[@id='tab-1']/table/tbody/tr[" + i + 1 + "]/td[1]")): null&#xD;
&#xD;
2019-08-20 13:59:19 - [TEST_STEP][PASSED] - js.executeScript("arguments[0].style.border='3px solid red'", driver.findElement(By.xpath("//*[@id='tab-1']/table/tbody/tr[" + i + 1 + "]/td[2]"))): null&#xD;
&#xD;
2019-08-20 13:59:19 - [TEST_STEP][PASSED] - addressValue = driver.findElement(By.xpath("//*[@id='tab-1']/table/tbody/tr[" + i + 1 + "]/td[2]")): null&#xD;
&#xD;
2019-08-20 13:59:19 - [TEST_STEP][PASSED] - js.executeScript("arguments[0].style.border='3px solid red'", driver.findElement(By.xpath("//*[@id='tab-1']/table/tbody/tr[" + i + 1 + "]/td[3]"))): null&#xD;
&#xD;
2019-08-20 13:59:19 - [TEST_STEP][PASSED] - listingValue = driver.findElement(By.xpath("//*[@id='tab-1']/table/tbody/tr[" + i + 1 + "]/td[3]")): null&#xD;
&#xD;
2019-08-20 13:59:19 - [TEST_STEP][PASSED] - js.executeScript("arguments[0].style.border='3px solid red'", driver.findElement(By.xpath("//*[@id='tab-1']/table/tbody/tr[" + i + 1 + "]/td[4]"))): null&#xD;
&#xD;
2019-08-20 13:59:19 - [TEST_STEP][PASSED] - bookingDate = driver.findElement(By.xpath("//*[@id='tab-1']/table/tbody/tr[" + i + 1 + "]/td[4]")): null&#xD;
&#xD;
2019-08-20 13:59:19 - [TEST_STEP][PASSED] - js.executeScript("arguments[0].style.border='3px solid red'", driver.findElement(By.xpath("//*[@id='tab-1']/table/tbody/tr[" + i + 1 + "]/td[5]"))): null&#xD;
&#xD;
2019-08-20 13:59:20 - [TEST_STEP][PASSED] - statusValue = driver.findElement(By.xpath("//*[@id='tab-1']/table/tbody/tr[" + i + 1 + "]/td[5]")): null&#xD;
&#xD;
2019-08-20 13:59:20 - [TEST_STEP][PASSED] - js.executeScript("arguments[0].style.border='3px solid red'", driver.findElement(By.xpath("//*[@id='tab-1']/table/tbody/tr[" + i + 1 + "]/td[6]"))): null&#xD;
&#xD;
2019-08-20 13:59:20 - [TEST_STEP][PASSED] - paymentStatus = driver.findElement(By.xpath("//*[@id='tab-1']/table/tbody/tr[" + i + 1 + "]/td[6]")): null&#xD;
&#xD;
2019-08-20 13:59:20 - [TEST_STEP][PASSED] - js.executeScript("arguments[0].style.border='3px solid red'", driver.findElement(By.xpath("//*[@id='tab-1']/table/tbody/tr[" + i + 1 + "]/td[7]"))): null&#xD;
&#xD;
2019-08-20 13:59:20 - [TEST_STEP][PASSED] - orderno = xpath("//*[@id='tab-1']/table/tbody/tr[" + i + 1 + "]/td[1]")).getText(): null&#xD;
&#xD;
2019-08-20 13:59:20 - [TEST_STEP][PASSED] - Assert.assertNotEquals(orderValue, null, "Order number is null"): null&#xD;
&#xD;
2019-08-20 13:59:20 - [TEST_STEP][PASSED] - Assert.assertNotEquals(addressValue, null, "Address is null"): null&#xD;
&#xD;
2019-08-20 13:59:20 - [TEST_STEP][PASSED] - Assert.assertNotEquals(listingValue, null, "Listing is null"): null&#xD;
&#xD;
2019-08-20 13:59:20 - [TEST_STEP][PASSED] - Assert.assertNotEquals(bookingDate, null, "Booking date is null"): null&#xD;
&#xD;
2019-08-20 13:59:20 - [TEST_STEP][PASSED] - Assert.assertNotEquals(statusValue, null, "Status is null"): null&#xD;
&#xD;
2019-08-20 13:59:20 - [TEST_STEP][PASSED] - Assert.assertNotEquals(paymentStatus, null, "Payment status is null"): null&#xD;
&#xD;
2019-08-20 13:59:20 - [TEST_STEP][PASSED] - Assert.assertEquals(orderno, orderId): null&#xD;
&#xD;
2019-08-20 13:59:20 - [TEST_STEP][PASSED] - xpath("/html/body/header/div/span[3]")).click(): null&#xD;
&#xD;
2019-08-20 13:59:20 - [TEST_STEP][PASSED] - Thread.sleep(2000): null&#xD;
&#xD;
2019-08-20 13:59:22 - [TEST_STEP][PASSED] - linkText("Sign Out")).click(): null&#xD;
&#xD;
2019-08-20 13:59:30 - [TEST_STEP][PASSED] - Thread.sleep(1000): null&#xD;
&#xD;
2019-08-20 13:59:31 - [TEST_STEP][PASSED] - action = new org.openqa.selenium.interactions.Actions(driver): null&#xD;
&#xD;
2019-08-20 13:59:31 - [TEST_STEP][PASSED] - build().perform(): null&#xD;
&#xD;
2019-08-20 13:59:31 - [TEST_STEP][PASSED] - Thread.sleep(2000): null&#xD;
&#xD;
2019-08-20 13:59:33 - [TEST_STEP][PASSED] - driver.quit(): null</system-out>
            <system-err></system-err>
        </testcase>
        <testcase name="Test Cases/Workilo/Bookings/ServiceProvider/InboxAcceptOrder" classname="Test Cases/Workilo/Bookings/ServiceProvider/InboxAcceptOrder" status="PASSED">
            <system-out>2019-08-20 13:59:34 - [TEST_CASE][PASSED] - Test Cases/Workilo/Bookings/ServiceProvider/InboxAcceptOrder: Test Cases/Workilo/Bookings/ServiceProvider/InboxAcceptOrder&#xD;
&#xD;
2019-08-20 13:59:34 - [TEST_STEP][PASSED] - System.setProperty("webdriver.chrome.driver", chromePath): null&#xD;
&#xD;
2019-08-20 13:59:34 - [TEST_STEP][PASSED] - driver = new org.openqa.selenium.chrome.ChromeDriver(): null&#xD;
&#xD;
2019-08-20 13:59:37 - [TEST_STEP][PASSED] - window().maximize(): null&#xD;
&#xD;
2019-08-20 13:59:38 - [TEST_STEP][PASSED] - try: null&#xD;
&#xD;
2019-08-20 13:59:38 - [TEST_STEP][PASSED] - driver.get("http://workilo.com"): null&#xD;
&#xD;
2019-08-20 13:59:49 - [TEST_STEP][PASSED] - timeouts().implicitlyWait(30, SECONDS): null&#xD;
&#xD;
2019-08-20 13:59:50 - [TEST_STEP][PASSED] - linkText("Log In")).click(): null&#xD;
&#xD;
2019-08-20 13:59:50 - [TEST_STEP][PASSED] - Thread.sleep(2000): null&#xD;
&#xD;
2019-08-20 13:59:52 - [TEST_STEP][PASSED] - id("email_login")).sendKeys("testworkilo@gmail.com"): null&#xD;
&#xD;
2019-08-20 13:59:52 - [TEST_STEP][PASSED] - id("password_login")).sendKeys("admin#123"): null&#xD;
&#xD;
2019-08-20 13:59:52 - [TEST_STEP][PASSED] - //*[@value='Log in']")).click(): null&#xD;
&#xD;
2019-08-20 13:59:52 - [TEST_STEP][PASSED] - Thread.sleep(3000): null&#xD;
&#xD;
2019-08-20 13:59:55 - [TEST_STEP][PASSED] - xpath("/html/body/header/div/span[3]")).click(): null&#xD;
&#xD;
2019-08-20 13:59:59 - [TEST_STEP][PASSED] - Thread.sleep(1000): null&#xD;
&#xD;
2019-08-20 14:00:00 - [TEST_STEP][PASSED] - xpath("/html/body/div[4]/div/div[1]/ul/li[1]/a")).click(): null&#xD;
&#xD;
2019-08-20 14:00:06 - [TEST_STEP][PASSED] - Thread.sleep(1000): null&#xD;
&#xD;
2019-08-20 14:00:07 - [TEST_STEP][PASSED] - xpath("/html[1]/body[1]/div[6]/div[1]/div[1]/div[2]/div[1]/div[1]/table[1]/tbody[1]/tr[1]/td[4]")).click(): null&#xD;
&#xD;
2019-08-20 14:00:10 - [TEST_STEP][PASSED] - Thread.sleep(2000): null&#xD;
&#xD;
2019-08-20 14:00:12 - [TEST_STEP][PASSED] - element = driver.findElements(By.xpath("/html[1]/body[1]/div[6]/div[1]/div[1]/form[1]/div[1]/div[1]/a[2]")): null&#xD;
&#xD;
2019-08-20 14:00:12 - [TEST_STEP][PASSED] - if (element.size() == 0): null&#xD;
&#xD;
2019-08-20 14:00:12 - [TEST_STEP][PASSED] - else: null&#xD;
&#xD;
2019-08-20 14:00:12 - [TEST_STEP][PASSED] - //*[text()='Accept']")).click(): null&#xD;
&#xD;
2019-08-20 14:00:12 - [TEST_STEP][PASSED] - Thread.sleep(2000): null&#xD;
&#xD;
2019-08-20 14:00:14 - [TEST_STEP][PASSED] - xpath("/html/body/div[17]/button[2]")).click(): null&#xD;
&#xD;
2019-08-20 14:00:14 - [TEST_STEP][PASSED] - Thread.sleep(10000): null&#xD;
&#xD;
2019-08-20 14:00:24 - [TEST_STEP][PASSED] - action = new org.openqa.selenium.interactions.Actions(driver): null&#xD;
&#xD;
2019-08-20 14:00:24 - [TEST_STEP][PASSED] - build().perform(): null&#xD;
&#xD;
2019-08-20 14:00:24 - [TEST_STEP][PASSED] - xpath("/html/body/header/div/span[3]")).click(): null&#xD;
&#xD;
2019-08-20 14:00:25 - [TEST_STEP][PASSED] - Thread.sleep(2000): null&#xD;
&#xD;
2019-08-20 14:00:27 - [TEST_STEP][PASSED] - linkText("Sign Out")).click(): null&#xD;
&#xD;
2019-08-20 14:00:32 - [TEST_STEP][PASSED] - Thread.sleep(1000): null&#xD;
&#xD;
2019-08-20 14:00:33 - [TEST_STEP][PASSED] - build().perform(): null&#xD;
&#xD;
2019-08-20 14:00:33 - [TEST_STEP][PASSED] - Thread.sleep(2000): null&#xD;
&#xD;
2019-08-20 14:00:35 - [TEST_STEP][PASSED] - driver.quit(): null</system-out>
            <system-err></system-err>
        </testcase>
        <system-out>2019-08-20 13:57:29 - [TEST_SUITE][INCOMPLETE] - CompleteBookingFutureDate-Time(LiveMode): null</system-out>
        <system-err>2019-08-20 13:57:29 - [TEST_SUITE][INCOMPLETE] - CompleteBookingFutureDate-Time(LiveMode): null</system-err>
    </testsuite>
</testsuites>
