<?xml version="1.0" encoding="UTF-8" standalone="yes"?>
<testsuites name="Listing" time="55" tests="1" failures="0" errors="0">
    <testsuite name="Listing" tests="1" failures="0" errors="0" time="55" timestamp="2019-08-17 23:06:38" hostname="DAPL-Asset-180 - DAPL-Asset-180" id="Test Suites/Listing">
        <properties>
            <property name="deviceName" value=""/>
            <property name="devicePlatform" value=""/>
            <property name="logFolder" value="C:\\Users\\DAPL-Asset-180\\Desktop\\project folder\\Workilo\\WorkiloAutomation(14.8.19)\\Reports\\Listing\\20190817_230634"/>
            <property name="logFiles" value="C:\\Users\\DAPL-Asset-180\\Desktop\\project folder\\Workilo\\WorkiloAutomation(14.8.19)\\Reports\\Listing\\20190817_230634\\execution0.log"/>
            <property name="attachments" value=""/>
            <property name="hostName" value="DAPL-Asset-180 - DAPL-Asset-180"/>
            <property name="hostAddress" value="192.168.43.246"/>
            <property name="os" value="Windows 8.1 64bit"/>
            <property name="katalonVersion" value="6.2.1.2"/>
        </properties>
        <testcase name="Test Cases/Workilo/Listing/Add Listing/AddListing" classname="Test Cases/Workilo/Listing/Add Listing/AddListing" status="PASSED">
            <system-out>2019-08-17 23:06:38 - [TEST_CASE][PASSED] - Test Cases/Workilo/Listing/Add Listing/AddListing: Test Cases/Workilo/Listing/Add Listing/AddListing&#xD;
&#xD;
2019-08-17 23:06:39 - [TEST_STEP][PASSED] - System.setProperty("webdriver.chrome.driver", chromePath): null&#xD;
&#xD;
2019-08-17 23:06:39 - [TEST_STEP][PASSED] - driver = new org.openqa.selenium.chrome.ChromeDriver(): null&#xD;
&#xD;
2019-08-17 23:06:44 - [TEST_STEP][PASSED] - window().maximize(): null&#xD;
&#xD;
2019-08-17 23:06:45 - [TEST_STEP][PASSED] - try: null&#xD;
&#xD;
2019-08-17 23:06:45 - [TEST_STEP][PASSED] - driver.get("http://workilo.com"): null&#xD;
&#xD;
2019-08-17 23:07:00 - [TEST_STEP][PASSED] - timeouts().implicitlyWait(30, SECONDS): null&#xD;
&#xD;
2019-08-17 23:07:00 - [TEST_STEP][PASSED] - linkText("Log In")).click(): null&#xD;
&#xD;
2019-08-17 23:07:01 - [TEST_STEP][PASSED] - Thread.sleep(2000): null&#xD;
&#xD;
2019-08-17 23:07:03 - [TEST_STEP][PASSED] - id("email_login")).sendKeys("testworkilo@gmail.com"): null&#xD;
&#xD;
2019-08-17 23:07:03 - [TEST_STEP][PASSED] - id("password_login")).sendKeys("admin#123"): null&#xD;
&#xD;
2019-08-17 23:07:03 - [TEST_STEP][PASSED] - //*[@value='Log in']")).click(): null&#xD;
&#xD;
2019-08-17 23:07:03 - [TEST_STEP][PASSED] - Thread.sleep(3000): null&#xD;
&#xD;
2019-08-17 23:07:06 - [TEST_STEP][PASSED] - xpath("/html/body/header/div/span[1]")).click(): null&#xD;
&#xD;
2019-08-17 23:07:06 - [TEST_STEP][PASSED] - Thread.sleep(2000): null&#xD;
&#xD;
2019-08-17 23:07:08 - [TEST_STEP][PASSED] - xpath("/html/body/div[4]/div/div[1]/ul/li[4]/a")).click(): null&#xD;
&#xD;
2019-08-17 23:07:10 - [TEST_STEP][PASSED] - name("title")).sendKeys("Home Appliances123"): null&#xD;
&#xD;
2019-08-17 23:07:10 - [TEST_STEP][PASSED] - category = new org.openqa.selenium.support.ui.Select(driver.findElement(org.openqa.selenium.By.id(category))): null&#xD;
&#xD;
2019-08-17 23:07:10 - [TEST_STEP][PASSED] - category.selectByValue("80"): null&#xD;
&#xD;
2019-08-17 23:07:10 - [TEST_STEP][PASSED] - xpath("//*[@id='tags']/input[1]")).sendKeys("Repairing"): null&#xD;
&#xD;
2019-08-17 23:07:11 - [TEST_STEP][PASSED] - action = new org.openqa.selenium.interactions.Actions(driver): null&#xD;
&#xD;
2019-08-17 23:07:11 - [TEST_STEP][PASSED] - build().perform(): null&#xD;
&#xD;
2019-08-17 23:07:11 - [TEST_STEP][PASSED] - xpath("//*[@id='tags']/input[1]")).sendKeys("Installing"): null&#xD;
&#xD;
2019-08-17 23:07:11 - [TEST_STEP][PASSED] - build().perform(): null&#xD;
&#xD;
2019-08-17 23:07:11 - [TEST_STEP][PASSED] - description = "We delivered our service at very low cost. We provide home renovation repairing and installing new things.": null&#xD;
&#xD;
2019-08-17 23:07:11 - [TEST_STEP][PASSED] - id("description")).sendKeys(description): null&#xD;
&#xD;
2019-08-17 23:07:11 - [TEST_STEP][PASSED] - id("total_price")).sendKeys("1"): null&#xD;
&#xD;
2019-08-17 23:07:11 - [TEST_STEP][PASSED] - id("editor2")).sendKeys("We provide all the materials which is needed at the time of installation or repairing."): null&#xD;
&#xD;
2019-08-17 23:07:12 - [TEST_STEP][PASSED] - travel = new org.openqa.selenium.support.ui.Select(driver.findElement(org.openqa.selenium.By.id(miles_travel))): null&#xD;
&#xD;
2019-08-17 23:07:12 - [TEST_STEP][PASSED] - travel.selectByValue("5"): null&#xD;
&#xD;
2019-08-17 23:07:12 - [TEST_STEP][PASSED] - id("where_located")).sendKeys("New York City"): null&#xD;
&#xD;
2019-08-17 23:07:12 - [TEST_STEP][PASSED] - id("manyhours")).sendKeys("8"): null&#xD;
&#xD;
2019-08-17 23:07:12 - [TEST_STEP][PASSED] - name("about_listing")).sendKeys("test@gmail.com"): null&#xD;
&#xD;
2019-08-17 23:07:12 - [TEST_STEP][PASSED] - id("img_up_1")).sendKeys("C:\Users\DAPL-Asset-180\Desktop\images.jpg"): null&#xD;
&#xD;
2019-08-17 23:07:12 - [TEST_STEP][PASSED] - Thread.sleep(5000): null&#xD;
&#xD;
2019-08-17 23:07:17 - [TEST_STEP][PASSED] - js = driver: null&#xD;
&#xD;
2019-08-17 23:07:17 - [TEST_STEP][PASSED] - js.executeScript("window.scrollBy(0,500)"): null&#xD;
&#xD;
2019-08-17 23:07:17 - [TEST_STEP][PASSED] - xpath("//*[@id='addlist']/div[2]/input[2]")).click(): null&#xD;
&#xD;
2019-08-17 23:07:21 - [TEST_STEP][PASSED] - js.executeScript("window.scrollBy(0,500)"): null&#xD;
&#xD;
2019-08-17 23:07:21 - [TEST_STEP][PASSED] - xpath("/html/body/header/div/div[2]/ul/li[1]/a")).click(): null&#xD;
&#xD;
2019-08-17 23:07:30 - [TEST_STEP][PASSED] - Thread.sleep(2000): null&#xD;
&#xD;
2019-08-17 23:07:32 - [TEST_STEP][PASSED] - linkText("Sign Out")).click(): null&#xD;
&#xD;
2019-08-17 23:07:32 - [TEST_STEP][PASSED] - catch (Exception e): null&#xD;
&#xD;
2019-08-17 23:07:32 - [TEST_STEP][PASSED] - src = driver.getScreenshotAs(FILE): null&#xD;
&#xD;
2019-08-17 23:07:32 - [TEST_STEP][PASSED] - FileUtils.copyFile(src, new java.io.File(((screenshots + java.lang.System.currentTimeMillis()) + .png))): null&#xD;
&#xD;
2019-08-17 23:07:32 - [TEST_STEP][PASSED] - out.println(e.getMessage()): null&#xD;
&#xD;
2019-08-17 23:07:33 - [TEST_STEP][PASSED] - driver.quit(): null</system-out>
            <system-err></system-err>
        </testcase>
        <system-out>2019-08-17 23:06:38 - [TEST_SUITE][INCOMPLETE] - Listing: null</system-out>
        <system-err>2019-08-17 23:06:38 - [TEST_SUITE][INCOMPLETE] - Listing: null</system-err>
    </testsuite>
</testsuites>
