<?xml version="1.0" encoding="UTF-8" standalone="yes"?>
<testsuites name="SignUp" time="271" tests="9" failures="0" errors="0">
    <testsuite name="SignUp" tests="9" failures="0" errors="0" time="271" timestamp="2019-08-17 20:24:46" hostname="DAPL-Asset-180 - DAPL-Asset-180" id="Test Suites/SignUp">
        <properties>
            <property name="deviceName" value=""/>
            <property name="devicePlatform" value=""/>
            <property name="logFolder" value="C:\\Users\\DAPL-Asset-180\\Desktop\\project folder\\Workilo\\WorkiloAutomation(14.8.19)\\Reports\\SignUp\\20190817_202443"/>
            <property name="logFiles" value="C:\\Users\\DAPL-Asset-180\\Desktop\\project folder\\Workilo\\WorkiloAutomation(14.8.19)\\Reports\\SignUp\\20190817_202443\\execution0.log"/>
            <property name="attachments" value=""/>
            <property name="hostName" value="DAPL-Asset-180 - DAPL-Asset-180"/>
            <property name="hostAddress" value="192.168.43.246"/>
            <property name="os" value="Windows 8.1 64bit"/>
            <property name="katalonVersion" value="6.2.1.2"/>
        </properties>
        <testcase name="Test Cases/Workilo/Sign Up/RegistrationValidation/InvalidEmailIdLogin" classname="Test Cases/Workilo/Sign Up/RegistrationValidation/InvalidEmailIdLogin" status="PASSED">
            <system-out>2019-08-17 20:24:47 - [TEST_CASE][PASSED] - Test Cases/Workilo/Sign Up/RegistrationValidation/InvalidEmailIdLogin: Test Cases/Workilo/Sign Up/RegistrationValidation/InvalidEmailIdLogin&#xD;
&#xD;
2019-08-17 20:24:48 - [TEST_STEP][PASSED] - System.setProperty("webdriver.chrome.driver", chromePath): null&#xD;
&#xD;
2019-08-17 20:24:48 - [TEST_STEP][PASSED] - driver = new org.openqa.selenium.chrome.ChromeDriver(): null&#xD;
&#xD;
2019-08-17 20:24:52 - [TEST_STEP][PASSED] - window().maximize(): null&#xD;
&#xD;
2019-08-17 20:24:53 - [TEST_STEP][PASSED] - driver.get("http://workilo.com"): null&#xD;
&#xD;
2019-08-17 20:25:10 - [TEST_STEP][PASSED] - timeouts().implicitlyWait(30, SECONDS): null&#xD;
&#xD;
2019-08-17 20:25:10 - [TEST_STEP][PASSED] - linkText("Log In")).click(): null&#xD;
&#xD;
2019-08-17 20:25:10 - [TEST_STEP][PASSED] - Thread.sleep(2000): null&#xD;
&#xD;
2019-08-17 20:25:12 - [TEST_STEP][PASSED] - id("email_login")).sendKeys("shahbaz.dapl123.com"): null&#xD;
&#xD;
2019-08-17 20:25:13 - [TEST_STEP][PASSED] - id("password_login")).sendKeys("admin#123"): null&#xD;
&#xD;
2019-08-17 20:25:13 - [TEST_STEP][PASSED] - //*[@value='Log in']")).click(): null&#xD;
&#xD;
2019-08-17 20:25:13 - [TEST_STEP][PASSED] - Thread.sleep(2000): null&#xD;
&#xD;
2019-08-17 20:25:15 - [TEST_STEP][PASSED] - action = new org.openqa.selenium.interactions.Actions(driver): null&#xD;
&#xD;
2019-08-17 20:25:15 - [TEST_STEP][PASSED] - build().perform(): null&#xD;
&#xD;
2019-08-17 20:25:15 - [TEST_STEP][PASSED] - Thread.sleep(2000): null&#xD;
&#xD;
2019-08-17 20:25:17 - [TEST_STEP][PASSED] - driver.quit(): null</system-out>
            <system-err></system-err>
        </testcase>
        <testcase name="Test Cases/Workilo/Sign Up/RegistrationValidation/InvalidPwdLogin" classname="Test Cases/Workilo/Sign Up/RegistrationValidation/InvalidPwdLogin" status="PASSED">
            <system-out>2019-08-17 20:25:18 - [TEST_CASE][PASSED] - Test Cases/Workilo/Sign Up/RegistrationValidation/InvalidPwdLogin: Test Cases/Workilo/Sign Up/RegistrationValidation/InvalidPwdLogin&#xD;
&#xD;
2019-08-17 20:25:18 - [TEST_STEP][PASSED] - System.setProperty("webdriver.chrome.driver", chromePath): null&#xD;
&#xD;
2019-08-17 20:25:18 - [TEST_STEP][PASSED] - driver = new org.openqa.selenium.chrome.ChromeDriver(): null&#xD;
&#xD;
2019-08-17 20:25:20 - [TEST_STEP][PASSED] - window().maximize(): null&#xD;
&#xD;
2019-08-17 20:25:22 - [TEST_STEP][PASSED] - driver.get("http://workilo.com"): null&#xD;
&#xD;
2019-08-17 20:25:37 - [TEST_STEP][PASSED] - timeouts().implicitlyWait(30, SECONDS): null&#xD;
&#xD;
2019-08-17 20:25:37 - [TEST_STEP][PASSED] - linkText("Log In")).click(): null&#xD;
&#xD;
2019-08-17 20:25:37 - [TEST_STEP][PASSED] - Thread.sleep(2000): null&#xD;
&#xD;
2019-08-17 20:25:39 - [TEST_STEP][PASSED] - id("email_login")).sendKeys("shahbaz.dapl@gmail.com"): null&#xD;
&#xD;
2019-08-17 20:25:39 - [TEST_STEP][PASSED] - id("password_login")).sendKeys("123"): null&#xD;
&#xD;
2019-08-17 20:25:39 - [TEST_STEP][PASSED] - //*[@value='Log in']")).click(): null&#xD;
&#xD;
2019-08-17 20:25:39 - [TEST_STEP][PASSED] - Thread.sleep(2000): null&#xD;
&#xD;
2019-08-17 20:25:41 - [TEST_STEP][PASSED] - action = new org.openqa.selenium.interactions.Actions(driver): null&#xD;
&#xD;
2019-08-17 20:25:41 - [TEST_STEP][PASSED] - build().perform(): null&#xD;
&#xD;
2019-08-17 20:25:41 - [TEST_STEP][PASSED] - Thread.sleep(3000): null&#xD;
&#xD;
2019-08-17 20:25:44 - [TEST_STEP][PASSED] - driver.quit(): null</system-out>
            <system-err></system-err>
        </testcase>
        <testcase name="Test Cases/Workilo/Sign Up/RegistrationValidation/SignUpBlankValidation" classname="Test Cases/Workilo/Sign Up/RegistrationValidation/SignUpBlankValidation" status="PASSED">
            <system-out>2019-08-17 20:25:45 - [TEST_CASE][PASSED] - Test Cases/Workilo/Sign Up/RegistrationValidation/SignUpBlankValidation: Test Cases/Workilo/Sign Up/RegistrationValidation/SignUpBlankValidation&#xD;
&#xD;
2019-08-17 20:25:45 - [TEST_STEP][PASSED] - System.setProperty("webdriver.chrome.driver", chromePath): null&#xD;
&#xD;
2019-08-17 20:25:45 - [TEST_STEP][PASSED] - driver = new org.openqa.selenium.chrome.ChromeDriver(): null&#xD;
&#xD;
2019-08-17 20:25:48 - [TEST_STEP][PASSED] - window().maximize(): null&#xD;
&#xD;
2019-08-17 20:25:49 - [TEST_STEP][PASSED] - driver.get("http://workilo.com"): null&#xD;
&#xD;
2019-08-17 20:26:03 - [TEST_STEP][PASSED] - timeouts().implicitlyWait(30, SECONDS): null&#xD;
&#xD;
2019-08-17 20:26:03 - [TEST_STEP][PASSED] - linkText("Sign Up")).click(): null&#xD;
&#xD;
2019-08-17 20:26:03 - [TEST_STEP][PASSED] - Thread.sleep(2000): null&#xD;
&#xD;
2019-08-17 20:26:05 - [TEST_STEP][PASSED] - xpath("//*[text()='Client']")).click(): null&#xD;
&#xD;
2019-08-17 20:26:05 - [TEST_STEP][PASSED] - Thread.sleep(1000): null&#xD;
&#xD;
2019-08-17 20:26:06 - [TEST_STEP][PASSED] - js = driver: null&#xD;
&#xD;
2019-08-17 20:26:06 - [TEST_STEP][PASSED] - //*[@value='Join Workilo!']")).click(): null&#xD;
&#xD;
2019-08-17 20:26:06 - [TEST_STEP][PASSED] - email = driver.findElement(By.xpath("//*[@id='signup-form']/div[1]/label[2]")): null&#xD;
&#xD;
2019-08-17 20:26:06 - [TEST_STEP][PASSED] - firstname = driver.findElement(By.xpath("//*[@id='signup-form']/div[2]/div[1]/label[2]")): null&#xD;
&#xD;
2019-08-17 20:26:06 - [TEST_STEP][PASSED] - lastname = driver.findElement(By.xpath("//*[@id='signup-form']/div[2]/div[2]/label[2]")): null&#xD;
&#xD;
2019-08-17 20:26:06 - [TEST_STEP][PASSED] - pwd = driver.findElement(By.xpath("//*[@id='signup-form']/div[3]/label[2]")): null&#xD;
&#xD;
2019-08-17 20:26:06 - [TEST_STEP][PASSED] - contact = driver.findElement(By.xpath("//*[@id='signup-form']/div[4]/label[2]")): null&#xD;
&#xD;
2019-08-17 20:26:06 - [TEST_STEP][PASSED] - js.executeScript("arguments[0].style.border='3px solid red'", email): null&#xD;
&#xD;
2019-08-17 20:26:06 - [TEST_STEP][PASSED] - js.executeScript("arguments[0].style.border='3px solid red'", firstname): null&#xD;
&#xD;
2019-08-17 20:26:07 - [TEST_STEP][PASSED] - js.executeScript("arguments[0].style.border='3px solid red'", lastname): null&#xD;
&#xD;
2019-08-17 20:26:07 - [TEST_STEP][PASSED] - js.executeScript("arguments[0].style.border='3px solid red'", pwd): null&#xD;
&#xD;
2019-08-17 20:26:07 - [TEST_STEP][PASSED] - js.executeScript("arguments[0].style.border='3px solid red'", contact): null&#xD;
&#xD;
2019-08-17 20:26:07 - [TEST_STEP][PASSED] - Thread.sleep(5000): null&#xD;
&#xD;
2019-08-17 20:26:12 - [TEST_STEP][PASSED] - driver.quit(): null</system-out>
            <system-err></system-err>
        </testcase>
        <testcase name="Test Cases/Workilo/Sign Up/RegistrationValidation/SignUpValidationInvalidContact" classname="Test Cases/Workilo/Sign Up/RegistrationValidation/SignUpValidationInvalidContact" status="PASSED">
            <system-out>2019-08-17 20:26:12 - [TEST_CASE][PASSED] - Test Cases/Workilo/Sign Up/RegistrationValidation/SignUpValidationInvalidContact: Test Cases/Workilo/Sign Up/RegistrationValidation/SignUpValidationInvalidContact&#xD;
&#xD;
2019-08-17 20:26:13 - [TEST_STEP][PASSED] - System.setProperty("webdriver.chrome.driver", chromePath): null&#xD;
&#xD;
2019-08-17 20:26:13 - [TEST_STEP][PASSED] - driver = new org.openqa.selenium.chrome.ChromeDriver(): null&#xD;
&#xD;
2019-08-17 20:26:15 - [TEST_STEP][PASSED] - window().maximize(): null&#xD;
&#xD;
2019-08-17 20:26:16 - [TEST_STEP][PASSED] - driver.get("http://workilo.com"): null&#xD;
&#xD;
2019-08-17 20:26:30 - [TEST_STEP][PASSED] - timeouts().implicitlyWait(30, SECONDS): null&#xD;
&#xD;
2019-08-17 20:26:30 - [TEST_STEP][PASSED] - linkText("Sign Up")).click(): null&#xD;
&#xD;
2019-08-17 20:26:30 - [TEST_STEP][PASSED] - Thread.sleep(2000): null&#xD;
&#xD;
2019-08-17 20:26:32 - [TEST_STEP][PASSED] - xpath("//*[text()='Client']")).click(): null&#xD;
&#xD;
2019-08-17 20:26:32 - [TEST_STEP][PASSED] - Thread.sleep(2000): null&#xD;
&#xD;
2019-08-17 20:26:34 - [TEST_STEP][PASSED] - id("email")).sendKeys("shahbaz.dapl1@gmail.com"): null&#xD;
&#xD;
2019-08-17 20:26:34 - [TEST_STEP][PASSED] - id("firstName")).sendKeys("Shahbaz"): null&#xD;
&#xD;
2019-08-17 20:26:34 - [TEST_STEP][PASSED] - id("lastName")).sendKeys("Farooque"): null&#xD;
&#xD;
2019-08-17 20:26:35 - [TEST_STEP][PASSED] - id("password")).sendKeys("admin#123"): null&#xD;
&#xD;
2019-08-17 20:26:35 - [TEST_STEP][PASSED] - id("contact_number")).sendKeys("abcdefghij"): null&#xD;
&#xD;
2019-08-17 20:26:35 - [TEST_STEP][PASSED] - //*[@value='Join Workilo!']")).click(): null&#xD;
&#xD;
2019-08-17 20:26:35 - [TEST_STEP][PASSED] - Thread.sleep(2000): null&#xD;
&#xD;
2019-08-17 20:26:37 - [TEST_STEP][PASSED] - errorMessage = driver.findElement(By.id("contact_error")): null&#xD;
&#xD;
2019-08-17 20:26:37 - [TEST_STEP][PASSED] - js = driver: null&#xD;
&#xD;
2019-08-17 20:26:37 - [TEST_STEP][PASSED] - js.executeScript("arguments[0].style.border='3px solid red'", errorMessage): null&#xD;
&#xD;
2019-08-17 20:26:37 - [TEST_STEP][PASSED] - Thread.sleep(5000): null&#xD;
&#xD;
2019-08-17 20:26:42 - [TEST_STEP][PASSED] - driver.quit(): null</system-out>
            <system-err></system-err>
        </testcase>
        <testcase name="Test Cases/Workilo/Sign Up/RegistrationValidation/SignUpValidationInvalidEmail" classname="Test Cases/Workilo/Sign Up/RegistrationValidation/SignUpValidationInvalidEmail" status="PASSED">
            <system-out>2019-08-17 20:26:43 - [TEST_CASE][PASSED] - Test Cases/Workilo/Sign Up/RegistrationValidation/SignUpValidationInvalidEmail: Test Cases/Workilo/Sign Up/RegistrationValidation/SignUpValidationInvalidEmail&#xD;
&#xD;
2019-08-17 20:26:43 - [TEST_STEP][PASSED] - System.setProperty("webdriver.chrome.driver", chromePath): null&#xD;
&#xD;
2019-08-17 20:26:43 - [TEST_STEP][PASSED] - driver = new org.openqa.selenium.chrome.ChromeDriver(): null&#xD;
&#xD;
2019-08-17 20:26:45 - [TEST_STEP][PASSED] - window().maximize(): null&#xD;
&#xD;
2019-08-17 20:26:46 - [TEST_STEP][PASSED] - driver.get("http://workilo.com"): null&#xD;
&#xD;
2019-08-17 20:26:58 - [TEST_STEP][PASSED] - timeouts().implicitlyWait(30, SECONDS): null&#xD;
&#xD;
2019-08-17 20:26:58 - [TEST_STEP][PASSED] - linkText("Sign Up")).click(): null&#xD;
&#xD;
2019-08-17 20:26:59 - [TEST_STEP][PASSED] - Thread.sleep(2000): null&#xD;
&#xD;
2019-08-17 20:27:01 - [TEST_STEP][PASSED] - xpath("//*[text()='Client']")).click(): null&#xD;
&#xD;
2019-08-17 20:27:01 - [TEST_STEP][PASSED] - Thread.sleep(2000): null&#xD;
&#xD;
2019-08-17 20:27:03 - [TEST_STEP][PASSED] - id("email")).sendKeys("shahbaz.dapl123gmail.com"): null&#xD;
&#xD;
2019-08-17 20:27:03 - [TEST_STEP][PASSED] - id("firstName")).sendKeys("Shahbaz"): null&#xD;
&#xD;
2019-08-17 20:27:03 - [TEST_STEP][PASSED] - id("lastName")).sendKeys("Farooque"): null&#xD;
&#xD;
2019-08-17 20:27:03 - [TEST_STEP][PASSED] - id("password")).sendKeys("admin#123"): null&#xD;
&#xD;
2019-08-17 20:27:03 - [TEST_STEP][PASSED] - id("contact_number")).sendKeys("9663326168"): null&#xD;
&#xD;
2019-08-17 20:27:04 - [TEST_STEP][PASSED] - //*[@value='Join Workilo!']")).click(): null&#xD;
&#xD;
2019-08-17 20:27:04 - [TEST_STEP][PASSED] - Thread.sleep(2000): null&#xD;
&#xD;
2019-08-17 20:27:06 - [TEST_STEP][PASSED] - errorMessage = driver.findElement(By.xpath("//*[@id='signup-form']/div[1]/label[2]")): null&#xD;
&#xD;
2019-08-17 20:27:06 - [TEST_STEP][PASSED] - js = driver: null&#xD;
&#xD;
2019-08-17 20:27:06 - [TEST_STEP][PASSED] - js.executeScript("arguments[0].style.border='3px solid red'", errorMessage): null&#xD;
&#xD;
2019-08-17 20:27:06 - [TEST_STEP][PASSED] - Thread.sleep(5000): null&#xD;
&#xD;
2019-08-17 20:27:11 - [TEST_STEP][PASSED] - driver.quit(): null</system-out>
            <system-err></system-err>
        </testcase>
        <testcase name="Test Cases/Workilo/Sign Up/RegistrationValidation/SignUpValidationInvalidFirstLastName" classname="Test Cases/Workilo/Sign Up/RegistrationValidation/SignUpValidationInvalidFirstLastName" status="PASSED">
            <system-out>2019-08-17 20:27:11 - [TEST_CASE][PASSED] - Test Cases/Workilo/Sign Up/RegistrationValidation/SignUpValidationInvalidFirstLastName: Test Cases/Workilo/Sign Up/RegistrationValidation/SignUpValidationInvalidFirstLastName&#xD;
&#xD;
2019-08-17 20:27:12 - [TEST_STEP][PASSED] - System.setProperty("webdriver.chrome.driver", chromePath): null&#xD;
&#xD;
2019-08-17 20:27:12 - [TEST_STEP][PASSED] - driver = new org.openqa.selenium.chrome.ChromeDriver(): null&#xD;
&#xD;
2019-08-17 20:27:14 - [TEST_STEP][PASSED] - window().maximize(): null&#xD;
&#xD;
2019-08-17 20:27:15 - [TEST_STEP][PASSED] - driver.get("http://workilo.com"): null&#xD;
&#xD;
2019-08-17 20:27:29 - [TEST_STEP][PASSED] - timeouts().implicitlyWait(30, SECONDS): null&#xD;
&#xD;
2019-08-17 20:27:29 - [TEST_STEP][PASSED] - linkText("Sign Up")).click(): null&#xD;
&#xD;
2019-08-17 20:27:29 - [TEST_STEP][PASSED] - Thread.sleep(2000): null&#xD;
&#xD;
2019-08-17 20:27:31 - [TEST_STEP][PASSED] - xpath("//*[text()='Client']")).click(): null&#xD;
&#xD;
2019-08-17 20:27:31 - [TEST_STEP][PASSED] - Thread.sleep(2000): null&#xD;
&#xD;
2019-08-17 20:27:34 - [TEST_STEP][PASSED] - id("email")).sendKeys("shahbaz.dapl@gmail.com"): null&#xD;
&#xD;
2019-08-17 20:27:34 - [TEST_STEP][PASSED] - id("firstName")).sendKeys("12@12#."): null&#xD;
&#xD;
2019-08-17 20:27:34 - [TEST_STEP][PASSED] - id("lastName")).sendKeys("12345"): null&#xD;
&#xD;
2019-08-17 20:27:34 - [TEST_STEP][PASSED] - id("password")).sendKeys("admin#123"): null&#xD;
&#xD;
2019-08-17 20:27:34 - [TEST_STEP][PASSED] - id("contact_number")).sendKeys("8520136974"): null&#xD;
&#xD;
2019-08-17 20:27:34 - [TEST_STEP][PASSED] - //*[@value='Join Workilo!']")).click(): null&#xD;
&#xD;
2019-08-17 20:27:34 - [TEST_STEP][PASSED] - Thread.sleep(2000): null&#xD;
&#xD;
2019-08-17 20:27:36 - [TEST_STEP][PASSED] - errorMessage = driver.findElement(By.id("fname_error")): null&#xD;
&#xD;
2019-08-17 20:27:36 - [TEST_STEP][PASSED] - js = driver: null&#xD;
&#xD;
2019-08-17 20:27:36 - [TEST_STEP][PASSED] - js.executeScript("arguments[0].style.border='3px solid red'", errorMessage): null&#xD;
&#xD;
2019-08-17 20:27:36 - [TEST_STEP][PASSED] - js.executeScript("arguments[0].style.border='3px solid red'", driver.findElement(By.id("lname_error"))): null&#xD;
&#xD;
2019-08-17 20:27:37 - [TEST_STEP][PASSED] - Thread.sleep(5000): null&#xD;
&#xD;
2019-08-17 20:27:42 - [TEST_STEP][PASSED] - driver.quit(): null</system-out>
            <system-err></system-err>
        </testcase>
        <testcase name="Test Cases/Workilo/Sign Up/RegistrationValidation/SignUpValidationInvalidPWD" classname="Test Cases/Workilo/Sign Up/RegistrationValidation/SignUpValidationInvalidPWD" status="PASSED">
            <system-out>2019-08-17 20:27:42 - [TEST_CASE][PASSED] - Test Cases/Workilo/Sign Up/RegistrationValidation/SignUpValidationInvalidPWD: Test Cases/Workilo/Sign Up/RegistrationValidation/SignUpValidationInvalidPWD&#xD;
&#xD;
2019-08-17 20:27:42 - [TEST_STEP][PASSED] - System.setProperty("webdriver.chrome.driver", chromePath): null&#xD;
&#xD;
2019-08-17 20:27:42 - [TEST_STEP][PASSED] - driver = new org.openqa.selenium.chrome.ChromeDriver(): null&#xD;
&#xD;
2019-08-17 20:27:46 - [TEST_STEP][PASSED] - window().maximize(): null&#xD;
&#xD;
2019-08-17 20:27:47 - [TEST_STEP][PASSED] - driver.get("http://workilo.com"): null&#xD;
&#xD;
2019-08-17 20:28:02 - [TEST_STEP][PASSED] - timeouts().implicitlyWait(30, SECONDS): null&#xD;
&#xD;
2019-08-17 20:28:02 - [TEST_STEP][PASSED] - linkText("Sign Up")).click(): null&#xD;
&#xD;
2019-08-17 20:28:02 - [TEST_STEP][PASSED] - Thread.sleep(2000): null&#xD;
&#xD;
2019-08-17 20:28:04 - [TEST_STEP][PASSED] - xpath("//*[text()='Client']")).click(): null&#xD;
&#xD;
2019-08-17 20:28:05 - [TEST_STEP][PASSED] - Thread.sleep(2000): null&#xD;
&#xD;
2019-08-17 20:28:07 - [TEST_STEP][PASSED] - id("email")).sendKeys("shahbaz.dapl@gmail.com"): null&#xD;
&#xD;
2019-08-17 20:28:07 - [TEST_STEP][PASSED] - id("firstName")).sendKeys("Shahbaz"): null&#xD;
&#xD;
2019-08-17 20:28:07 - [TEST_STEP][PASSED] - id("lastName")).sendKeys("Farooque"): null&#xD;
&#xD;
2019-08-17 20:28:07 - [TEST_STEP][PASSED] - id("password")).sendKeys("12345687"): null&#xD;
&#xD;
2019-08-17 20:28:07 - [TEST_STEP][PASSED] - id("contact_number")).sendKeys("9663326168"): null&#xD;
&#xD;
2019-08-17 20:28:07 - [TEST_STEP][PASSED] - //*[@value='Join Workilo!']")).click(): null&#xD;
&#xD;
2019-08-17 20:28:07 - [TEST_STEP][PASSED] - Thread.sleep(2000): null&#xD;
&#xD;
2019-08-17 20:28:09 - [TEST_STEP][PASSED] - errorMessage = driver.findElement(By.xpath("//*[@id='signup-form']/div[3]/label[2]")): null&#xD;
&#xD;
2019-08-17 20:28:10 - [TEST_STEP][PASSED] - js = driver: null&#xD;
&#xD;
2019-08-17 20:28:10 - [TEST_STEP][PASSED] - js.executeScript("arguments[0].style.border='3px solid red'", errorMessage): null&#xD;
&#xD;
2019-08-17 20:28:10 - [TEST_STEP][PASSED] - Thread.sleep(5000): null&#xD;
&#xD;
2019-08-17 20:28:15 - [TEST_STEP][PASSED] - driver.quit(): null</system-out>
            <system-err></system-err>
        </testcase>
        <testcase name="Test Cases/Workilo/Sign Up/CustSignUp" classname="Test Cases/Workilo/Sign Up/CustSignUp" status="PASSED">
            <system-out>2019-08-17 20:28:15 - [TEST_CASE][PASSED] - Test Cases/Workilo/Sign Up/CustSignUp: Test Cases/Workilo/Sign Up/CustSignUp&#xD;
&#xD;
2019-08-17 20:28:16 - [TEST_STEP][PASSED] - System.setProperty("webdriver.chrome.driver", chromePath): null&#xD;
&#xD;
2019-08-17 20:28:16 - [TEST_STEP][PASSED] - driver = new org.openqa.selenium.chrome.ChromeDriver(): null&#xD;
&#xD;
2019-08-17 20:28:18 - [TEST_STEP][PASSED] - window().maximize(): null&#xD;
&#xD;
2019-08-17 20:28:19 - [TEST_STEP][PASSED] - driver.get("http://workilo.com"): null&#xD;
&#xD;
2019-08-17 20:28:39 - [TEST_STEP][PASSED] - timeouts().implicitlyWait(30, SECONDS): null&#xD;
&#xD;
2019-08-17 20:28:39 - [TEST_STEP][PASSED] - linkText("Sign Up")).click(): null&#xD;
&#xD;
2019-08-17 20:28:39 - [TEST_STEP][PASSED] - Thread.sleep(2000): null&#xD;
&#xD;
2019-08-17 20:28:41 - [TEST_STEP][PASSED] - xpath("//*[text()='Client']")).click(): null&#xD;
&#xD;
2019-08-17 20:28:41 - [TEST_STEP][PASSED] - Thread.sleep(2000): null&#xD;
&#xD;
2019-08-17 20:28:43 - [TEST_STEP][PASSED] - id("email")).sendKeys("shahbaz.dapl@gmail.com"): null&#xD;
&#xD;
2019-08-17 20:28:43 - [TEST_STEP][PASSED] - id("firstName")).sendKeys("Shahbaz"): null&#xD;
&#xD;
2019-08-17 20:28:43 - [TEST_STEP][PASSED] - id("lastName")).sendKeys("Farooque"): null&#xD;
&#xD;
2019-08-17 20:28:43 - [TEST_STEP][PASSED] - id("password")).sendKeys("admin#123"): null&#xD;
&#xD;
2019-08-17 20:28:43 - [TEST_STEP][PASSED] - id("contact_number")).sendKeys("9663326168"): null&#xD;
&#xD;
2019-08-17 20:28:44 - [TEST_STEP][PASSED] - //*[@value='Join Workilo!']")).click(): null&#xD;
&#xD;
2019-08-17 20:28:44 - [TEST_STEP][PASSED] - Thread.sleep(5000): null&#xD;
&#xD;
2019-08-17 20:28:49 - [TEST_STEP][PASSED] - driver.quit(): null</system-out>
            <system-err></system-err>
        </testcase>
        <testcase name="Test Cases/Workilo/Sign Up/ServProvSignUp" classname="Test Cases/Workilo/Sign Up/ServProvSignUp" status="PASSED">
            <system-out>2019-08-17 20:28:50 - [TEST_CASE][PASSED] - Test Cases/Workilo/Sign Up/ServProvSignUp: Test Cases/Workilo/Sign Up/ServProvSignUp&#xD;
&#xD;
2019-08-17 20:28:50 - [TEST_STEP][PASSED] - System.setProperty("webdriver.chrome.driver", chromePath): null&#xD;
&#xD;
2019-08-17 20:28:50 - [TEST_STEP][PASSED] - driver = new org.openqa.selenium.chrome.ChromeDriver(): null&#xD;
&#xD;
2019-08-17 20:28:52 - [TEST_STEP][PASSED] - window().maximize(): null&#xD;
&#xD;
2019-08-17 20:28:53 - [TEST_STEP][PASSED] - driver.get("http://workilo.com"): null&#xD;
&#xD;
2019-08-17 20:29:07 - [TEST_STEP][PASSED] - timeouts().implicitlyWait(30, SECONDS): null&#xD;
&#xD;
2019-08-17 20:29:07 - [TEST_STEP][PASSED] - linkText("Sign Up")).click(): null&#xD;
&#xD;
2019-08-17 20:29:07 - [TEST_STEP][PASSED] - Thread.sleep(2000): null&#xD;
&#xD;
2019-08-17 20:29:09 - [TEST_STEP][PASSED] - xpath("//a[@class='account_type_switch service_provider_tag active']")).click(): null&#xD;
&#xD;
2019-08-17 20:29:09 - [TEST_STEP][PASSED] - Thread.sleep(2000): null&#xD;
&#xD;
2019-08-17 20:29:11 - [TEST_STEP][PASSED] - id("email")).sendKeys("test1@gmail.com"): null&#xD;
&#xD;
2019-08-17 20:29:11 - [TEST_STEP][PASSED] - id("firstName")).sendKeys("Workilo"): null&#xD;
&#xD;
2019-08-17 20:29:11 - [TEST_STEP][PASSED] - id("lastName")).sendKeys("Test"): null&#xD;
&#xD;
2019-08-17 20:29:11 - [TEST_STEP][PASSED] - id("password")).sendKeys("admin#123"): null&#xD;
&#xD;
2019-08-17 20:29:12 - [TEST_STEP][PASSED] - id("contact_number")).sendKeys("8521036974"): null&#xD;
&#xD;
2019-08-17 20:29:12 - [TEST_STEP][PASSED] - //*[@value='Join Workilo!']")).click(): null&#xD;
&#xD;
2019-08-17 20:29:12 - [TEST_STEP][PASSED] - Thread.sleep(5000): null&#xD;
&#xD;
2019-08-17 20:29:17 - [TEST_STEP][PASSED] - driver.quit(): null</system-out>
            <system-err></system-err>
        </testcase>
        <system-out>2019-08-17 20:24:46 - [TEST_SUITE][INCOMPLETE] - SignUp: null</system-out>
        <system-err>2019-08-17 20:24:46 - [TEST_SUITE][INCOMPLETE] - SignUp: null</system-err>
    </testsuite>
</testsuites>
