<?xml version="1.0" encoding="UTF-8" standalone="yes"?>
<testsuites name="Block-UnblockDateByServiceProvider" time="74" tests="1" failures="0" errors="0">
    <testsuite name="Block-UnblockDateByServiceProvider" tests="1" failures="0" errors="0" time="74" timestamp="2019-08-20 13:45:51" hostname="DAPL-Asset-180 - DAPL-Asset-180" id="Test Suites/Block-UnblockDateByServiceProvider">
        <properties>
            <property name="deviceName" value=""/>
            <property name="devicePlatform" value=""/>
            <property name="logFolder" value="C:\\Users\\DAPL-Asset-180\\Desktop\\project folder\\Workilo\\WorkiloAutomation(14.8.19)\\Reports\\Block-UnblockDateByServiceProvider\\20190820_134547"/>
            <property name="logFiles" value="C:\\Users\\DAPL-Asset-180\\Desktop\\project folder\\Workilo\\WorkiloAutomation(14.8.19)\\Reports\\Block-UnblockDateByServiceProvider\\20190820_134547\\execution0.log"/>
            <property name="attachments" value=""/>
            <property name="hostName" value="DAPL-Asset-180 - DAPL-Asset-180"/>
            <property name="hostAddress" value="192.168.1.188"/>
            <property name="os" value="Windows 8.1 64bit"/>
            <property name="katalonVersion" value="6.2.1.2"/>
        </properties>
        <testcase name="Test Cases/Workilo/Bookings/ServiceProvider/BlockUnblockDateByServiceProvider" classname="Test Cases/Workilo/Bookings/ServiceProvider/BlockUnblockDateByServiceProvider" status="PASSED">
            <system-out>2019-08-20 13:45:51 - [TEST_CASE][PASSED] - Test Cases/Workilo/Bookings/ServiceProvider/BlockUnblockDateByServiceProvider: Test Cases/Workilo/Bookings/ServiceProvider/BlockUnblockDateByServiceProvider&#xD;
&#xD;
2019-08-20 13:45:52 - [TEST_STEP][PASSED] - System.setProperty("webdriver.chrome.driver", chromePath): null&#xD;
&#xD;
2019-08-20 13:45:52 - [TEST_STEP][PASSED] - driver = new org.openqa.selenium.chrome.ChromeDriver(): null&#xD;
&#xD;
2019-08-20 13:45:57 - [TEST_STEP][PASSED] - window().maximize(): null&#xD;
&#xD;
2019-08-20 13:45:58 - [TEST_STEP][PASSED] - driver.get("http://workilo.com"): null&#xD;
&#xD;
2019-08-20 13:46:13 - [TEST_STEP][PASSED] - timeouts().implicitlyWait(30, SECONDS): null&#xD;
&#xD;
2019-08-20 13:46:13 - [TEST_STEP][PASSED] - try: null&#xD;
&#xD;
2019-08-20 13:46:13 - [TEST_STEP][PASSED] - linkText("Log In")).click(): null&#xD;
&#xD;
2019-08-20 13:46:14 - [TEST_STEP][PASSED] - Thread.sleep(2000): null&#xD;
&#xD;
2019-08-20 13:46:16 - [TEST_STEP][PASSED] - id("email_login")).sendKeys("testworkilo@gmail.com"): null&#xD;
&#xD;
2019-08-20 13:46:16 - [TEST_STEP][PASSED] - id("password_login")).sendKeys("admin#123"): null&#xD;
&#xD;
2019-08-20 13:46:16 - [TEST_STEP][PASSED] - //*[@value='Log in']")).click(): null&#xD;
&#xD;
2019-08-20 13:46:16 - [TEST_STEP][PASSED] - Thread.sleep(3000): null&#xD;
&#xD;
2019-08-20 13:46:19 - [TEST_STEP][PASSED] - xpath("/html/body/header/div/span[3]")).click(): null&#xD;
&#xD;
2019-08-20 13:46:21 - [TEST_STEP][PASSED] - Thread.sleep(1000): null&#xD;
&#xD;
2019-08-20 13:46:22 - [TEST_STEP][PASSED] - xpath("/html/body/div[4]/div/div[1]/ul/li[2]/a")).click(): null&#xD;
&#xD;
2019-08-20 13:46:28 - [TEST_STEP][PASSED] - Thread.sleep(1000): null&#xD;
&#xD;
2019-08-20 13:46:29 - [TEST_STEP][PASSED] - xpath("/html/body/div[6]/div/div/div[1]/div/div/ul/li[2]/a")).click(): null&#xD;
&#xD;
2019-08-20 13:46:29 - [TEST_STEP][PASSED] - Thread.sleep(1000): null&#xD;
&#xD;
2019-08-20 13:46:30 - [TEST_STEP][PASSED] - message = xpath("/html/body/div[6]/div/div/div[1]/div/div/ul/li[2]/a")).getText(): null&#xD;
&#xD;
2019-08-20 13:46:31 - [TEST_STEP][PASSED] - if (message.contains("(0)")): null&#xD;
&#xD;
2019-08-20 13:46:31 - [TEST_STEP][PASSED] - else: null&#xD;
&#xD;
2019-08-20 13:46:31 - [TEST_STEP][PASSED] - js = driver: null&#xD;
&#xD;
2019-08-20 13:46:31 - [TEST_STEP][PASSED] - js.executeScript("window.scrollTo(0, document.body.scrollHeight)"): null&#xD;
&#xD;
2019-08-20 13:46:31 - [TEST_STEP][PASSED] - Thread.sleep(3000): null&#xD;
&#xD;
2019-08-20 13:46:34 - [TEST_STEP][PASSED] - xpath("//*[@id='Calendar']/div[1]/div[2]/table/tbody/tr[5]/td[6]/a")).click(): null&#xD;
&#xD;
2019-08-20 13:47:04 - [TEST_STEP][PASSED] - catch (Exception e): null&#xD;
&#xD;
2019-08-20 13:47:04 - [TEST_STEP][PASSED] - src = driver.getScreenshotAs(FILE): null&#xD;
&#xD;
2019-08-20 13:47:04 - [TEST_STEP][PASSED] - FileUtils.copyFile(src, new java.io.File(((screenshots + java.lang.System.currentTimeMillis()) + .png))): null&#xD;
&#xD;
2019-08-20 13:47:04 - [TEST_STEP][PASSED] - out.println(e.getMessage()): null&#xD;
&#xD;
2019-08-20 13:47:04 - [TEST_STEP][PASSED] - driver.quit(): null</system-out>
            <system-err></system-err>
        </testcase>
        <system-out>2019-08-20 13:45:51 - [TEST_SUITE][INCOMPLETE] - Block-UnblockDateByServiceProvider: null</system-out>
        <system-err>2019-08-20 13:45:51 - [TEST_SUITE][INCOMPLETE] - Block-UnblockDateByServiceProvider: null</system-err>
    </testsuite>
</testsuites>
