<?xml version="1.0" encoding="UTF-8" standalone="yes"?>
<testsuites name="SignUp" time="34" tests="1" failures="0" errors="0">
    <testsuite name="SignUp" tests="1" failures="0" errors="0" time="34" timestamp="2019-08-17 20:21:53" hostname="DAPL-Asset-180 - DAPL-Asset-180" id="Test Suites/SignUp">
        <properties>
            <property name="deviceName" value=""/>
            <property name="devicePlatform" value=""/>
            <property name="logFolder" value="C:\\Users\\DAPL-Asset-180\\Desktop\\project folder\\Workilo\\WorkiloAutomation(14.8.19)\\Reports\\SignUp\\20190817_202149"/>
            <property name="logFiles" value="C:\\Users\\DAPL-Asset-180\\Desktop\\project folder\\Workilo\\WorkiloAutomation(14.8.19)\\Reports\\SignUp\\20190817_202149\\execution0.log"/>
            <property name="attachments" value=""/>
            <property name="hostName" value="DAPL-Asset-180 - DAPL-Asset-180"/>
            <property name="hostAddress" value="192.168.43.246"/>
            <property name="os" value="Windows 8.1 64bit"/>
            <property name="katalonVersion" value="6.2.1.2"/>
        </properties>
        <testcase name="Test Cases/Workilo/Sign Up/RegistrationValidation/SignUpValidationInvalidPWD" classname="Test Cases/Workilo/Sign Up/RegistrationValidation/SignUpValidationInvalidPWD" status="PASSED">
            <system-out>2019-08-17 20:21:53 - [TEST_CASE][PASSED] - Test Cases/Workilo/Sign Up/RegistrationValidation/SignUpValidationInvalidPWD: Test Cases/Workilo/Sign Up/RegistrationValidation/SignUpValidationInvalidPWD&#xD;
&#xD;
2019-08-17 20:21:54 - [TEST_STEP][PASSED] - System.setProperty("webdriver.chrome.driver", chromePath): null&#xD;
&#xD;
2019-08-17 20:21:54 - [TEST_STEP][PASSED] - driver = new org.openqa.selenium.chrome.ChromeDriver(): null&#xD;
&#xD;
2019-08-17 20:21:58 - [TEST_STEP][PASSED] - window().maximize(): null&#xD;
&#xD;
2019-08-17 20:21:59 - [TEST_STEP][PASSED] - driver.get("http://workilo.com"): null&#xD;
&#xD;
2019-08-17 20:22:14 - [TEST_STEP][PASSED] - timeouts().implicitlyWait(30, SECONDS): null&#xD;
&#xD;
2019-08-17 20:22:14 - [TEST_STEP][PASSED] - linkText("Sign Up")).click(): null&#xD;
&#xD;
2019-08-17 20:22:14 - [TEST_STEP][PASSED] - Thread.sleep(2000): null&#xD;
&#xD;
2019-08-17 20:22:16 - [TEST_STEP][PASSED] - xpath("//*[text()='Client']")).click(): null&#xD;
&#xD;
2019-08-17 20:22:16 - [TEST_STEP][PASSED] - Thread.sleep(2000): null&#xD;
&#xD;
2019-08-17 20:22:18 - [TEST_STEP][PASSED] - id("email")).sendKeys("shahbaz.dapl@gmail.com"): null&#xD;
&#xD;
2019-08-17 20:22:19 - [TEST_STEP][PASSED] - id("firstName")).sendKeys("Shahbaz"): null&#xD;
&#xD;
2019-08-17 20:22:19 - [TEST_STEP][PASSED] - id("lastName")).sendKeys("Farooque"): null&#xD;
&#xD;
2019-08-17 20:22:19 - [TEST_STEP][PASSED] - id("password")).sendKeys("12345687"): null&#xD;
&#xD;
2019-08-17 20:22:19 - [TEST_STEP][PASSED] - id("contact_number")).sendKeys("9663326168"): null&#xD;
&#xD;
2019-08-17 20:22:19 - [TEST_STEP][PASSED] - //*[@value='Join Workilo!']")).click(): null&#xD;
&#xD;
2019-08-17 20:22:19 - [TEST_STEP][PASSED] - Thread.sleep(2000): null&#xD;
&#xD;
2019-08-17 20:22:21 - [TEST_STEP][PASSED] - errorMessage = driver.findElement(By.xpath("//*[@id='signup-form']/div[3]/label[2]")): null&#xD;
&#xD;
2019-08-17 20:22:21 - [TEST_STEP][PASSED] - js = driver: null&#xD;
&#xD;
2019-08-17 20:22:21 - [TEST_STEP][PASSED] - js.executeScript("arguments[0].style.border='3px solid red'", errorMessage): null&#xD;
&#xD;
2019-08-17 20:22:21 - [TEST_STEP][PASSED] - Thread.sleep(5000): null&#xD;
&#xD;
2019-08-17 20:22:26 - [TEST_STEP][PASSED] - driver.quit(): null</system-out>
            <system-err></system-err>
        </testcase>
        <system-out>2019-08-17 20:21:53 - [TEST_SUITE][INCOMPLETE] - SignUp: null</system-out>
        <system-err>2019-08-17 20:21:53 - [TEST_SUITE][INCOMPLETE] - SignUp: null</system-err>
    </testsuite>
</testsuites>
