<?xml version="1.0" encoding="UTF-8" standalone="yes"?>
<testsuites name="Functional Testing" time="901" tests="12" failures="0" errors="9">
    <testsuite name="Functional Testing" tests="12" failures="0" errors="9" time="901" timestamp="2019-08-15 00:25:52" hostname="DAPL-Asset-180 - DAPL-Asset-180" id="Test Suites/Functional Testing">
        <properties>
            <property name="deviceName" value=""/>
            <property name="devicePlatform" value=""/>
            <property name="logFolder" value="C:\\Users\\DAPL-Asset-180\\Desktop\\project folder\\Workilo\\WorkiloAutomation(14.8.19)\\Reports\\Functional Testing\\20190815_002546"/>
            <property name="logFiles" value="C:\\Users\\DAPL-Asset-180\\Desktop\\project folder\\Workilo\\WorkiloAutomation(14.8.19)\\Reports\\Functional Testing\\20190815_002546\\execution0.log"/>
            <property name="attachments" value=""/>
            <property name="hostName" value="DAPL-Asset-180 - DAPL-Asset-180"/>
            <property name="hostAddress" value="192.168.43.246"/>
            <property name="os" value="Windows 8.1 64bit"/>
            <property name="katalonVersion" value="6.2.1.2"/>
        </properties>
        <testcase name="Test Cases/Workilo/Sign Up/CustSignUp" classname="Test Cases/Workilo/Sign Up/CustSignUp" status="PASSED">
            <system-out>2019-08-15 00:25:52 - [TEST_CASE][PASSED] - Test Cases/Workilo/Sign Up/CustSignUp: Test Cases/Workilo/Sign Up/CustSignUp&#xD;
&#xD;
2019-08-15 00:25:53 - [TEST_STEP][PASSED] - System.setProperty("webdriver.chrome.driver", chromePath): null&#xD;
&#xD;
2019-08-15 00:25:53 - [TEST_STEP][PASSED] - driver = new org.openqa.selenium.chrome.ChromeDriver(): null&#xD;
&#xD;
2019-08-15 00:25:58 - [TEST_STEP][PASSED] - window().maximize(): null&#xD;
&#xD;
2019-08-15 00:25:59 - [TEST_STEP][PASSED] - driver.get("http://workilo.com"): null&#xD;
&#xD;
2019-08-15 00:26:08 - [TEST_STEP][PASSED] - timeouts().implicitlyWait(30, SECONDS): null&#xD;
&#xD;
2019-08-15 00:26:08 - [TEST_STEP][PASSED] - linkText("Sign Up")).click(): null&#xD;
&#xD;
2019-08-15 00:26:08 - [TEST_STEP][PASSED] - Thread.sleep(2000): null&#xD;
&#xD;
2019-08-15 00:26:10 - [TEST_STEP][PASSED] - xpath("//*[text()='Client']")).click(): null&#xD;
&#xD;
2019-08-15 00:26:11 - [TEST_STEP][PASSED] - Thread.sleep(2000): null&#xD;
&#xD;
2019-08-15 00:26:13 - [TEST_STEP][PASSED] - id("email")).sendKeys("shahbaz.dapl@gmail.com"): null&#xD;
&#xD;
2019-08-15 00:26:13 - [TEST_STEP][PASSED] - id("firstName")).sendKeys("Shahbaz"): null&#xD;
&#xD;
2019-08-15 00:26:13 - [TEST_STEP][PASSED] - id("lastName")).sendKeys("Farooque"): null&#xD;
&#xD;
2019-08-15 00:26:13 - [TEST_STEP][PASSED] - id("password")).sendKeys("admin#123"): null&#xD;
&#xD;
2019-08-15 00:26:13 - [TEST_STEP][PASSED] - id("contact_number")).sendKeys("9663326168"): null&#xD;
&#xD;
2019-08-15 00:26:13 - [TEST_STEP][PASSED] - //*[@value='Join Workilo!']")).click(): null&#xD;
&#xD;
2019-08-15 00:26:13 - [TEST_STEP][PASSED] - Thread.sleep(5000): null&#xD;
&#xD;
2019-08-15 00:26:18 - [TEST_STEP][PASSED] - driver.quit(): null</system-out>
            <system-err></system-err>
        </testcase>
        <testcase name="Test Cases/Workilo/Sign Up/ServProvSignUp" classname="Test Cases/Workilo/Sign Up/ServProvSignUp" status="PASSED">
            <system-out>2019-08-15 00:26:19 - [TEST_CASE][PASSED] - Test Cases/Workilo/Sign Up/ServProvSignUp: Test Cases/Workilo/Sign Up/ServProvSignUp&#xD;
&#xD;
2019-08-15 00:26:20 - [TEST_STEP][PASSED] - System.setProperty("webdriver.chrome.driver", chromePath): null&#xD;
&#xD;
2019-08-15 00:26:20 - [TEST_STEP][PASSED] - driver = new org.openqa.selenium.chrome.ChromeDriver(): null&#xD;
&#xD;
2019-08-15 00:26:22 - [TEST_STEP][PASSED] - window().maximize(): null&#xD;
&#xD;
2019-08-15 00:26:23 - [TEST_STEP][PASSED] - driver.get("http://workilo.com"): null&#xD;
&#xD;
2019-08-15 00:26:32 - [TEST_STEP][PASSED] - timeouts().implicitlyWait(30, SECONDS): null&#xD;
&#xD;
2019-08-15 00:26:32 - [TEST_STEP][PASSED] - linkText("Sign Up")).click(): null&#xD;
&#xD;
2019-08-15 00:26:32 - [TEST_STEP][PASSED] - Thread.sleep(2000): null&#xD;
&#xD;
2019-08-15 00:26:34 - [TEST_STEP][PASSED] - xpath("//a[@class='account_type_switch service_provider_tag active']")).click(): null&#xD;
&#xD;
2019-08-15 00:26:34 - [TEST_STEP][PASSED] - Thread.sleep(2000): null&#xD;
&#xD;
2019-08-15 00:26:36 - [TEST_STEP][PASSED] - id("email")).sendKeys("test1@gmail.com"): null&#xD;
&#xD;
2019-08-15 00:26:36 - [TEST_STEP][PASSED] - id("firstName")).sendKeys("Workilo"): null&#xD;
&#xD;
2019-08-15 00:26:36 - [TEST_STEP][PASSED] - id("lastName")).sendKeys("Test"): null&#xD;
&#xD;
2019-08-15 00:26:36 - [TEST_STEP][PASSED] - id("password")).sendKeys("admin#123"): null&#xD;
&#xD;
2019-08-15 00:26:37 - [TEST_STEP][PASSED] - id("contact_number")).sendKeys("8521036974"): null&#xD;
&#xD;
2019-08-15 00:26:37 - [TEST_STEP][PASSED] - //*[@value='Join Workilo!']")).click(): null&#xD;
&#xD;
2019-08-15 00:26:37 - [TEST_STEP][PASSED] - Thread.sleep(5000): null&#xD;
&#xD;
2019-08-15 00:26:42 - [TEST_STEP][PASSED] - driver.quit(): null</system-out>
            <system-err></system-err>
        </testcase>
        <testcase name="Test Cases/Workilo/Sign Up/RegistrationValidation/InvalidEmailIdLogin" classname="Test Cases/Workilo/Sign Up/RegistrationValidation/InvalidEmailIdLogin" status="PASSED">
            <system-out>2019-08-15 00:26:43 - [TEST_CASE][PASSED] - Test Cases/Workilo/Sign Up/RegistrationValidation/InvalidEmailIdLogin: Test Cases/Workilo/Sign Up/RegistrationValidation/InvalidEmailIdLogin&#xD;
&#xD;
2019-08-15 00:26:43 - [TEST_STEP][PASSED] - System.setProperty("webdriver.chrome.driver", chromePath): null&#xD;
&#xD;
2019-08-15 00:26:43 - [TEST_STEP][PASSED] - driver = new org.openqa.selenium.chrome.ChromeDriver(): null&#xD;
&#xD;
2019-08-15 00:26:45 - [TEST_STEP][PASSED] - window().maximize(): null&#xD;
&#xD;
2019-08-15 00:26:46 - [TEST_STEP][PASSED] - driver.get("http://workilo.com"): null&#xD;
&#xD;
2019-08-15 00:26:54 - [TEST_STEP][PASSED] - timeouts().implicitlyWait(30, SECONDS): null&#xD;
&#xD;
2019-08-15 00:26:54 - [TEST_STEP][PASSED] - linkText("Log In")).click(): null&#xD;
&#xD;
2019-08-15 00:26:54 - [TEST_STEP][PASSED] - Thread.sleep(2000): null&#xD;
&#xD;
2019-08-15 00:26:56 - [TEST_STEP][PASSED] - id("email_login")).sendKeys("shahbaz.dapl123.com"): null&#xD;
&#xD;
2019-08-15 00:26:57 - [TEST_STEP][PASSED] - id("password_login")).sendKeys("admin#123"): null&#xD;
&#xD;
2019-08-15 00:26:57 - [TEST_STEP][PASSED] - //*[@value='Log in']")).click(): null&#xD;
&#xD;
2019-08-15 00:26:57 - [TEST_STEP][PASSED] - Thread.sleep(2000): null&#xD;
&#xD;
2019-08-15 00:26:59 - [TEST_STEP][PASSED] - action = new org.openqa.selenium.interactions.Actions(driver): null&#xD;
&#xD;
2019-08-15 00:26:59 - [TEST_STEP][PASSED] - build().perform(): null&#xD;
&#xD;
2019-08-15 00:26:59 - [TEST_STEP][PASSED] - Thread.sleep(2000): null&#xD;
&#xD;
2019-08-15 00:27:01 - [TEST_STEP][PASSED] - driver.quit(): null</system-out>
            <system-err></system-err>
        </testcase>
        <testcase name="Test Cases/Workilo/Sign Up/RegistrationValidation/InvalidPwdLogin" classname="Test Cases/Workilo/Sign Up/RegistrationValidation/InvalidPwdLogin" status="PASSED">
            <system-out>2019-08-15 00:27:02 - [TEST_CASE][PASSED] - Test Cases/Workilo/Sign Up/RegistrationValidation/InvalidPwdLogin: Test Cases/Workilo/Sign Up/RegistrationValidation/InvalidPwdLogin&#xD;
&#xD;
2019-08-15 00:27:02 - [TEST_STEP][PASSED] - System.setProperty("webdriver.chrome.driver", chromePath): null&#xD;
&#xD;
2019-08-15 00:27:02 - [TEST_STEP][PASSED] - driver = new org.openqa.selenium.chrome.ChromeDriver(): null&#xD;
&#xD;
2019-08-15 00:27:04 - [TEST_STEP][PASSED] - window().maximize(): null&#xD;
&#xD;
2019-08-15 00:27:05 - [TEST_STEP][PASSED] - driver.get("http://workilo.com"): null&#xD;
&#xD;
2019-08-15 00:27:13 - [TEST_STEP][PASSED] - timeouts().implicitlyWait(30, SECONDS): null&#xD;
&#xD;
2019-08-15 00:27:13 - [TEST_STEP][PASSED] - linkText("Log In")).click(): null&#xD;
&#xD;
2019-08-15 00:27:13 - [TEST_STEP][PASSED] - Thread.sleep(2000): null&#xD;
&#xD;
2019-08-15 00:27:15 - [TEST_STEP][PASSED] - id("email_login")).sendKeys("shahbaz.dapl@gmail.com"): null&#xD;
&#xD;
2019-08-15 00:27:16 - [TEST_STEP][PASSED] - id("password_login")).sendKeys("123"): null&#xD;
&#xD;
2019-08-15 00:27:16 - [TEST_STEP][PASSED] - //*[@value='Log in']")).click(): null&#xD;
&#xD;
2019-08-15 00:27:16 - [TEST_STEP][PASSED] - Thread.sleep(2000): null&#xD;
&#xD;
2019-08-15 00:27:18 - [TEST_STEP][PASSED] - action = new org.openqa.selenium.interactions.Actions(driver): null&#xD;
&#xD;
2019-08-15 00:27:18 - [TEST_STEP][PASSED] - build().perform(): null&#xD;
&#xD;
2019-08-15 00:27:18 - [TEST_STEP][PASSED] - Thread.sleep(3000): null&#xD;
&#xD;
2019-08-15 00:27:21 - [TEST_STEP][PASSED] - driver.quit(): null</system-out>
            <system-err></system-err>
        </testcase>
        <testcase name="Test Cases/Workilo/Sign Up/RegistrationValidation/SignUpBlankValidation" classname="Test Cases/Workilo/Sign Up/RegistrationValidation/SignUpBlankValidation" status="PASSED">
            <system-out>2019-08-15 00:27:22 - [TEST_CASE][PASSED] - Test Cases/Workilo/Sign Up/RegistrationValidation/SignUpBlankValidation: Test Cases/Workilo/Sign Up/RegistrationValidation/SignUpBlankValidation&#xD;
&#xD;
2019-08-15 00:27:22 - [TEST_STEP][PASSED] - System.setProperty("webdriver.chrome.driver", chromePath): null&#xD;
&#xD;
2019-08-15 00:27:22 - [TEST_STEP][PASSED] - driver = new org.openqa.selenium.chrome.ChromeDriver(): null&#xD;
&#xD;
2019-08-15 00:27:24 - [TEST_STEP][PASSED] - window().maximize(): null&#xD;
&#xD;
2019-08-15 00:27:26 - [TEST_STEP][PASSED] - driver.get("http://workilo.com"): null&#xD;
&#xD;
2019-08-15 00:27:34 - [TEST_STEP][PASSED] - timeouts().implicitlyWait(30, SECONDS): null&#xD;
&#xD;
2019-08-15 00:27:34 - [TEST_STEP][PASSED] - linkText("Sign Up")).click(): null&#xD;
&#xD;
2019-08-15 00:27:35 - [TEST_STEP][PASSED] - Thread.sleep(2000): null&#xD;
&#xD;
2019-08-15 00:27:37 - [TEST_STEP][PASSED] - xpath("//*[text()='Client']")).click(): null&#xD;
&#xD;
2019-08-15 00:27:37 - [TEST_STEP][PASSED] - Thread.sleep(1000): null&#xD;
&#xD;
2019-08-15 00:27:38 - [TEST_STEP][PASSED] - js = driver: null&#xD;
&#xD;
2019-08-15 00:27:38 - [TEST_STEP][PASSED] - //*[@value='Join Workilo!']")).click(): null&#xD;
&#xD;
2019-08-15 00:27:38 - [TEST_STEP][PASSED] - email = driver.findElement(By.xpath("//*[@id='signup-form']/div[1]/label[2]")): null&#xD;
&#xD;
2019-08-15 00:27:38 - [TEST_STEP][PASSED] - firstname = driver.findElement(By.xpath("//*[@id='signup-form']/div[2]/div[1]/label[2]")): null&#xD;
&#xD;
2019-08-15 00:27:38 - [TEST_STEP][PASSED] - lastname = driver.findElement(By.xpath("//*[@id='signup-form']/div[2]/div[2]/label[2]")): null&#xD;
&#xD;
2019-08-15 00:27:38 - [TEST_STEP][PASSED] - pwd = driver.findElement(By.xpath("//*[@id='signup-form']/div[3]/label[2]")): null&#xD;
&#xD;
2019-08-15 00:27:38 - [TEST_STEP][PASSED] - contact = driver.findElement(By.xpath("//*[@id='signup-form']/div[4]/label[2]")): null&#xD;
&#xD;
2019-08-15 00:27:38 - [TEST_STEP][PASSED] - js.executeScript("arguments[0].style.border='3px solid red'", email): null&#xD;
&#xD;
2019-08-15 00:27:38 - [TEST_STEP][PASSED] - js.executeScript("arguments[0].style.border='3px solid red'", firstname): null&#xD;
&#xD;
2019-08-15 00:27:38 - [TEST_STEP][PASSED] - js.executeScript("arguments[0].style.border='3px solid red'", lastname): null&#xD;
&#xD;
2019-08-15 00:27:38 - [TEST_STEP][PASSED] - js.executeScript("arguments[0].style.border='3px solid red'", pwd): null&#xD;
&#xD;
2019-08-15 00:27:38 - [TEST_STEP][PASSED] - js.executeScript("arguments[0].style.border='3px solid red'", contact): null&#xD;
&#xD;
2019-08-15 00:27:38 - [TEST_STEP][PASSED] - Thread.sleep(5000): null&#xD;
&#xD;
2019-08-15 00:27:43 - [TEST_STEP][PASSED] - driver.quit(): null</system-out>
            <system-err></system-err>
        </testcase>
        <testcase name="Test Cases/Workilo/Sign Up/RegistrationValidation/SignUpValidationInvalidContact" classname="Test Cases/Workilo/Sign Up/RegistrationValidation/SignUpValidationInvalidContact" status="PASSED">
            <system-out>2019-08-15 00:27:44 - [TEST_CASE][PASSED] - Test Cases/Workilo/Sign Up/RegistrationValidation/SignUpValidationInvalidContact: Test Cases/Workilo/Sign Up/RegistrationValidation/SignUpValidationInvalidContact&#xD;
&#xD;
2019-08-15 00:27:44 - [TEST_STEP][PASSED] - System.setProperty("webdriver.chrome.driver", chromePath): null&#xD;
&#xD;
2019-08-15 00:27:44 - [TEST_STEP][PASSED] - driver = new org.openqa.selenium.chrome.ChromeDriver(): null&#xD;
&#xD;
2019-08-15 00:27:46 - [TEST_STEP][PASSED] - window().maximize(): null&#xD;
&#xD;
2019-08-15 00:27:47 - [TEST_STEP][PASSED] - driver.get("http://workilo.com"): null&#xD;
&#xD;
2019-08-15 00:27:58 - [TEST_STEP][PASSED] - timeouts().implicitlyWait(30, SECONDS): null&#xD;
&#xD;
2019-08-15 00:27:58 - [TEST_STEP][PASSED] - linkText("Sign Up")).click(): null&#xD;
&#xD;
2019-08-15 00:27:58 - [TEST_STEP][PASSED] - Thread.sleep(2000): null&#xD;
&#xD;
2019-08-15 00:28:00 - [TEST_STEP][PASSED] - xpath("//*[text()='Client']")).click(): null&#xD;
&#xD;
2019-08-15 00:28:01 - [TEST_STEP][PASSED] - Thread.sleep(2000): null&#xD;
&#xD;
2019-08-15 00:28:03 - [TEST_STEP][PASSED] - id("email")).sendKeys("shahbaz.dapl1@gmail.com"): null&#xD;
&#xD;
2019-08-15 00:28:03 - [TEST_STEP][PASSED] - id("firstName")).sendKeys("Shahbaz"): null&#xD;
&#xD;
2019-08-15 00:28:03 - [TEST_STEP][PASSED] - id("lastName")).sendKeys("Farooque"): null&#xD;
&#xD;
2019-08-15 00:28:03 - [TEST_STEP][PASSED] - id("password")).sendKeys("admin#123"): null&#xD;
&#xD;
2019-08-15 00:28:03 - [TEST_STEP][PASSED] - id("contact_number")).sendKeys("abcdefghij"): null&#xD;
&#xD;
2019-08-15 00:28:03 - [TEST_STEP][PASSED] - //*[@value='Join Workilo!']")).click(): null&#xD;
&#xD;
2019-08-15 00:28:03 - [TEST_STEP][PASSED] - Thread.sleep(2000): null&#xD;
&#xD;
2019-08-15 00:28:05 - [TEST_STEP][PASSED] - errorMessage = driver.findElement(By.id("contact_error")): null&#xD;
&#xD;
2019-08-15 00:28:06 - [TEST_STEP][PASSED] - js = driver: null&#xD;
&#xD;
2019-08-15 00:28:06 - [TEST_STEP][PASSED] - js.executeScript("arguments[0].style.border='3px solid red'", errorMessage): null&#xD;
&#xD;
2019-08-15 00:28:06 - [TEST_STEP][PASSED] - Thread.sleep(5000): null&#xD;
&#xD;
2019-08-15 00:28:11 - [TEST_STEP][PASSED] - driver.quit(): null</system-out>
            <system-err></system-err>
        </testcase>
        <testcase name="Test Cases/Workilo/Sign Up/RegistrationValidation/SignUpValidationInvalidEmail" classname="Test Cases/Workilo/Sign Up/RegistrationValidation/SignUpValidationInvalidEmail" status="PASSED">
            <system-out>2019-08-15 00:28:11 - [TEST_CASE][PASSED] - Test Cases/Workilo/Sign Up/RegistrationValidation/SignUpValidationInvalidEmail: Test Cases/Workilo/Sign Up/RegistrationValidation/SignUpValidationInvalidEmail&#xD;
&#xD;
2019-08-15 00:28:12 - [TEST_STEP][PASSED] - System.setProperty("webdriver.chrome.driver", chromePath): null&#xD;
&#xD;
2019-08-15 00:28:12 - [TEST_STEP][PASSED] - driver = new org.openqa.selenium.chrome.ChromeDriver(): null&#xD;
&#xD;
2019-08-15 00:28:14 - [TEST_STEP][PASSED] - window().maximize(): null&#xD;
&#xD;
2019-08-15 00:28:15 - [TEST_STEP][PASSED] - driver.get("http://workilo.com"): null&#xD;
&#xD;
2019-08-15 00:28:24 - [TEST_STEP][PASSED] - timeouts().implicitlyWait(30, SECONDS): null&#xD;
&#xD;
2019-08-15 00:28:24 - [TEST_STEP][PASSED] - linkText("Sign Up")).click(): null&#xD;
&#xD;
2019-08-15 00:28:24 - [TEST_STEP][PASSED] - Thread.sleep(2000): null&#xD;
&#xD;
2019-08-15 00:28:26 - [TEST_STEP][PASSED] - xpath("//*[text()='Client']")).click(): null&#xD;
&#xD;
2019-08-15 00:28:26 - [TEST_STEP][PASSED] - Thread.sleep(2000): null&#xD;
&#xD;
2019-08-15 00:28:28 - [TEST_STEP][PASSED] - id("email")).sendKeys("shahbaz.dapl123gmail.com"): null&#xD;
&#xD;
2019-08-15 00:28:29 - [TEST_STEP][PASSED] - id("firstName")).sendKeys("Shahbaz"): null&#xD;
&#xD;
2019-08-15 00:28:29 - [TEST_STEP][PASSED] - id("lastName")).sendKeys("Farooque"): null&#xD;
&#xD;
2019-08-15 00:28:29 - [TEST_STEP][PASSED] - id("password")).sendKeys("admin#123"): null&#xD;
&#xD;
2019-08-15 00:28:29 - [TEST_STEP][PASSED] - id("contact_number")).sendKeys("9663326168"): null&#xD;
&#xD;
2019-08-15 00:28:29 - [TEST_STEP][PASSED] - //*[@value='Join Workilo!']")).click(): null&#xD;
&#xD;
2019-08-15 00:28:29 - [TEST_STEP][PASSED] - Thread.sleep(2000): null&#xD;
&#xD;
2019-08-15 00:28:31 - [TEST_STEP][PASSED] - errorMessage = driver.findElement(By.xpath("//*[@id='signup-form']/div[1]/label[2]")): null&#xD;
&#xD;
2019-08-15 00:28:31 - [TEST_STEP][PASSED] - js = driver: null&#xD;
&#xD;
2019-08-15 00:28:31 - [TEST_STEP][PASSED] - js.executeScript("arguments[0].style.border='3px solid red'", errorMessage): null&#xD;
&#xD;
2019-08-15 00:28:31 - [TEST_STEP][PASSED] - Thread.sleep(5000): null&#xD;
&#xD;
2019-08-15 00:28:36 - [TEST_STEP][PASSED] - driver.quit(): null</system-out>
            <system-err></system-err>
        </testcase>
        <testcase name="Test Cases/Workilo/Sign Up/RegistrationValidation/SignUpValidationInvalidFirstLastName" classname="Test Cases/Workilo/Sign Up/RegistrationValidation/SignUpValidationInvalidFirstLastName" status="PASSED">
            <system-out>2019-08-15 00:28:37 - [TEST_CASE][PASSED] - Test Cases/Workilo/Sign Up/RegistrationValidation/SignUpValidationInvalidFirstLastName: Test Cases/Workilo/Sign Up/RegistrationValidation/SignUpValidationInvalidFirstLastName&#xD;
&#xD;
2019-08-15 00:28:37 - [TEST_STEP][PASSED] - System.setProperty("webdriver.chrome.driver", chromePath): null&#xD;
&#xD;
2019-08-15 00:28:37 - [TEST_STEP][PASSED] - driver = new org.openqa.selenium.chrome.ChromeDriver(): null&#xD;
&#xD;
2019-08-15 00:28:39 - [TEST_STEP][PASSED] - window().maximize(): null&#xD;
&#xD;
2019-08-15 00:28:41 - [TEST_STEP][PASSED] - driver.get("http://workilo.com"): null&#xD;
&#xD;
2019-08-15 00:28:52 - [TEST_STEP][PASSED] - timeouts().implicitlyWait(30, SECONDS): null&#xD;
&#xD;
2019-08-15 00:28:52 - [TEST_STEP][PASSED] - linkText("Sign Up")).click(): null&#xD;
&#xD;
2019-08-15 00:28:53 - [TEST_STEP][PASSED] - Thread.sleep(2000): null&#xD;
&#xD;
2019-08-15 00:28:55 - [TEST_STEP][PASSED] - xpath("//*[text()='Client']")).click(): null&#xD;
&#xD;
2019-08-15 00:28:55 - [TEST_STEP][PASSED] - Thread.sleep(2000): null&#xD;
&#xD;
2019-08-15 00:28:57 - [TEST_STEP][PASSED] - id("email")).sendKeys("shahbaz.dapl@gmail.com"): null&#xD;
&#xD;
2019-08-15 00:28:57 - [TEST_STEP][PASSED] - id("firstName")).sendKeys("12@12#."): null&#xD;
&#xD;
2019-08-15 00:28:57 - [TEST_STEP][PASSED] - id("lastName")).sendKeys("12345"): null&#xD;
&#xD;
2019-08-15 00:28:57 - [TEST_STEP][PASSED] - id("password")).sendKeys("admin#123"): null&#xD;
&#xD;
2019-08-15 00:28:57 - [TEST_STEP][PASSED] - id("contact_number")).sendKeys("8520136974"): null&#xD;
&#xD;
2019-08-15 00:28:57 - [TEST_STEP][PASSED] - //*[@value='Join Workilo!']")).click(): null&#xD;
&#xD;
2019-08-15 00:28:58 - [TEST_STEP][PASSED] - Thread.sleep(2000): null&#xD;
&#xD;
2019-08-15 00:29:00 - [TEST_STEP][PASSED] - errorMessage = driver.findElement(By.id("fname_error")): null&#xD;
&#xD;
2019-08-15 00:29:00 - [TEST_STEP][PASSED] - js = driver: null&#xD;
&#xD;
2019-08-15 00:29:00 - [TEST_STEP][PASSED] - js.executeScript("arguments[0].style.border='3px solid red'", errorMessage): null&#xD;
&#xD;
2019-08-15 00:29:00 - [TEST_STEP][PASSED] - js.executeScript("arguments[0].style.border='3px solid red'", driver.findElement(By.id("lname_error"))): null&#xD;
&#xD;
2019-08-15 00:29:00 - [TEST_STEP][PASSED] - Thread.sleep(5000): null&#xD;
&#xD;
2019-08-15 00:29:05 - [TEST_STEP][PASSED] - driver.quit(): null</system-out>
            <system-err></system-err>
        </testcase>
        <testcase name="Test Cases/Workilo/Sign Up/RegistrationValidation/SignUpValidationInvalidPWD" classname="Test Cases/Workilo/Sign Up/RegistrationValidation/SignUpValidationInvalidPWD" status="PASSED">
            <system-out>2019-08-15 00:29:05 - [TEST_CASE][PASSED] - Test Cases/Workilo/Sign Up/RegistrationValidation/SignUpValidationInvalidPWD: Test Cases/Workilo/Sign Up/RegistrationValidation/SignUpValidationInvalidPWD&#xD;
&#xD;
2019-08-15 00:29:06 - [TEST_STEP][PASSED] - System.setProperty("webdriver.chrome.driver", chromePath): null&#xD;
&#xD;
2019-08-15 00:29:06 - [TEST_STEP][PASSED] - driver = new org.openqa.selenium.chrome.ChromeDriver(): null&#xD;
&#xD;
2019-08-15 00:29:08 - [TEST_STEP][PASSED] - window().maximize(): null&#xD;
&#xD;
2019-08-15 00:29:09 - [TEST_STEP][PASSED] - driver.get("http://workilo.com"): null&#xD;
&#xD;
2019-08-15 00:29:21 - [TEST_STEP][PASSED] - timeouts().implicitlyWait(30, SECONDS): null&#xD;
&#xD;
2019-08-15 00:29:21 - [TEST_STEP][PASSED] - linkText("Sign Up")).click(): null&#xD;
&#xD;
2019-08-15 00:29:21 - [TEST_STEP][PASSED] - Thread.sleep(2000): null&#xD;
&#xD;
2019-08-15 00:29:23 - [TEST_STEP][PASSED] - xpath("//*[text()='Client']")).click(): null&#xD;
&#xD;
2019-08-15 00:29:23 - [TEST_STEP][PASSED] - Thread.sleep(2000): null&#xD;
&#xD;
2019-08-15 00:29:25 - [TEST_STEP][PASSED] - id("email")).sendKeys("shahbaz.dapl@gmail.com"): null&#xD;
&#xD;
2019-08-15 00:29:25 - [TEST_STEP][PASSED] - id("firstName")).sendKeys("Shahbaz"): null&#xD;
&#xD;
2019-08-15 00:29:25 - [TEST_STEP][PASSED] - id("lastName")).sendKeys("Farooque"): null&#xD;
&#xD;
2019-08-15 00:29:26 - [TEST_STEP][PASSED] - id("password")).sendKeys("12345687"): null&#xD;
&#xD;
2019-08-15 00:29:26 - [TEST_STEP][PASSED] - id("contact_number")).sendKeys("9663326168"): null&#xD;
&#xD;
2019-08-15 00:29:26 - [TEST_STEP][PASSED] - //*[@value='Join Workilo!']")).click(): null&#xD;
&#xD;
2019-08-15 00:29:26 - [TEST_STEP][PASSED] - Thread.sleep(2000): null&#xD;
&#xD;
2019-08-15 00:29:28 - [TEST_STEP][PASSED] - errorMessage = driver.findElement(By.xpath("//*[@id='signup-form']/div[3]/label[2]")): null&#xD;
&#xD;
2019-08-15 00:29:28 - [TEST_STEP][PASSED] - js = driver: null&#xD;
&#xD;
2019-08-15 00:29:28 - [TEST_STEP][PASSED] - js.executeScript("arguments[0].style.border='3px solid red'", errorMessage): null&#xD;
&#xD;
2019-08-15 00:29:28 - [TEST_STEP][PASSED] - Thread.sleep(5000): null&#xD;
&#xD;
2019-08-15 00:29:33 - [TEST_STEP][PASSED] - driver.quit(): null</system-out>
            <system-err></system-err>
        </testcase>
        <testcase name="Test Cases/Workilo/Sign IN/CustSignIn" classname="Test Cases/Workilo/Sign IN/CustSignIn" status="PASSED">
            <system-out>2019-08-15 00:29:34 - [TEST_CASE][PASSED] - Test Cases/Workilo/Sign IN/CustSignIn: Test Cases/Workilo/Sign IN/CustSignIn&#xD;
&#xD;
2019-08-15 00:29:34 - [TEST_STEP][PASSED] - System.setProperty("webdriver.chrome.driver", chromePath): null&#xD;
&#xD;
2019-08-15 00:29:34 - [TEST_STEP][PASSED] - driver = new org.openqa.selenium.chrome.ChromeDriver(): null&#xD;
&#xD;
2019-08-15 00:29:36 - [TEST_STEP][PASSED] - window().maximize(): null&#xD;
&#xD;
2019-08-15 00:29:37 - [TEST_STEP][PASSED] - driver.get("http://workilo.com"): null&#xD;
&#xD;
2019-08-15 00:29:48 - [TEST_STEP][PASSED] - timeouts().implicitlyWait(30, SECONDS): null&#xD;
&#xD;
2019-08-15 00:29:48 - [TEST_STEP][PASSED] - linkText("Log In")).click(): null&#xD;
&#xD;
2019-08-15 00:29:48 - [TEST_STEP][PASSED] - Thread.sleep(2000): null&#xD;
&#xD;
2019-08-15 00:29:50 - [TEST_STEP][PASSED] - id("email_login")).sendKeys("nabin@digitalaptech.com"): null&#xD;
&#xD;
2019-08-15 00:29:50 - [TEST_STEP][PASSED] - id("password_login")).sendKeys("admin#123"): null&#xD;
&#xD;
2019-08-15 00:29:50 - [TEST_STEP][PASSED] - //*[@value='Log in']")).click(): null&#xD;
&#xD;
2019-08-15 00:29:50 - [TEST_STEP][PASSED] - Thread.sleep(3000): null&#xD;
&#xD;
2019-08-15 00:29:53 - [TEST_STEP][PASSED] - linkText("Log Out")).click(): null&#xD;
&#xD;
2019-08-15 00:29:58 - [TEST_STEP][PASSED] - Thread.sleep(2000): null&#xD;
&#xD;
2019-08-15 00:30:00 - [TEST_STEP][PASSED] - action = new org.openqa.selenium.interactions.Actions(driver): null&#xD;
&#xD;
2019-08-15 00:30:00 - [TEST_STEP][PASSED] - build().perform(): null&#xD;
&#xD;
2019-08-15 00:30:00 - [TEST_STEP][PASSED] - Thread.sleep(2000): null&#xD;
&#xD;
2019-08-15 00:30:02 - [TEST_STEP][PASSED] - driver.quit(): null</system-out>
            <system-err></system-err>
        </testcase>
        <testcase name="Test Cases/Workilo/Sign IN/ServProvSignIn" classname="Test Cases/Workilo/Sign IN/ServProvSignIn" status="ERROR">
            <error type="ERROR" message="Test Cases/Workilo/Sign IN/ServProvSignIn FAILED.&#xA;Reason:&#xA;org.openqa.selenium.ElementNotInteractableException: element not interactable&#xA;  (Session info: chrome=76.0.3809.100)&#xA;Build info: version: '3.141.59', revision: 'e82be7d358', time: '2018-11-14T08:25:53'&#xA;System info: host: 'DAPL-ASSET-180', ip: '192.168.43.246', os.name: 'Windows 8.1', os.arch: 'amd64', os.version: '6.3', java.version: '1.8.0_181'&#xA;Driver info: org.openqa.selenium.chrome.ChromeDriver&#xA;Capabilities {acceptInsecureCerts: false, browserName: chrome, browserVersion: 76.0.3809.100, chrome: {chromedriverVersion: 76.0.3809.25 (a0c95f440512e..., userDataDir: C:\Users\DAPL-A~1\AppData\L...}, goog:chromeOptions: {debuggerAddress: localhost:57728}, javascriptEnabled: true, networkConnectionEnabled: false, pageLoadStrategy: normal, platform: XP, platformName: XP, proxy: Proxy(), setWindowRect: true, strictFileInteractability: false, timeouts: {implicit: 0, pageLoad: 300000, script: 30000}, unhandledPromptBehavior: dismiss and notify}&#xA;Session ID: 842683ef72d381fc929527958a46e8b8&#xD;&#xA;&#x9;at org.openqa.selenium.remote.http.W3CHttpResponseCodec.createException(W3CHttpResponseCodec.java:187)&#xD;&#xA;&#x9;at org.openqa.selenium.remote.http.W3CHttpResponseCodec.decode(W3CHttpResponseCodec.java:122)&#xD;&#xA;&#x9;at org.openqa.selenium.remote.http.W3CHttpResponseCodec.decode(W3CHttpResponseCodec.java:49)&#xD;&#xA;&#x9;at org.openqa.selenium.remote.HttpCommandExecutor.execute(HttpCommandExecutor.java:158)&#xD;&#xA;&#x9;at org.openqa.selenium.remote.service.DriverCommandExecutor.execute(DriverCommandExecutor.java:83)&#xD;&#xA;&#x9;at org.openqa.selenium.remote.RemoteWebDriver.execute(RemoteWebDriver.java:552)&#xD;&#xA;&#x9;at org.openqa.selenium.remote.RemoteWebElement.execute(RemoteWebElement.java:285)&#xD;&#xA;&#x9;at org.openqa.selenium.remote.RemoteWebElement.click(RemoteWebElement.java:84)&#xD;&#xA;&#x9;at org.openqa.selenium.WebElement$click.call(Unknown Source)&#xD;&#xA;&#x9;at ServProvSignIn.run(ServProvSignIn:34)&#xD;&#xA;&#x9;at com.kms.katalon.core.main.ScriptEngine.run(ScriptEngine.java:194)&#xD;&#xA;&#x9;at com.kms.katalon.core.main.ScriptEngine.runScriptAsRawText(ScriptEngine.java:119)&#xD;&#xA;&#x9;at com.kms.katalon.core.main.TestCaseExecutor.runScript(TestCaseExecutor.java:337)&#xD;&#xA;&#x9;at com.kms.katalon.core.main.TestCaseExecutor.doExecute(TestCaseExecutor.java:328)&#xD;&#xA;&#x9;at com.kms.katalon.core.main.TestCaseExecutor.processExecutionPhase(TestCaseExecutor.java:307)&#xD;&#xA;&#x9;at com.kms.katalon.core.main.TestCaseExecutor.accessMainPhase(TestCaseExecutor.java:299)&#xD;&#xA;&#x9;at com.kms.katalon.core.main.TestCaseExecutor.execute(TestCaseExecutor.java:233)&#xD;&#xA;&#x9;at com.kms.katalon.core.main.TestSuiteExecutor.accessTestCaseMainPhase(TestSuiteExecutor.java:133)&#xD;&#xA;&#x9;at com.kms.katalon.core.main.TestSuiteExecutor.accessTestSuiteMainPhase(TestSuiteExecutor.java:116)&#xD;&#xA;&#x9;at com.kms.katalon.core.main.TestSuiteExecutor.execute(TestSuiteExecutor.java:83)&#xD;&#xA;&#x9;at com.kms.katalon.core.main.TestCaseMain.startTestSuite(TestCaseMain.java:157)&#xD;&#xA;&#x9;at com.kms.katalon.core.main.TestCaseMain$startTestSuite$0.call(Unknown Source)&#xD;&#xA;&#x9;at TempTestSuite1565808946959.run(TempTestSuite1565808946959.groovy:35)&#xD;&#xA;"/>
            <system-out>2019-08-15 00:30:03 - [TEST_CASE][ERROR] - Test Cases/Workilo/Sign IN/ServProvSignIn: Test Cases/Workilo/Sign IN/ServProvSignIn FAILED.
Reason:
org.openqa.selenium.ElementNotInteractableException: element not interactable
  (Session info: chrome=76.0.3809.100)
Build info: version: '3.141.59', revision: 'e82be7d358', time: '2018-11-14T08:25:53'
System info: host: 'DAPL-ASSET-180', ip: '192.168.43.246', os.name: 'Windows 8.1', os.arch: 'amd64', os.version: '6.3', java.version: '1.8.0_181'
Driver info: org.openqa.selenium.chrome.ChromeDriver
Capabilities {acceptInsecureCerts: false, browserName: chrome, browserVersion: 76.0.3809.100, chrome: {chromedriverVersion: 76.0.3809.25 (a0c95f440512e..., userDataDir: C:\Users\DAPL-A~1\AppData\L...}, goog:chromeOptions: {debuggerAddress: localhost:57728}, javascriptEnabled: true, networkConnectionEnabled: false, pageLoadStrategy: normal, platform: XP, platformName: XP, proxy: Proxy(), setWindowRect: true, strictFileInteractability: false, timeouts: {implicit: 0, pageLoad: 300000, script: 30000}, unhandledPromptBehavior: dismiss and notify}
Session ID: 842683ef72d381fc929527958a46e8b8&#xD;
	at org.openqa.selenium.remote.http.W3CHttpResponseCodec.createException(W3CHttpResponseCodec.java:187)&#xD;
	at org.openqa.selenium.remote.http.W3CHttpResponseCodec.decode(W3CHttpResponseCodec.java:122)&#xD;
	at org.openqa.selenium.remote.http.W3CHttpResponseCodec.decode(W3CHttpResponseCodec.java:49)&#xD;
	at org.openqa.selenium.remote.HttpCommandExecutor.execute(HttpCommandExecutor.java:158)&#xD;
	at org.openqa.selenium.remote.service.DriverCommandExecutor.execute(DriverCommandExecutor.java:83)&#xD;
	at org.openqa.selenium.remote.RemoteWebDriver.execute(RemoteWebDriver.java:552)&#xD;
	at org.openqa.selenium.remote.RemoteWebElement.execute(RemoteWebElement.java:285)&#xD;
	at org.openqa.selenium.remote.RemoteWebElement.click(RemoteWebElement.java:84)&#xD;
	at org.openqa.selenium.WebElement$click.call(Unknown Source)&#xD;
	at ServProvSignIn.run(ServProvSignIn:34)&#xD;
	at com.kms.katalon.core.main.ScriptEngine.run(ScriptEngine.java:194)&#xD;
	at com.kms.katalon.core.main.ScriptEngine.runScriptAsRawText(ScriptEngine.java:119)&#xD;
	at com.kms.katalon.core.main.TestCaseExecutor.runScript(TestCaseExecutor.java:337)&#xD;
	at com.kms.katalon.core.main.TestCaseExecutor.doExecute(TestCaseExecutor.java:328)&#xD;
	at com.kms.katalon.core.main.TestCaseExecutor.processExecutionPhase(TestCaseExecutor.java:307)&#xD;
	at com.kms.katalon.core.main.TestCaseExecutor.accessMainPhase(TestCaseExecutor.java:299)&#xD;
	at com.kms.katalon.core.main.TestCaseExecutor.execute(TestCaseExecutor.java:233)&#xD;
	at com.kms.katalon.core.main.TestSuiteExecutor.accessTestCaseMainPhase(TestSuiteExecutor.java:133)&#xD;
	at com.kms.katalon.core.main.TestSuiteExecutor.accessTestSuiteMainPhase(TestSuiteExecutor.java:116)&#xD;
	at com.kms.katalon.core.main.TestSuiteExecutor.execute(TestSuiteExecutor.java:83)&#xD;
	at com.kms.katalon.core.main.TestCaseMain.startTestSuite(TestCaseMain.java:157)&#xD;
	at com.kms.katalon.core.main.TestCaseMain$startTestSuite$0.call(Unknown Source)&#xD;
	at TempTestSuite1565808946959.run(TempTestSuite1565808946959.groovy:35)&#xD;
&#xD;
&#xD;
2019-08-15 00:30:03 - [TEST_STEP][PASSED] - System.setProperty("webdriver.chrome.driver", chromePath): null&#xD;
&#xD;
2019-08-15 00:30:03 - [TEST_STEP][PASSED] - driver = new org.openqa.selenium.chrome.ChromeDriver(): null&#xD;
&#xD;
2019-08-15 00:30:05 - [TEST_STEP][PASSED] - window().maximize(): null&#xD;
&#xD;
2019-08-15 00:30:07 - [TEST_STEP][PASSED] - driver.get("http://workilo.com"): null&#xD;
&#xD;
2019-08-15 00:30:17 - [TEST_STEP][PASSED] - timeouts().implicitlyWait(30, SECONDS): null&#xD;
&#xD;
2019-08-15 00:30:17 - [TEST_STEP][PASSED] - linkText("Log In")).click(): null&#xD;
&#xD;
2019-08-15 00:30:17 - [TEST_STEP][PASSED] - Thread.sleep(2000): null&#xD;
&#xD;
2019-08-15 00:30:19 - [TEST_STEP][PASSED] - id("email_login")).sendKeys("testworkilo@gmail.com"): null&#xD;
&#xD;
2019-08-15 00:30:19 - [TEST_STEP][PASSED] - id("password_login")).sendKeys("admin@123"): null&#xD;
&#xD;
2019-08-15 00:30:19 - [TEST_STEP][PASSED] - //*[@value='Log in']")).click(): null&#xD;
&#xD;
2019-08-15 00:30:19 - [TEST_STEP][PASSED] - Thread.sleep(3000): null&#xD;
&#xD;
2019-08-15 00:30:22 - [TEST_STEP][PASSED] - xpath("/html/body/header/div/div[2]/ul/li[1]/a")).click(): null</system-out>
            <system-err>2019-08-15 00:30:03 - [TEST_CASE][ERROR] - Test Cases/Workilo/Sign IN/ServProvSignIn: Test Cases/Workilo/Sign IN/ServProvSignIn FAILED.
Reason:
org.openqa.selenium.ElementNotInteractableException: element not interactable
  (Session info: chrome=76.0.3809.100)
Build info: version: '3.141.59', revision: 'e82be7d358', time: '2018-11-14T08:25:53'
System info: host: 'DAPL-ASSET-180', ip: '192.168.43.246', os.name: 'Windows 8.1', os.arch: 'amd64', os.version: '6.3', java.version: '1.8.0_181'
Driver info: org.openqa.selenium.chrome.ChromeDriver
Capabilities {acceptInsecureCerts: false, browserName: chrome, browserVersion: 76.0.3809.100, chrome: {chromedriverVersion: 76.0.3809.25 (a0c95f440512e..., userDataDir: C:\Users\DAPL-A~1\AppData\L...}, goog:chromeOptions: {debuggerAddress: localhost:57728}, javascriptEnabled: true, networkConnectionEnabled: false, pageLoadStrategy: normal, platform: XP, platformName: XP, proxy: Proxy(), setWindowRect: true, strictFileInteractability: false, timeouts: {implicit: 0, pageLoad: 300000, script: 30000}, unhandledPromptBehavior: dismiss and notify}
Session ID: 842683ef72d381fc929527958a46e8b8&#xD;
	at org.openqa.selenium.remote.http.W3CHttpResponseCodec.createException(W3CHttpResponseCodec.java:187)&#xD;
	at org.openqa.selenium.remote.http.W3CHttpResponseCodec.decode(W3CHttpResponseCodec.java:122)&#xD;
	at org.openqa.selenium.remote.http.W3CHttpResponseCodec.decode(W3CHttpResponseCodec.java:49)&#xD;
	at org.openqa.selenium.remote.HttpCommandExecutor.execute(HttpCommandExecutor.java:158)&#xD;
	at org.openqa.selenium.remote.service.DriverCommandExecutor.execute(DriverCommandExecutor.java:83)&#xD;
	at org.openqa.selenium.remote.RemoteWebDriver.execute(RemoteWebDriver.java:552)&#xD;
	at org.openqa.selenium.remote.RemoteWebElement.execute(RemoteWebElement.java:285)&#xD;
	at org.openqa.selenium.remote.RemoteWebElement.click(RemoteWebElement.java:84)&#xD;
	at org.openqa.selenium.WebElement$click.call(Unknown Source)&#xD;
	at ServProvSignIn.run(ServProvSignIn:34)&#xD;
	at com.kms.katalon.core.main.ScriptEngine.run(ScriptEngine.java:194)&#xD;
	at com.kms.katalon.core.main.ScriptEngine.runScriptAsRawText(ScriptEngine.java:119)&#xD;
	at com.kms.katalon.core.main.TestCaseExecutor.runScript(TestCaseExecutor.java:337)&#xD;
	at com.kms.katalon.core.main.TestCaseExecutor.doExecute(TestCaseExecutor.java:328)&#xD;
	at com.kms.katalon.core.main.TestCaseExecutor.processExecutionPhase(TestCaseExecutor.java:307)&#xD;
	at com.kms.katalon.core.main.TestCaseExecutor.accessMainPhase(TestCaseExecutor.java:299)&#xD;
	at com.kms.katalon.core.main.TestCaseExecutor.execute(TestCaseExecutor.java:233)&#xD;
	at com.kms.katalon.core.main.TestSuiteExecutor.accessTestCaseMainPhase(TestSuiteExecutor.java:133)&#xD;
	at com.kms.katalon.core.main.TestSuiteExecutor.accessTestSuiteMainPhase(TestSuiteExecutor.java:116)&#xD;
	at com.kms.katalon.core.main.TestSuiteExecutor.execute(TestSuiteExecutor.java:83)&#xD;
	at com.kms.katalon.core.main.TestCaseMain.startTestSuite(TestCaseMain.java:157)&#xD;
	at com.kms.katalon.core.main.TestCaseMain$startTestSuite$0.call(Unknown Source)&#xD;
	at TempTestSuite1565808946959.run(TempTestSuite1565808946959.groovy:35)</system-err>
        </testcase>
        <testcase name="Test Cases/Workilo/Bookings/Customer/CustomerALL" classname="Test Cases/Workilo/Bookings/Customer/CustomerALL" status="ERROR">
            <error type="ERROR" message="Test Cases/Workilo/Bookings/Customer/CustomerALL FAILED.&#xA;Reason:&#xA;org.openqa.selenium.ElementNotInteractableException: element not interactable&#xA;  (Session info: chrome=76.0.3809.100)&#xA;Build info: version: '3.141.59', revision: 'e82be7d358', time: '2018-11-14T08:25:53'&#xA;System info: host: 'DAPL-ASSET-180', ip: '192.168.43.246', os.name: 'Windows 8.1', os.arch: 'amd64', os.version: '6.3', java.version: '1.8.0_181'&#xA;Driver info: org.openqa.selenium.chrome.ChromeDriver&#xA;Capabilities {acceptInsecureCerts: false, browserName: chrome, browserVersion: 76.0.3809.100, chrome: {chromedriverVersion: 76.0.3809.25 (a0c95f440512e..., userDataDir: C:\Users\DAPL-A~1\AppData\L...}, goog:chromeOptions: {debuggerAddress: localhost:57812}, javascriptEnabled: true, networkConnectionEnabled: false, pageLoadStrategy: normal, platform: XP, platformName: XP, proxy: Proxy(), setWindowRect: true, strictFileInteractability: false, timeouts: {implicit: 0, pageLoad: 300000, script: 30000}, unhandledPromptBehavior: dismiss and notify}&#xA;Session ID: 52019c01fe20ae89dc0a372a94ee3675&#xD;&#xA;&#x9;at org.openqa.selenium.remote.http.W3CHttpResponseCodec.createException(W3CHttpResponseCodec.java:187)&#xD;&#xA;&#x9;at org.openqa.selenium.remote.http.W3CHttpResponseCodec.decode(W3CHttpResponseCodec.java:122)&#xD;&#xA;&#x9;at org.openqa.selenium.remote.http.W3CHttpResponseCodec.decode(W3CHttpResponseCodec.java:49)&#xD;&#xA;&#x9;at org.openqa.selenium.remote.HttpCommandExecutor.execute(HttpCommandExecutor.java:158)&#xD;&#xA;&#x9;at org.openqa.selenium.remote.service.DriverCommandExecutor.execute(DriverCommandExecutor.java:83)&#xD;&#xA;&#x9;at org.openqa.selenium.remote.RemoteWebDriver.execute(RemoteWebDriver.java:552)&#xD;&#xA;&#x9;at org.openqa.selenium.remote.RemoteWebElement.execute(RemoteWebElement.java:285)&#xD;&#xA;&#x9;at org.openqa.selenium.remote.RemoteWebElement.click(RemoteWebElement.java:84)&#xD;&#xA;&#x9;at org.openqa.selenium.WebElement$click.call(Unknown Source)&#xD;&#xA;&#x9;at CustomerALL.run(CustomerALL:148)&#xD;&#xA;&#x9;at com.kms.katalon.core.main.ScriptEngine.run(ScriptEngine.java:194)&#xD;&#xA;&#x9;at com.kms.katalon.core.main.ScriptEngine.runScriptAsRawText(ScriptEngine.java:119)&#xD;&#xA;&#x9;at com.kms.katalon.core.main.TestCaseExecutor.runScript(TestCaseExecutor.java:337)&#xD;&#xA;&#x9;at com.kms.katalon.core.main.TestCaseExecutor.doExecute(TestCaseExecutor.java:328)&#xD;&#xA;&#x9;at com.kms.katalon.core.main.TestCaseExecutor.processExecutionPhase(TestCaseExecutor.java:307)&#xD;&#xA;&#x9;at com.kms.katalon.core.main.TestCaseExecutor.accessMainPhase(TestCaseExecutor.java:299)&#xD;&#xA;&#x9;at com.kms.katalon.core.main.TestCaseExecutor.execute(TestCaseExecutor.java:233)&#xD;&#xA;&#x9;at com.kms.katalon.core.main.TestSuiteExecutor.accessTestCaseMainPhase(TestSuiteExecutor.java:133)&#xD;&#xA;&#x9;at com.kms.katalon.core.main.TestSuiteExecutor.accessTestSuiteMainPhase(TestSuiteExecutor.java:116)&#xD;&#xA;&#x9;at com.kms.katalon.core.main.TestSuiteExecutor.execute(TestSuiteExecutor.java:83)&#xD;&#xA;&#x9;at com.kms.katalon.core.main.TestCaseMain.startTestSuite(TestCaseMain.java:157)&#xD;&#xA;&#x9;at com.kms.katalon.core.main.TestCaseMain$startTestSuite$0.call(Unknown Source)&#xD;&#xA;&#x9;at TempTestSuite1565808946959.run(TempTestSuite1565808946959.groovy:35)&#xD;&#xA;"/>
            <system-out>2019-08-15 00:30:53 - [TEST_CASE][ERROR] - Test Cases/Workilo/Bookings/Customer/CustomerALL: Test Cases/Workilo/Bookings/Customer/CustomerALL FAILED.
Reason:
org.openqa.selenium.ElementNotInteractableException: element not interactable
  (Session info: chrome=76.0.3809.100)
Build info: version: '3.141.59', revision: 'e82be7d358', time: '2018-11-14T08:25:53'
System info: host: 'DAPL-ASSET-180', ip: '192.168.43.246', os.name: 'Windows 8.1', os.arch: 'amd64', os.version: '6.3', java.version: '1.8.0_181'
Driver info: org.openqa.selenium.chrome.ChromeDriver
Capabilities {acceptInsecureCerts: false, browserName: chrome, browserVersion: 76.0.3809.100, chrome: {chromedriverVersion: 76.0.3809.25 (a0c95f440512e..., userDataDir: C:\Users\DAPL-A~1\AppData\L...}, goog:chromeOptions: {debuggerAddress: localhost:57812}, javascriptEnabled: true, networkConnectionEnabled: false, pageLoadStrategy: normal, platform: XP, platformName: XP, proxy: Proxy(), setWindowRect: true, strictFileInteractability: false, timeouts: {implicit: 0, pageLoad: 300000, script: 30000}, unhandledPromptBehavior: dismiss and notify}
Session ID: 52019c01fe20ae89dc0a372a94ee3675&#xD;
	at org.openqa.selenium.remote.http.W3CHttpResponseCodec.createException(W3CHttpResponseCodec.java:187)&#xD;
	at org.openqa.selenium.remote.http.W3CHttpResponseCodec.decode(W3CHttpResponseCodec.java:122)&#xD;
	at org.openqa.selenium.remote.http.W3CHttpResponseCodec.decode(W3CHttpResponseCodec.java:49)&#xD;
	at org.openqa.selenium.remote.HttpCommandExecutor.execute(HttpCommandExecutor.java:158)&#xD;
	at org.openqa.selenium.remote.service.DriverCommandExecutor.execute(DriverCommandExecutor.java:83)&#xD;
	at org.openqa.selenium.remote.RemoteWebDriver.execute(RemoteWebDriver.java:552)&#xD;
	at org.openqa.selenium.remote.RemoteWebElement.execute(RemoteWebElement.java:285)&#xD;
	at org.openqa.selenium.remote.RemoteWebElement.click(RemoteWebElement.java:84)&#xD;
	at org.openqa.selenium.WebElement$click.call(Unknown Source)&#xD;
	at CustomerALL.run(CustomerALL:148)&#xD;
	at com.kms.katalon.core.main.ScriptEngine.run(ScriptEngine.java:194)&#xD;
	at com.kms.katalon.core.main.ScriptEngine.runScriptAsRawText(ScriptEngine.java:119)&#xD;
	at com.kms.katalon.core.main.TestCaseExecutor.runScript(TestCaseExecutor.java:337)&#xD;
	at com.kms.katalon.core.main.TestCaseExecutor.doExecute(TestCaseExecutor.java:328)&#xD;
	at com.kms.katalon.core.main.TestCaseExecutor.processExecutionPhase(TestCaseExecutor.java:307)&#xD;
	at com.kms.katalon.core.main.TestCaseExecutor.accessMainPhase(TestCaseExecutor.java:299)&#xD;
	at com.kms.katalon.core.main.TestCaseExecutor.execute(TestCaseExecutor.java:233)&#xD;
	at com.kms.katalon.core.main.TestSuiteExecutor.accessTestCaseMainPhase(TestSuiteExecutor.java:133)&#xD;
	at com.kms.katalon.core.main.TestSuiteExecutor.accessTestSuiteMainPhase(TestSuiteExecutor.java:116)&#xD;
	at com.kms.katalon.core.main.TestSuiteExecutor.execute(TestSuiteExecutor.java:83)&#xD;
	at com.kms.katalon.core.main.TestCaseMain.startTestSuite(TestCaseMain.java:157)&#xD;
	at com.kms.katalon.core.main.TestCaseMain$startTestSuite$0.call(Unknown Source)&#xD;
	at TempTestSuite1565808946959.run(TempTestSuite1565808946959.groovy:35)&#xD;
&#xD;
&#xD;
2019-08-15 00:30:53 - [TEST_STEP][PASSED] - System.setProperty("webdriver.chrome.driver", chromePath): null&#xD;
&#xD;
2019-08-15 00:30:53 - [TEST_STEP][PASSED] - driver = new org.openqa.selenium.chrome.ChromeDriver(): null&#xD;
&#xD;
2019-08-15 00:30:55 - [TEST_STEP][PASSED] - window().maximize(): null&#xD;
&#xD;
2019-08-15 00:30:56 - [TEST_STEP][PASSED] - driver.get("http://workilo.com"): null&#xD;
&#xD;
2019-08-15 00:31:05 - [TEST_STEP][PASSED] - timeouts().implicitlyWait(30, SECONDS): null&#xD;
&#xD;
2019-08-15 00:31:05 - [TEST_STEP][PASSED] - linkText("Log In")).click(): null&#xD;
&#xD;
2019-08-15 00:31:05 - [TEST_STEP][PASSED] - Thread.sleep(2000): null&#xD;
&#xD;
2019-08-15 00:31:07 - [TEST_STEP][PASSED] - id("email_login")).sendKeys("nabin@digitalaptech.com"): null&#xD;
&#xD;
2019-08-15 00:31:07 - [TEST_STEP][PASSED] - id("password_login")).sendKeys("admin#123"): null&#xD;
&#xD;
2019-08-15 00:31:07 - [TEST_STEP][PASSED] - //*[@value='Log in']")).click(): null&#xD;
&#xD;
2019-08-15 00:31:08 - [TEST_STEP][PASSED] - Thread.sleep(3000): null&#xD;
&#xD;
2019-08-15 00:31:11 - [TEST_STEP][PASSED] - xpath("/html/body/header/div/div[2]/ul/li[1]/a")).click(): null&#xD;
&#xD;
2019-08-15 00:31:11 - [TEST_STEP][PASSED] - Thread.sleep(1000): null&#xD;
&#xD;
2019-08-15 00:31:12 - [TEST_STEP][PASSED] - xpath("/html/body/div[4]/div/div[1]/ul/li[2]/a")).click(): null&#xD;
&#xD;
2019-08-15 00:31:13 - [TEST_STEP][PASSED] - Thread.sleep(1000): null&#xD;
&#xD;
2019-08-15 00:31:14 - [TEST_STEP][PASSED] - xpath("/html/body/div[6]/div/div/div[1]/div/div/ul/li[5]/a")).click(): null&#xD;
&#xD;
2019-08-15 00:31:15 - [TEST_STEP][PASSED] - Thread.sleep(1000): null&#xD;
&#xD;
2019-08-15 00:31:16 - [TEST_STEP][PASSED] - message = xpath("/html/body/div[6]/div/div/div[1]/div/div/ul/li[5]/a")).getText(): null&#xD;
&#xD;
2019-08-15 00:31:16 - [TEST_STEP][PASSED] - if (message.contains("(0)")): null&#xD;
&#xD;
2019-08-15 00:31:16 - [TEST_STEP][PASSED] - else: null&#xD;
&#xD;
2019-08-15 00:31:16 - [TEST_STEP][PASSED] - js = driver: null&#xD;
&#xD;
2019-08-15 00:31:16 - [TEST_STEP][PASSED] - rows = driver.findElements(By.xpath("//*[@id='tab-5']/table/tbody/tr")): null&#xD;
&#xD;
2019-08-15 00:31:16 - [TEST_STEP][PASSED] - out.println("Total Rows Size == " + rows.size()): null&#xD;
&#xD;
2019-08-15 00:31:16 - [TEST_STEP][PASSED] - for ([i = 0, i &lt; rows.size(), (i++)]): null&#xD;
&#xD;
2019-08-15 00:31:16 - [TEST_STEP][PASSED] - out.println("Items == " + i + 1): null&#xD;
&#xD;
2019-08-15 00:31:16 - [TEST_STEP][PASSED] - orderValue = xpath("//*[@id='tab-5']/table/tbody/tr[" + i + 1 + "]/td[1]")).getText(): null&#xD;
&#xD;
2019-08-15 00:31:16 - [TEST_STEP][PASSED] - addressValue = xpath("//*[@id='tab-5']/table/tbody/tr[" + i + 1 + "]/td[2]")).getText(): null&#xD;
&#xD;
2019-08-15 00:31:16 - [TEST_STEP][PASSED] - listingValue = xpath("//*[@id='tab-5']/table/tbody/tr[" + i + 1 + "]/td[3]")).getText(): null&#xD;
&#xD;
2019-08-15 00:31:16 - [TEST_STEP][PASSED] - bookingDateValue = xpath("//*[@id='tab-5']/table/tbody/tr[" + i + 1 + "]/td[4]")).getText(): null&#xD;
&#xD;
2019-08-15 00:31:16 - [TEST_STEP][PASSED] - statusValue = xpath("//*[@id='tab-5']/table/tbody/tr[" + i + 1 + "]/td[5]")).getText(): null&#xD;
&#xD;
2019-08-15 00:31:16 - [TEST_STEP][PASSED] - paymentValue = xpath("//*[@id='tab-5']/table/tbody/tr[" + i + 1 + "]/td[6]")).getText(): null&#xD;
&#xD;
2019-08-15 00:31:16 - [TEST_STEP][PASSED] - order = driver.findElement(By.xpath("//*[@id='tab-5']/table/tbody/tr[" + i + 1 + "]/td[1]")): null&#xD;
&#xD;
2019-08-15 00:31:16 - [TEST_STEP][PASSED] - address = driver.findElement(By.xpath("//*[@id='tab-5']/table/tbody/tr[" + i + 1 + "]/td[2]")): null&#xD;
&#xD;
2019-08-15 00:31:16 - [TEST_STEP][PASSED] - listing = driver.findElement(By.xpath("//*[@id='tab-5']/table/tbody/tr[" + i + 1 + "]/td[3]")): null&#xD;
&#xD;
2019-08-15 00:31:16 - [TEST_STEP][PASSED] - bookingDate = driver.findElement(By.xpath("//*[@id='tab-5']/table/tbody/tr[" + i + 1 + "]/td[4]")): null&#xD;
&#xD;
2019-08-15 00:31:16 - [TEST_STEP][PASSED] - status = driver.findElement(By.xpath("//*[@id='tab-5']/table/tbody/tr[" + i + 1 + "]/td[5]")): null&#xD;
&#xD;
2019-08-15 00:31:16 - [TEST_STEP][PASSED] - paymentStatus = driver.findElement(By.xpath("//*[@id='tab-5']/table/tbody/tr[" + i + 1 + "]/td[6]")): null&#xD;
&#xD;
2019-08-15 00:31:16 - [TEST_STEP][PASSED] - js.executeScript("arguments[0].style.border='3px solid red'", order): null&#xD;
&#xD;
2019-08-15 00:31:16 - [TEST_STEP][PASSED] - js.executeScript("arguments[0].style.border='3px solid red'", address): null&#xD;
&#xD;
2019-08-15 00:31:16 - [TEST_STEP][PASSED] - js.executeScript("arguments[0].style.border='3px solid red'", listing): null&#xD;
&#xD;
2019-08-15 00:31:16 - [TEST_STEP][PASSED] - js.executeScript("arguments[0].style.border='3px solid red'", bookingDate): null&#xD;
&#xD;
2019-08-15 00:31:17 - [TEST_STEP][PASSED] - js.executeScript("arguments[0].style.border='3px solid red'", status): null&#xD;
&#xD;
2019-08-15 00:31:17 - [TEST_STEP][PASSED] - js.executeScript("arguments[0].style.border='3px solid red'", paymentStatus): null&#xD;
&#xD;
2019-08-15 00:31:17 - [TEST_STEP][PASSED] - out.println("OrderValues == " + orderValue): null&#xD;
&#xD;
2019-08-15 00:31:17 - [TEST_STEP][PASSED] - out.println("AddressValues == " + addressValue): null&#xD;
&#xD;
2019-08-15 00:31:17 - [TEST_STEP][PASSED] - out.println("ListingValues == " + listingValue): null&#xD;
&#xD;
2019-08-15 00:31:17 - [TEST_STEP][PASSED] - out.println("BookinDateValues == " + bookingDateValue): null&#xD;
&#xD;
2019-08-15 00:31:17 - [TEST_STEP][PASSED] - out.println("StatusValues == " + statusValue): null&#xD;
&#xD;
2019-08-15 00:31:17 - [TEST_STEP][PASSED] - out.println("PaymentStatusValues == " + paymentValue): null&#xD;
&#xD;
2019-08-15 00:31:17 - [TEST_STEP][PASSED] - Assert.assertNotEquals(orderValue, null, "Order number is null"): null&#xD;
&#xD;
2019-08-15 00:31:17 - [TEST_STEP][PASSED] - Assert.assertNotEquals(addressValue, null, "Address is null"): null&#xD;
&#xD;
2019-08-15 00:31:17 - [TEST_STEP][PASSED] - Assert.assertNotEquals(listingValue, null, "Listing is null"): null&#xD;
&#xD;
2019-08-15 00:31:17 - [TEST_STEP][PASSED] - Assert.assertNotEquals(bookingDateValue, null, "Booking date is null"): null&#xD;
&#xD;
2019-08-15 00:31:17 - [TEST_STEP][PASSED] - Assert.assertNotEquals(statusValue, null, "Status is null"): null&#xD;
&#xD;
2019-08-15 00:31:17 - [TEST_STEP][PASSED] - Assert.assertNotEquals(paymentValue, null, "Payment status is null"): null&#xD;
&#xD;
2019-08-15 00:31:17 - [TEST_STEP][PASSED] - out.println("Items == " + i + 1): null&#xD;
&#xD;
2019-08-15 00:31:17 - [TEST_STEP][PASSED] - orderValue = xpath("//*[@id='tab-5']/table/tbody/tr[" + i + 1 + "]/td[1]")).getText(): null&#xD;
&#xD;
2019-08-15 00:31:17 - [TEST_STEP][PASSED] - addressValue = xpath("//*[@id='tab-5']/table/tbody/tr[" + i + 1 + "]/td[2]")).getText(): null&#xD;
&#xD;
2019-08-15 00:31:17 - [TEST_STEP][PASSED] - listingValue = xpath("//*[@id='tab-5']/table/tbody/tr[" + i + 1 + "]/td[3]")).getText(): null&#xD;
&#xD;
2019-08-15 00:31:17 - [TEST_STEP][PASSED] - bookingDateValue = xpath("//*[@id='tab-5']/table/tbody/tr[" + i + 1 + "]/td[4]")).getText(): null&#xD;
&#xD;
2019-08-15 00:31:17 - [TEST_STEP][PASSED] - statusValue = xpath("//*[@id='tab-5']/table/tbody/tr[" + i + 1 + "]/td[5]")).getText(): null&#xD;
&#xD;
2019-08-15 00:31:17 - [TEST_STEP][PASSED] - paymentValue = xpath("//*[@id='tab-5']/table/tbody/tr[" + i + 1 + "]/td[6]")).getText(): null&#xD;
&#xD;
2019-08-15 00:31:17 - [TEST_STEP][PASSED] - order = driver.findElement(By.xpath("//*[@id='tab-5']/table/tbody/tr[" + i + 1 + "]/td[1]")): null&#xD;
&#xD;
2019-08-15 00:31:17 - [TEST_STEP][PASSED] - address = driver.findElement(By.xpath("//*[@id='tab-5']/table/tbody/tr[" + i + 1 + "]/td[2]")): null&#xD;
&#xD;
2019-08-15 00:31:17 - [TEST_STEP][PASSED] - listing = driver.findElement(By.xpath("//*[@id='tab-5']/table/tbody/tr[" + i + 1 + "]/td[3]")): null&#xD;
&#xD;
2019-08-15 00:31:17 - [TEST_STEP][PASSED] - bookingDate = driver.findElement(By.xpath("//*[@id='tab-5']/table/tbody/tr[" + i + 1 + "]/td[4]")): null&#xD;
&#xD;
2019-08-15 00:31:17 - [TEST_STEP][PASSED] - status = driver.findElement(By.xpath("//*[@id='tab-5']/table/tbody/tr[" + i + 1 + "]/td[5]")): null&#xD;
&#xD;
2019-08-15 00:31:17 - [TEST_STEP][PASSED] - paymentStatus = driver.findElement(By.xpath("//*[@id='tab-5']/table/tbody/tr[" + i + 1 + "]/td[6]")): null&#xD;
&#xD;
2019-08-15 00:31:17 - [TEST_STEP][PASSED] - js.executeScript("arguments[0].style.border='3px solid red'", order): null&#xD;
&#xD;
2019-08-15 00:31:17 - [TEST_STEP][PASSED] - js.executeScript("arguments[0].style.border='3px solid red'", address): null&#xD;
&#xD;
2019-08-15 00:31:17 - [TEST_STEP][PASSED] - js.executeScript("arguments[0].style.border='3px solid red'", listing): null&#xD;
&#xD;
2019-08-15 00:31:17 - [TEST_STEP][PASSED] - js.executeScript("arguments[0].style.border='3px solid red'", bookingDate): null&#xD;
&#xD;
2019-08-15 00:31:17 - [TEST_STEP][PASSED] - js.executeScript("arguments[0].style.border='3px solid red'", status): null&#xD;
&#xD;
2019-08-15 00:31:17 - [TEST_STEP][PASSED] - js.executeScript("arguments[0].style.border='3px solid red'", paymentStatus): null&#xD;
&#xD;
2019-08-15 00:31:17 - [TEST_STEP][PASSED] - out.println("OrderValues == " + orderValue): null&#xD;
&#xD;
2019-08-15 00:31:17 - [TEST_STEP][PASSED] - out.println("AddressValues == " + addressValue): null&#xD;
&#xD;
2019-08-15 00:31:17 - [TEST_STEP][PASSED] - out.println("ListingValues == " + listingValue): null&#xD;
&#xD;
2019-08-15 00:31:17 - [TEST_STEP][PASSED] - out.println("BookinDateValues == " + bookingDateValue): null&#xD;
&#xD;
2019-08-15 00:31:17 - [TEST_STEP][PASSED] - out.println("StatusValues == " + statusValue): null&#xD;
&#xD;
2019-08-15 00:31:17 - [TEST_STEP][PASSED] - out.println("PaymentStatusValues == " + paymentValue): null&#xD;
&#xD;
2019-08-15 00:31:17 - [TEST_STEP][PASSED] - Assert.assertNotEquals(orderValue, null, "Order number is null"): null&#xD;
&#xD;
2019-08-15 00:31:17 - [TEST_STEP][PASSED] - Assert.assertNotEquals(addressValue, null, "Address is null"): null&#xD;
&#xD;
2019-08-15 00:31:17 - [TEST_STEP][PASSED] - Assert.assertNotEquals(listingValue, null, "Listing is null"): null&#xD;
&#xD;
2019-08-15 00:31:17 - [TEST_STEP][PASSED] - Assert.assertNotEquals(bookingDateValue, null, "Booking date is null"): null&#xD;
&#xD;
2019-08-15 00:31:17 - [TEST_STEP][PASSED] - Assert.assertNotEquals(statusValue, null, "Status is null"): null&#xD;
&#xD;
2019-08-15 00:31:17 - [TEST_STEP][PASSED] - Assert.assertNotEquals(paymentValue, null, "Payment status is null"): null&#xD;
&#xD;
2019-08-15 00:31:17 - [TEST_STEP][PASSED] - out.println("Items == " + i + 1): null&#xD;
&#xD;
2019-08-15 00:31:17 - [TEST_STEP][PASSED] - orderValue = xpath("//*[@id='tab-5']/table/tbody/tr[" + i + 1 + "]/td[1]")).getText(): null&#xD;
&#xD;
2019-08-15 00:31:17 - [TEST_STEP][PASSED] - addressValue = xpath("//*[@id='tab-5']/table/tbody/tr[" + i + 1 + "]/td[2]")).getText(): null&#xD;
&#xD;
2019-08-15 00:31:17 - [TEST_STEP][PASSED] - listingValue = xpath("//*[@id='tab-5']/table/tbody/tr[" + i + 1 + "]/td[3]")).getText(): null&#xD;
&#xD;
2019-08-15 00:31:17 - [TEST_STEP][PASSED] - bookingDateValue = xpath("//*[@id='tab-5']/table/tbody/tr[" + i + 1 + "]/td[4]")).getText(): null&#xD;
&#xD;
2019-08-15 00:31:18 - [TEST_STEP][PASSED] - statusValue = xpath("//*[@id='tab-5']/table/tbody/tr[" + i + 1 + "]/td[5]")).getText(): null&#xD;
&#xD;
2019-08-15 00:31:18 - [TEST_STEP][PASSED] - paymentValue = xpath("//*[@id='tab-5']/table/tbody/tr[" + i + 1 + "]/td[6]")).getText(): null&#xD;
&#xD;
2019-08-15 00:31:18 - [TEST_STEP][PASSED] - order = driver.findElement(By.xpath("//*[@id='tab-5']/table/tbody/tr[" + i + 1 + "]/td[1]")): null&#xD;
&#xD;
2019-08-15 00:31:18 - [TEST_STEP][PASSED] - address = driver.findElement(By.xpath("//*[@id='tab-5']/table/tbody/tr[" + i + 1 + "]/td[2]")): null&#xD;
&#xD;
2019-08-15 00:31:18 - [TEST_STEP][PASSED] - listing = driver.findElement(By.xpath("//*[@id='tab-5']/table/tbody/tr[" + i + 1 + "]/td[3]")): null&#xD;
&#xD;
2019-08-15 00:31:18 - [TEST_STEP][PASSED] - bookingDate = driver.findElement(By.xpath("//*[@id='tab-5']/table/tbody/tr[" + i + 1 + "]/td[4]")): null&#xD;
&#xD;
2019-08-15 00:31:18 - [TEST_STEP][PASSED] - status = driver.findElement(By.xpath("//*[@id='tab-5']/table/tbody/tr[" + i + 1 + "]/td[5]")): null&#xD;
&#xD;
2019-08-15 00:31:18 - [TEST_STEP][PASSED] - paymentStatus = driver.findElement(By.xpath("//*[@id='tab-5']/table/tbody/tr[" + i + 1 + "]/td[6]")): null&#xD;
&#xD;
2019-08-15 00:31:18 - [TEST_STEP][PASSED] - js.executeScript("arguments[0].style.border='3px solid red'", order): null&#xD;
&#xD;
2019-08-15 00:31:18 - [TEST_STEP][PASSED] - js.executeScript("arguments[0].style.border='3px solid red'", address): null&#xD;
&#xD;
2019-08-15 00:31:18 - [TEST_STEP][PASSED] - js.executeScript("arguments[0].style.border='3px solid red'", listing): null&#xD;
&#xD;
2019-08-15 00:31:18 - [TEST_STEP][PASSED] - js.executeScript("arguments[0].style.border='3px solid red'", bookingDate): null&#xD;
&#xD;
2019-08-15 00:31:18 - [TEST_STEP][PASSED] - js.executeScript("arguments[0].style.border='3px solid red'", status): null&#xD;
&#xD;
2019-08-15 00:31:18 - [TEST_STEP][PASSED] - js.executeScript("arguments[0].style.border='3px solid red'", paymentStatus): null&#xD;
&#xD;
2019-08-15 00:31:18 - [TEST_STEP][PASSED] - out.println("OrderValues == " + orderValue): null&#xD;
&#xD;
2019-08-15 00:31:18 - [TEST_STEP][PASSED] - out.println("AddressValues == " + addressValue): null&#xD;
&#xD;
2019-08-15 00:31:18 - [TEST_STEP][PASSED] - out.println("ListingValues == " + listingValue): null&#xD;
&#xD;
2019-08-15 00:31:18 - [TEST_STEP][PASSED] - out.println("BookinDateValues == " + bookingDateValue): null&#xD;
&#xD;
2019-08-15 00:31:18 - [TEST_STEP][PASSED] - out.println("StatusValues == " + statusValue): null&#xD;
&#xD;
2019-08-15 00:31:18 - [TEST_STEP][PASSED] - out.println("PaymentStatusValues == " + paymentValue): null&#xD;
&#xD;
2019-08-15 00:31:18 - [TEST_STEP][PASSED] - Assert.assertNotEquals(orderValue, null, "Order number is null"): null&#xD;
&#xD;
2019-08-15 00:31:18 - [TEST_STEP][PASSED] - Assert.assertNotEquals(addressValue, null, "Address is null"): null&#xD;
&#xD;
2019-08-15 00:31:18 - [TEST_STEP][PASSED] - Assert.assertNotEquals(listingValue, null, "Listing is null"): null&#xD;
&#xD;
2019-08-15 00:31:18 - [TEST_STEP][PASSED] - Assert.assertNotEquals(bookingDateValue, null, "Booking date is null"): null&#xD;
&#xD;
2019-08-15 00:31:18 - [TEST_STEP][PASSED] - Assert.assertNotEquals(statusValue, null, "Status is null"): null&#xD;
&#xD;
2019-08-15 00:31:18 - [TEST_STEP][PASSED] - Assert.assertNotEquals(paymentValue, null, "Payment status is null"): null&#xD;
&#xD;
2019-08-15 00:31:18 - [TEST_STEP][PASSED] - out.println("Items == " + i + 1): null&#xD;
&#xD;
2019-08-15 00:31:18 - [TEST_STEP][PASSED] - orderValue = xpath("//*[@id='tab-5']/table/tbody/tr[" + i + 1 + "]/td[1]")).getText(): null&#xD;
&#xD;
2019-08-15 00:31:18 - [TEST_STEP][PASSED] - addressValue = xpath("//*[@id='tab-5']/table/tbody/tr[" + i + 1 + "]/td[2]")).getText(): null&#xD;
&#xD;
2019-08-15 00:31:18 - [TEST_STEP][PASSED] - listingValue = xpath("//*[@id='tab-5']/table/tbody/tr[" + i + 1 + "]/td[3]")).getText(): null&#xD;
&#xD;
2019-08-15 00:31:18 - [TEST_STEP][PASSED] - bookingDateValue = xpath("//*[@id='tab-5']/table/tbody/tr[" + i + 1 + "]/td[4]")).getText(): null&#xD;
&#xD;
2019-08-15 00:31:18 - [TEST_STEP][PASSED] - statusValue = xpath("//*[@id='tab-5']/table/tbody/tr[" + i + 1 + "]/td[5]")).getText(): null&#xD;
&#xD;
2019-08-15 00:31:18 - [TEST_STEP][PASSED] - paymentValue = xpath("//*[@id='tab-5']/table/tbody/tr[" + i + 1 + "]/td[6]")).getText(): null&#xD;
&#xD;
2019-08-15 00:31:18 - [TEST_STEP][PASSED] - order = driver.findElement(By.xpath("//*[@id='tab-5']/table/tbody/tr[" + i + 1 + "]/td[1]")): null&#xD;
&#xD;
2019-08-15 00:31:18 - [TEST_STEP][PASSED] - address = driver.findElement(By.xpath("//*[@id='tab-5']/table/tbody/tr[" + i + 1 + "]/td[2]")): null&#xD;
&#xD;
2019-08-15 00:31:18 - [TEST_STEP][PASSED] - listing = driver.findElement(By.xpath("//*[@id='tab-5']/table/tbody/tr[" + i + 1 + "]/td[3]")): null&#xD;
&#xD;
2019-08-15 00:31:18 - [TEST_STEP][PASSED] - bookingDate = driver.findElement(By.xpath("//*[@id='tab-5']/table/tbody/tr[" + i + 1 + "]/td[4]")): null&#xD;
&#xD;
2019-08-15 00:31:18 - [TEST_STEP][PASSED] - status = driver.findElement(By.xpath("//*[@id='tab-5']/table/tbody/tr[" + i + 1 + "]/td[5]")): null&#xD;
&#xD;
2019-08-15 00:31:18 - [TEST_STEP][PASSED] - paymentStatus = driver.findElement(By.xpath("//*[@id='tab-5']/table/tbody/tr[" + i + 1 + "]/td[6]")): null&#xD;
&#xD;
2019-08-15 00:31:19 - [TEST_STEP][PASSED] - js.executeScript("arguments[0].style.border='3px solid red'", order): null&#xD;
&#xD;
2019-08-15 00:31:19 - [TEST_STEP][PASSED] - js.executeScript("arguments[0].style.border='3px solid red'", address): null&#xD;
&#xD;
2019-08-15 00:31:19 - [TEST_STEP][PASSED] - js.executeScript("arguments[0].style.border='3px solid red'", listing): null&#xD;
&#xD;
2019-08-15 00:31:19 - [TEST_STEP][PASSED] - js.executeScript("arguments[0].style.border='3px solid red'", bookingDate): null&#xD;
&#xD;
2019-08-15 00:31:19 - [TEST_STEP][PASSED] - js.executeScript("arguments[0].style.border='3px solid red'", status): null&#xD;
&#xD;
2019-08-15 00:31:19 - [TEST_STEP][PASSED] - js.executeScript("arguments[0].style.border='3px solid red'", paymentStatus): null&#xD;
&#xD;
2019-08-15 00:31:19 - [TEST_STEP][PASSED] - out.println("OrderValues == " + orderValue): null&#xD;
&#xD;
2019-08-15 00:31:19 - [TEST_STEP][PASSED] - out.println("AddressValues == " + addressValue): null&#xD;
&#xD;
2019-08-15 00:31:19 - [TEST_STEP][PASSED] - out.println("ListingValues == " + listingValue): null&#xD;
&#xD;
2019-08-15 00:31:19 - [TEST_STEP][PASSED] - out.println("BookinDateValues == " + bookingDateValue): null&#xD;
&#xD;
2019-08-15 00:31:19 - [TEST_STEP][PASSED] - out.println("StatusValues == " + statusValue): null&#xD;
&#xD;
2019-08-15 00:31:19 - [TEST_STEP][PASSED] - out.println("PaymentStatusValues == " + paymentValue): null&#xD;
&#xD;
2019-08-15 00:31:19 - [TEST_STEP][PASSED] - Assert.assertNotEquals(orderValue, null, "Order number is null"): null&#xD;
&#xD;
2019-08-15 00:31:19 - [TEST_STEP][PASSED] - Assert.assertNotEquals(addressValue, null, "Address is null"): null&#xD;
&#xD;
2019-08-15 00:31:19 - [TEST_STEP][PASSED] - Assert.assertNotEquals(listingValue, null, "Listing is null"): null&#xD;
&#xD;
2019-08-15 00:31:19 - [TEST_STEP][PASSED] - Assert.assertNotEquals(bookingDateValue, null, "Booking date is null"): null&#xD;
&#xD;
2019-08-15 00:31:19 - [TEST_STEP][PASSED] - Assert.assertNotEquals(statusValue, null, "Status is null"): null&#xD;
&#xD;
2019-08-15 00:31:19 - [TEST_STEP][PASSED] - Assert.assertNotEquals(paymentValue, null, "Payment status is null"): null&#xD;
&#xD;
2019-08-15 00:31:19 - [TEST_STEP][PASSED] - out.println("Items == " + i + 1): null&#xD;
&#xD;
2019-08-15 00:31:19 - [TEST_STEP][PASSED] - orderValue = xpath("//*[@id='tab-5']/table/tbody/tr[" + i + 1 + "]/td[1]")).getText(): null&#xD;
&#xD;
2019-08-15 00:31:19 - [TEST_STEP][PASSED] - addressValue = xpath("//*[@id='tab-5']/table/tbody/tr[" + i + 1 + "]/td[2]")).getText(): null&#xD;
&#xD;
2019-08-15 00:31:19 - [TEST_STEP][PASSED] - listingValue = xpath("//*[@id='tab-5']/table/tbody/tr[" + i + 1 + "]/td[3]")).getText(): null&#xD;
&#xD;
2019-08-15 00:31:19 - [TEST_STEP][PASSED] - bookingDateValue = xpath("//*[@id='tab-5']/table/tbody/tr[" + i + 1 + "]/td[4]")).getText(): null&#xD;
&#xD;
2019-08-15 00:31:19 - [TEST_STEP][PASSED] - statusValue = xpath("//*[@id='tab-5']/table/tbody/tr[" + i + 1 + "]/td[5]")).getText(): null&#xD;
&#xD;
2019-08-15 00:31:19 - [TEST_STEP][PASSED] - paymentValue = xpath("//*[@id='tab-5']/table/tbody/tr[" + i + 1 + "]/td[6]")).getText(): null&#xD;
&#xD;
2019-08-15 00:31:19 - [TEST_STEP][PASSED] - order = driver.findElement(By.xpath("//*[@id='tab-5']/table/tbody/tr[" + i + 1 + "]/td[1]")): null&#xD;
&#xD;
2019-08-15 00:31:19 - [TEST_STEP][PASSED] - address = driver.findElement(By.xpath("//*[@id='tab-5']/table/tbody/tr[" + i + 1 + "]/td[2]")): null&#xD;
&#xD;
2019-08-15 00:31:19 - [TEST_STEP][PASSED] - listing = driver.findElement(By.xpath("//*[@id='tab-5']/table/tbody/tr[" + i + 1 + "]/td[3]")): null&#xD;
&#xD;
2019-08-15 00:31:19 - [TEST_STEP][PASSED] - bookingDate = driver.findElement(By.xpath("//*[@id='tab-5']/table/tbody/tr[" + i + 1 + "]/td[4]")): null&#xD;
&#xD;
2019-08-15 00:31:19 - [TEST_STEP][PASSED] - status = driver.findElement(By.xpath("//*[@id='tab-5']/table/tbody/tr[" + i + 1 + "]/td[5]")): null&#xD;
&#xD;
2019-08-15 00:31:19 - [TEST_STEP][PASSED] - paymentStatus = driver.findElement(By.xpath("//*[@id='tab-5']/table/tbody/tr[" + i + 1 + "]/td[6]")): null&#xD;
&#xD;
2019-08-15 00:31:19 - [TEST_STEP][PASSED] - js.executeScript("arguments[0].style.border='3px solid red'", order): null&#xD;
&#xD;
2019-08-15 00:31:19 - [TEST_STEP][PASSED] - js.executeScript("arguments[0].style.border='3px solid red'", address): null&#xD;
&#xD;
2019-08-15 00:31:19 - [TEST_STEP][PASSED] - js.executeScript("arguments[0].style.border='3px solid red'", listing): null&#xD;
&#xD;
2019-08-15 00:31:19 - [TEST_STEP][PASSED] - js.executeScript("arguments[0].style.border='3px solid red'", bookingDate): null&#xD;
&#xD;
2019-08-15 00:31:19 - [TEST_STEP][PASSED] - js.executeScript("arguments[0].style.border='3px solid red'", status): null&#xD;
&#xD;
2019-08-15 00:31:19 - [TEST_STEP][PASSED] - js.executeScript("arguments[0].style.border='3px solid red'", paymentStatus): null&#xD;
&#xD;
2019-08-15 00:31:19 - [TEST_STEP][PASSED] - out.println("OrderValues == " + orderValue): null&#xD;
&#xD;
2019-08-15 00:31:19 - [TEST_STEP][PASSED] - out.println("AddressValues == " + addressValue): null&#xD;
&#xD;
2019-08-15 00:31:19 - [TEST_STEP][PASSED] - out.println("ListingValues == " + listingValue): null&#xD;
&#xD;
2019-08-15 00:31:19 - [TEST_STEP][PASSED] - out.println("BookinDateValues == " + bookingDateValue): null&#xD;
&#xD;
2019-08-15 00:31:19 - [TEST_STEP][PASSED] - out.println("StatusValues == " + statusValue): null&#xD;
&#xD;
2019-08-15 00:31:19 - [TEST_STEP][PASSED] - out.println("PaymentStatusValues == " + paymentValue): null&#xD;
&#xD;
2019-08-15 00:31:19 - [TEST_STEP][PASSED] - Assert.assertNotEquals(orderValue, null, "Order number is null"): null&#xD;
&#xD;
2019-08-15 00:31:19 - [TEST_STEP][PASSED] - Assert.assertNotEquals(addressValue, null, "Address is null"): null&#xD;
&#xD;
2019-08-15 00:31:19 - [TEST_STEP][PASSED] - Assert.assertNotEquals(listingValue, null, "Listing is null"): null&#xD;
&#xD;
2019-08-15 00:31:19 - [TEST_STEP][PASSED] - Assert.assertNotEquals(bookingDateValue, null, "Booking date is null"): null&#xD;
&#xD;
2019-08-15 00:31:19 - [TEST_STEP][PASSED] - Assert.assertNotEquals(statusValue, null, "Status is null"): null&#xD;
&#xD;
2019-08-15 00:31:19 - [TEST_STEP][PASSED] - Assert.assertNotEquals(paymentValue, null, "Payment status is null"): null&#xD;
&#xD;
2019-08-15 00:31:19 - [TEST_STEP][PASSED] - out.println("Items == " + i + 1): null&#xD;
&#xD;
2019-08-15 00:31:19 - [TEST_STEP][PASSED] - orderValue = xpath("//*[@id='tab-5']/table/tbody/tr[" + i + 1 + "]/td[1]")).getText(): null&#xD;
&#xD;
2019-08-15 00:31:19 - [TEST_STEP][PASSED] - addressValue = xpath("//*[@id='tab-5']/table/tbody/tr[" + i + 1 + "]/td[2]")).getText(): null&#xD;
&#xD;
2019-08-15 00:31:19 - [TEST_STEP][PASSED] - listingValue = xpath("//*[@id='tab-5']/table/tbody/tr[" + i + 1 + "]/td[3]")).getText(): null&#xD;
&#xD;
2019-08-15 00:31:19 - [TEST_STEP][PASSED] - bookingDateValue = xpath("//*[@id='tab-5']/table/tbody/tr[" + i + 1 + "]/td[4]")).getText(): null&#xD;
&#xD;
2019-08-15 00:31:19 - [TEST_STEP][PASSED] - statusValue = xpath("//*[@id='tab-5']/table/tbody/tr[" + i + 1 + "]/td[5]")).getText(): null&#xD;
&#xD;
2019-08-15 00:31:19 - [TEST_STEP][PASSED] - paymentValue = xpath("//*[@id='tab-5']/table/tbody/tr[" + i + 1 + "]/td[6]")).getText(): null&#xD;
&#xD;
2019-08-15 00:31:20 - [TEST_STEP][PASSED] - order = driver.findElement(By.xpath("//*[@id='tab-5']/table/tbody/tr[" + i + 1 + "]/td[1]")): null&#xD;
&#xD;
2019-08-15 00:31:20 - [TEST_STEP][PASSED] - address = driver.findElement(By.xpath("//*[@id='tab-5']/table/tbody/tr[" + i + 1 + "]/td[2]")): null&#xD;
&#xD;
2019-08-15 00:31:20 - [TEST_STEP][PASSED] - listing = driver.findElement(By.xpath("//*[@id='tab-5']/table/tbody/tr[" + i + 1 + "]/td[3]")): null&#xD;
&#xD;
2019-08-15 00:31:20 - [TEST_STEP][PASSED] - bookingDate = driver.findElement(By.xpath("//*[@id='tab-5']/table/tbody/tr[" + i + 1 + "]/td[4]")): null&#xD;
&#xD;
2019-08-15 00:31:20 - [TEST_STEP][PASSED] - status = driver.findElement(By.xpath("//*[@id='tab-5']/table/tbody/tr[" + i + 1 + "]/td[5]")): null&#xD;
&#xD;
2019-08-15 00:31:20 - [TEST_STEP][PASSED] - paymentStatus = driver.findElement(By.xpath("//*[@id='tab-5']/table/tbody/tr[" + i + 1 + "]/td[6]")): null&#xD;
&#xD;
2019-08-15 00:31:20 - [TEST_STEP][PASSED] - js.executeScript("arguments[0].style.border='3px solid red'", order): null&#xD;
&#xD;
2019-08-15 00:31:20 - [TEST_STEP][PASSED] - js.executeScript("arguments[0].style.border='3px solid red'", address): null&#xD;
&#xD;
2019-08-15 00:31:20 - [TEST_STEP][PASSED] - js.executeScript("arguments[0].style.border='3px solid red'", listing): null&#xD;
&#xD;
2019-08-15 00:31:20 - [TEST_STEP][PASSED] - js.executeScript("arguments[0].style.border='3px solid red'", bookingDate): null&#xD;
&#xD;
2019-08-15 00:31:20 - [TEST_STEP][PASSED] - js.executeScript("arguments[0].style.border='3px solid red'", status): null&#xD;
&#xD;
2019-08-15 00:31:20 - [TEST_STEP][PASSED] - js.executeScript("arguments[0].style.border='3px solid red'", paymentStatus): null&#xD;
&#xD;
2019-08-15 00:31:20 - [TEST_STEP][PASSED] - out.println("OrderValues == " + orderValue): null&#xD;
&#xD;
2019-08-15 00:31:20 - [TEST_STEP][PASSED] - out.println("AddressValues == " + addressValue): null&#xD;
&#xD;
2019-08-15 00:31:20 - [TEST_STEP][PASSED] - out.println("ListingValues == " + listingValue): null&#xD;
&#xD;
2019-08-15 00:31:20 - [TEST_STEP][PASSED] - out.println("BookinDateValues == " + bookingDateValue): null&#xD;
&#xD;
2019-08-15 00:31:20 - [TEST_STEP][PASSED] - out.println("StatusValues == " + statusValue): null&#xD;
&#xD;
2019-08-15 00:31:20 - [TEST_STEP][PASSED] - out.println("PaymentStatusValues == " + paymentValue): null&#xD;
&#xD;
2019-08-15 00:31:20 - [TEST_STEP][PASSED] - Assert.assertNotEquals(orderValue, null, "Order number is null"): null&#xD;
&#xD;
2019-08-15 00:31:20 - [TEST_STEP][PASSED] - Assert.assertNotEquals(addressValue, null, "Address is null"): null&#xD;
&#xD;
2019-08-15 00:31:20 - [TEST_STEP][PASSED] - Assert.assertNotEquals(listingValue, null, "Listing is null"): null&#xD;
&#xD;
2019-08-15 00:31:20 - [TEST_STEP][PASSED] - Assert.assertNotEquals(bookingDateValue, null, "Booking date is null"): null&#xD;
&#xD;
2019-08-15 00:31:20 - [TEST_STEP][PASSED] - Assert.assertNotEquals(statusValue, null, "Status is null"): null&#xD;
&#xD;
2019-08-15 00:31:20 - [TEST_STEP][PASSED] - Assert.assertNotEquals(paymentValue, null, "Payment status is null"): null&#xD;
&#xD;
2019-08-15 00:31:20 - [TEST_STEP][PASSED] - out.println("Items == " + i + 1): null&#xD;
&#xD;
2019-08-15 00:31:20 - [TEST_STEP][PASSED] - orderValue = xpath("//*[@id='tab-5']/table/tbody/tr[" + i + 1 + "]/td[1]")).getText(): null&#xD;
&#xD;
2019-08-15 00:31:20 - [TEST_STEP][PASSED] - addressValue = xpath("//*[@id='tab-5']/table/tbody/tr[" + i + 1 + "]/td[2]")).getText(): null&#xD;
&#xD;
2019-08-15 00:31:20 - [TEST_STEP][PASSED] - listingValue = xpath("//*[@id='tab-5']/table/tbody/tr[" + i + 1 + "]/td[3]")).getText(): null&#xD;
&#xD;
2019-08-15 00:31:20 - [TEST_STEP][PASSED] - bookingDateValue = xpath("//*[@id='tab-5']/table/tbody/tr[" + i + 1 + "]/td[4]")).getText(): null&#xD;
&#xD;
2019-08-15 00:31:20 - [TEST_STEP][PASSED] - statusValue = xpath("//*[@id='tab-5']/table/tbody/tr[" + i + 1 + "]/td[5]")).getText(): null&#xD;
&#xD;
2019-08-15 00:31:20 - [TEST_STEP][PASSED] - paymentValue = xpath("//*[@id='tab-5']/table/tbody/tr[" + i + 1 + "]/td[6]")).getText(): null&#xD;
&#xD;
2019-08-15 00:31:20 - [TEST_STEP][PASSED] - order = driver.findElement(By.xpath("//*[@id='tab-5']/table/tbody/tr[" + i + 1 + "]/td[1]")): null&#xD;
&#xD;
2019-08-15 00:31:20 - [TEST_STEP][PASSED] - address = driver.findElement(By.xpath("//*[@id='tab-5']/table/tbody/tr[" + i + 1 + "]/td[2]")): null&#xD;
&#xD;
2019-08-15 00:31:20 - [TEST_STEP][PASSED] - listing = driver.findElement(By.xpath("//*[@id='tab-5']/table/tbody/tr[" + i + 1 + "]/td[3]")): null&#xD;
&#xD;
2019-08-15 00:31:20 - [TEST_STEP][PASSED] - bookingDate = driver.findElement(By.xpath("//*[@id='tab-5']/table/tbody/tr[" + i + 1 + "]/td[4]")): null&#xD;
&#xD;
2019-08-15 00:31:20 - [TEST_STEP][PASSED] - status = driver.findElement(By.xpath("//*[@id='tab-5']/table/tbody/tr[" + i + 1 + "]/td[5]")): null&#xD;
&#xD;
2019-08-15 00:31:20 - [TEST_STEP][PASSED] - paymentStatus = driver.findElement(By.xpath("//*[@id='tab-5']/table/tbody/tr[" + i + 1 + "]/td[6]")): null&#xD;
&#xD;
2019-08-15 00:31:20 - [TEST_STEP][PASSED] - js.executeScript("arguments[0].style.border='3px solid red'", order): null&#xD;
&#xD;
2019-08-15 00:31:20 - [TEST_STEP][PASSED] - js.executeScript("arguments[0].style.border='3px solid red'", address): null&#xD;
&#xD;
2019-08-15 00:31:20 - [TEST_STEP][PASSED] - js.executeScript("arguments[0].style.border='3px solid red'", listing): null&#xD;
&#xD;
2019-08-15 00:31:20 - [TEST_STEP][PASSED] - js.executeScript("arguments[0].style.border='3px solid red'", bookingDate): null&#xD;
&#xD;
2019-08-15 00:31:20 - [TEST_STEP][PASSED] - js.executeScript("arguments[0].style.border='3px solid red'", status): null&#xD;
&#xD;
2019-08-15 00:31:20 - [TEST_STEP][PASSED] - js.executeScript("arguments[0].style.border='3px solid red'", paymentStatus): null&#xD;
&#xD;
2019-08-15 00:31:20 - [TEST_STEP][PASSED] - out.println("OrderValues == " + orderValue): null&#xD;
&#xD;
2019-08-15 00:31:20 - [TEST_STEP][PASSED] - out.println("AddressValues == " + addressValue): null&#xD;
&#xD;
2019-08-15 00:31:20 - [TEST_STEP][PASSED] - out.println("ListingValues == " + listingValue): null&#xD;
&#xD;
2019-08-15 00:31:20 - [TEST_STEP][PASSED] - out.println("BookinDateValues == " + bookingDateValue): null&#xD;
&#xD;
2019-08-15 00:31:20 - [TEST_STEP][PASSED] - out.println("StatusValues == " + statusValue): null&#xD;
&#xD;
2019-08-15 00:31:20 - [TEST_STEP][PASSED] - out.println("PaymentStatusValues == " + paymentValue): null&#xD;
&#xD;
2019-08-15 00:31:20 - [TEST_STEP][PASSED] - Assert.assertNotEquals(orderValue, null, "Order number is null"): null&#xD;
&#xD;
2019-08-15 00:31:20 - [TEST_STEP][PASSED] - Assert.assertNotEquals(addressValue, null, "Address is null"): null&#xD;
&#xD;
2019-08-15 00:31:20 - [TEST_STEP][PASSED] - Assert.assertNotEquals(listingValue, null, "Listing is null"): null&#xD;
&#xD;
2019-08-15 00:31:20 - [TEST_STEP][PASSED] - Assert.assertNotEquals(bookingDateValue, null, "Booking date is null"): null&#xD;
&#xD;
2019-08-15 00:31:20 - [TEST_STEP][PASSED] - Assert.assertNotEquals(statusValue, null, "Status is null"): null&#xD;
&#xD;
2019-08-15 00:31:20 - [TEST_STEP][PASSED] - Assert.assertNotEquals(paymentValue, null, "Payment status is null"): null&#xD;
&#xD;
2019-08-15 00:31:20 - [TEST_STEP][PASSED] - out.println("Items == " + i + 1): null&#xD;
&#xD;
2019-08-15 00:31:20 - [TEST_STEP][PASSED] - orderValue = xpath("//*[@id='tab-5']/table/tbody/tr[" + i + 1 + "]/td[1]")).getText(): null&#xD;
&#xD;
2019-08-15 00:31:20 - [TEST_STEP][PASSED] - addressValue = xpath("//*[@id='tab-5']/table/tbody/tr[" + i + 1 + "]/td[2]")).getText(): null&#xD;
&#xD;
2019-08-15 00:31:20 - [TEST_STEP][PASSED] - listingValue = xpath("//*[@id='tab-5']/table/tbody/tr[" + i + 1 + "]/td[3]")).getText(): null&#xD;
&#xD;
2019-08-15 00:31:20 - [TEST_STEP][PASSED] - bookingDateValue = xpath("//*[@id='tab-5']/table/tbody/tr[" + i + 1 + "]/td[4]")).getText(): null&#xD;
&#xD;
2019-08-15 00:31:21 - [TEST_STEP][PASSED] - statusValue = xpath("//*[@id='tab-5']/table/tbody/tr[" + i + 1 + "]/td[5]")).getText(): null&#xD;
&#xD;
2019-08-15 00:31:21 - [TEST_STEP][PASSED] - paymentValue = xpath("//*[@id='tab-5']/table/tbody/tr[" + i + 1 + "]/td[6]")).getText(): null&#xD;
&#xD;
2019-08-15 00:31:21 - [TEST_STEP][PASSED] - order = driver.findElement(By.xpath("//*[@id='tab-5']/table/tbody/tr[" + i + 1 + "]/td[1]")): null&#xD;
&#xD;
2019-08-15 00:31:21 - [TEST_STEP][PASSED] - address = driver.findElement(By.xpath("//*[@id='tab-5']/table/tbody/tr[" + i + 1 + "]/td[2]")): null&#xD;
&#xD;
2019-08-15 00:31:21 - [TEST_STEP][PASSED] - listing = driver.findElement(By.xpath("//*[@id='tab-5']/table/tbody/tr[" + i + 1 + "]/td[3]")): null&#xD;
&#xD;
2019-08-15 00:31:21 - [TEST_STEP][PASSED] - bookingDate = driver.findElement(By.xpath("//*[@id='tab-5']/table/tbody/tr[" + i + 1 + "]/td[4]")): null&#xD;
&#xD;
2019-08-15 00:31:21 - [TEST_STEP][PASSED] - status = driver.findElement(By.xpath("//*[@id='tab-5']/table/tbody/tr[" + i + 1 + "]/td[5]")): null&#xD;
&#xD;
2019-08-15 00:31:21 - [TEST_STEP][PASSED] - paymentStatus = driver.findElement(By.xpath("//*[@id='tab-5']/table/tbody/tr[" + i + 1 + "]/td[6]")): null&#xD;
&#xD;
2019-08-15 00:31:21 - [TEST_STEP][PASSED] - js.executeScript("arguments[0].style.border='3px solid red'", order): null&#xD;
&#xD;
2019-08-15 00:31:21 - [TEST_STEP][PASSED] - js.executeScript("arguments[0].style.border='3px solid red'", address): null&#xD;
&#xD;
2019-08-15 00:31:21 - [TEST_STEP][PASSED] - js.executeScript("arguments[0].style.border='3px solid red'", listing): null&#xD;
&#xD;
2019-08-15 00:31:21 - [TEST_STEP][PASSED] - js.executeScript("arguments[0].style.border='3px solid red'", bookingDate): null&#xD;
&#xD;
2019-08-15 00:31:21 - [TEST_STEP][PASSED] - js.executeScript("arguments[0].style.border='3px solid red'", status): null&#xD;
&#xD;
2019-08-15 00:31:21 - [TEST_STEP][PASSED] - js.executeScript("arguments[0].style.border='3px solid red'", paymentStatus): null&#xD;
&#xD;
2019-08-15 00:31:21 - [TEST_STEP][PASSED] - out.println("OrderValues == " + orderValue): null&#xD;
&#xD;
2019-08-15 00:31:21 - [TEST_STEP][PASSED] - out.println("AddressValues == " + addressValue): null&#xD;
&#xD;
2019-08-15 00:31:21 - [TEST_STEP][PASSED] - out.println("ListingValues == " + listingValue): null&#xD;
&#xD;
2019-08-15 00:31:21 - [TEST_STEP][PASSED] - out.println("BookinDateValues == " + bookingDateValue): null&#xD;
&#xD;
2019-08-15 00:31:21 - [TEST_STEP][PASSED] - out.println("StatusValues == " + statusValue): null&#xD;
&#xD;
2019-08-15 00:31:21 - [TEST_STEP][PASSED] - out.println("PaymentStatusValues == " + paymentValue): null&#xD;
&#xD;
2019-08-15 00:31:21 - [TEST_STEP][PASSED] - Assert.assertNotEquals(orderValue, null, "Order number is null"): null&#xD;
&#xD;
2019-08-15 00:31:21 - [TEST_STEP][PASSED] - Assert.assertNotEquals(addressValue, null, "Address is null"): null&#xD;
&#xD;
2019-08-15 00:31:21 - [TEST_STEP][PASSED] - Assert.assertNotEquals(listingValue, null, "Listing is null"): null&#xD;
&#xD;
2019-08-15 00:31:21 - [TEST_STEP][PASSED] - Assert.assertNotEquals(bookingDateValue, null, "Booking date is null"): null&#xD;
&#xD;
2019-08-15 00:31:21 - [TEST_STEP][PASSED] - Assert.assertNotEquals(statusValue, null, "Status is null"): null&#xD;
&#xD;
2019-08-15 00:31:21 - [TEST_STEP][PASSED] - Assert.assertNotEquals(paymentValue, null, "Payment status is null"): null&#xD;
&#xD;
2019-08-15 00:31:21 - [TEST_STEP][PASSED] - out.println("Items == " + i + 1): null&#xD;
&#xD;
2019-08-15 00:31:21 - [TEST_STEP][PASSED] - orderValue = xpath("//*[@id='tab-5']/table/tbody/tr[" + i + 1 + "]/td[1]")).getText(): null&#xD;
&#xD;
2019-08-15 00:31:21 - [TEST_STEP][PASSED] - addressValue = xpath("//*[@id='tab-5']/table/tbody/tr[" + i + 1 + "]/td[2]")).getText(): null&#xD;
&#xD;
2019-08-15 00:31:21 - [TEST_STEP][PASSED] - listingValue = xpath("//*[@id='tab-5']/table/tbody/tr[" + i + 1 + "]/td[3]")).getText(): null&#xD;
&#xD;
2019-08-15 00:31:21 - [TEST_STEP][PASSED] - bookingDateValue = xpath("//*[@id='tab-5']/table/tbody/tr[" + i + 1 + "]/td[4]")).getText(): null&#xD;
&#xD;
2019-08-15 00:31:21 - [TEST_STEP][PASSED] - statusValue = xpath("//*[@id='tab-5']/table/tbody/tr[" + i + 1 + "]/td[5]")).getText(): null&#xD;
&#xD;
2019-08-15 00:31:21 - [TEST_STEP][PASSED] - paymentValue = xpath("//*[@id='tab-5']/table/tbody/tr[" + i + 1 + "]/td[6]")).getText(): null&#xD;
&#xD;
2019-08-15 00:31:21 - [TEST_STEP][PASSED] - order = driver.findElement(By.xpath("//*[@id='tab-5']/table/tbody/tr[" + i + 1 + "]/td[1]")): null&#xD;
&#xD;
2019-08-15 00:31:21 - [TEST_STEP][PASSED] - address = driver.findElement(By.xpath("//*[@id='tab-5']/table/tbody/tr[" + i + 1 + "]/td[2]")): null&#xD;
&#xD;
2019-08-15 00:31:21 - [TEST_STEP][PASSED] - listing = driver.findElement(By.xpath("//*[@id='tab-5']/table/tbody/tr[" + i + 1 + "]/td[3]")): null&#xD;
&#xD;
2019-08-15 00:31:21 - [TEST_STEP][PASSED] - bookingDate = driver.findElement(By.xpath("//*[@id='tab-5']/table/tbody/tr[" + i + 1 + "]/td[4]")): null&#xD;
&#xD;
2019-08-15 00:31:21 - [TEST_STEP][PASSED] - status = driver.findElement(By.xpath("//*[@id='tab-5']/table/tbody/tr[" + i + 1 + "]/td[5]")): null&#xD;
&#xD;
2019-08-15 00:31:21 - [TEST_STEP][PASSED] - paymentStatus = driver.findElement(By.xpath("//*[@id='tab-5']/table/tbody/tr[" + i + 1 + "]/td[6]")): null&#xD;
&#xD;
2019-08-15 00:31:21 - [TEST_STEP][PASSED] - js.executeScript("arguments[0].style.border='3px solid red'", order): null&#xD;
&#xD;
2019-08-15 00:31:21 - [TEST_STEP][PASSED] - js.executeScript("arguments[0].style.border='3px solid red'", address): null&#xD;
&#xD;
2019-08-15 00:31:21 - [TEST_STEP][PASSED] - js.executeScript("arguments[0].style.border='3px solid red'", listing): null&#xD;
&#xD;
2019-08-15 00:31:21 - [TEST_STEP][PASSED] - js.executeScript("arguments[0].style.border='3px solid red'", bookingDate): null&#xD;
&#xD;
2019-08-15 00:31:21 - [TEST_STEP][PASSED] - js.executeScript("arguments[0].style.border='3px solid red'", status): null&#xD;
&#xD;
2019-08-15 00:31:21 - [TEST_STEP][PASSED] - js.executeScript("arguments[0].style.border='3px solid red'", paymentStatus): null&#xD;
&#xD;
2019-08-15 00:31:21 - [TEST_STEP][PASSED] - out.println("OrderValues == " + orderValue): null&#xD;
&#xD;
2019-08-15 00:31:21 - [TEST_STEP][PASSED] - out.println("AddressValues == " + addressValue): null&#xD;
&#xD;
2019-08-15 00:31:21 - [TEST_STEP][PASSED] - out.println("ListingValues == " + listingValue): null&#xD;
&#xD;
2019-08-15 00:31:21 - [TEST_STEP][PASSED] - out.println("BookinDateValues == " + bookingDateValue): null&#xD;
&#xD;
2019-08-15 00:31:21 - [TEST_STEP][PASSED] - out.println("StatusValues == " + statusValue): null&#xD;
&#xD;
2019-08-15 00:31:21 - [TEST_STEP][PASSED] - out.println("PaymentStatusValues == " + paymentValue): null&#xD;
&#xD;
2019-08-15 00:31:21 - [TEST_STEP][PASSED] - Assert.assertNotEquals(orderValue, null, "Order number is null"): null&#xD;
&#xD;
2019-08-15 00:31:21 - [TEST_STEP][PASSED] - Assert.assertNotEquals(addressValue, null, "Address is null"): null&#xD;
&#xD;
2019-08-15 00:31:21 - [TEST_STEP][PASSED] - Assert.assertNotEquals(listingValue, null, "Listing is null"): null&#xD;
&#xD;
2019-08-15 00:31:21 - [TEST_STEP][PASSED] - Assert.assertNotEquals(bookingDateValue, null, "Booking date is null"): null&#xD;
&#xD;
2019-08-15 00:31:21 - [TEST_STEP][PASSED] - Assert.assertNotEquals(statusValue, null, "Status is null"): null&#xD;
&#xD;
2019-08-15 00:31:21 - [TEST_STEP][PASSED] - Assert.assertNotEquals(paymentValue, null, "Payment status is null"): null&#xD;
&#xD;
2019-08-15 00:31:21 - [TEST_STEP][PASSED] - out.println("Items == " + i + 1): null&#xD;
&#xD;
2019-08-15 00:31:21 - [TEST_STEP][PASSED] - orderValue = xpath("//*[@id='tab-5']/table/tbody/tr[" + i + 1 + "]/td[1]")).getText(): null&#xD;
&#xD;
2019-08-15 00:31:22 - [TEST_STEP][PASSED] - addressValue = xpath("//*[@id='tab-5']/table/tbody/tr[" + i + 1 + "]/td[2]")).getText(): null&#xD;
&#xD;
2019-08-15 00:31:22 - [TEST_STEP][PASSED] - listingValue = xpath("//*[@id='tab-5']/table/tbody/tr[" + i + 1 + "]/td[3]")).getText(): null&#xD;
&#xD;
2019-08-15 00:31:22 - [TEST_STEP][PASSED] - bookingDateValue = xpath("//*[@id='tab-5']/table/tbody/tr[" + i + 1 + "]/td[4]")).getText(): null&#xD;
&#xD;
2019-08-15 00:31:22 - [TEST_STEP][PASSED] - statusValue = xpath("//*[@id='tab-5']/table/tbody/tr[" + i + 1 + "]/td[5]")).getText(): null&#xD;
&#xD;
2019-08-15 00:31:22 - [TEST_STEP][PASSED] - paymentValue = xpath("//*[@id='tab-5']/table/tbody/tr[" + i + 1 + "]/td[6]")).getText(): null&#xD;
&#xD;
2019-08-15 00:31:22 - [TEST_STEP][PASSED] - order = driver.findElement(By.xpath("//*[@id='tab-5']/table/tbody/tr[" + i + 1 + "]/td[1]")): null&#xD;
&#xD;
2019-08-15 00:31:22 - [TEST_STEP][PASSED] - address = driver.findElement(By.xpath("//*[@id='tab-5']/table/tbody/tr[" + i + 1 + "]/td[2]")): null&#xD;
&#xD;
2019-08-15 00:31:22 - [TEST_STEP][PASSED] - listing = driver.findElement(By.xpath("//*[@id='tab-5']/table/tbody/tr[" + i + 1 + "]/td[3]")): null&#xD;
&#xD;
2019-08-15 00:31:22 - [TEST_STEP][PASSED] - bookingDate = driver.findElement(By.xpath("//*[@id='tab-5']/table/tbody/tr[" + i + 1 + "]/td[4]")): null&#xD;
&#xD;
2019-08-15 00:31:22 - [TEST_STEP][PASSED] - status = driver.findElement(By.xpath("//*[@id='tab-5']/table/tbody/tr[" + i + 1 + "]/td[5]")): null&#xD;
&#xD;
2019-08-15 00:31:22 - [TEST_STEP][PASSED] - paymentStatus = driver.findElement(By.xpath("//*[@id='tab-5']/table/tbody/tr[" + i + 1 + "]/td[6]")): null&#xD;
&#xD;
2019-08-15 00:31:22 - [TEST_STEP][PASSED] - js.executeScript("arguments[0].style.border='3px solid red'", order): null&#xD;
&#xD;
2019-08-15 00:31:22 - [TEST_STEP][PASSED] - js.executeScript("arguments[0].style.border='3px solid red'", address): null&#xD;
&#xD;
2019-08-15 00:31:22 - [TEST_STEP][PASSED] - js.executeScript("arguments[0].style.border='3px solid red'", listing): null&#xD;
&#xD;
2019-08-15 00:31:22 - [TEST_STEP][PASSED] - js.executeScript("arguments[0].style.border='3px solid red'", bookingDate): null&#xD;
&#xD;
2019-08-15 00:31:22 - [TEST_STEP][PASSED] - js.executeScript("arguments[0].style.border='3px solid red'", status): null&#xD;
&#xD;
2019-08-15 00:31:22 - [TEST_STEP][PASSED] - js.executeScript("arguments[0].style.border='3px solid red'", paymentStatus): null&#xD;
&#xD;
2019-08-15 00:31:22 - [TEST_STEP][PASSED] - out.println("OrderValues == " + orderValue): null&#xD;
&#xD;
2019-08-15 00:31:22 - [TEST_STEP][PASSED] - out.println("AddressValues == " + addressValue): null&#xD;
&#xD;
2019-08-15 00:31:22 - [TEST_STEP][PASSED] - out.println("ListingValues == " + listingValue): null&#xD;
&#xD;
2019-08-15 00:31:22 - [TEST_STEP][PASSED] - out.println("BookinDateValues == " + bookingDateValue): null&#xD;
&#xD;
2019-08-15 00:31:22 - [TEST_STEP][PASSED] - out.println("StatusValues == " + statusValue): null&#xD;
&#xD;
2019-08-15 00:31:22 - [TEST_STEP][PASSED] - out.println("PaymentStatusValues == " + paymentValue): null&#xD;
&#xD;
2019-08-15 00:31:22 - [TEST_STEP][PASSED] - Assert.assertNotEquals(orderValue, null, "Order number is null"): null&#xD;
&#xD;
2019-08-15 00:31:22 - [TEST_STEP][PASSED] - Assert.assertNotEquals(addressValue, null, "Address is null"): null&#xD;
&#xD;
2019-08-15 00:31:22 - [TEST_STEP][PASSED] - Assert.assertNotEquals(listingValue, null, "Listing is null"): null&#xD;
&#xD;
2019-08-15 00:31:22 - [TEST_STEP][PASSED] - Assert.assertNotEquals(bookingDateValue, null, "Booking date is null"): null&#xD;
&#xD;
2019-08-15 00:31:22 - [TEST_STEP][PASSED] - Assert.assertNotEquals(statusValue, null, "Status is null"): null&#xD;
&#xD;
2019-08-15 00:31:22 - [TEST_STEP][PASSED] - Assert.assertNotEquals(paymentValue, null, "Payment status is null"): null&#xD;
&#xD;
2019-08-15 00:31:22 - [TEST_STEP][PASSED] - out.println("Items == " + i + 1): null&#xD;
&#xD;
2019-08-15 00:31:22 - [TEST_STEP][PASSED] - orderValue = xpath("//*[@id='tab-5']/table/tbody/tr[" + i + 1 + "]/td[1]")).getText(): null&#xD;
&#xD;
2019-08-15 00:31:22 - [TEST_STEP][PASSED] - addressValue = xpath("//*[@id='tab-5']/table/tbody/tr[" + i + 1 + "]/td[2]")).getText(): null&#xD;
&#xD;
2019-08-15 00:31:22 - [TEST_STEP][PASSED] - listingValue = xpath("//*[@id='tab-5']/table/tbody/tr[" + i + 1 + "]/td[3]")).getText(): null&#xD;
&#xD;
2019-08-15 00:31:22 - [TEST_STEP][PASSED] - bookingDateValue = xpath("//*[@id='tab-5']/table/tbody/tr[" + i + 1 + "]/td[4]")).getText(): null&#xD;
&#xD;
2019-08-15 00:31:22 - [TEST_STEP][PASSED] - statusValue = xpath("//*[@id='tab-5']/table/tbody/tr[" + i + 1 + "]/td[5]")).getText(): null&#xD;
&#xD;
2019-08-15 00:31:22 - [TEST_STEP][PASSED] - paymentValue = xpath("//*[@id='tab-5']/table/tbody/tr[" + i + 1 + "]/td[6]")).getText(): null&#xD;
&#xD;
2019-08-15 00:31:22 - [TEST_STEP][PASSED] - order = driver.findElement(By.xpath("//*[@id='tab-5']/table/tbody/tr[" + i + 1 + "]/td[1]")): null&#xD;
&#xD;
2019-08-15 00:31:22 - [TEST_STEP][PASSED] - address = driver.findElement(By.xpath("//*[@id='tab-5']/table/tbody/tr[" + i + 1 + "]/td[2]")): null&#xD;
&#xD;
2019-08-15 00:31:22 - [TEST_STEP][PASSED] - listing = driver.findElement(By.xpath("//*[@id='tab-5']/table/tbody/tr[" + i + 1 + "]/td[3]")): null&#xD;
&#xD;
2019-08-15 00:31:22 - [TEST_STEP][PASSED] - bookingDate = driver.findElement(By.xpath("//*[@id='tab-5']/table/tbody/tr[" + i + 1 + "]/td[4]")): null&#xD;
&#xD;
2019-08-15 00:31:22 - [TEST_STEP][PASSED] - status = driver.findElement(By.xpath("//*[@id='tab-5']/table/tbody/tr[" + i + 1 + "]/td[5]")): null&#xD;
&#xD;
2019-08-15 00:31:22 - [TEST_STEP][PASSED] - paymentStatus = driver.findElement(By.xpath("//*[@id='tab-5']/table/tbody/tr[" + i + 1 + "]/td[6]")): null&#xD;
&#xD;
2019-08-15 00:31:22 - [TEST_STEP][PASSED] - js.executeScript("arguments[0].style.border='3px solid red'", order): null&#xD;
&#xD;
2019-08-15 00:31:22 - [TEST_STEP][PASSED] - js.executeScript("arguments[0].style.border='3px solid red'", address): null&#xD;
&#xD;
2019-08-15 00:31:22 - [TEST_STEP][PASSED] - js.executeScript("arguments[0].style.border='3px solid red'", listing): null&#xD;
&#xD;
2019-08-15 00:31:22 - [TEST_STEP][PASSED] - js.executeScript("arguments[0].style.border='3px solid red'", bookingDate): null&#xD;
&#xD;
2019-08-15 00:31:22 - [TEST_STEP][PASSED] - js.executeScript("arguments[0].style.border='3px solid red'", status): null&#xD;
&#xD;
2019-08-15 00:31:22 - [TEST_STEP][PASSED] - js.executeScript("arguments[0].style.border='3px solid red'", paymentStatus): null&#xD;
&#xD;
2019-08-15 00:31:23 - [TEST_STEP][PASSED] - out.println("OrderValues == " + orderValue): null&#xD;
&#xD;
2019-08-15 00:31:23 - [TEST_STEP][PASSED] - out.println("AddressValues == " + addressValue): null&#xD;
&#xD;
2019-08-15 00:31:23 - [TEST_STEP][PASSED] - out.println("ListingValues == " + listingValue): null&#xD;
&#xD;
2019-08-15 00:31:23 - [TEST_STEP][PASSED] - out.println("BookinDateValues == " + bookingDateValue): null&#xD;
&#xD;
2019-08-15 00:31:23 - [TEST_STEP][PASSED] - out.println("StatusValues == " + statusValue): null&#xD;
&#xD;
2019-08-15 00:31:23 - [TEST_STEP][PASSED] - out.println("PaymentStatusValues == " + paymentValue): null&#xD;
&#xD;
2019-08-15 00:31:23 - [TEST_STEP][PASSED] - Assert.assertNotEquals(orderValue, null, "Order number is null"): null&#xD;
&#xD;
2019-08-15 00:31:23 - [TEST_STEP][PASSED] - Assert.assertNotEquals(addressValue, null, "Address is null"): null&#xD;
&#xD;
2019-08-15 00:31:23 - [TEST_STEP][PASSED] - Assert.assertNotEquals(listingValue, null, "Listing is null"): null&#xD;
&#xD;
2019-08-15 00:31:23 - [TEST_STEP][PASSED] - Assert.assertNotEquals(bookingDateValue, null, "Booking date is null"): null&#xD;
&#xD;
2019-08-15 00:31:23 - [TEST_STEP][PASSED] - Assert.assertNotEquals(statusValue, null, "Status is null"): null&#xD;
&#xD;
2019-08-15 00:31:23 - [TEST_STEP][PASSED] - Assert.assertNotEquals(paymentValue, null, "Payment status is null"): null&#xD;
&#xD;
2019-08-15 00:31:23 - [TEST_STEP][PASSED] - out.println("Items == " + i + 1): null&#xD;
&#xD;
2019-08-15 00:31:23 - [TEST_STEP][PASSED] - orderValue = xpath("//*[@id='tab-5']/table/tbody/tr[" + i + 1 + "]/td[1]")).getText(): null&#xD;
&#xD;
2019-08-15 00:31:23 - [TEST_STEP][PASSED] - addressValue = xpath("//*[@id='tab-5']/table/tbody/tr[" + i + 1 + "]/td[2]")).getText(): null&#xD;
&#xD;
2019-08-15 00:31:23 - [TEST_STEP][PASSED] - listingValue = xpath("//*[@id='tab-5']/table/tbody/tr[" + i + 1 + "]/td[3]")).getText(): null&#xD;
&#xD;
2019-08-15 00:31:23 - [TEST_STEP][PASSED] - bookingDateValue = xpath("//*[@id='tab-5']/table/tbody/tr[" + i + 1 + "]/td[4]")).getText(): null&#xD;
&#xD;
2019-08-15 00:31:23 - [TEST_STEP][PASSED] - statusValue = xpath("//*[@id='tab-5']/table/tbody/tr[" + i + 1 + "]/td[5]")).getText(): null&#xD;
&#xD;
2019-08-15 00:31:23 - [TEST_STEP][PASSED] - paymentValue = xpath("//*[@id='tab-5']/table/tbody/tr[" + i + 1 + "]/td[6]")).getText(): null&#xD;
&#xD;
2019-08-15 00:31:23 - [TEST_STEP][PASSED] - order = driver.findElement(By.xpath("//*[@id='tab-5']/table/tbody/tr[" + i + 1 + "]/td[1]")): null&#xD;
&#xD;
2019-08-15 00:31:23 - [TEST_STEP][PASSED] - address = driver.findElement(By.xpath("//*[@id='tab-5']/table/tbody/tr[" + i + 1 + "]/td[2]")): null&#xD;
&#xD;
2019-08-15 00:31:23 - [TEST_STEP][PASSED] - listing = driver.findElement(By.xpath("//*[@id='tab-5']/table/tbody/tr[" + i + 1 + "]/td[3]")): null&#xD;
&#xD;
2019-08-15 00:31:23 - [TEST_STEP][PASSED] - bookingDate = driver.findElement(By.xpath("//*[@id='tab-5']/table/tbody/tr[" + i + 1 + "]/td[4]")): null&#xD;
&#xD;
2019-08-15 00:31:23 - [TEST_STEP][PASSED] - status = driver.findElement(By.xpath("//*[@id='tab-5']/table/tbody/tr[" + i + 1 + "]/td[5]")): null&#xD;
&#xD;
2019-08-15 00:31:23 - [TEST_STEP][PASSED] - paymentStatus = driver.findElement(By.xpath("//*[@id='tab-5']/table/tbody/tr[" + i + 1 + "]/td[6]")): null&#xD;
&#xD;
2019-08-15 00:31:23 - [TEST_STEP][PASSED] - js.executeScript("arguments[0].style.border='3px solid red'", order): null&#xD;
&#xD;
2019-08-15 00:31:23 - [TEST_STEP][PASSED] - js.executeScript("arguments[0].style.border='3px solid red'", address): null&#xD;
&#xD;
2019-08-15 00:31:23 - [TEST_STEP][PASSED] - js.executeScript("arguments[0].style.border='3px solid red'", listing): null&#xD;
&#xD;
2019-08-15 00:31:23 - [TEST_STEP][PASSED] - js.executeScript("arguments[0].style.border='3px solid red'", bookingDate): null&#xD;
&#xD;
2019-08-15 00:31:23 - [TEST_STEP][PASSED] - js.executeScript("arguments[0].style.border='3px solid red'", status): null&#xD;
&#xD;
2019-08-15 00:31:23 - [TEST_STEP][PASSED] - js.executeScript("arguments[0].style.border='3px solid red'", paymentStatus): null&#xD;
&#xD;
2019-08-15 00:31:23 - [TEST_STEP][PASSED] - out.println("OrderValues == " + orderValue): null&#xD;
&#xD;
2019-08-15 00:31:24 - [TEST_STEP][PASSED] - out.println("AddressValues == " + addressValue): null&#xD;
&#xD;
2019-08-15 00:31:24 - [TEST_STEP][PASSED] - out.println("ListingValues == " + listingValue): null&#xD;
&#xD;
2019-08-15 00:31:24 - [TEST_STEP][PASSED] - out.println("BookinDateValues == " + bookingDateValue): null&#xD;
&#xD;
2019-08-15 00:31:24 - [TEST_STEP][PASSED] - out.println("StatusValues == " + statusValue): null&#xD;
&#xD;
2019-08-15 00:31:24 - [TEST_STEP][PASSED] - out.println("PaymentStatusValues == " + paymentValue): null&#xD;
&#xD;
2019-08-15 00:31:24 - [TEST_STEP][PASSED] - Assert.assertNotEquals(orderValue, null, "Order number is null"): null&#xD;
&#xD;
2019-08-15 00:31:24 - [TEST_STEP][PASSED] - Assert.assertNotEquals(addressValue, null, "Address is null"): null&#xD;
&#xD;
2019-08-15 00:31:24 - [TEST_STEP][PASSED] - Assert.assertNotEquals(listingValue, null, "Listing is null"): null&#xD;
&#xD;
2019-08-15 00:31:24 - [TEST_STEP][PASSED] - Assert.assertNotEquals(bookingDateValue, null, "Booking date is null"): null&#xD;
&#xD;
2019-08-15 00:31:24 - [TEST_STEP][PASSED] - Assert.assertNotEquals(statusValue, null, "Status is null"): null&#xD;
&#xD;
2019-08-15 00:31:24 - [TEST_STEP][PASSED] - Assert.assertNotEquals(paymentValue, null, "Payment status is null"): null&#xD;
&#xD;
2019-08-15 00:31:24 - [TEST_STEP][PASSED] - out.println("Items == " + i + 1): null&#xD;
&#xD;
2019-08-15 00:31:24 - [TEST_STEP][PASSED] - orderValue = xpath("//*[@id='tab-5']/table/tbody/tr[" + i + 1 + "]/td[1]")).getText(): null&#xD;
&#xD;
2019-08-15 00:31:24 - [TEST_STEP][PASSED] - addressValue = xpath("//*[@id='tab-5']/table/tbody/tr[" + i + 1 + "]/td[2]")).getText(): null&#xD;
&#xD;
2019-08-15 00:31:24 - [TEST_STEP][PASSED] - listingValue = xpath("//*[@id='tab-5']/table/tbody/tr[" + i + 1 + "]/td[3]")).getText(): null&#xD;
&#xD;
2019-08-15 00:31:24 - [TEST_STEP][PASSED] - bookingDateValue = xpath("//*[@id='tab-5']/table/tbody/tr[" + i + 1 + "]/td[4]")).getText(): null&#xD;
&#xD;
2019-08-15 00:31:24 - [TEST_STEP][PASSED] - statusValue = xpath("//*[@id='tab-5']/table/tbody/tr[" + i + 1 + "]/td[5]")).getText(): null&#xD;
&#xD;
2019-08-15 00:31:24 - [TEST_STEP][PASSED] - paymentValue = xpath("//*[@id='tab-5']/table/tbody/tr[" + i + 1 + "]/td[6]")).getText(): null&#xD;
&#xD;
2019-08-15 00:31:24 - [TEST_STEP][PASSED] - order = driver.findElement(By.xpath("//*[@id='tab-5']/table/tbody/tr[" + i + 1 + "]/td[1]")): null&#xD;
&#xD;
2019-08-15 00:31:24 - [TEST_STEP][PASSED] - address = driver.findElement(By.xpath("//*[@id='tab-5']/table/tbody/tr[" + i + 1 + "]/td[2]")): null&#xD;
&#xD;
2019-08-15 00:31:24 - [TEST_STEP][PASSED] - listing = driver.findElement(By.xpath("//*[@id='tab-5']/table/tbody/tr[" + i + 1 + "]/td[3]")): null&#xD;
&#xD;
2019-08-15 00:31:24 - [TEST_STEP][PASSED] - bookingDate = driver.findElement(By.xpath("//*[@id='tab-5']/table/tbody/tr[" + i + 1 + "]/td[4]")): null&#xD;
&#xD;
2019-08-15 00:31:24 - [TEST_STEP][PASSED] - status = driver.findElement(By.xpath("//*[@id='tab-5']/table/tbody/tr[" + i + 1 + "]/td[5]")): null&#xD;
&#xD;
2019-08-15 00:31:24 - [TEST_STEP][PASSED] - paymentStatus = driver.findElement(By.xpath("//*[@id='tab-5']/table/tbody/tr[" + i + 1 + "]/td[6]")): null&#xD;
&#xD;
2019-08-15 00:31:24 - [TEST_STEP][PASSED] - js.executeScript("arguments[0].style.border='3px solid red'", order): null&#xD;
&#xD;
2019-08-15 00:31:24 - [TEST_STEP][PASSED] - js.executeScript("arguments[0].style.border='3px solid red'", address): null&#xD;
&#xD;
2019-08-15 00:31:24 - [TEST_STEP][PASSED] - js.executeScript("arguments[0].style.border='3px solid red'", listing): null&#xD;
&#xD;
2019-08-15 00:31:24 - [TEST_STEP][PASSED] - js.executeScript("arguments[0].style.border='3px solid red'", bookingDate): null&#xD;
&#xD;
2019-08-15 00:31:24 - [TEST_STEP][PASSED] - js.executeScript("arguments[0].style.border='3px solid red'", status): null&#xD;
&#xD;
2019-08-15 00:31:24 - [TEST_STEP][PASSED] - js.executeScript("arguments[0].style.border='3px solid red'", paymentStatus): null&#xD;
&#xD;
2019-08-15 00:31:24 - [TEST_STEP][PASSED] - out.println("OrderValues == " + orderValue): null&#xD;
&#xD;
2019-08-15 00:31:24 - [TEST_STEP][PASSED] - out.println("AddressValues == " + addressValue): null&#xD;
&#xD;
2019-08-15 00:31:24 - [TEST_STEP][PASSED] - out.println("ListingValues == " + listingValue): null&#xD;
&#xD;
2019-08-15 00:31:24 - [TEST_STEP][PASSED] - out.println("BookinDateValues == " + bookingDateValue): null&#xD;
&#xD;
2019-08-15 00:31:24 - [TEST_STEP][PASSED] - out.println("StatusValues == " + statusValue): null&#xD;
&#xD;
2019-08-15 00:31:24 - [TEST_STEP][PASSED] - out.println("PaymentStatusValues == " + paymentValue): null&#xD;
&#xD;
2019-08-15 00:31:24 - [TEST_STEP][PASSED] - Assert.assertNotEquals(orderValue, null, "Order number is null"): null&#xD;
&#xD;
2019-08-15 00:31:24 - [TEST_STEP][PASSED] - Assert.assertNotEquals(addressValue, null, "Address is null"): null&#xD;
&#xD;
2019-08-15 00:31:24 - [TEST_STEP][PASSED] - Assert.assertNotEquals(listingValue, null, "Listing is null"): null&#xD;
&#xD;
2019-08-15 00:31:26 - [TEST_STEP][PASSED] - Assert.assertNotEquals(bookingDateValue, null, "Booking date is null"): null&#xD;
&#xD;
2019-08-15 00:31:26 - [TEST_STEP][PASSED] - Assert.assertNotEquals(statusValue, null, "Status is null"): null&#xD;
&#xD;
2019-08-15 00:31:26 - [TEST_STEP][PASSED] - Assert.assertNotEquals(paymentValue, null, "Payment status is null"): null&#xD;
&#xD;
2019-08-15 00:31:26 - [TEST_STEP][PASSED] - out.println("Items == " + i + 1): null&#xD;
&#xD;
2019-08-15 00:31:26 - [TEST_STEP][PASSED] - orderValue = xpath("//*[@id='tab-5']/table/tbody/tr[" + i + 1 + "]/td[1]")).getText(): null&#xD;
&#xD;
2019-08-15 00:31:26 - [TEST_STEP][PASSED] - addressValue = xpath("//*[@id='tab-5']/table/tbody/tr[" + i + 1 + "]/td[2]")).getText(): null&#xD;
&#xD;
2019-08-15 00:31:26 - [TEST_STEP][PASSED] - listingValue = xpath("//*[@id='tab-5']/table/tbody/tr[" + i + 1 + "]/td[3]")).getText(): null&#xD;
&#xD;
2019-08-15 00:31:26 - [TEST_STEP][PASSED] - bookingDateValue = xpath("//*[@id='tab-5']/table/tbody/tr[" + i + 1 + "]/td[4]")).getText(): null&#xD;
&#xD;
2019-08-15 00:31:26 - [TEST_STEP][PASSED] - statusValue = xpath("//*[@id='tab-5']/table/tbody/tr[" + i + 1 + "]/td[5]")).getText(): null&#xD;
&#xD;
2019-08-15 00:31:27 - [TEST_STEP][PASSED] - paymentValue = xpath("//*[@id='tab-5']/table/tbody/tr[" + i + 1 + "]/td[6]")).getText(): null&#xD;
&#xD;
2019-08-15 00:31:27 - [TEST_STEP][PASSED] - order = driver.findElement(By.xpath("//*[@id='tab-5']/table/tbody/tr[" + i + 1 + "]/td[1]")): null&#xD;
&#xD;
2019-08-15 00:31:27 - [TEST_STEP][PASSED] - address = driver.findElement(By.xpath("//*[@id='tab-5']/table/tbody/tr[" + i + 1 + "]/td[2]")): null&#xD;
&#xD;
2019-08-15 00:31:27 - [TEST_STEP][PASSED] - listing = driver.findElement(By.xpath("//*[@id='tab-5']/table/tbody/tr[" + i + 1 + "]/td[3]")): null&#xD;
&#xD;
2019-08-15 00:31:27 - [TEST_STEP][PASSED] - bookingDate = driver.findElement(By.xpath("//*[@id='tab-5']/table/tbody/tr[" + i + 1 + "]/td[4]")): null&#xD;
&#xD;
2019-08-15 00:31:27 - [TEST_STEP][PASSED] - status = driver.findElement(By.xpath("//*[@id='tab-5']/table/tbody/tr[" + i + 1 + "]/td[5]")): null&#xD;
&#xD;
2019-08-15 00:31:27 - [TEST_STEP][PASSED] - paymentStatus = driver.findElement(By.xpath("//*[@id='tab-5']/table/tbody/tr[" + i + 1 + "]/td[6]")): null&#xD;
&#xD;
2019-08-15 00:31:27 - [TEST_STEP][PASSED] - js.executeScript("arguments[0].style.border='3px solid red'", order): null&#xD;
&#xD;
2019-08-15 00:31:27 - [TEST_STEP][PASSED] - js.executeScript("arguments[0].style.border='3px solid red'", address): null&#xD;
&#xD;
2019-08-15 00:31:27 - [TEST_STEP][PASSED] - js.executeScript("arguments[0].style.border='3px solid red'", listing): null&#xD;
&#xD;
2019-08-15 00:31:27 - [TEST_STEP][PASSED] - js.executeScript("arguments[0].style.border='3px solid red'", bookingDate): null&#xD;
&#xD;
2019-08-15 00:31:27 - [TEST_STEP][PASSED] - js.executeScript("arguments[0].style.border='3px solid red'", status): null&#xD;
&#xD;
2019-08-15 00:31:27 - [TEST_STEP][PASSED] - js.executeScript("arguments[0].style.border='3px solid red'", paymentStatus): null&#xD;
&#xD;
2019-08-15 00:31:27 - [TEST_STEP][PASSED] - out.println("OrderValues == " + orderValue): null&#xD;
&#xD;
2019-08-15 00:31:27 - [TEST_STEP][PASSED] - out.println("AddressValues == " + addressValue): null&#xD;
&#xD;
2019-08-15 00:31:27 - [TEST_STEP][PASSED] - out.println("ListingValues == " + listingValue): null&#xD;
&#xD;
2019-08-15 00:31:27 - [TEST_STEP][PASSED] - out.println("BookinDateValues == " + bookingDateValue): null&#xD;
&#xD;
2019-08-15 00:31:27 - [TEST_STEP][PASSED] - out.println("StatusValues == " + statusValue): null&#xD;
&#xD;
2019-08-15 00:31:27 - [TEST_STEP][PASSED] - out.println("PaymentStatusValues == " + paymentValue): null&#xD;
&#xD;
2019-08-15 00:31:27 - [TEST_STEP][PASSED] - Assert.assertNotEquals(orderValue, null, "Order number is null"): null&#xD;
&#xD;
2019-08-15 00:31:27 - [TEST_STEP][PASSED] - Assert.assertNotEquals(addressValue, null, "Address is null"): null&#xD;
&#xD;
2019-08-15 00:31:27 - [TEST_STEP][PASSED] - Assert.assertNotEquals(listingValue, null, "Listing is null"): null&#xD;
&#xD;
2019-08-15 00:31:27 - [TEST_STEP][PASSED] - Assert.assertNotEquals(bookingDateValue, null, "Booking date is null"): null&#xD;
&#xD;
2019-08-15 00:31:28 - [TEST_STEP][PASSED] - Assert.assertNotEquals(statusValue, null, "Status is null"): null&#xD;
&#xD;
2019-08-15 00:31:28 - [TEST_STEP][PASSED] - Assert.assertNotEquals(paymentValue, null, "Payment status is null"): null&#xD;
&#xD;
2019-08-15 00:31:28 - [TEST_STEP][PASSED] - out.println("Items == " + i + 1): null&#xD;
&#xD;
2019-08-15 00:31:28 - [TEST_STEP][PASSED] - orderValue = xpath("//*[@id='tab-5']/table/tbody/tr[" + i + 1 + "]/td[1]")).getText(): null&#xD;
&#xD;
2019-08-15 00:31:28 - [TEST_STEP][PASSED] - addressValue = xpath("//*[@id='tab-5']/table/tbody/tr[" + i + 1 + "]/td[2]")).getText(): null&#xD;
&#xD;
2019-08-15 00:31:28 - [TEST_STEP][PASSED] - listingValue = xpath("//*[@id='tab-5']/table/tbody/tr[" + i + 1 + "]/td[3]")).getText(): null&#xD;
&#xD;
2019-08-15 00:31:28 - [TEST_STEP][PASSED] - bookingDateValue = xpath("//*[@id='tab-5']/table/tbody/tr[" + i + 1 + "]/td[4]")).getText(): null&#xD;
&#xD;
2019-08-15 00:31:28 - [TEST_STEP][PASSED] - statusValue = xpath("//*[@id='tab-5']/table/tbody/tr[" + i + 1 + "]/td[5]")).getText(): null&#xD;
&#xD;
2019-08-15 00:31:28 - [TEST_STEP][PASSED] - paymentValue = xpath("//*[@id='tab-5']/table/tbody/tr[" + i + 1 + "]/td[6]")).getText(): null&#xD;
&#xD;
2019-08-15 00:31:28 - [TEST_STEP][PASSED] - order = driver.findElement(By.xpath("//*[@id='tab-5']/table/tbody/tr[" + i + 1 + "]/td[1]")): null&#xD;
&#xD;
2019-08-15 00:31:28 - [TEST_STEP][PASSED] - address = driver.findElement(By.xpath("//*[@id='tab-5']/table/tbody/tr[" + i + 1 + "]/td[2]")): null&#xD;
&#xD;
2019-08-15 00:31:28 - [TEST_STEP][PASSED] - listing = driver.findElement(By.xpath("//*[@id='tab-5']/table/tbody/tr[" + i + 1 + "]/td[3]")): null&#xD;
&#xD;
2019-08-15 00:31:28 - [TEST_STEP][PASSED] - bookingDate = driver.findElement(By.xpath("//*[@id='tab-5']/table/tbody/tr[" + i + 1 + "]/td[4]")): null&#xD;
&#xD;
2019-08-15 00:31:28 - [TEST_STEP][PASSED] - status = driver.findElement(By.xpath("//*[@id='tab-5']/table/tbody/tr[" + i + 1 + "]/td[5]")): null&#xD;
&#xD;
2019-08-15 00:31:28 - [TEST_STEP][PASSED] - paymentStatus = driver.findElement(By.xpath("//*[@id='tab-5']/table/tbody/tr[" + i + 1 + "]/td[6]")): null&#xD;
&#xD;
2019-08-15 00:31:28 - [TEST_STEP][PASSED] - js.executeScript("arguments[0].style.border='3px solid red'", order): null&#xD;
&#xD;
2019-08-15 00:31:28 - [TEST_STEP][PASSED] - js.executeScript("arguments[0].style.border='3px solid red'", address): null&#xD;
&#xD;
2019-08-15 00:31:28 - [TEST_STEP][PASSED] - js.executeScript("arguments[0].style.border='3px solid red'", listing): null&#xD;
&#xD;
2019-08-15 00:31:28 - [TEST_STEP][PASSED] - js.executeScript("arguments[0].style.border='3px solid red'", bookingDate): null&#xD;
&#xD;
2019-08-15 00:31:28 - [TEST_STEP][PASSED] - js.executeScript("arguments[0].style.border='3px solid red'", status): null&#xD;
&#xD;
2019-08-15 00:31:28 - [TEST_STEP][PASSED] - js.executeScript("arguments[0].style.border='3px solid red'", paymentStatus): null&#xD;
&#xD;
2019-08-15 00:31:28 - [TEST_STEP][PASSED] - out.println("OrderValues == " + orderValue): null&#xD;
&#xD;
2019-08-15 00:31:28 - [TEST_STEP][PASSED] - out.println("AddressValues == " + addressValue): null&#xD;
&#xD;
2019-08-15 00:31:28 - [TEST_STEP][PASSED] - out.println("ListingValues == " + listingValue): null&#xD;
&#xD;
2019-08-15 00:31:28 - [TEST_STEP][PASSED] - out.println("BookinDateValues == " + bookingDateValue): null&#xD;
&#xD;
2019-08-15 00:31:28 - [TEST_STEP][PASSED] - out.println("StatusValues == " + statusValue): null&#xD;
&#xD;
2019-08-15 00:31:28 - [TEST_STEP][PASSED] - out.println("PaymentStatusValues == " + paymentValue): null&#xD;
&#xD;
2019-08-15 00:31:28 - [TEST_STEP][PASSED] - Assert.assertNotEquals(orderValue, null, "Order number is null"): null&#xD;
&#xD;
2019-08-15 00:31:28 - [TEST_STEP][PASSED] - Assert.assertNotEquals(addressValue, null, "Address is null"): null&#xD;
&#xD;
2019-08-15 00:31:28 - [TEST_STEP][PASSED] - Assert.assertNotEquals(listingValue, null, "Listing is null"): null&#xD;
&#xD;
2019-08-15 00:31:28 - [TEST_STEP][PASSED] - Assert.assertNotEquals(bookingDateValue, null, "Booking date is null"): null&#xD;
&#xD;
2019-08-15 00:31:28 - [TEST_STEP][PASSED] - Assert.assertNotEquals(statusValue, null, "Status is null"): null&#xD;
&#xD;
2019-08-15 00:31:28 - [TEST_STEP][PASSED] - Assert.assertNotEquals(paymentValue, null, "Payment status is null"): null&#xD;
&#xD;
2019-08-15 00:31:28 - [TEST_STEP][PASSED] - out.println("Items == " + i + 1): null&#xD;
&#xD;
2019-08-15 00:31:28 - [TEST_STEP][PASSED] - orderValue = xpath("//*[@id='tab-5']/table/tbody/tr[" + i + 1 + "]/td[1]")).getText(): null&#xD;
&#xD;
2019-08-15 00:31:29 - [TEST_STEP][PASSED] - addressValue = xpath("//*[@id='tab-5']/table/tbody/tr[" + i + 1 + "]/td[2]")).getText(): null&#xD;
&#xD;
2019-08-15 00:31:29 - [TEST_STEP][PASSED] - listingValue = xpath("//*[@id='tab-5']/table/tbody/tr[" + i + 1 + "]/td[3]")).getText(): null&#xD;
&#xD;
2019-08-15 00:31:29 - [TEST_STEP][PASSED] - bookingDateValue = xpath("//*[@id='tab-5']/table/tbody/tr[" + i + 1 + "]/td[4]")).getText(): null&#xD;
&#xD;
2019-08-15 00:31:31 - [TEST_STEP][PASSED] - statusValue = xpath("//*[@id='tab-5']/table/tbody/tr[" + i + 1 + "]/td[5]")).getText(): null&#xD;
&#xD;
2019-08-15 00:31:31 - [TEST_STEP][PASSED] - paymentValue = xpath("//*[@id='tab-5']/table/tbody/tr[" + i + 1 + "]/td[6]")).getText(): null&#xD;
&#xD;
2019-08-15 00:31:31 - [TEST_STEP][PASSED] - order = driver.findElement(By.xpath("//*[@id='tab-5']/table/tbody/tr[" + i + 1 + "]/td[1]")): null&#xD;
&#xD;
2019-08-15 00:31:31 - [TEST_STEP][PASSED] - address = driver.findElement(By.xpath("//*[@id='tab-5']/table/tbody/tr[" + i + 1 + "]/td[2]")): null&#xD;
&#xD;
2019-08-15 00:31:31 - [TEST_STEP][PASSED] - listing = driver.findElement(By.xpath("//*[@id='tab-5']/table/tbody/tr[" + i + 1 + "]/td[3]")): null&#xD;
&#xD;
2019-08-15 00:31:31 - [TEST_STEP][PASSED] - bookingDate = driver.findElement(By.xpath("//*[@id='tab-5']/table/tbody/tr[" + i + 1 + "]/td[4]")): null&#xD;
&#xD;
2019-08-15 00:31:31 - [TEST_STEP][PASSED] - status = driver.findElement(By.xpath("//*[@id='tab-5']/table/tbody/tr[" + i + 1 + "]/td[5]")): null&#xD;
&#xD;
2019-08-15 00:31:31 - [TEST_STEP][PASSED] - paymentStatus = driver.findElement(By.xpath("//*[@id='tab-5']/table/tbody/tr[" + i + 1 + "]/td[6]")): null&#xD;
&#xD;
2019-08-15 00:31:31 - [TEST_STEP][PASSED] - js.executeScript("arguments[0].style.border='3px solid red'", order): null&#xD;
&#xD;
2019-08-15 00:31:31 - [TEST_STEP][PASSED] - js.executeScript("arguments[0].style.border='3px solid red'", address): null&#xD;
&#xD;
2019-08-15 00:31:31 - [TEST_STEP][PASSED] - js.executeScript("arguments[0].style.border='3px solid red'", listing): null&#xD;
&#xD;
2019-08-15 00:31:31 - [TEST_STEP][PASSED] - js.executeScript("arguments[0].style.border='3px solid red'", bookingDate): null&#xD;
&#xD;
2019-08-15 00:31:31 - [TEST_STEP][PASSED] - js.executeScript("arguments[0].style.border='3px solid red'", status): null&#xD;
&#xD;
2019-08-15 00:31:31 - [TEST_STEP][PASSED] - js.executeScript("arguments[0].style.border='3px solid red'", paymentStatus): null&#xD;
&#xD;
2019-08-15 00:31:31 - [TEST_STEP][PASSED] - out.println("OrderValues == " + orderValue): null&#xD;
&#xD;
2019-08-15 00:31:31 - [TEST_STEP][PASSED] - out.println("AddressValues == " + addressValue): null&#xD;
&#xD;
2019-08-15 00:31:31 - [TEST_STEP][PASSED] - out.println("ListingValues == " + listingValue): null&#xD;
&#xD;
2019-08-15 00:31:31 - [TEST_STEP][PASSED] - out.println("BookinDateValues == " + bookingDateValue): null&#xD;
&#xD;
2019-08-15 00:31:31 - [TEST_STEP][PASSED] - out.println("StatusValues == " + statusValue): null&#xD;
&#xD;
2019-08-15 00:31:31 - [TEST_STEP][PASSED] - out.println("PaymentStatusValues == " + paymentValue): null&#xD;
&#xD;
2019-08-15 00:31:31 - [TEST_STEP][PASSED] - Assert.assertNotEquals(orderValue, null, "Order number is null"): null&#xD;
&#xD;
2019-08-15 00:31:31 - [TEST_STEP][PASSED] - Assert.assertNotEquals(addressValue, null, "Address is null"): null&#xD;
&#xD;
2019-08-15 00:31:31 - [TEST_STEP][PASSED] - Assert.assertNotEquals(listingValue, null, "Listing is null"): null&#xD;
&#xD;
2019-08-15 00:31:31 - [TEST_STEP][PASSED] - Assert.assertNotEquals(bookingDateValue, null, "Booking date is null"): null&#xD;
&#xD;
2019-08-15 00:31:31 - [TEST_STEP][PASSED] - Assert.assertNotEquals(statusValue, null, "Status is null"): null&#xD;
&#xD;
2019-08-15 00:31:31 - [TEST_STEP][PASSED] - Assert.assertNotEquals(paymentValue, null, "Payment status is null"): null&#xD;
&#xD;
2019-08-15 00:31:31 - [TEST_STEP][PASSED] - out.println("Items == " + i + 1): null&#xD;
&#xD;
2019-08-15 00:31:31 - [TEST_STEP][PASSED] - orderValue = xpath("//*[@id='tab-5']/table/tbody/tr[" + i + 1 + "]/td[1]")).getText(): null&#xD;
&#xD;
2019-08-15 00:31:31 - [TEST_STEP][PASSED] - addressValue = xpath("//*[@id='tab-5']/table/tbody/tr[" + i + 1 + "]/td[2]")).getText(): null&#xD;
&#xD;
2019-08-15 00:31:31 - [TEST_STEP][PASSED] - listingValue = xpath("//*[@id='tab-5']/table/tbody/tr[" + i + 1 + "]/td[3]")).getText(): null&#xD;
&#xD;
2019-08-15 00:31:31 - [TEST_STEP][PASSED] - bookingDateValue = xpath("//*[@id='tab-5']/table/tbody/tr[" + i + 1 + "]/td[4]")).getText(): null&#xD;
&#xD;
2019-08-15 00:31:33 - [TEST_STEP][PASSED] - statusValue = xpath("//*[@id='tab-5']/table/tbody/tr[" + i + 1 + "]/td[5]")).getText(): null&#xD;
&#xD;
2019-08-15 00:31:33 - [TEST_STEP][PASSED] - paymentValue = xpath("//*[@id='tab-5']/table/tbody/tr[" + i + 1 + "]/td[6]")).getText(): null&#xD;
&#xD;
2019-08-15 00:31:33 - [TEST_STEP][PASSED] - order = driver.findElement(By.xpath("//*[@id='tab-5']/table/tbody/tr[" + i + 1 + "]/td[1]")): null&#xD;
&#xD;
2019-08-15 00:31:33 - [TEST_STEP][PASSED] - address = driver.findElement(By.xpath("//*[@id='tab-5']/table/tbody/tr[" + i + 1 + "]/td[2]")): null&#xD;
&#xD;
2019-08-15 00:31:33 - [TEST_STEP][PASSED] - listing = driver.findElement(By.xpath("//*[@id='tab-5']/table/tbody/tr[" + i + 1 + "]/td[3]")): null&#xD;
&#xD;
2019-08-15 00:31:33 - [TEST_STEP][PASSED] - bookingDate = driver.findElement(By.xpath("//*[@id='tab-5']/table/tbody/tr[" + i + 1 + "]/td[4]")): null&#xD;
&#xD;
2019-08-15 00:31:33 - [TEST_STEP][PASSED] - status = driver.findElement(By.xpath("//*[@id='tab-5']/table/tbody/tr[" + i + 1 + "]/td[5]")): null&#xD;
&#xD;
2019-08-15 00:31:33 - [TEST_STEP][PASSED] - paymentStatus = driver.findElement(By.xpath("//*[@id='tab-5']/table/tbody/tr[" + i + 1 + "]/td[6]")): null&#xD;
&#xD;
2019-08-15 00:31:33 - [TEST_STEP][PASSED] - js.executeScript("arguments[0].style.border='3px solid red'", order): null&#xD;
&#xD;
2019-08-15 00:31:33 - [TEST_STEP][PASSED] - js.executeScript("arguments[0].style.border='3px solid red'", address): null&#xD;
&#xD;
2019-08-15 00:31:33 - [TEST_STEP][PASSED] - js.executeScript("arguments[0].style.border='3px solid red'", listing): null&#xD;
&#xD;
2019-08-15 00:31:33 - [TEST_STEP][PASSED] - js.executeScript("arguments[0].style.border='3px solid red'", bookingDate): null&#xD;
&#xD;
2019-08-15 00:31:33 - [TEST_STEP][PASSED] - js.executeScript("arguments[0].style.border='3px solid red'", status): null&#xD;
&#xD;
2019-08-15 00:31:33 - [TEST_STEP][PASSED] - js.executeScript("arguments[0].style.border='3px solid red'", paymentStatus): null&#xD;
&#xD;
2019-08-15 00:31:33 - [TEST_STEP][PASSED] - out.println("OrderValues == " + orderValue): null&#xD;
&#xD;
2019-08-15 00:31:33 - [TEST_STEP][PASSED] - out.println("AddressValues == " + addressValue): null&#xD;
&#xD;
2019-08-15 00:31:33 - [TEST_STEP][PASSED] - out.println("ListingValues == " + listingValue): null&#xD;
&#xD;
2019-08-15 00:31:33 - [TEST_STEP][PASSED] - out.println("BookinDateValues == " + bookingDateValue): null&#xD;
&#xD;
2019-08-15 00:31:33 - [TEST_STEP][PASSED] - out.println("StatusValues == " + statusValue): null&#xD;
&#xD;
2019-08-15 00:31:33 - [TEST_STEP][PASSED] - out.println("PaymentStatusValues == " + paymentValue): null&#xD;
&#xD;
2019-08-15 00:31:33 - [TEST_STEP][PASSED] - Assert.assertNotEquals(orderValue, null, "Order number is null"): null&#xD;
&#xD;
2019-08-15 00:31:33 - [TEST_STEP][PASSED] - Assert.assertNotEquals(addressValue, null, "Address is null"): null&#xD;
&#xD;
2019-08-15 00:31:33 - [TEST_STEP][PASSED] - Assert.assertNotEquals(listingValue, null, "Listing is null"): null&#xD;
&#xD;
2019-08-15 00:31:33 - [TEST_STEP][PASSED] - Assert.assertNotEquals(bookingDateValue, null, "Booking date is null"): null&#xD;
&#xD;
2019-08-15 00:31:33 - [TEST_STEP][PASSED] - Assert.assertNotEquals(statusValue, null, "Status is null"): null&#xD;
&#xD;
2019-08-15 00:31:33 - [TEST_STEP][PASSED] - Assert.assertNotEquals(paymentValue, null, "Payment status is null"): null&#xD;
&#xD;
2019-08-15 00:31:33 - [TEST_STEP][PASSED] - out.println("Items == " + i + 1): null&#xD;
&#xD;
2019-08-15 00:31:33 - [TEST_STEP][PASSED] - orderValue = xpath("//*[@id='tab-5']/table/tbody/tr[" + i + 1 + "]/td[1]")).getText(): null&#xD;
&#xD;
2019-08-15 00:31:33 - [TEST_STEP][PASSED] - addressValue = xpath("//*[@id='tab-5']/table/tbody/tr[" + i + 1 + "]/td[2]")).getText(): null&#xD;
&#xD;
2019-08-15 00:31:33 - [TEST_STEP][PASSED] - listingValue = xpath("//*[@id='tab-5']/table/tbody/tr[" + i + 1 + "]/td[3]")).getText(): null&#xD;
&#xD;
2019-08-15 00:31:33 - [TEST_STEP][PASSED] - bookingDateValue = xpath("//*[@id='tab-5']/table/tbody/tr[" + i + 1 + "]/td[4]")).getText(): null&#xD;
&#xD;
2019-08-15 00:31:33 - [TEST_STEP][PASSED] - statusValue = xpath("//*[@id='tab-5']/table/tbody/tr[" + i + 1 + "]/td[5]")).getText(): null&#xD;
&#xD;
2019-08-15 00:31:33 - [TEST_STEP][PASSED] - paymentValue = xpath("//*[@id='tab-5']/table/tbody/tr[" + i + 1 + "]/td[6]")).getText(): null&#xD;
&#xD;
2019-08-15 00:31:33 - [TEST_STEP][PASSED] - order = driver.findElement(By.xpath("//*[@id='tab-5']/table/tbody/tr[" + i + 1 + "]/td[1]")): null&#xD;
&#xD;
2019-08-15 00:31:34 - [TEST_STEP][PASSED] - address = driver.findElement(By.xpath("//*[@id='tab-5']/table/tbody/tr[" + i + 1 + "]/td[2]")): null&#xD;
&#xD;
2019-08-15 00:31:34 - [TEST_STEP][PASSED] - listing = driver.findElement(By.xpath("//*[@id='tab-5']/table/tbody/tr[" + i + 1 + "]/td[3]")): null&#xD;
&#xD;
2019-08-15 00:31:34 - [TEST_STEP][PASSED] - bookingDate = driver.findElement(By.xpath("//*[@id='tab-5']/table/tbody/tr[" + i + 1 + "]/td[4]")): null&#xD;
&#xD;
2019-08-15 00:31:36 - [TEST_STEP][PASSED] - status = driver.findElement(By.xpath("//*[@id='tab-5']/table/tbody/tr[" + i + 1 + "]/td[5]")): null&#xD;
&#xD;
2019-08-15 00:31:36 - [TEST_STEP][PASSED] - paymentStatus = driver.findElement(By.xpath("//*[@id='tab-5']/table/tbody/tr[" + i + 1 + "]/td[6]")): null&#xD;
&#xD;
2019-08-15 00:31:36 - [TEST_STEP][PASSED] - js.executeScript("arguments[0].style.border='3px solid red'", order): null&#xD;
&#xD;
2019-08-15 00:31:36 - [TEST_STEP][PASSED] - js.executeScript("arguments[0].style.border='3px solid red'", address): null&#xD;
&#xD;
2019-08-15 00:31:36 - [TEST_STEP][PASSED] - js.executeScript("arguments[0].style.border='3px solid red'", listing): null&#xD;
&#xD;
2019-08-15 00:31:36 - [TEST_STEP][PASSED] - js.executeScript("arguments[0].style.border='3px solid red'", bookingDate): null&#xD;
&#xD;
2019-08-15 00:31:36 - [TEST_STEP][PASSED] - js.executeScript("arguments[0].style.border='3px solid red'", status): null&#xD;
&#xD;
2019-08-15 00:31:36 - [TEST_STEP][PASSED] - js.executeScript("arguments[0].style.border='3px solid red'", paymentStatus): null&#xD;
&#xD;
2019-08-15 00:31:36 - [TEST_STEP][PASSED] - out.println("OrderValues == " + orderValue): null&#xD;
&#xD;
2019-08-15 00:31:36 - [TEST_STEP][PASSED] - out.println("AddressValues == " + addressValue): null&#xD;
&#xD;
2019-08-15 00:31:36 - [TEST_STEP][PASSED] - out.println("ListingValues == " + listingValue): null&#xD;
&#xD;
2019-08-15 00:31:36 - [TEST_STEP][PASSED] - out.println("BookinDateValues == " + bookingDateValue): null&#xD;
&#xD;
2019-08-15 00:31:36 - [TEST_STEP][PASSED] - out.println("StatusValues == " + statusValue): null&#xD;
&#xD;
2019-08-15 00:31:36 - [TEST_STEP][PASSED] - out.println("PaymentStatusValues == " + paymentValue): null&#xD;
&#xD;
2019-08-15 00:31:36 - [TEST_STEP][PASSED] - Assert.assertNotEquals(orderValue, null, "Order number is null"): null&#xD;
&#xD;
2019-08-15 00:31:36 - [TEST_STEP][PASSED] - Assert.assertNotEquals(addressValue, null, "Address is null"): null&#xD;
&#xD;
2019-08-15 00:31:36 - [TEST_STEP][PASSED] - Assert.assertNotEquals(listingValue, null, "Listing is null"): null&#xD;
&#xD;
2019-08-15 00:31:36 - [TEST_STEP][PASSED] - Assert.assertNotEquals(bookingDateValue, null, "Booking date is null"): null&#xD;
&#xD;
2019-08-15 00:31:36 - [TEST_STEP][PASSED] - Assert.assertNotEquals(statusValue, null, "Status is null"): null&#xD;
&#xD;
2019-08-15 00:31:36 - [TEST_STEP][PASSED] - Assert.assertNotEquals(paymentValue, null, "Payment status is null"): null&#xD;
&#xD;
2019-08-15 00:31:36 - [TEST_STEP][PASSED] - out.println("Items == " + i + 1): null&#xD;
&#xD;
2019-08-15 00:31:36 - [TEST_STEP][PASSED] - orderValue = xpath("//*[@id='tab-5']/table/tbody/tr[" + i + 1 + "]/td[1]")).getText(): null&#xD;
&#xD;
2019-08-15 00:31:36 - [TEST_STEP][PASSED] - addressValue = xpath("//*[@id='tab-5']/table/tbody/tr[" + i + 1 + "]/td[2]")).getText(): null&#xD;
&#xD;
2019-08-15 00:31:36 - [TEST_STEP][PASSED] - listingValue = xpath("//*[@id='tab-5']/table/tbody/tr[" + i + 1 + "]/td[3]")).getText(): null&#xD;
&#xD;
2019-08-15 00:31:37 - [TEST_STEP][PASSED] - bookingDateValue = xpath("//*[@id='tab-5']/table/tbody/tr[" + i + 1 + "]/td[4]")).getText(): null&#xD;
&#xD;
2019-08-15 00:31:37 - [TEST_STEP][PASSED] - statusValue = xpath("//*[@id='tab-5']/table/tbody/tr[" + i + 1 + "]/td[5]")).getText(): null&#xD;
&#xD;
2019-08-15 00:31:37 - [TEST_STEP][PASSED] - paymentValue = xpath("//*[@id='tab-5']/table/tbody/tr[" + i + 1 + "]/td[6]")).getText(): null&#xD;
&#xD;
2019-08-15 00:31:37 - [TEST_STEP][PASSED] - order = driver.findElement(By.xpath("//*[@id='tab-5']/table/tbody/tr[" + i + 1 + "]/td[1]")): null&#xD;
&#xD;
2019-08-15 00:31:37 - [TEST_STEP][PASSED] - address = driver.findElement(By.xpath("//*[@id='tab-5']/table/tbody/tr[" + i + 1 + "]/td[2]")): null&#xD;
&#xD;
2019-08-15 00:31:37 - [TEST_STEP][PASSED] - listing = driver.findElement(By.xpath("//*[@id='tab-5']/table/tbody/tr[" + i + 1 + "]/td[3]")): null&#xD;
&#xD;
2019-08-15 00:31:37 - [TEST_STEP][PASSED] - bookingDate = driver.findElement(By.xpath("//*[@id='tab-5']/table/tbody/tr[" + i + 1 + "]/td[4]")): null&#xD;
&#xD;
2019-08-15 00:31:37 - [TEST_STEP][PASSED] - status = driver.findElement(By.xpath("//*[@id='tab-5']/table/tbody/tr[" + i + 1 + "]/td[5]")): null&#xD;
&#xD;
2019-08-15 00:31:39 - [TEST_STEP][PASSED] - paymentStatus = driver.findElement(By.xpath("//*[@id='tab-5']/table/tbody/tr[" + i + 1 + "]/td[6]")): null&#xD;
&#xD;
2019-08-15 00:31:39 - [TEST_STEP][PASSED] - js.executeScript("arguments[0].style.border='3px solid red'", order): null&#xD;
&#xD;
2019-08-15 00:31:39 - [TEST_STEP][PASSED] - js.executeScript("arguments[0].style.border='3px solid red'", address): null&#xD;
&#xD;
2019-08-15 00:31:39 - [TEST_STEP][PASSED] - js.executeScript("arguments[0].style.border='3px solid red'", listing): null&#xD;
&#xD;
2019-08-15 00:31:39 - [TEST_STEP][PASSED] - js.executeScript("arguments[0].style.border='3px solid red'", bookingDate): null&#xD;
&#xD;
2019-08-15 00:31:39 - [TEST_STEP][PASSED] - js.executeScript("arguments[0].style.border='3px solid red'", status): null&#xD;
&#xD;
2019-08-15 00:31:39 - [TEST_STEP][PASSED] - js.executeScript("arguments[0].style.border='3px solid red'", paymentStatus): null&#xD;
&#xD;
2019-08-15 00:31:39 - [TEST_STEP][PASSED] - out.println("OrderValues == " + orderValue): null&#xD;
&#xD;
2019-08-15 00:31:39 - [TEST_STEP][PASSED] - out.println("AddressValues == " + addressValue): null&#xD;
&#xD;
2019-08-15 00:31:39 - [TEST_STEP][PASSED] - out.println("ListingValues == " + listingValue): null&#xD;
&#xD;
2019-08-15 00:31:39 - [TEST_STEP][PASSED] - out.println("BookinDateValues == " + bookingDateValue): null&#xD;
&#xD;
2019-08-15 00:31:39 - [TEST_STEP][PASSED] - out.println("StatusValues == " + statusValue): null&#xD;
&#xD;
2019-08-15 00:31:39 - [TEST_STEP][PASSED] - out.println("PaymentStatusValues == " + paymentValue): null&#xD;
&#xD;
2019-08-15 00:31:39 - [TEST_STEP][PASSED] - Assert.assertNotEquals(orderValue, null, "Order number is null"): null&#xD;
&#xD;
2019-08-15 00:31:39 - [TEST_STEP][PASSED] - Assert.assertNotEquals(addressValue, null, "Address is null"): null&#xD;
&#xD;
2019-08-15 00:31:39 - [TEST_STEP][PASSED] - Assert.assertNotEquals(listingValue, null, "Listing is null"): null&#xD;
&#xD;
2019-08-15 00:31:39 - [TEST_STEP][PASSED] - Assert.assertNotEquals(bookingDateValue, null, "Booking date is null"): null&#xD;
&#xD;
2019-08-15 00:31:39 - [TEST_STEP][PASSED] - Assert.assertNotEquals(statusValue, null, "Status is null"): null&#xD;
&#xD;
2019-08-15 00:31:39 - [TEST_STEP][PASSED] - Assert.assertNotEquals(paymentValue, null, "Payment status is null"): null&#xD;
&#xD;
2019-08-15 00:31:39 - [TEST_STEP][PASSED] - out.println("Items == " + i + 1): null&#xD;
&#xD;
2019-08-15 00:31:39 - [TEST_STEP][PASSED] - orderValue = xpath("//*[@id='tab-5']/table/tbody/tr[" + i + 1 + "]/td[1]")).getText(): null&#xD;
&#xD;
2019-08-15 00:31:39 - [TEST_STEP][PASSED] - addressValue = xpath("//*[@id='tab-5']/table/tbody/tr[" + i + 1 + "]/td[2]")).getText(): null&#xD;
&#xD;
2019-08-15 00:31:39 - [TEST_STEP][PASSED] - listingValue = xpath("//*[@id='tab-5']/table/tbody/tr[" + i + 1 + "]/td[3]")).getText(): null&#xD;
&#xD;
2019-08-15 00:31:39 - [TEST_STEP][PASSED] - bookingDateValue = xpath("//*[@id='tab-5']/table/tbody/tr[" + i + 1 + "]/td[4]")).getText(): null&#xD;
&#xD;
2019-08-15 00:31:39 - [TEST_STEP][PASSED] - statusValue = xpath("//*[@id='tab-5']/table/tbody/tr[" + i + 1 + "]/td[5]")).getText(): null&#xD;
&#xD;
2019-08-15 00:31:39 - [TEST_STEP][PASSED] - paymentValue = xpath("//*[@id='tab-5']/table/tbody/tr[" + i + 1 + "]/td[6]")).getText(): null&#xD;
&#xD;
2019-08-15 00:31:39 - [TEST_STEP][PASSED] - order = driver.findElement(By.xpath("//*[@id='tab-5']/table/tbody/tr[" + i + 1 + "]/td[1]")): null&#xD;
&#xD;
2019-08-15 00:31:39 - [TEST_STEP][PASSED] - address = driver.findElement(By.xpath("//*[@id='tab-5']/table/tbody/tr[" + i + 1 + "]/td[2]")): null&#xD;
&#xD;
2019-08-15 00:31:39 - [TEST_STEP][PASSED] - listing = driver.findElement(By.xpath("//*[@id='tab-5']/table/tbody/tr[" + i + 1 + "]/td[3]")): null&#xD;
&#xD;
2019-08-15 00:31:39 - [TEST_STEP][PASSED] - bookingDate = driver.findElement(By.xpath("//*[@id='tab-5']/table/tbody/tr[" + i + 1 + "]/td[4]")): null&#xD;
&#xD;
2019-08-15 00:31:39 - [TEST_STEP][PASSED] - status = driver.findElement(By.xpath("//*[@id='tab-5']/table/tbody/tr[" + i + 1 + "]/td[5]")): null&#xD;
&#xD;
2019-08-15 00:31:39 - [TEST_STEP][PASSED] - paymentStatus = driver.findElement(By.xpath("//*[@id='tab-5']/table/tbody/tr[" + i + 1 + "]/td[6]")): null&#xD;
&#xD;
2019-08-15 00:31:39 - [TEST_STEP][PASSED] - js.executeScript("arguments[0].style.border='3px solid red'", order): null&#xD;
&#xD;
2019-08-15 00:31:39 - [TEST_STEP][PASSED] - js.executeScript("arguments[0].style.border='3px solid red'", address): null&#xD;
&#xD;
2019-08-15 00:31:39 - [TEST_STEP][PASSED] - js.executeScript("arguments[0].style.border='3px solid red'", listing): null&#xD;
&#xD;
2019-08-15 00:31:39 - [TEST_STEP][PASSED] - js.executeScript("arguments[0].style.border='3px solid red'", bookingDate): null&#xD;
&#xD;
2019-08-15 00:31:39 - [TEST_STEP][PASSED] - js.executeScript("arguments[0].style.border='3px solid red'", status): null&#xD;
&#xD;
2019-08-15 00:31:39 - [TEST_STEP][PASSED] - js.executeScript("arguments[0].style.border='3px solid red'", paymentStatus): null&#xD;
&#xD;
2019-08-15 00:31:43 - [TEST_STEP][PASSED] - out.println("OrderValues == " + orderValue): null&#xD;
&#xD;
2019-08-15 00:31:43 - [TEST_STEP][PASSED] - out.println("AddressValues == " + addressValue): null&#xD;
&#xD;
2019-08-15 00:31:43 - [TEST_STEP][PASSED] - out.println("ListingValues == " + listingValue): null&#xD;
&#xD;
2019-08-15 00:31:43 - [TEST_STEP][PASSED] - out.println("BookinDateValues == " + bookingDateValue): null&#xD;
&#xD;
2019-08-15 00:31:43 - [TEST_STEP][PASSED] - out.println("StatusValues == " + statusValue): null&#xD;
&#xD;
2019-08-15 00:31:43 - [TEST_STEP][PASSED] - out.println("PaymentStatusValues == " + paymentValue): null&#xD;
&#xD;
2019-08-15 00:31:43 - [TEST_STEP][PASSED] - Assert.assertNotEquals(orderValue, null, "Order number is null"): null&#xD;
&#xD;
2019-08-15 00:31:43 - [TEST_STEP][PASSED] - Assert.assertNotEquals(addressValue, null, "Address is null"): null&#xD;
&#xD;
2019-08-15 00:31:43 - [TEST_STEP][PASSED] - Assert.assertNotEquals(listingValue, null, "Listing is null"): null&#xD;
&#xD;
2019-08-15 00:31:43 - [TEST_STEP][PASSED] - Assert.assertNotEquals(bookingDateValue, null, "Booking date is null"): null&#xD;
&#xD;
2019-08-15 00:31:43 - [TEST_STEP][PASSED] - Assert.assertNotEquals(statusValue, null, "Status is null"): null&#xD;
&#xD;
2019-08-15 00:31:43 - [TEST_STEP][PASSED] - Assert.assertNotEquals(paymentValue, null, "Payment status is null"): null&#xD;
&#xD;
2019-08-15 00:31:43 - [TEST_STEP][PASSED] - out.println("Items == " + i + 1): null&#xD;
&#xD;
2019-08-15 00:31:43 - [TEST_STEP][PASSED] - orderValue = xpath("//*[@id='tab-5']/table/tbody/tr[" + i + 1 + "]/td[1]")).getText(): null&#xD;
&#xD;
2019-08-15 00:31:43 - [TEST_STEP][PASSED] - addressValue = xpath("//*[@id='tab-5']/table/tbody/tr[" + i + 1 + "]/td[2]")).getText(): null&#xD;
&#xD;
2019-08-15 00:31:43 - [TEST_STEP][PASSED] - listingValue = xpath("//*[@id='tab-5']/table/tbody/tr[" + i + 1 + "]/td[3]")).getText(): null&#xD;
&#xD;
2019-08-15 00:31:43 - [TEST_STEP][PASSED] - bookingDateValue = xpath("//*[@id='tab-5']/table/tbody/tr[" + i + 1 + "]/td[4]")).getText(): null&#xD;
&#xD;
2019-08-15 00:31:43 - [TEST_STEP][PASSED] - statusValue = xpath("//*[@id='tab-5']/table/tbody/tr[" + i + 1 + "]/td[5]")).getText(): null&#xD;
&#xD;
2019-08-15 00:31:43 - [TEST_STEP][PASSED] - paymentValue = xpath("//*[@id='tab-5']/table/tbody/tr[" + i + 1 + "]/td[6]")).getText(): null&#xD;
&#xD;
2019-08-15 00:31:43 - [TEST_STEP][PASSED] - order = driver.findElement(By.xpath("//*[@id='tab-5']/table/tbody/tr[" + i + 1 + "]/td[1]")): null&#xD;
&#xD;
2019-08-15 00:31:43 - [TEST_STEP][PASSED] - address = driver.findElement(By.xpath("//*[@id='tab-5']/table/tbody/tr[" + i + 1 + "]/td[2]")): null&#xD;
&#xD;
2019-08-15 00:31:43 - [TEST_STEP][PASSED] - listing = driver.findElement(By.xpath("//*[@id='tab-5']/table/tbody/tr[" + i + 1 + "]/td[3]")): null&#xD;
&#xD;
2019-08-15 00:31:43 - [TEST_STEP][PASSED] - bookingDate = driver.findElement(By.xpath("//*[@id='tab-5']/table/tbody/tr[" + i + 1 + "]/td[4]")): null&#xD;
&#xD;
2019-08-15 00:31:43 - [TEST_STEP][PASSED] - status = driver.findElement(By.xpath("//*[@id='tab-5']/table/tbody/tr[" + i + 1 + "]/td[5]")): null&#xD;
&#xD;
2019-08-15 00:31:43 - [TEST_STEP][PASSED] - paymentStatus = driver.findElement(By.xpath("//*[@id='tab-5']/table/tbody/tr[" + i + 1 + "]/td[6]")): null&#xD;
&#xD;
2019-08-15 00:31:43 - [TEST_STEP][PASSED] - js.executeScript("arguments[0].style.border='3px solid red'", order): null&#xD;
&#xD;
2019-08-15 00:31:43 - [TEST_STEP][PASSED] - js.executeScript("arguments[0].style.border='3px solid red'", address): null&#xD;
&#xD;
2019-08-15 00:31:43 - [TEST_STEP][PASSED] - js.executeScript("arguments[0].style.border='3px solid red'", listing): null&#xD;
&#xD;
2019-08-15 00:31:43 - [TEST_STEP][PASSED] - js.executeScript("arguments[0].style.border='3px solid red'", bookingDate): null&#xD;
&#xD;
2019-08-15 00:31:44 - [TEST_STEP][PASSED] - js.executeScript("arguments[0].style.border='3px solid red'", status): null&#xD;
&#xD;
2019-08-15 00:31:44 - [TEST_STEP][PASSED] - js.executeScript("arguments[0].style.border='3px solid red'", paymentStatus): null&#xD;
&#xD;
2019-08-15 00:31:46 - [TEST_STEP][PASSED] - out.println("OrderValues == " + orderValue): null&#xD;
&#xD;
2019-08-15 00:31:46 - [TEST_STEP][PASSED] - out.println("AddressValues == " + addressValue): null&#xD;
&#xD;
2019-08-15 00:31:46 - [TEST_STEP][PASSED] - out.println("ListingValues == " + listingValue): null&#xD;
&#xD;
2019-08-15 00:31:46 - [TEST_STEP][PASSED] - out.println("BookinDateValues == " + bookingDateValue): null&#xD;
&#xD;
2019-08-15 00:31:46 - [TEST_STEP][PASSED] - out.println("StatusValues == " + statusValue): null&#xD;
&#xD;
2019-08-15 00:31:46 - [TEST_STEP][PASSED] - out.println("PaymentStatusValues == " + paymentValue): null&#xD;
&#xD;
2019-08-15 00:31:46 - [TEST_STEP][PASSED] - Assert.assertNotEquals(orderValue, null, "Order number is null"): null&#xD;
&#xD;
2019-08-15 00:31:46 - [TEST_STEP][PASSED] - Assert.assertNotEquals(addressValue, null, "Address is null"): null&#xD;
&#xD;
2019-08-15 00:31:46 - [TEST_STEP][PASSED] - Assert.assertNotEquals(listingValue, null, "Listing is null"): null&#xD;
&#xD;
2019-08-15 00:31:46 - [TEST_STEP][PASSED] - Assert.assertNotEquals(bookingDateValue, null, "Booking date is null"): null&#xD;
&#xD;
2019-08-15 00:31:46 - [TEST_STEP][PASSED] - Assert.assertNotEquals(statusValue, null, "Status is null"): null&#xD;
&#xD;
2019-08-15 00:31:46 - [TEST_STEP][PASSED] - Assert.assertNotEquals(paymentValue, null, "Payment status is null"): null&#xD;
&#xD;
2019-08-15 00:31:46 - [TEST_STEP][PASSED] - out.println("Items == " + i + 1): null&#xD;
&#xD;
2019-08-15 00:31:46 - [TEST_STEP][PASSED] - orderValue = xpath("//*[@id='tab-5']/table/tbody/tr[" + i + 1 + "]/td[1]")).getText(): null&#xD;
&#xD;
2019-08-15 00:31:46 - [TEST_STEP][PASSED] - addressValue = xpath("//*[@id='tab-5']/table/tbody/tr[" + i + 1 + "]/td[2]")).getText(): null&#xD;
&#xD;
2019-08-15 00:31:46 - [TEST_STEP][PASSED] - listingValue = xpath("//*[@id='tab-5']/table/tbody/tr[" + i + 1 + "]/td[3]")).getText(): null&#xD;
&#xD;
2019-08-15 00:31:46 - [TEST_STEP][PASSED] - bookingDateValue = xpath("//*[@id='tab-5']/table/tbody/tr[" + i + 1 + "]/td[4]")).getText(): null&#xD;
&#xD;
2019-08-15 00:31:46 - [TEST_STEP][PASSED] - statusValue = xpath("//*[@id='tab-5']/table/tbody/tr[" + i + 1 + "]/td[5]")).getText(): null&#xD;
&#xD;
2019-08-15 00:31:46 - [TEST_STEP][PASSED] - paymentValue = xpath("//*[@id='tab-5']/table/tbody/tr[" + i + 1 + "]/td[6]")).getText(): null&#xD;
&#xD;
2019-08-15 00:31:46 - [TEST_STEP][PASSED] - order = driver.findElement(By.xpath("//*[@id='tab-5']/table/tbody/tr[" + i + 1 + "]/td[1]")): null&#xD;
&#xD;
2019-08-15 00:31:46 - [TEST_STEP][PASSED] - address = driver.findElement(By.xpath("//*[@id='tab-5']/table/tbody/tr[" + i + 1 + "]/td[2]")): null&#xD;
&#xD;
2019-08-15 00:31:46 - [TEST_STEP][PASSED] - listing = driver.findElement(By.xpath("//*[@id='tab-5']/table/tbody/tr[" + i + 1 + "]/td[3]")): null&#xD;
&#xD;
2019-08-15 00:31:46 - [TEST_STEP][PASSED] - bookingDate = driver.findElement(By.xpath("//*[@id='tab-5']/table/tbody/tr[" + i + 1 + "]/td[4]")): null&#xD;
&#xD;
2019-08-15 00:31:46 - [TEST_STEP][PASSED] - status = driver.findElement(By.xpath("//*[@id='tab-5']/table/tbody/tr[" + i + 1 + "]/td[5]")): null&#xD;
&#xD;
2019-08-15 00:31:46 - [TEST_STEP][PASSED] - paymentStatus = driver.findElement(By.xpath("//*[@id='tab-5']/table/tbody/tr[" + i + 1 + "]/td[6]")): null&#xD;
&#xD;
2019-08-15 00:31:46 - [TEST_STEP][PASSED] - js.executeScript("arguments[0].style.border='3px solid red'", order): null&#xD;
&#xD;
2019-08-15 00:31:46 - [TEST_STEP][PASSED] - js.executeScript("arguments[0].style.border='3px solid red'", address): null&#xD;
&#xD;
2019-08-15 00:31:46 - [TEST_STEP][PASSED] - js.executeScript("arguments[0].style.border='3px solid red'", listing): null&#xD;
&#xD;
2019-08-15 00:31:46 - [TEST_STEP][PASSED] - js.executeScript("arguments[0].style.border='3px solid red'", bookingDate): null&#xD;
&#xD;
2019-08-15 00:31:46 - [TEST_STEP][PASSED] - js.executeScript("arguments[0].style.border='3px solid red'", status): null&#xD;
&#xD;
2019-08-15 00:31:46 - [TEST_STEP][PASSED] - js.executeScript("arguments[0].style.border='3px solid red'", paymentStatus): null&#xD;
&#xD;
2019-08-15 00:31:46 - [TEST_STEP][PASSED] - out.println("OrderValues == " + orderValue): null&#xD;
&#xD;
2019-08-15 00:31:46 - [TEST_STEP][PASSED] - out.println("AddressValues == " + addressValue): null&#xD;
&#xD;
2019-08-15 00:31:46 - [TEST_STEP][PASSED] - out.println("ListingValues == " + listingValue): null&#xD;
&#xD;
2019-08-15 00:31:46 - [TEST_STEP][PASSED] - out.println("BookinDateValues == " + bookingDateValue): null&#xD;
&#xD;
2019-08-15 00:31:46 - [TEST_STEP][PASSED] - out.println("StatusValues == " + statusValue): null&#xD;
&#xD;
2019-08-15 00:31:46 - [TEST_STEP][PASSED] - out.println("PaymentStatusValues == " + paymentValue): null&#xD;
&#xD;
2019-08-15 00:31:46 - [TEST_STEP][PASSED] - Assert.assertNotEquals(orderValue, null, "Order number is null"): null&#xD;
&#xD;
2019-08-15 00:31:50 - [TEST_STEP][PASSED] - Assert.assertNotEquals(addressValue, null, "Address is null"): null&#xD;
&#xD;
2019-08-15 00:31:50 - [TEST_STEP][PASSED] - Assert.assertNotEquals(listingValue, null, "Listing is null"): null&#xD;
&#xD;
2019-08-15 00:31:50 - [TEST_STEP][PASSED] - Assert.assertNotEquals(bookingDateValue, null, "Booking date is null"): null&#xD;
&#xD;
2019-08-15 00:31:50 - [TEST_STEP][PASSED] - Assert.assertNotEquals(statusValue, null, "Status is null"): null&#xD;
&#xD;
2019-08-15 00:31:50 - [TEST_STEP][PASSED] - Assert.assertNotEquals(paymentValue, null, "Payment status is null"): null&#xD;
&#xD;
2019-08-15 00:31:50 - [TEST_STEP][PASSED] - out.println("Items == " + i + 1): null&#xD;
&#xD;
2019-08-15 00:31:50 - [TEST_STEP][PASSED] - orderValue = xpath("//*[@id='tab-5']/table/tbody/tr[" + i + 1 + "]/td[1]")).getText(): null&#xD;
&#xD;
2019-08-15 00:31:50 - [TEST_STEP][PASSED] - addressValue = xpath("//*[@id='tab-5']/table/tbody/tr[" + i + 1 + "]/td[2]")).getText(): null&#xD;
&#xD;
2019-08-15 00:31:50 - [TEST_STEP][PASSED] - listingValue = xpath("//*[@id='tab-5']/table/tbody/tr[" + i + 1 + "]/td[3]")).getText(): null&#xD;
&#xD;
2019-08-15 00:31:50 - [TEST_STEP][PASSED] - bookingDateValue = xpath("//*[@id='tab-5']/table/tbody/tr[" + i + 1 + "]/td[4]")).getText(): null&#xD;
&#xD;
2019-08-15 00:31:50 - [TEST_STEP][PASSED] - statusValue = xpath("//*[@id='tab-5']/table/tbody/tr[" + i + 1 + "]/td[5]")).getText(): null&#xD;
&#xD;
2019-08-15 00:31:50 - [TEST_STEP][PASSED] - paymentValue = xpath("//*[@id='tab-5']/table/tbody/tr[" + i + 1 + "]/td[6]")).getText(): null&#xD;
&#xD;
2019-08-15 00:31:50 - [TEST_STEP][PASSED] - order = driver.findElement(By.xpath("//*[@id='tab-5']/table/tbody/tr[" + i + 1 + "]/td[1]")): null&#xD;
&#xD;
2019-08-15 00:31:50 - [TEST_STEP][PASSED] - address = driver.findElement(By.xpath("//*[@id='tab-5']/table/tbody/tr[" + i + 1 + "]/td[2]")): null&#xD;
&#xD;
2019-08-15 00:31:50 - [TEST_STEP][PASSED] - listing = driver.findElement(By.xpath("//*[@id='tab-5']/table/tbody/tr[" + i + 1 + "]/td[3]")): null&#xD;
&#xD;
2019-08-15 00:31:50 - [TEST_STEP][PASSED] - bookingDate = driver.findElement(By.xpath("//*[@id='tab-5']/table/tbody/tr[" + i + 1 + "]/td[4]")): null&#xD;
&#xD;
2019-08-15 00:31:50 - [TEST_STEP][PASSED] - status = driver.findElement(By.xpath("//*[@id='tab-5']/table/tbody/tr[" + i + 1 + "]/td[5]")): null&#xD;
&#xD;
2019-08-15 00:31:50 - [TEST_STEP][PASSED] - paymentStatus = driver.findElement(By.xpath("//*[@id='tab-5']/table/tbody/tr[" + i + 1 + "]/td[6]")): null&#xD;
&#xD;
2019-08-15 00:31:50 - [TEST_STEP][PASSED] - js.executeScript("arguments[0].style.border='3px solid red'", order): null&#xD;
&#xD;
2019-08-15 00:31:51 - [TEST_STEP][PASSED] - js.executeScript("arguments[0].style.border='3px solid red'", address): null&#xD;
&#xD;
2019-08-15 00:31:51 - [TEST_STEP][PASSED] - js.executeScript("arguments[0].style.border='3px solid red'", listing): null&#xD;
&#xD;
2019-08-15 00:31:51 - [TEST_STEP][PASSED] - js.executeScript("arguments[0].style.border='3px solid red'", bookingDate): null&#xD;
&#xD;
2019-08-15 00:31:51 - [TEST_STEP][PASSED] - js.executeScript("arguments[0].style.border='3px solid red'", status): null&#xD;
&#xD;
2019-08-15 00:31:51 - [TEST_STEP][PASSED] - js.executeScript("arguments[0].style.border='3px solid red'", paymentStatus): null&#xD;
&#xD;
2019-08-15 00:31:51 - [TEST_STEP][PASSED] - out.println("OrderValues == " + orderValue): null&#xD;
&#xD;
2019-08-15 00:31:51 - [TEST_STEP][PASSED] - out.println("AddressValues == " + addressValue): null&#xD;
&#xD;
2019-08-15 00:31:51 - [TEST_STEP][PASSED] - out.println("ListingValues == " + listingValue): null&#xD;
&#xD;
2019-08-15 00:31:51 - [TEST_STEP][PASSED] - out.println("BookinDateValues == " + bookingDateValue): null&#xD;
&#xD;
2019-08-15 00:31:51 - [TEST_STEP][PASSED] - out.println("StatusValues == " + statusValue): null&#xD;
&#xD;
2019-08-15 00:31:51 - [TEST_STEP][PASSED] - out.println("PaymentStatusValues == " + paymentValue): null&#xD;
&#xD;
2019-08-15 00:31:51 - [TEST_STEP][PASSED] - Assert.assertNotEquals(orderValue, null, "Order number is null"): null&#xD;
&#xD;
2019-08-15 00:31:51 - [TEST_STEP][PASSED] - Assert.assertNotEquals(addressValue, null, "Address is null"): null&#xD;
&#xD;
2019-08-15 00:31:53 - [TEST_STEP][PASSED] - Assert.assertNotEquals(listingValue, null, "Listing is null"): null&#xD;
&#xD;
2019-08-15 00:31:53 - [TEST_STEP][PASSED] - Assert.assertNotEquals(bookingDateValue, null, "Booking date is null"): null&#xD;
&#xD;
2019-08-15 00:31:53 - [TEST_STEP][PASSED] - Assert.assertNotEquals(statusValue, null, "Status is null"): null&#xD;
&#xD;
2019-08-15 00:31:53 - [TEST_STEP][PASSED] - Assert.assertNotEquals(paymentValue, null, "Payment status is null"): null&#xD;
&#xD;
2019-08-15 00:31:53 - [TEST_STEP][PASSED] - out.println("Items == " + i + 1): null&#xD;
&#xD;
2019-08-15 00:31:53 - [TEST_STEP][PASSED] - orderValue = xpath("//*[@id='tab-5']/table/tbody/tr[" + i + 1 + "]/td[1]")).getText(): null&#xD;
&#xD;
2019-08-15 00:31:53 - [TEST_STEP][PASSED] - addressValue = xpath("//*[@id='tab-5']/table/tbody/tr[" + i + 1 + "]/td[2]")).getText(): null&#xD;
&#xD;
2019-08-15 00:31:53 - [TEST_STEP][PASSED] - listingValue = xpath("//*[@id='tab-5']/table/tbody/tr[" + i + 1 + "]/td[3]")).getText(): null&#xD;
&#xD;
2019-08-15 00:31:53 - [TEST_STEP][PASSED] - bookingDateValue = xpath("//*[@id='tab-5']/table/tbody/tr[" + i + 1 + "]/td[4]")).getText(): null&#xD;
&#xD;
2019-08-15 00:31:53 - [TEST_STEP][PASSED] - statusValue = xpath("//*[@id='tab-5']/table/tbody/tr[" + i + 1 + "]/td[5]")).getText(): null&#xD;
&#xD;
2019-08-15 00:31:53 - [TEST_STEP][PASSED] - paymentValue = xpath("//*[@id='tab-5']/table/tbody/tr[" + i + 1 + "]/td[6]")).getText(): null&#xD;
&#xD;
2019-08-15 00:31:53 - [TEST_STEP][PASSED] - order = driver.findElement(By.xpath("//*[@id='tab-5']/table/tbody/tr[" + i + 1 + "]/td[1]")): null&#xD;
&#xD;
2019-08-15 00:31:53 - [TEST_STEP][PASSED] - address = driver.findElement(By.xpath("//*[@id='tab-5']/table/tbody/tr[" + i + 1 + "]/td[2]")): null&#xD;
&#xD;
2019-08-15 00:31:53 - [TEST_STEP][PASSED] - listing = driver.findElement(By.xpath("//*[@id='tab-5']/table/tbody/tr[" + i + 1 + "]/td[3]")): null&#xD;
&#xD;
2019-08-15 00:31:53 - [TEST_STEP][PASSED] - bookingDate = driver.findElement(By.xpath("//*[@id='tab-5']/table/tbody/tr[" + i + 1 + "]/td[4]")): null&#xD;
&#xD;
2019-08-15 00:31:53 - [TEST_STEP][PASSED] - status = driver.findElement(By.xpath("//*[@id='tab-5']/table/tbody/tr[" + i + 1 + "]/td[5]")): null&#xD;
&#xD;
2019-08-15 00:31:53 - [TEST_STEP][PASSED] - paymentStatus = driver.findElement(By.xpath("//*[@id='tab-5']/table/tbody/tr[" + i + 1 + "]/td[6]")): null&#xD;
&#xD;
2019-08-15 00:31:53 - [TEST_STEP][PASSED] - js.executeScript("arguments[0].style.border='3px solid red'", order): null&#xD;
&#xD;
2019-08-15 00:31:53 - [TEST_STEP][PASSED] - js.executeScript("arguments[0].style.border='3px solid red'", address): null&#xD;
&#xD;
2019-08-15 00:31:53 - [TEST_STEP][PASSED] - js.executeScript("arguments[0].style.border='3px solid red'", listing): null&#xD;
&#xD;
2019-08-15 00:31:53 - [TEST_STEP][PASSED] - js.executeScript("arguments[0].style.border='3px solid red'", bookingDate): null&#xD;
&#xD;
2019-08-15 00:31:53 - [TEST_STEP][PASSED] - js.executeScript("arguments[0].style.border='3px solid red'", status): null&#xD;
&#xD;
2019-08-15 00:31:53 - [TEST_STEP][PASSED] - js.executeScript("arguments[0].style.border='3px solid red'", paymentStatus): null&#xD;
&#xD;
2019-08-15 00:31:53 - [TEST_STEP][PASSED] - out.println("OrderValues == " + orderValue): null&#xD;
&#xD;
2019-08-15 00:31:53 - [TEST_STEP][PASSED] - out.println("AddressValues == " + addressValue): null&#xD;
&#xD;
2019-08-15 00:31:53 - [TEST_STEP][PASSED] - out.println("ListingValues == " + listingValue): null&#xD;
&#xD;
2019-08-15 00:31:53 - [TEST_STEP][PASSED] - out.println("BookinDateValues == " + bookingDateValue): null&#xD;
&#xD;
2019-08-15 00:31:53 - [TEST_STEP][PASSED] - out.println("StatusValues == " + statusValue): null&#xD;
&#xD;
2019-08-15 00:31:53 - [TEST_STEP][PASSED] - out.println("PaymentStatusValues == " + paymentValue): null&#xD;
&#xD;
2019-08-15 00:31:53 - [TEST_STEP][PASSED] - Assert.assertNotEquals(orderValue, null, "Order number is null"): null&#xD;
&#xD;
2019-08-15 00:31:53 - [TEST_STEP][PASSED] - Assert.assertNotEquals(addressValue, null, "Address is null"): null&#xD;
&#xD;
2019-08-15 00:31:53 - [TEST_STEP][PASSED] - Assert.assertNotEquals(listingValue, null, "Listing is null"): null&#xD;
&#xD;
2019-08-15 00:31:53 - [TEST_STEP][PASSED] - Assert.assertNotEquals(bookingDateValue, null, "Booking date is null"): null&#xD;
&#xD;
2019-08-15 00:31:53 - [TEST_STEP][PASSED] - Assert.assertNotEquals(statusValue, null, "Status is null"): null&#xD;
&#xD;
2019-08-15 00:31:53 - [TEST_STEP][PASSED] - Assert.assertNotEquals(paymentValue, null, "Payment status is null"): null&#xD;
&#xD;
2019-08-15 00:31:53 - [TEST_STEP][PASSED] - out.println("Items == " + i + 1): null&#xD;
&#xD;
2019-08-15 00:31:53 - [TEST_STEP][PASSED] - orderValue = xpath("//*[@id='tab-5']/table/tbody/tr[" + i + 1 + "]/td[1]")).getText(): null&#xD;
&#xD;
2019-08-15 00:31:53 - [TEST_STEP][PASSED] - addressValue = xpath("//*[@id='tab-5']/table/tbody/tr[" + i + 1 + "]/td[2]")).getText(): null&#xD;
&#xD;
2019-08-15 00:31:58 - [TEST_STEP][PASSED] - listingValue = xpath("//*[@id='tab-5']/table/tbody/tr[" + i + 1 + "]/td[3]")).getText(): null&#xD;
&#xD;
2019-08-15 00:31:58 - [TEST_STEP][PASSED] - bookingDateValue = xpath("//*[@id='tab-5']/table/tbody/tr[" + i + 1 + "]/td[4]")).getText(): null&#xD;
&#xD;
2019-08-15 00:31:58 - [TEST_STEP][PASSED] - statusValue = xpath("//*[@id='tab-5']/table/tbody/tr[" + i + 1 + "]/td[5]")).getText(): null&#xD;
&#xD;
2019-08-15 00:31:58 - [TEST_STEP][PASSED] - paymentValue = xpath("//*[@id='tab-5']/table/tbody/tr[" + i + 1 + "]/td[6]")).getText(): null&#xD;
&#xD;
2019-08-15 00:31:58 - [TEST_STEP][PASSED] - order = driver.findElement(By.xpath("//*[@id='tab-5']/table/tbody/tr[" + i + 1 + "]/td[1]")): null&#xD;
&#xD;
2019-08-15 00:31:58 - [TEST_STEP][PASSED] - address = driver.findElement(By.xpath("//*[@id='tab-5']/table/tbody/tr[" + i + 1 + "]/td[2]")): null&#xD;
&#xD;
2019-08-15 00:31:58 - [TEST_STEP][PASSED] - listing = driver.findElement(By.xpath("//*[@id='tab-5']/table/tbody/tr[" + i + 1 + "]/td[3]")): null&#xD;
&#xD;
2019-08-15 00:31:58 - [TEST_STEP][PASSED] - bookingDate = driver.findElement(By.xpath("//*[@id='tab-5']/table/tbody/tr[" + i + 1 + "]/td[4]")): null&#xD;
&#xD;
2019-08-15 00:31:58 - [TEST_STEP][PASSED] - status = driver.findElement(By.xpath("//*[@id='tab-5']/table/tbody/tr[" + i + 1 + "]/td[5]")): null&#xD;
&#xD;
2019-08-15 00:31:58 - [TEST_STEP][PASSED] - paymentStatus = driver.findElement(By.xpath("//*[@id='tab-5']/table/tbody/tr[" + i + 1 + "]/td[6]")): null&#xD;
&#xD;
2019-08-15 00:31:58 - [TEST_STEP][PASSED] - js.executeScript("arguments[0].style.border='3px solid red'", order): null&#xD;
&#xD;
2019-08-15 00:31:58 - [TEST_STEP][PASSED] - js.executeScript("arguments[0].style.border='3px solid red'", address): null&#xD;
&#xD;
2019-08-15 00:31:58 - [TEST_STEP][PASSED] - js.executeScript("arguments[0].style.border='3px solid red'", listing): null&#xD;
&#xD;
2019-08-15 00:31:58 - [TEST_STEP][PASSED] - js.executeScript("arguments[0].style.border='3px solid red'", bookingDate): null&#xD;
&#xD;
2019-08-15 00:31:58 - [TEST_STEP][PASSED] - js.executeScript("arguments[0].style.border='3px solid red'", status): null&#xD;
&#xD;
2019-08-15 00:31:58 - [TEST_STEP][PASSED] - js.executeScript("arguments[0].style.border='3px solid red'", paymentStatus): null&#xD;
&#xD;
2019-08-15 00:31:58 - [TEST_STEP][PASSED] - out.println("OrderValues == " + orderValue): null&#xD;
&#xD;
2019-08-15 00:31:58 - [TEST_STEP][PASSED] - out.println("AddressValues == " + addressValue): null&#xD;
&#xD;
2019-08-15 00:31:58 - [TEST_STEP][PASSED] - out.println("ListingValues == " + listingValue): null&#xD;
&#xD;
2019-08-15 00:31:58 - [TEST_STEP][PASSED] - out.println("BookinDateValues == " + bookingDateValue): null&#xD;
&#xD;
2019-08-15 00:31:58 - [TEST_STEP][PASSED] - out.println("StatusValues == " + statusValue): null&#xD;
&#xD;
2019-08-15 00:31:58 - [TEST_STEP][PASSED] - out.println("PaymentStatusValues == " + paymentValue): null&#xD;
&#xD;
2019-08-15 00:31:58 - [TEST_STEP][PASSED] - Assert.assertNotEquals(orderValue, null, "Order number is null"): null&#xD;
&#xD;
2019-08-15 00:31:58 - [TEST_STEP][PASSED] - Assert.assertNotEquals(addressValue, null, "Address is null"): null&#xD;
&#xD;
2019-08-15 00:31:58 - [TEST_STEP][PASSED] - Assert.assertNotEquals(listingValue, null, "Listing is null"): null&#xD;
&#xD;
2019-08-15 00:31:58 - [TEST_STEP][PASSED] - Assert.assertNotEquals(bookingDateValue, null, "Booking date is null"): null&#xD;
&#xD;
2019-08-15 00:31:58 - [TEST_STEP][PASSED] - Assert.assertNotEquals(statusValue, null, "Status is null"): null&#xD;
&#xD;
2019-08-15 00:31:58 - [TEST_STEP][PASSED] - Assert.assertNotEquals(paymentValue, null, "Payment status is null"): null&#xD;
&#xD;
2019-08-15 00:31:58 - [TEST_STEP][PASSED] - out.println("Items == " + i + 1): null&#xD;
&#xD;
2019-08-15 00:31:58 - [TEST_STEP][PASSED] - orderValue = xpath("//*[@id='tab-5']/table/tbody/tr[" + i + 1 + "]/td[1]")).getText(): null&#xD;
&#xD;
2019-08-15 00:31:58 - [TEST_STEP][PASSED] - addressValue = xpath("//*[@id='tab-5']/table/tbody/tr[" + i + 1 + "]/td[2]")).getText(): null&#xD;
&#xD;
2019-08-15 00:31:58 - [TEST_STEP][PASSED] - listingValue = xpath("//*[@id='tab-5']/table/tbody/tr[" + i + 1 + "]/td[3]")).getText(): null&#xD;
&#xD;
2019-08-15 00:32:01 - [TEST_STEP][PASSED] - bookingDateValue = xpath("//*[@id='tab-5']/table/tbody/tr[" + i + 1 + "]/td[4]")).getText(): null&#xD;
&#xD;
2019-08-15 00:32:01 - [TEST_STEP][PASSED] - statusValue = xpath("//*[@id='tab-5']/table/tbody/tr[" + i + 1 + "]/td[5]")).getText(): null&#xD;
&#xD;
2019-08-15 00:32:01 - [TEST_STEP][PASSED] - paymentValue = xpath("//*[@id='tab-5']/table/tbody/tr[" + i + 1 + "]/td[6]")).getText(): null&#xD;
&#xD;
2019-08-15 00:32:01 - [TEST_STEP][PASSED] - order = driver.findElement(By.xpath("//*[@id='tab-5']/table/tbody/tr[" + i + 1 + "]/td[1]")): null&#xD;
&#xD;
2019-08-15 00:32:01 - [TEST_STEP][PASSED] - address = driver.findElement(By.xpath("//*[@id='tab-5']/table/tbody/tr[" + i + 1 + "]/td[2]")): null&#xD;
&#xD;
2019-08-15 00:32:01 - [TEST_STEP][PASSED] - listing = driver.findElement(By.xpath("//*[@id='tab-5']/table/tbody/tr[" + i + 1 + "]/td[3]")): null&#xD;
&#xD;
2019-08-15 00:32:01 - [TEST_STEP][PASSED] - bookingDate = driver.findElement(By.xpath("//*[@id='tab-5']/table/tbody/tr[" + i + 1 + "]/td[4]")): null&#xD;
&#xD;
2019-08-15 00:32:01 - [TEST_STEP][PASSED] - status = driver.findElement(By.xpath("//*[@id='tab-5']/table/tbody/tr[" + i + 1 + "]/td[5]")): null&#xD;
&#xD;
2019-08-15 00:32:01 - [TEST_STEP][PASSED] - paymentStatus = driver.findElement(By.xpath("//*[@id='tab-5']/table/tbody/tr[" + i + 1 + "]/td[6]")): null&#xD;
&#xD;
2019-08-15 00:32:01 - [TEST_STEP][PASSED] - js.executeScript("arguments[0].style.border='3px solid red'", order): null&#xD;
&#xD;
2019-08-15 00:32:01 - [TEST_STEP][PASSED] - js.executeScript("arguments[0].style.border='3px solid red'", address): null&#xD;
&#xD;
2019-08-15 00:32:01 - [TEST_STEP][PASSED] - js.executeScript("arguments[0].style.border='3px solid red'", listing): null&#xD;
&#xD;
2019-08-15 00:32:01 - [TEST_STEP][PASSED] - js.executeScript("arguments[0].style.border='3px solid red'", bookingDate): null&#xD;
&#xD;
2019-08-15 00:32:01 - [TEST_STEP][PASSED] - js.executeScript("arguments[0].style.border='3px solid red'", status): null&#xD;
&#xD;
2019-08-15 00:32:01 - [TEST_STEP][PASSED] - js.executeScript("arguments[0].style.border='3px solid red'", paymentStatus): null&#xD;
&#xD;
2019-08-15 00:32:01 - [TEST_STEP][PASSED] - out.println("OrderValues == " + orderValue): null&#xD;
&#xD;
2019-08-15 00:32:01 - [TEST_STEP][PASSED] - out.println("AddressValues == " + addressValue): null&#xD;
&#xD;
2019-08-15 00:32:01 - [TEST_STEP][PASSED] - out.println("ListingValues == " + listingValue): null&#xD;
&#xD;
2019-08-15 00:32:01 - [TEST_STEP][PASSED] - out.println("BookinDateValues == " + bookingDateValue): null&#xD;
&#xD;
2019-08-15 00:32:01 - [TEST_STEP][PASSED] - out.println("StatusValues == " + statusValue): null&#xD;
&#xD;
2019-08-15 00:32:01 - [TEST_STEP][PASSED] - out.println("PaymentStatusValues == " + paymentValue): null&#xD;
&#xD;
2019-08-15 00:32:01 - [TEST_STEP][PASSED] - Assert.assertNotEquals(orderValue, null, "Order number is null"): null&#xD;
&#xD;
2019-08-15 00:32:01 - [TEST_STEP][PASSED] - Assert.assertNotEquals(addressValue, null, "Address is null"): null&#xD;
&#xD;
2019-08-15 00:32:01 - [TEST_STEP][PASSED] - Assert.assertNotEquals(listingValue, null, "Listing is null"): null&#xD;
&#xD;
2019-08-15 00:32:01 - [TEST_STEP][PASSED] - Assert.assertNotEquals(bookingDateValue, null, "Booking date is null"): null&#xD;
&#xD;
2019-08-15 00:32:01 - [TEST_STEP][PASSED] - Assert.assertNotEquals(statusValue, null, "Status is null"): null&#xD;
&#xD;
2019-08-15 00:32:01 - [TEST_STEP][PASSED] - Assert.assertNotEquals(paymentValue, null, "Payment status is null"): null&#xD;
&#xD;
2019-08-15 00:32:01 - [TEST_STEP][PASSED] - out.println("Items == " + i + 1): null&#xD;
&#xD;
2019-08-15 00:32:01 - [TEST_STEP][PASSED] - orderValue = xpath("//*[@id='tab-5']/table/tbody/tr[" + i + 1 + "]/td[1]")).getText(): null&#xD;
&#xD;
2019-08-15 00:32:01 - [TEST_STEP][PASSED] - addressValue = xpath("//*[@id='tab-5']/table/tbody/tr[" + i + 1 + "]/td[2]")).getText(): null&#xD;
&#xD;
2019-08-15 00:32:01 - [TEST_STEP][PASSED] - listingValue = xpath("//*[@id='tab-5']/table/tbody/tr[" + i + 1 + "]/td[3]")).getText(): null&#xD;
&#xD;
2019-08-15 00:32:02 - [TEST_STEP][PASSED] - bookingDateValue = xpath("//*[@id='tab-5']/table/tbody/tr[" + i + 1 + "]/td[4]")).getText(): null&#xD;
&#xD;
2019-08-15 00:32:02 - [TEST_STEP][PASSED] - statusValue = xpath("//*[@id='tab-5']/table/tbody/tr[" + i + 1 + "]/td[5]")).getText(): null&#xD;
&#xD;
2019-08-15 00:32:02 - [TEST_STEP][PASSED] - paymentValue = xpath("//*[@id='tab-5']/table/tbody/tr[" + i + 1 + "]/td[6]")).getText(): null&#xD;
&#xD;
2019-08-15 00:32:02 - [TEST_STEP][PASSED] - order = driver.findElement(By.xpath("//*[@id='tab-5']/table/tbody/tr[" + i + 1 + "]/td[1]")): null&#xD;
&#xD;
2019-08-15 00:32:02 - [TEST_STEP][PASSED] - address = driver.findElement(By.xpath("//*[@id='tab-5']/table/tbody/tr[" + i + 1 + "]/td[2]")): null&#xD;
&#xD;
2019-08-15 00:32:02 - [TEST_STEP][PASSED] - listing = driver.findElement(By.xpath("//*[@id='tab-5']/table/tbody/tr[" + i + 1 + "]/td[3]")): null&#xD;
&#xD;
2019-08-15 00:32:06 - [TEST_STEP][PASSED] - bookingDate = driver.findElement(By.xpath("//*[@id='tab-5']/table/tbody/tr[" + i + 1 + "]/td[4]")): null&#xD;
&#xD;
2019-08-15 00:32:06 - [TEST_STEP][PASSED] - status = driver.findElement(By.xpath("//*[@id='tab-5']/table/tbody/tr[" + i + 1 + "]/td[5]")): null&#xD;
&#xD;
2019-08-15 00:32:06 - [TEST_STEP][PASSED] - paymentStatus = driver.findElement(By.xpath("//*[@id='tab-5']/table/tbody/tr[" + i + 1 + "]/td[6]")): null&#xD;
&#xD;
2019-08-15 00:32:06 - [TEST_STEP][PASSED] - js.executeScript("arguments[0].style.border='3px solid red'", order): null&#xD;
&#xD;
2019-08-15 00:32:06 - [TEST_STEP][PASSED] - js.executeScript("arguments[0].style.border='3px solid red'", address): null&#xD;
&#xD;
2019-08-15 00:32:06 - [TEST_STEP][PASSED] - js.executeScript("arguments[0].style.border='3px solid red'", listing): null&#xD;
&#xD;
2019-08-15 00:32:06 - [TEST_STEP][PASSED] - js.executeScript("arguments[0].style.border='3px solid red'", bookingDate): null&#xD;
&#xD;
2019-08-15 00:32:06 - [TEST_STEP][PASSED] - js.executeScript("arguments[0].style.border='3px solid red'", status): null&#xD;
&#xD;
2019-08-15 00:32:06 - [TEST_STEP][PASSED] - js.executeScript("arguments[0].style.border='3px solid red'", paymentStatus): null&#xD;
&#xD;
2019-08-15 00:32:06 - [TEST_STEP][PASSED] - out.println("OrderValues == " + orderValue): null&#xD;
&#xD;
2019-08-15 00:32:06 - [TEST_STEP][PASSED] - out.println("AddressValues == " + addressValue): null&#xD;
&#xD;
2019-08-15 00:32:06 - [TEST_STEP][PASSED] - out.println("ListingValues == " + listingValue): null&#xD;
&#xD;
2019-08-15 00:32:06 - [TEST_STEP][PASSED] - out.println("BookinDateValues == " + bookingDateValue): null&#xD;
&#xD;
2019-08-15 00:32:06 - [TEST_STEP][PASSED] - out.println("StatusValues == " + statusValue): null&#xD;
&#xD;
2019-08-15 00:32:06 - [TEST_STEP][PASSED] - out.println("PaymentStatusValues == " + paymentValue): null&#xD;
&#xD;
2019-08-15 00:32:06 - [TEST_STEP][PASSED] - Assert.assertNotEquals(orderValue, null, "Order number is null"): null&#xD;
&#xD;
2019-08-15 00:32:06 - [TEST_STEP][PASSED] - Assert.assertNotEquals(addressValue, null, "Address is null"): null&#xD;
&#xD;
2019-08-15 00:32:06 - [TEST_STEP][PASSED] - Assert.assertNotEquals(listingValue, null, "Listing is null"): null&#xD;
&#xD;
2019-08-15 00:32:06 - [TEST_STEP][PASSED] - Assert.assertNotEquals(bookingDateValue, null, "Booking date is null"): null&#xD;
&#xD;
2019-08-15 00:32:06 - [TEST_STEP][PASSED] - Assert.assertNotEquals(statusValue, null, "Status is null"): null&#xD;
&#xD;
2019-08-15 00:32:06 - [TEST_STEP][PASSED] - Assert.assertNotEquals(paymentValue, null, "Payment status is null"): null&#xD;
&#xD;
2019-08-15 00:32:06 - [TEST_STEP][PASSED] - out.println("Items == " + i + 1): null&#xD;
&#xD;
2019-08-15 00:32:06 - [TEST_STEP][PASSED] - orderValue = xpath("//*[@id='tab-5']/table/tbody/tr[" + i + 1 + "]/td[1]")).getText(): null&#xD;
&#xD;
2019-08-15 00:32:06 - [TEST_STEP][PASSED] - addressValue = xpath("//*[@id='tab-5']/table/tbody/tr[" + i + 1 + "]/td[2]")).getText(): null&#xD;
&#xD;
2019-08-15 00:32:07 - [TEST_STEP][PASSED] - listingValue = xpath("//*[@id='tab-5']/table/tbody/tr[" + i + 1 + "]/td[3]")).getText(): null&#xD;
&#xD;
2019-08-15 00:32:07 - [TEST_STEP][PASSED] - bookingDateValue = xpath("//*[@id='tab-5']/table/tbody/tr[" + i + 1 + "]/td[4]")).getText(): null&#xD;
&#xD;
2019-08-15 00:32:07 - [TEST_STEP][PASSED] - statusValue = xpath("//*[@id='tab-5']/table/tbody/tr[" + i + 1 + "]/td[5]")).getText(): null&#xD;
&#xD;
2019-08-15 00:32:07 - [TEST_STEP][PASSED] - paymentValue = xpath("//*[@id='tab-5']/table/tbody/tr[" + i + 1 + "]/td[6]")).getText(): null&#xD;
&#xD;
2019-08-15 00:32:07 - [TEST_STEP][PASSED] - order = driver.findElement(By.xpath("//*[@id='tab-5']/table/tbody/tr[" + i + 1 + "]/td[1]")): null&#xD;
&#xD;
2019-08-15 00:32:07 - [TEST_STEP][PASSED] - address = driver.findElement(By.xpath("//*[@id='tab-5']/table/tbody/tr[" + i + 1 + "]/td[2]")): null&#xD;
&#xD;
2019-08-15 00:32:07 - [TEST_STEP][PASSED] - listing = driver.findElement(By.xpath("//*[@id='tab-5']/table/tbody/tr[" + i + 1 + "]/td[3]")): null&#xD;
&#xD;
2019-08-15 00:32:07 - [TEST_STEP][PASSED] - bookingDate = driver.findElement(By.xpath("//*[@id='tab-5']/table/tbody/tr[" + i + 1 + "]/td[4]")): null&#xD;
&#xD;
2019-08-15 00:32:10 - [TEST_STEP][PASSED] - status = driver.findElement(By.xpath("//*[@id='tab-5']/table/tbody/tr[" + i + 1 + "]/td[5]")): null&#xD;
&#xD;
2019-08-15 00:32:10 - [TEST_STEP][PASSED] - paymentStatus = driver.findElement(By.xpath("//*[@id='tab-5']/table/tbody/tr[" + i + 1 + "]/td[6]")): null&#xD;
&#xD;
2019-08-15 00:32:10 - [TEST_STEP][PASSED] - js.executeScript("arguments[0].style.border='3px solid red'", order): null&#xD;
&#xD;
2019-08-15 00:32:10 - [TEST_STEP][PASSED] - js.executeScript("arguments[0].style.border='3px solid red'", address): null&#xD;
&#xD;
2019-08-15 00:32:10 - [TEST_STEP][PASSED] - js.executeScript("arguments[0].style.border='3px solid red'", listing): null&#xD;
&#xD;
2019-08-15 00:32:10 - [TEST_STEP][PASSED] - js.executeScript("arguments[0].style.border='3px solid red'", bookingDate): null&#xD;
&#xD;
2019-08-15 00:32:10 - [TEST_STEP][PASSED] - js.executeScript("arguments[0].style.border='3px solid red'", status): null&#xD;
&#xD;
2019-08-15 00:32:10 - [TEST_STEP][PASSED] - js.executeScript("arguments[0].style.border='3px solid red'", paymentStatus): null&#xD;
&#xD;
2019-08-15 00:32:10 - [TEST_STEP][PASSED] - out.println("OrderValues == " + orderValue): null&#xD;
&#xD;
2019-08-15 00:32:10 - [TEST_STEP][PASSED] - out.println("AddressValues == " + addressValue): null&#xD;
&#xD;
2019-08-15 00:32:10 - [TEST_STEP][PASSED] - out.println("ListingValues == " + listingValue): null&#xD;
&#xD;
2019-08-15 00:32:10 - [TEST_STEP][PASSED] - out.println("BookinDateValues == " + bookingDateValue): null&#xD;
&#xD;
2019-08-15 00:32:10 - [TEST_STEP][PASSED] - out.println("StatusValues == " + statusValue): null&#xD;
&#xD;
2019-08-15 00:32:10 - [TEST_STEP][PASSED] - out.println("PaymentStatusValues == " + paymentValue): null&#xD;
&#xD;
2019-08-15 00:32:10 - [TEST_STEP][PASSED] - Assert.assertNotEquals(orderValue, null, "Order number is null"): null&#xD;
&#xD;
2019-08-15 00:32:10 - [TEST_STEP][PASSED] - Assert.assertNotEquals(addressValue, null, "Address is null"): null&#xD;
&#xD;
2019-08-15 00:32:10 - [TEST_STEP][PASSED] - Assert.assertNotEquals(listingValue, null, "Listing is null"): null&#xD;
&#xD;
2019-08-15 00:32:10 - [TEST_STEP][PASSED] - Assert.assertNotEquals(bookingDateValue, null, "Booking date is null"): null&#xD;
&#xD;
2019-08-15 00:32:10 - [TEST_STEP][PASSED] - Assert.assertNotEquals(statusValue, null, "Status is null"): null&#xD;
&#xD;
2019-08-15 00:32:10 - [TEST_STEP][PASSED] - Assert.assertNotEquals(paymentValue, null, "Payment status is null"): null&#xD;
&#xD;
2019-08-15 00:32:10 - [TEST_STEP][PASSED] - out.println("Items == " + i + 1): null&#xD;
&#xD;
2019-08-15 00:32:10 - [TEST_STEP][PASSED] - orderValue = xpath("//*[@id='tab-5']/table/tbody/tr[" + i + 1 + "]/td[1]")).getText(): null&#xD;
&#xD;
2019-08-15 00:32:10 - [TEST_STEP][PASSED] - addressValue = xpath("//*[@id='tab-5']/table/tbody/tr[" + i + 1 + "]/td[2]")).getText(): null&#xD;
&#xD;
2019-08-15 00:32:10 - [TEST_STEP][PASSED] - listingValue = xpath("//*[@id='tab-5']/table/tbody/tr[" + i + 1 + "]/td[3]")).getText(): null&#xD;
&#xD;
2019-08-15 00:32:10 - [TEST_STEP][PASSED] - bookingDateValue = xpath("//*[@id='tab-5']/table/tbody/tr[" + i + 1 + "]/td[4]")).getText(): null&#xD;
&#xD;
2019-08-15 00:32:10 - [TEST_STEP][PASSED] - statusValue = xpath("//*[@id='tab-5']/table/tbody/tr[" + i + 1 + "]/td[5]")).getText(): null&#xD;
&#xD;
2019-08-15 00:32:10 - [TEST_STEP][PASSED] - paymentValue = xpath("//*[@id='tab-5']/table/tbody/tr[" + i + 1 + "]/td[6]")).getText(): null&#xD;
&#xD;
2019-08-15 00:32:10 - [TEST_STEP][PASSED] - order = driver.findElement(By.xpath("//*[@id='tab-5']/table/tbody/tr[" + i + 1 + "]/td[1]")): null&#xD;
&#xD;
2019-08-15 00:32:10 - [TEST_STEP][PASSED] - address = driver.findElement(By.xpath("//*[@id='tab-5']/table/tbody/tr[" + i + 1 + "]/td[2]")): null&#xD;
&#xD;
2019-08-15 00:32:10 - [TEST_STEP][PASSED] - listing = driver.findElement(By.xpath("//*[@id='tab-5']/table/tbody/tr[" + i + 1 + "]/td[3]")): null&#xD;
&#xD;
2019-08-15 00:32:10 - [TEST_STEP][PASSED] - bookingDate = driver.findElement(By.xpath("//*[@id='tab-5']/table/tbody/tr[" + i + 1 + "]/td[4]")): null&#xD;
&#xD;
2019-08-15 00:32:10 - [TEST_STEP][PASSED] - status = driver.findElement(By.xpath("//*[@id='tab-5']/table/tbody/tr[" + i + 1 + "]/td[5]")): null&#xD;
&#xD;
2019-08-15 00:32:10 - [TEST_STEP][PASSED] - paymentStatus = driver.findElement(By.xpath("//*[@id='tab-5']/table/tbody/tr[" + i + 1 + "]/td[6]")): null&#xD;
&#xD;
2019-08-15 00:32:10 - [TEST_STEP][PASSED] - js.executeScript("arguments[0].style.border='3px solid red'", order): null&#xD;
&#xD;
2019-08-15 00:32:10 - [TEST_STEP][PASSED] - js.executeScript("arguments[0].style.border='3px solid red'", address): null&#xD;
&#xD;
2019-08-15 00:32:10 - [TEST_STEP][PASSED] - js.executeScript("arguments[0].style.border='3px solid red'", listing): null&#xD;
&#xD;
2019-08-15 00:32:10 - [TEST_STEP][PASSED] - js.executeScript("arguments[0].style.border='3px solid red'", bookingDate): null&#xD;
&#xD;
2019-08-15 00:32:16 - [TEST_STEP][PASSED] - js.executeScript("arguments[0].style.border='3px solid red'", status): null&#xD;
&#xD;
2019-08-15 00:32:16 - [TEST_STEP][PASSED] - js.executeScript("arguments[0].style.border='3px solid red'", paymentStatus): null&#xD;
&#xD;
2019-08-15 00:32:16 - [TEST_STEP][PASSED] - out.println("OrderValues == " + orderValue): null&#xD;
&#xD;
2019-08-15 00:32:16 - [TEST_STEP][PASSED] - out.println("AddressValues == " + addressValue): null&#xD;
&#xD;
2019-08-15 00:32:16 - [TEST_STEP][PASSED] - out.println("ListingValues == " + listingValue): null&#xD;
&#xD;
2019-08-15 00:32:16 - [TEST_STEP][PASSED] - out.println("BookinDateValues == " + bookingDateValue): null&#xD;
&#xD;
2019-08-15 00:32:16 - [TEST_STEP][PASSED] - out.println("StatusValues == " + statusValue): null&#xD;
&#xD;
2019-08-15 00:32:16 - [TEST_STEP][PASSED] - out.println("PaymentStatusValues == " + paymentValue): null&#xD;
&#xD;
2019-08-15 00:32:16 - [TEST_STEP][PASSED] - Assert.assertNotEquals(orderValue, null, "Order number is null"): null&#xD;
&#xD;
2019-08-15 00:32:16 - [TEST_STEP][PASSED] - Assert.assertNotEquals(addressValue, null, "Address is null"): null&#xD;
&#xD;
2019-08-15 00:32:16 - [TEST_STEP][PASSED] - Assert.assertNotEquals(listingValue, null, "Listing is null"): null&#xD;
&#xD;
2019-08-15 00:32:16 - [TEST_STEP][PASSED] - Assert.assertNotEquals(bookingDateValue, null, "Booking date is null"): null&#xD;
&#xD;
2019-08-15 00:32:16 - [TEST_STEP][PASSED] - Assert.assertNotEquals(statusValue, null, "Status is null"): null&#xD;
&#xD;
2019-08-15 00:32:16 - [TEST_STEP][PASSED] - Assert.assertNotEquals(paymentValue, null, "Payment status is null"): null&#xD;
&#xD;
2019-08-15 00:32:16 - [TEST_STEP][PASSED] - out.println("Items == " + i + 1): null&#xD;
&#xD;
2019-08-15 00:32:16 - [TEST_STEP][PASSED] - orderValue = xpath("//*[@id='tab-5']/table/tbody/tr[" + i + 1 + "]/td[1]")).getText(): null&#xD;
&#xD;
2019-08-15 00:32:16 - [TEST_STEP][PASSED] - addressValue = xpath("//*[@id='tab-5']/table/tbody/tr[" + i + 1 + "]/td[2]")).getText(): null&#xD;
&#xD;
2019-08-15 00:32:16 - [TEST_STEP][PASSED] - listingValue = xpath("//*[@id='tab-5']/table/tbody/tr[" + i + 1 + "]/td[3]")).getText(): null&#xD;
&#xD;
2019-08-15 00:32:16 - [TEST_STEP][PASSED] - bookingDateValue = xpath("//*[@id='tab-5']/table/tbody/tr[" + i + 1 + "]/td[4]")).getText(): null&#xD;
&#xD;
2019-08-15 00:32:16 - [TEST_STEP][PASSED] - statusValue = xpath("//*[@id='tab-5']/table/tbody/tr[" + i + 1 + "]/td[5]")).getText(): null&#xD;
&#xD;
2019-08-15 00:32:16 - [TEST_STEP][PASSED] - paymentValue = xpath("//*[@id='tab-5']/table/tbody/tr[" + i + 1 + "]/td[6]")).getText(): null&#xD;
&#xD;
2019-08-15 00:32:16 - [TEST_STEP][PASSED] - order = driver.findElement(By.xpath("//*[@id='tab-5']/table/tbody/tr[" + i + 1 + "]/td[1]")): null&#xD;
&#xD;
2019-08-15 00:32:16 - [TEST_STEP][PASSED] - address = driver.findElement(By.xpath("//*[@id='tab-5']/table/tbody/tr[" + i + 1 + "]/td[2]")): null&#xD;
&#xD;
2019-08-15 00:32:16 - [TEST_STEP][PASSED] - listing = driver.findElement(By.xpath("//*[@id='tab-5']/table/tbody/tr[" + i + 1 + "]/td[3]")): null&#xD;
&#xD;
2019-08-15 00:32:16 - [TEST_STEP][PASSED] - bookingDate = driver.findElement(By.xpath("//*[@id='tab-5']/table/tbody/tr[" + i + 1 + "]/td[4]")): null&#xD;
&#xD;
2019-08-15 00:32:16 - [TEST_STEP][PASSED] - status = driver.findElement(By.xpath("//*[@id='tab-5']/table/tbody/tr[" + i + 1 + "]/td[5]")): null&#xD;
&#xD;
2019-08-15 00:32:16 - [TEST_STEP][PASSED] - paymentStatus = driver.findElement(By.xpath("//*[@id='tab-5']/table/tbody/tr[" + i + 1 + "]/td[6]")): null&#xD;
&#xD;
2019-08-15 00:32:16 - [TEST_STEP][PASSED] - js.executeScript("arguments[0].style.border='3px solid red'", order): null&#xD;
&#xD;
2019-08-15 00:32:16 - [TEST_STEP][PASSED] - js.executeScript("arguments[0].style.border='3px solid red'", address): null&#xD;
&#xD;
2019-08-15 00:32:16 - [TEST_STEP][PASSED] - js.executeScript("arguments[0].style.border='3px solid red'", listing): null&#xD;
&#xD;
2019-08-15 00:32:16 - [TEST_STEP][PASSED] - js.executeScript("arguments[0].style.border='3px solid red'", bookingDate): null&#xD;
&#xD;
2019-08-15 00:32:16 - [TEST_STEP][PASSED] - js.executeScript("arguments[0].style.border='3px solid red'", status): null&#xD;
&#xD;
2019-08-15 00:32:19 - [TEST_STEP][PASSED] - js.executeScript("arguments[0].style.border='3px solid red'", paymentStatus): null&#xD;
&#xD;
2019-08-15 00:32:19 - [TEST_STEP][PASSED] - out.println("OrderValues == " + orderValue): null&#xD;
&#xD;
2019-08-15 00:32:19 - [TEST_STEP][PASSED] - out.println("AddressValues == " + addressValue): null&#xD;
&#xD;
2019-08-15 00:32:19 - [TEST_STEP][PASSED] - out.println("ListingValues == " + listingValue): null&#xD;
&#xD;
2019-08-15 00:32:19 - [TEST_STEP][PASSED] - out.println("BookinDateValues == " + bookingDateValue): null&#xD;
&#xD;
2019-08-15 00:32:19 - [TEST_STEP][PASSED] - out.println("StatusValues == " + statusValue): null&#xD;
&#xD;
2019-08-15 00:32:19 - [TEST_STEP][PASSED] - out.println("PaymentStatusValues == " + paymentValue): null&#xD;
&#xD;
2019-08-15 00:32:19 - [TEST_STEP][PASSED] - Assert.assertNotEquals(orderValue, null, "Order number is null"): null&#xD;
&#xD;
2019-08-15 00:32:19 - [TEST_STEP][PASSED] - Assert.assertNotEquals(addressValue, null, "Address is null"): null&#xD;
&#xD;
2019-08-15 00:32:19 - [TEST_STEP][PASSED] - Assert.assertNotEquals(listingValue, null, "Listing is null"): null&#xD;
&#xD;
2019-08-15 00:32:19 - [TEST_STEP][PASSED] - Assert.assertNotEquals(bookingDateValue, null, "Booking date is null"): null&#xD;
&#xD;
2019-08-15 00:32:19 - [TEST_STEP][PASSED] - Assert.assertNotEquals(statusValue, null, "Status is null"): null&#xD;
&#xD;
2019-08-15 00:32:19 - [TEST_STEP][PASSED] - Assert.assertNotEquals(paymentValue, null, "Payment status is null"): null&#xD;
&#xD;
2019-08-15 00:32:19 - [TEST_STEP][PASSED] - out.println("Items == " + i + 1): null&#xD;
&#xD;
2019-08-15 00:32:19 - [TEST_STEP][PASSED] - orderValue = xpath("//*[@id='tab-5']/table/tbody/tr[" + i + 1 + "]/td[1]")).getText(): null&#xD;
&#xD;
2019-08-15 00:32:20 - [TEST_STEP][PASSED] - addressValue = xpath("//*[@id='tab-5']/table/tbody/tr[" + i + 1 + "]/td[2]")).getText(): null&#xD;
&#xD;
2019-08-15 00:32:20 - [TEST_STEP][PASSED] - listingValue = xpath("//*[@id='tab-5']/table/tbody/tr[" + i + 1 + "]/td[3]")).getText(): null&#xD;
&#xD;
2019-08-15 00:32:20 - [TEST_STEP][PASSED] - bookingDateValue = xpath("//*[@id='tab-5']/table/tbody/tr[" + i + 1 + "]/td[4]")).getText(): null&#xD;
&#xD;
2019-08-15 00:32:20 - [TEST_STEP][PASSED] - statusValue = xpath("//*[@id='tab-5']/table/tbody/tr[" + i + 1 + "]/td[5]")).getText(): null&#xD;
&#xD;
2019-08-15 00:32:20 - [TEST_STEP][PASSED] - paymentValue = xpath("//*[@id='tab-5']/table/tbody/tr[" + i + 1 + "]/td[6]")).getText(): null&#xD;
&#xD;
2019-08-15 00:32:20 - [TEST_STEP][PASSED] - order = driver.findElement(By.xpath("//*[@id='tab-5']/table/tbody/tr[" + i + 1 + "]/td[1]")): null&#xD;
&#xD;
2019-08-15 00:32:20 - [TEST_STEP][PASSED] - address = driver.findElement(By.xpath("//*[@id='tab-5']/table/tbody/tr[" + i + 1 + "]/td[2]")): null&#xD;
&#xD;
2019-08-15 00:32:20 - [TEST_STEP][PASSED] - listing = driver.findElement(By.xpath("//*[@id='tab-5']/table/tbody/tr[" + i + 1 + "]/td[3]")): null&#xD;
&#xD;
2019-08-15 00:32:20 - [TEST_STEP][PASSED] - bookingDate = driver.findElement(By.xpath("//*[@id='tab-5']/table/tbody/tr[" + i + 1 + "]/td[4]")): null&#xD;
&#xD;
2019-08-15 00:32:20 - [TEST_STEP][PASSED] - status = driver.findElement(By.xpath("//*[@id='tab-5']/table/tbody/tr[" + i + 1 + "]/td[5]")): null&#xD;
&#xD;
2019-08-15 00:32:20 - [TEST_STEP][PASSED] - paymentStatus = driver.findElement(By.xpath("//*[@id='tab-5']/table/tbody/tr[" + i + 1 + "]/td[6]")): null&#xD;
&#xD;
2019-08-15 00:32:20 - [TEST_STEP][PASSED] - js.executeScript("arguments[0].style.border='3px solid red'", order): null&#xD;
&#xD;
2019-08-15 00:32:20 - [TEST_STEP][PASSED] - js.executeScript("arguments[0].style.border='3px solid red'", address): null&#xD;
&#xD;
2019-08-15 00:32:20 - [TEST_STEP][PASSED] - js.executeScript("arguments[0].style.border='3px solid red'", listing): null&#xD;
&#xD;
2019-08-15 00:32:20 - [TEST_STEP][PASSED] - js.executeScript("arguments[0].style.border='3px solid red'", bookingDate): null&#xD;
&#xD;
2019-08-15 00:32:20 - [TEST_STEP][PASSED] - js.executeScript("arguments[0].style.border='3px solid red'", status): null&#xD;
&#xD;
2019-08-15 00:32:20 - [TEST_STEP][PASSED] - js.executeScript("arguments[0].style.border='3px solid red'", paymentStatus): null&#xD;
&#xD;
2019-08-15 00:32:20 - [TEST_STEP][PASSED] - out.println("OrderValues == " + orderValue): null&#xD;
&#xD;
2019-08-15 00:32:20 - [TEST_STEP][PASSED] - out.println("AddressValues == " + addressValue): null&#xD;
&#xD;
2019-08-15 00:32:20 - [TEST_STEP][PASSED] - out.println("ListingValues == " + listingValue): null&#xD;
&#xD;
2019-08-15 00:32:20 - [TEST_STEP][PASSED] - out.println("BookinDateValues == " + bookingDateValue): null&#xD;
&#xD;
2019-08-15 00:32:20 - [TEST_STEP][PASSED] - out.println("StatusValues == " + statusValue): null&#xD;
&#xD;
2019-08-15 00:32:20 - [TEST_STEP][PASSED] - out.println("PaymentStatusValues == " + paymentValue): null&#xD;
&#xD;
2019-08-15 00:32:26 - [TEST_STEP][PASSED] - Assert.assertNotEquals(orderValue, null, "Order number is null"): null&#xD;
&#xD;
2019-08-15 00:32:26 - [TEST_STEP][PASSED] - Assert.assertNotEquals(addressValue, null, "Address is null"): null&#xD;
&#xD;
2019-08-15 00:32:26 - [TEST_STEP][PASSED] - Assert.assertNotEquals(listingValue, null, "Listing is null"): null&#xD;
&#xD;
2019-08-15 00:32:26 - [TEST_STEP][PASSED] - Assert.assertNotEquals(bookingDateValue, null, "Booking date is null"): null&#xD;
&#xD;
2019-08-15 00:32:26 - [TEST_STEP][PASSED] - Assert.assertNotEquals(statusValue, null, "Status is null"): null&#xD;
&#xD;
2019-08-15 00:32:26 - [TEST_STEP][PASSED] - Assert.assertNotEquals(paymentValue, null, "Payment status is null"): null&#xD;
&#xD;
2019-08-15 00:32:26 - [TEST_STEP][PASSED] - out.println("Items == " + i + 1): null&#xD;
&#xD;
2019-08-15 00:32:26 - [TEST_STEP][PASSED] - orderValue = xpath("//*[@id='tab-5']/table/tbody/tr[" + i + 1 + "]/td[1]")).getText(): null&#xD;
&#xD;
2019-08-15 00:32:26 - [TEST_STEP][PASSED] - addressValue = xpath("//*[@id='tab-5']/table/tbody/tr[" + i + 1 + "]/td[2]")).getText(): null&#xD;
&#xD;
2019-08-15 00:32:26 - [TEST_STEP][PASSED] - listingValue = xpath("//*[@id='tab-5']/table/tbody/tr[" + i + 1 + "]/td[3]")).getText(): null&#xD;
&#xD;
2019-08-15 00:32:26 - [TEST_STEP][PASSED] - bookingDateValue = xpath("//*[@id='tab-5']/table/tbody/tr[" + i + 1 + "]/td[4]")).getText(): null&#xD;
&#xD;
2019-08-15 00:32:26 - [TEST_STEP][PASSED] - statusValue = xpath("//*[@id='tab-5']/table/tbody/tr[" + i + 1 + "]/td[5]")).getText(): null&#xD;
&#xD;
2019-08-15 00:32:26 - [TEST_STEP][PASSED] - paymentValue = xpath("//*[@id='tab-5']/table/tbody/tr[" + i + 1 + "]/td[6]")).getText(): null&#xD;
&#xD;
2019-08-15 00:32:26 - [TEST_STEP][PASSED] - order = driver.findElement(By.xpath("//*[@id='tab-5']/table/tbody/tr[" + i + 1 + "]/td[1]")): null&#xD;
&#xD;
2019-08-15 00:32:26 - [TEST_STEP][PASSED] - address = driver.findElement(By.xpath("//*[@id='tab-5']/table/tbody/tr[" + i + 1 + "]/td[2]")): null&#xD;
&#xD;
2019-08-15 00:32:26 - [TEST_STEP][PASSED] - listing = driver.findElement(By.xpath("//*[@id='tab-5']/table/tbody/tr[" + i + 1 + "]/td[3]")): null&#xD;
&#xD;
2019-08-15 00:32:26 - [TEST_STEP][PASSED] - bookingDate = driver.findElement(By.xpath("//*[@id='tab-5']/table/tbody/tr[" + i + 1 + "]/td[4]")): null&#xD;
&#xD;
2019-08-15 00:32:26 - [TEST_STEP][PASSED] - status = driver.findElement(By.xpath("//*[@id='tab-5']/table/tbody/tr[" + i + 1 + "]/td[5]")): null&#xD;
&#xD;
2019-08-15 00:32:26 - [TEST_STEP][PASSED] - paymentStatus = driver.findElement(By.xpath("//*[@id='tab-5']/table/tbody/tr[" + i + 1 + "]/td[6]")): null&#xD;
&#xD;
2019-08-15 00:32:27 - [TEST_STEP][PASSED] - js.executeScript("arguments[0].style.border='3px solid red'", order): null&#xD;
&#xD;
2019-08-15 00:32:27 - [TEST_STEP][PASSED] - js.executeScript("arguments[0].style.border='3px solid red'", address): null&#xD;
&#xD;
2019-08-15 00:32:27 - [TEST_STEP][PASSED] - js.executeScript("arguments[0].style.border='3px solid red'", listing): null&#xD;
&#xD;
2019-08-15 00:32:27 - [TEST_STEP][PASSED] - js.executeScript("arguments[0].style.border='3px solid red'", bookingDate): null&#xD;
&#xD;
2019-08-15 00:32:27 - [TEST_STEP][PASSED] - js.executeScript("arguments[0].style.border='3px solid red'", status): null&#xD;
&#xD;
2019-08-15 00:32:27 - [TEST_STEP][PASSED] - js.executeScript("arguments[0].style.border='3px solid red'", paymentStatus): null&#xD;
&#xD;
2019-08-15 00:32:27 - [TEST_STEP][PASSED] - out.println("OrderValues == " + orderValue): null&#xD;
&#xD;
2019-08-15 00:32:27 - [TEST_STEP][PASSED] - out.println("AddressValues == " + addressValue): null&#xD;
&#xD;
2019-08-15 00:32:27 - [TEST_STEP][PASSED] - out.println("ListingValues == " + listingValue): null&#xD;
&#xD;
2019-08-15 00:32:27 - [TEST_STEP][PASSED] - out.println("BookinDateValues == " + bookingDateValue): null&#xD;
&#xD;
2019-08-15 00:32:27 - [TEST_STEP][PASSED] - out.println("StatusValues == " + statusValue): null&#xD;
&#xD;
2019-08-15 00:32:27 - [TEST_STEP][PASSED] - out.println("PaymentStatusValues == " + paymentValue): null&#xD;
&#xD;
2019-08-15 00:32:27 - [TEST_STEP][PASSED] - Assert.assertNotEquals(orderValue, null, "Order number is null"): null&#xD;
&#xD;
2019-08-15 00:32:30 - [TEST_STEP][PASSED] - Assert.assertNotEquals(addressValue, null, "Address is null"): null&#xD;
&#xD;
2019-08-15 00:32:30 - [TEST_STEP][PASSED] - Assert.assertNotEquals(listingValue, null, "Listing is null"): null&#xD;
&#xD;
2019-08-15 00:32:30 - [TEST_STEP][PASSED] - Assert.assertNotEquals(bookingDateValue, null, "Booking date is null"): null&#xD;
&#xD;
2019-08-15 00:32:30 - [TEST_STEP][PASSED] - Assert.assertNotEquals(statusValue, null, "Status is null"): null&#xD;
&#xD;
2019-08-15 00:32:30 - [TEST_STEP][PASSED] - Assert.assertNotEquals(paymentValue, null, "Payment status is null"): null&#xD;
&#xD;
2019-08-15 00:32:30 - [TEST_STEP][PASSED] - out.println("Items == " + i + 1): null&#xD;
&#xD;
2019-08-15 00:32:30 - [TEST_STEP][PASSED] - orderValue = xpath("//*[@id='tab-5']/table/tbody/tr[" + i + 1 + "]/td[1]")).getText(): null&#xD;
&#xD;
2019-08-15 00:32:30 - [TEST_STEP][PASSED] - addressValue = xpath("//*[@id='tab-5']/table/tbody/tr[" + i + 1 + "]/td[2]")).getText(): null&#xD;
&#xD;
2019-08-15 00:32:30 - [TEST_STEP][PASSED] - listingValue = xpath("//*[@id='tab-5']/table/tbody/tr[" + i + 1 + "]/td[3]")).getText(): null&#xD;
&#xD;
2019-08-15 00:32:30 - [TEST_STEP][PASSED] - bookingDateValue = xpath("//*[@id='tab-5']/table/tbody/tr[" + i + 1 + "]/td[4]")).getText(): null&#xD;
&#xD;
2019-08-15 00:32:30 - [TEST_STEP][PASSED] - statusValue = xpath("//*[@id='tab-5']/table/tbody/tr[" + i + 1 + "]/td[5]")).getText(): null&#xD;
&#xD;
2019-08-15 00:32:30 - [TEST_STEP][PASSED] - paymentValue = xpath("//*[@id='tab-5']/table/tbody/tr[" + i + 1 + "]/td[6]")).getText(): null&#xD;
&#xD;
2019-08-15 00:32:30 - [TEST_STEP][PASSED] - order = driver.findElement(By.xpath("//*[@id='tab-5']/table/tbody/tr[" + i + 1 + "]/td[1]")): null&#xD;
&#xD;
2019-08-15 00:32:30 - [TEST_STEP][PASSED] - address = driver.findElement(By.xpath("//*[@id='tab-5']/table/tbody/tr[" + i + 1 + "]/td[2]")): null&#xD;
&#xD;
2019-08-15 00:32:30 - [TEST_STEP][PASSED] - listing = driver.findElement(By.xpath("//*[@id='tab-5']/table/tbody/tr[" + i + 1 + "]/td[3]")): null&#xD;
&#xD;
2019-08-15 00:32:30 - [TEST_STEP][PASSED] - bookingDate = driver.findElement(By.xpath("//*[@id='tab-5']/table/tbody/tr[" + i + 1 + "]/td[4]")): null&#xD;
&#xD;
2019-08-15 00:32:30 - [TEST_STEP][PASSED] - status = driver.findElement(By.xpath("//*[@id='tab-5']/table/tbody/tr[" + i + 1 + "]/td[5]")): null&#xD;
&#xD;
2019-08-15 00:32:31 - [TEST_STEP][PASSED] - paymentStatus = driver.findElement(By.xpath("//*[@id='tab-5']/table/tbody/tr[" + i + 1 + "]/td[6]")): null&#xD;
&#xD;
2019-08-15 00:32:31 - [TEST_STEP][PASSED] - js.executeScript("arguments[0].style.border='3px solid red'", order): null&#xD;
&#xD;
2019-08-15 00:32:31 - [TEST_STEP][PASSED] - js.executeScript("arguments[0].style.border='3px solid red'", address): null&#xD;
&#xD;
2019-08-15 00:32:31 - [TEST_STEP][PASSED] - js.executeScript("arguments[0].style.border='3px solid red'", listing): null&#xD;
&#xD;
2019-08-15 00:32:31 - [TEST_STEP][PASSED] - js.executeScript("arguments[0].style.border='3px solid red'", bookingDate): null&#xD;
&#xD;
2019-08-15 00:32:31 - [TEST_STEP][PASSED] - js.executeScript("arguments[0].style.border='3px solid red'", status): null&#xD;
&#xD;
2019-08-15 00:32:31 - [TEST_STEP][PASSED] - js.executeScript("arguments[0].style.border='3px solid red'", paymentStatus): null&#xD;
&#xD;
2019-08-15 00:32:31 - [TEST_STEP][PASSED] - out.println("OrderValues == " + orderValue): null&#xD;
&#xD;
2019-08-15 00:32:31 - [TEST_STEP][PASSED] - out.println("AddressValues == " + addressValue): null&#xD;
&#xD;
2019-08-15 00:32:31 - [TEST_STEP][PASSED] - out.println("ListingValues == " + listingValue): null&#xD;
&#xD;
2019-08-15 00:32:31 - [TEST_STEP][PASSED] - out.println("BookinDateValues == " + bookingDateValue): null&#xD;
&#xD;
2019-08-15 00:32:31 - [TEST_STEP][PASSED] - out.println("StatusValues == " + statusValue): null&#xD;
&#xD;
2019-08-15 00:32:31 - [TEST_STEP][PASSED] - out.println("PaymentStatusValues == " + paymentValue): null&#xD;
&#xD;
2019-08-15 00:32:31 - [TEST_STEP][PASSED] - Assert.assertNotEquals(orderValue, null, "Order number is null"): null&#xD;
&#xD;
2019-08-15 00:32:31 - [TEST_STEP][PASSED] - Assert.assertNotEquals(addressValue, null, "Address is null"): null&#xD;
&#xD;
2019-08-15 00:32:31 - [TEST_STEP][PASSED] - Assert.assertNotEquals(listingValue, null, "Listing is null"): null&#xD;
&#xD;
2019-08-15 00:32:31 - [TEST_STEP][PASSED] - Assert.assertNotEquals(bookingDateValue, null, "Booking date is null"): null&#xD;
&#xD;
2019-08-15 00:32:31 - [TEST_STEP][PASSED] - Assert.assertNotEquals(statusValue, null, "Status is null"): null&#xD;
&#xD;
2019-08-15 00:32:31 - [TEST_STEP][PASSED] - Assert.assertNotEquals(paymentValue, null, "Payment status is null"): null&#xD;
&#xD;
2019-08-15 00:32:31 - [TEST_STEP][PASSED] - Thread.sleep(2000): null&#xD;
&#xD;
2019-08-15 00:32:37 - [TEST_STEP][PASSED] - xpath("/html/body/header/div/div[2]/ul/li[1]/a")).click(): null</system-out>
            <system-err>2019-08-15 00:30:53 - [TEST_CASE][ERROR] - Test Cases/Workilo/Bookings/Customer/CustomerALL: Test Cases/Workilo/Bookings/Customer/CustomerALL FAILED.
Reason:
org.openqa.selenium.ElementNotInteractableException: element not interactable
  (Session info: chrome=76.0.3809.100)
Build info: version: '3.141.59', revision: 'e82be7d358', time: '2018-11-14T08:25:53'
System info: host: 'DAPL-ASSET-180', ip: '192.168.43.246', os.name: 'Windows 8.1', os.arch: 'amd64', os.version: '6.3', java.version: '1.8.0_181'
Driver info: org.openqa.selenium.chrome.ChromeDriver
Capabilities {acceptInsecureCerts: false, browserName: chrome, browserVersion: 76.0.3809.100, chrome: {chromedriverVersion: 76.0.3809.25 (a0c95f440512e..., userDataDir: C:\Users\DAPL-A~1\AppData\L...}, goog:chromeOptions: {debuggerAddress: localhost:57812}, javascriptEnabled: true, networkConnectionEnabled: false, pageLoadStrategy: normal, platform: XP, platformName: XP, proxy: Proxy(), setWindowRect: true, strictFileInteractability: false, timeouts: {implicit: 0, pageLoad: 300000, script: 30000}, unhandledPromptBehavior: dismiss and notify}
Session ID: 52019c01fe20ae89dc0a372a94ee3675&#xD;
	at org.openqa.selenium.remote.http.W3CHttpResponseCodec.createException(W3CHttpResponseCodec.java:187)&#xD;
	at org.openqa.selenium.remote.http.W3CHttpResponseCodec.decode(W3CHttpResponseCodec.java:122)&#xD;
	at org.openqa.selenium.remote.http.W3CHttpResponseCodec.decode(W3CHttpResponseCodec.java:49)&#xD;
	at org.openqa.selenium.remote.HttpCommandExecutor.execute(HttpCommandExecutor.java:158)&#xD;
	at org.openqa.selenium.remote.service.DriverCommandExecutor.execute(DriverCommandExecutor.java:83)&#xD;
	at org.openqa.selenium.remote.RemoteWebDriver.execute(RemoteWebDriver.java:552)&#xD;
	at org.openqa.selenium.remote.RemoteWebElement.execute(RemoteWebElement.java:285)&#xD;
	at org.openqa.selenium.remote.RemoteWebElement.click(RemoteWebElement.java:84)&#xD;
	at org.openqa.selenium.WebElement$click.call(Unknown Source)&#xD;
	at CustomerALL.run(CustomerALL:148)&#xD;
	at com.kms.katalon.core.main.ScriptEngine.run(ScriptEngine.java:194)&#xD;
	at com.kms.katalon.core.main.ScriptEngine.runScriptAsRawText(ScriptEngine.java:119)&#xD;
	at com.kms.katalon.core.main.TestCaseExecutor.runScript(TestCaseExecutor.java:337)&#xD;
	at com.kms.katalon.core.main.TestCaseExecutor.doExecute(TestCaseExecutor.java:328)&#xD;
	at com.kms.katalon.core.main.TestCaseExecutor.processExecutionPhase(TestCaseExecutor.java:307)&#xD;
	at com.kms.katalon.core.main.TestCaseExecutor.accessMainPhase(TestCaseExecutor.java:299)&#xD;
	at com.kms.katalon.core.main.TestCaseExecutor.execute(TestCaseExecutor.java:233)&#xD;
	at com.kms.katalon.core.main.TestSuiteExecutor.accessTestCaseMainPhase(TestSuiteExecutor.java:133)&#xD;
	at com.kms.katalon.core.main.TestSuiteExecutor.accessTestSuiteMainPhase(TestSuiteExecutor.java:116)&#xD;
	at com.kms.katalon.core.main.TestSuiteExecutor.execute(TestSuiteExecutor.java:83)&#xD;
	at com.kms.katalon.core.main.TestCaseMain.startTestSuite(TestCaseMain.java:157)&#xD;
	at com.kms.katalon.core.main.TestCaseMain$startTestSuite$0.call(Unknown Source)&#xD;
	at TempTestSuite1565808946959.run(TempTestSuite1565808946959.groovy:35)</system-err>
        </testcase>
        <testcase name="Test Cases/Workilo/Bookings/Customer/PlaceOrderBySearchTestMode" classname="Test Cases/Workilo/Bookings/Customer/PlaceOrderBySearchTestMode" status="PASSED">
            <system-out>2019-08-15 00:33:07 - [TEST_CASE][PASSED] - Test Cases/Workilo/Bookings/Customer/PlaceOrderBySearchTestMode: Test Cases/Workilo/Bookings/Customer/PlaceOrderBySearchTestMode&#xD;
&#xD;
2019-08-15 00:33:07 - [TEST_STEP][PASSED] - System.setProperty("webdriver.chrome.driver", chromePath): null&#xD;
&#xD;
2019-08-15 00:33:07 - [TEST_STEP][PASSED] - driver = new org.openqa.selenium.chrome.ChromeDriver(): null&#xD;
&#xD;
2019-08-15 00:33:10 - [TEST_STEP][PASSED] - window().maximize(): null&#xD;
&#xD;
2019-08-15 00:33:11 - [TEST_STEP][PASSED] - driver.get("http://workilo.com"): null&#xD;
&#xD;
2019-08-15 00:33:20 - [TEST_STEP][PASSED] - timeouts().implicitlyWait(30, SECONDS): null&#xD;
&#xD;
2019-08-15 00:33:20 - [TEST_STEP][PASSED] - try: null&#xD;
&#xD;
2019-08-15 00:33:20 - [TEST_STEP][PASSED] - linkText("Log In")).click(): null&#xD;
&#xD;
2019-08-15 00:33:20 - [TEST_STEP][PASSED] - Thread.sleep(2000): null&#xD;
&#xD;
2019-08-15 00:33:22 - [TEST_STEP][PASSED] - id("email_login")).sendKeys("nabin@digitalaptech.com"): null&#xD;
&#xD;
2019-08-15 00:33:23 - [TEST_STEP][PASSED] - id("password_login")).sendKeys("admin#123"): null&#xD;
&#xD;
2019-08-15 00:33:23 - [TEST_STEP][PASSED] - //*[@value='Log in']")).click(): null&#xD;
&#xD;
2019-08-15 00:33:23 - [TEST_STEP][PASSED] - Thread.sleep(3000): null&#xD;
&#xD;
2019-08-15 00:33:26 - [TEST_STEP][PASSED] - js = driver: null&#xD;
&#xD;
2019-08-15 00:33:26 - [TEST_STEP][PASSED] - id("search-input-desk")).sendKeys("Home Appliances"): null&#xD;
&#xD;
2019-08-15 00:33:26 - [TEST_STEP][PASSED] - xpath("//*[@id='select_list']/button")).click(): null&#xD;
&#xD;
2019-08-15 00:33:29 - [TEST_STEP][PASSED] - js.executeScript("window.scrollBy(0,500)"): null&#xD;
&#xD;
2019-08-15 00:33:29 - [TEST_STEP][PASSED] - Thread.sleep(2000): null&#xD;
&#xD;
2019-08-15 00:33:31 - [TEST_STEP][PASSED] - xpath("//*[@id='demo']/div/div/div[1]")).click(): null&#xD;
&#xD;
2019-08-15 00:33:35 - [TEST_STEP][PASSED] - element2 = driver.findElement(By.xpath(".//*[text()='book now']")): null&#xD;
&#xD;
2019-08-15 00:33:35 - [TEST_STEP][PASSED] - js.executeScript("window.scrollBy(0,500)"): null&#xD;
&#xD;
2019-08-15 00:33:35 - [TEST_STEP][PASSED] - Thread.sleep(2000): null&#xD;
&#xD;
2019-08-15 00:33:37 - [TEST_STEP][PASSED] - element2.click(): null&#xD;
&#xD;
2019-08-15 00:33:37 - [TEST_STEP][PASSED] - Thread.sleep(3000): null&#xD;
&#xD;
2019-08-15 00:33:40 - [TEST_STEP][PASSED] - id("step1")).click(): null&#xD;
&#xD;
2019-08-15 00:33:40 - [TEST_STEP][PASSED] - Thread.sleep(3000): null&#xD;
&#xD;
2019-08-15 00:33:43 - [TEST_STEP][PASSED] - id("billing_address1")).sendKeys("446 Plymouth St. Brooklyn"): null&#xD;
&#xD;
2019-08-15 00:33:43 - [TEST_STEP][PASSED] - id("billing_city")).click(): null&#xD;
&#xD;
2019-08-15 00:33:43 - [TEST_STEP][PASSED] - Thread.sleep(2000): null&#xD;
&#xD;
2019-08-15 00:33:45 - [TEST_STEP][PASSED] - element3 = driver.findElement(By.xpath("//*[@id='tab-2']/div[2]/a[1]")): null&#xD;
&#xD;
2019-08-15 00:33:45 - [TEST_STEP][PASSED] - js.executeScript("arguments[0].scrollIntoView();", element3): null&#xD;
&#xD;
2019-08-15 00:33:45 - [TEST_STEP][PASSED] - element3.click(): null&#xD;
&#xD;
2019-08-15 00:33:46 - [TEST_STEP][PASSED] - Thread.sleep(2000): null&#xD;
&#xD;
2019-08-15 00:33:48 - [TEST_STEP][PASSED] - xpath("//*[@id='tab-3']/div[2]/a[1]")).click(): null&#xD;
&#xD;
2019-08-15 00:33:48 - [TEST_STEP][PASSED] - Thread.sleep(2000): null&#xD;
&#xD;
2019-08-15 00:33:50 - [TEST_STEP][PASSED] - xpath("//*[@id='tab-4']/div[1]/div[1]/span")).click(): null&#xD;
&#xD;
2019-08-15 00:33:50 - [TEST_STEP][PASSED] - Thread.sleep(2000): null&#xD;
&#xD;
2019-08-15 00:33:52 - [TEST_STEP][PASSED] - name("send")).click(): null&#xD;
&#xD;
2019-08-15 00:33:52 - [TEST_STEP][PASSED] - Thread.sleep(3000): null&#xD;
&#xD;
2019-08-15 00:33:55 - [TEST_STEP][PASSED] - src = driver.getScreenshotAs(FILE): null&#xD;
&#xD;
2019-08-15 00:33:56 - [TEST_STEP][PASSED] - FileUtils.copyFile(src, new java.io.File(((C:\Users\DAPL-Asset-180\Desktop\screenshots + java.lang.System.currentTimeMillis()) + .png))): null&#xD;
&#xD;
2019-08-15 00:33:56 - [TEST_STEP][PASSED] - Thread.sleep(2000): null&#xD;
&#xD;
2019-08-15 00:33:58 - [TEST_STEP][PASSED] - xpath("//*[@id='messageModal']/div/div/i")).click(): null&#xD;
&#xD;
2019-08-15 00:33:58 - [TEST_STEP][PASSED] - Thread.sleep(2000): null&#xD;
&#xD;
2019-08-15 00:34:00 - [TEST_STEP][PASSED] - js.executeScript("window.scrollBy(0,-1000)"): null&#xD;
&#xD;
2019-08-15 00:34:00 - [TEST_STEP][PASSED] - Thread.sleep(1000): null&#xD;
&#xD;
2019-08-15 00:34:01 - [TEST_STEP][PASSED] - xpath("/html/body/header/div/div[2]/ul/li[1]/a")).click(): null&#xD;
&#xD;
2019-08-15 00:34:31 - [TEST_STEP][PASSED] - catch (Exception e): null&#xD;
&#xD;
2019-08-15 00:34:31 - [TEST_STEP][PASSED] - src = driver.getScreenshotAs(FILE): null&#xD;
&#xD;
2019-08-15 00:34:31 - [TEST_STEP][PASSED] - FileUtils.copyFile(src, new java.io.File(((C:\Users\DAPL-Asset-180\Desktop\screenshots + java.lang.System.currentTimeMillis()) + .png))): null&#xD;
&#xD;
2019-08-15 00:34:31 - [TEST_STEP][PASSED] - out.println(e.getMessage()): null&#xD;
&#xD;
2019-08-15 00:34:31 - [TEST_STEP][PASSED] - driver.quit(): null</system-out>
            <system-err></system-err>
        </testcase>
        <testcase name="Test Cases/Workilo/Bookings/ServiceProvider/ALLorder" classname="Test Cases/Workilo/Bookings/ServiceProvider/ALLorder" status="ERROR">
            <error type="ERROR" message="Test Cases/Workilo/Bookings/ServiceProvider/ALLorder FAILED.&#xA;Reason:&#xA;org.openqa.selenium.ElementNotInteractableException: element not interactable&#xA;  (Session info: chrome=76.0.3809.100)&#xA;Build info: version: '3.141.59', revision: 'e82be7d358', time: '2018-11-14T08:25:53'&#xA;System info: host: 'DAPL-ASSET-180', ip: '192.168.43.246', os.name: 'Windows 8.1', os.arch: 'amd64', os.version: '6.3', java.version: '1.8.0_181'&#xA;Driver info: org.openqa.selenium.chrome.ChromeDriver&#xA;Capabilities {acceptInsecureCerts: false, browserName: chrome, browserVersion: 76.0.3809.100, chrome: {chromedriverVersion: 76.0.3809.25 (a0c95f440512e..., userDataDir: C:\Users\DAPL-A~1\AppData\L...}, goog:chromeOptions: {debuggerAddress: localhost:58124}, javascriptEnabled: true, networkConnectionEnabled: false, pageLoadStrategy: normal, platform: XP, platformName: XP, proxy: Proxy(), setWindowRect: true, strictFileInteractability: false, timeouts: {implicit: 0, pageLoad: 300000, script: 30000}, unhandledPromptBehavior: dismiss and notify}&#xA;Session ID: a638810ffce2b127510c2333a7e2a947&#xD;&#xA;&#x9;at org.openqa.selenium.remote.http.W3CHttpResponseCodec.createException(W3CHttpResponseCodec.java:187)&#xD;&#xA;&#x9;at org.openqa.selenium.remote.http.W3CHttpResponseCodec.decode(W3CHttpResponseCodec.java:122)&#xD;&#xA;&#x9;at org.openqa.selenium.remote.http.W3CHttpResponseCodec.decode(W3CHttpResponseCodec.java:49)&#xD;&#xA;&#x9;at org.openqa.selenium.remote.HttpCommandExecutor.execute(HttpCommandExecutor.java:158)&#xD;&#xA;&#x9;at org.openqa.selenium.remote.service.DriverCommandExecutor.execute(DriverCommandExecutor.java:83)&#xD;&#xA;&#x9;at org.openqa.selenium.remote.RemoteWebDriver.execute(RemoteWebDriver.java:552)&#xD;&#xA;&#x9;at org.openqa.selenium.remote.RemoteWebElement.execute(RemoteWebElement.java:285)&#xD;&#xA;&#x9;at org.openqa.selenium.remote.RemoteWebElement.click(RemoteWebElement.java:84)&#xD;&#xA;&#x9;at org.openqa.selenium.WebElement$click.call(Unknown Source)&#xD;&#xA;&#x9;at ALLorder.run(ALLorder:38)&#xD;&#xA;&#x9;at com.kms.katalon.core.main.ScriptEngine.run(ScriptEngine.java:194)&#xD;&#xA;&#x9;at com.kms.katalon.core.main.ScriptEngine.runScriptAsRawText(ScriptEngine.java:119)&#xD;&#xA;&#x9;at com.kms.katalon.core.main.TestCaseExecutor.runScript(TestCaseExecutor.java:337)&#xD;&#xA;&#x9;at com.kms.katalon.core.main.TestCaseExecutor.doExecute(TestCaseExecutor.java:328)&#xD;&#xA;&#x9;at com.kms.katalon.core.main.TestCaseExecutor.processExecutionPhase(TestCaseExecutor.java:307)&#xD;&#xA;&#x9;at com.kms.katalon.core.main.TestCaseExecutor.accessMainPhase(TestCaseExecutor.java:299)&#xD;&#xA;&#x9;at com.kms.katalon.core.main.TestCaseExecutor.execute(TestCaseExecutor.java:233)&#xD;&#xA;&#x9;at com.kms.katalon.core.main.TestSuiteExecutor.accessTestCaseMainPhase(TestSuiteExecutor.java:133)&#xD;&#xA;&#x9;at com.kms.katalon.core.main.TestSuiteExecutor.accessTestSuiteMainPhase(TestSuiteExecutor.java:116)&#xD;&#xA;&#x9;at com.kms.katalon.core.main.TestSuiteExecutor.execute(TestSuiteExecutor.java:83)&#xD;&#xA;&#x9;at com.kms.katalon.core.main.TestCaseMain.startTestSuite(TestCaseMain.java:157)&#xD;&#xA;&#x9;at com.kms.katalon.core.main.TestCaseMain$startTestSuite$0.call(Unknown Source)&#xD;&#xA;&#x9;at TempTestSuite1565808946959.run(TempTestSuite1565808946959.groovy:35)&#xD;&#xA;"/>
            <system-out>2019-08-15 00:34:32 - [TEST_CASE][ERROR] - Test Cases/Workilo/Bookings/ServiceProvider/ALLorder: Test Cases/Workilo/Bookings/ServiceProvider/ALLorder FAILED.
Reason:
org.openqa.selenium.ElementNotInteractableException: element not interactable
  (Session info: chrome=76.0.3809.100)
Build info: version: '3.141.59', revision: 'e82be7d358', time: '2018-11-14T08:25:53'
System info: host: 'DAPL-ASSET-180', ip: '192.168.43.246', os.name: 'Windows 8.1', os.arch: 'amd64', os.version: '6.3', java.version: '1.8.0_181'
Driver info: org.openqa.selenium.chrome.ChromeDriver
Capabilities {acceptInsecureCerts: false, browserName: chrome, browserVersion: 76.0.3809.100, chrome: {chromedriverVersion: 76.0.3809.25 (a0c95f440512e..., userDataDir: C:\Users\DAPL-A~1\AppData\L...}, goog:chromeOptions: {debuggerAddress: localhost:58124}, javascriptEnabled: true, networkConnectionEnabled: false, pageLoadStrategy: normal, platform: XP, platformName: XP, proxy: Proxy(), setWindowRect: true, strictFileInteractability: false, timeouts: {implicit: 0, pageLoad: 300000, script: 30000}, unhandledPromptBehavior: dismiss and notify}
Session ID: a638810ffce2b127510c2333a7e2a947&#xD;
	at org.openqa.selenium.remote.http.W3CHttpResponseCodec.createException(W3CHttpResponseCodec.java:187)&#xD;
	at org.openqa.selenium.remote.http.W3CHttpResponseCodec.decode(W3CHttpResponseCodec.java:122)&#xD;
	at org.openqa.selenium.remote.http.W3CHttpResponseCodec.decode(W3CHttpResponseCodec.java:49)&#xD;
	at org.openqa.selenium.remote.HttpCommandExecutor.execute(HttpCommandExecutor.java:158)&#xD;
	at org.openqa.selenium.remote.service.DriverCommandExecutor.execute(DriverCommandExecutor.java:83)&#xD;
	at org.openqa.selenium.remote.RemoteWebDriver.execute(RemoteWebDriver.java:552)&#xD;
	at org.openqa.selenium.remote.RemoteWebElement.execute(RemoteWebElement.java:285)&#xD;
	at org.openqa.selenium.remote.RemoteWebElement.click(RemoteWebElement.java:84)&#xD;
	at org.openqa.selenium.WebElement$click.call(Unknown Source)&#xD;
	at ALLorder.run(ALLorder:38)&#xD;
	at com.kms.katalon.core.main.ScriptEngine.run(ScriptEngine.java:194)&#xD;
	at com.kms.katalon.core.main.ScriptEngine.runScriptAsRawText(ScriptEngine.java:119)&#xD;
	at com.kms.katalon.core.main.TestCaseExecutor.runScript(TestCaseExecutor.java:337)&#xD;
	at com.kms.katalon.core.main.TestCaseExecutor.doExecute(TestCaseExecutor.java:328)&#xD;
	at com.kms.katalon.core.main.TestCaseExecutor.processExecutionPhase(TestCaseExecutor.java:307)&#xD;
	at com.kms.katalon.core.main.TestCaseExecutor.accessMainPhase(TestCaseExecutor.java:299)&#xD;
	at com.kms.katalon.core.main.TestCaseExecutor.execute(TestCaseExecutor.java:233)&#xD;
	at com.kms.katalon.core.main.TestSuiteExecutor.accessTestCaseMainPhase(TestSuiteExecutor.java:133)&#xD;
	at com.kms.katalon.core.main.TestSuiteExecutor.accessTestSuiteMainPhase(TestSuiteExecutor.java:116)&#xD;
	at com.kms.katalon.core.main.TestSuiteExecutor.execute(TestSuiteExecutor.java:83)&#xD;
	at com.kms.katalon.core.main.TestCaseMain.startTestSuite(TestCaseMain.java:157)&#xD;
	at com.kms.katalon.core.main.TestCaseMain$startTestSuite$0.call(Unknown Source)&#xD;
	at TempTestSuite1565808946959.run(TempTestSuite1565808946959.groovy:35)&#xD;
&#xD;
&#xD;
2019-08-15 00:34:33 - [TEST_STEP][PASSED] - System.setProperty("webdriver.chrome.driver", chromePath): null&#xD;
&#xD;
2019-08-15 00:34:33 - [TEST_STEP][PASSED] - driver = new org.openqa.selenium.chrome.ChromeDriver(): null&#xD;
&#xD;
2019-08-15 00:34:35 - [TEST_STEP][PASSED] - window().maximize(): null&#xD;
&#xD;
2019-08-15 00:34:36 - [TEST_STEP][PASSED] - driver.get("http://workilo.com"): null&#xD;
&#xD;
2019-08-15 00:34:48 - [TEST_STEP][PASSED] - timeouts().implicitlyWait(30, SECONDS): null&#xD;
&#xD;
2019-08-15 00:34:48 - [TEST_STEP][PASSED] - linkText("Log In")).click(): null&#xD;
&#xD;
2019-08-15 00:34:48 - [TEST_STEP][PASSED] - Thread.sleep(2000): null&#xD;
&#xD;
2019-08-15 00:34:50 - [TEST_STEP][PASSED] - id("email_login")).sendKeys("testworkilo@gmail.com"): null&#xD;
&#xD;
2019-08-15 00:34:50 - [TEST_STEP][PASSED] - id("password_login")).sendKeys("admin@123"): null&#xD;
&#xD;
2019-08-15 00:34:50 - [TEST_STEP][PASSED] - //*[@value='Log in']")).click(): null&#xD;
&#xD;
2019-08-15 00:34:50 - [TEST_STEP][PASSED] - Thread.sleep(3000): null&#xD;
&#xD;
2019-08-15 00:34:53 - [TEST_STEP][PASSED] - xpath("/html/body/header/div/div[2]/ul/li[1]/a")).click(): null</system-out>
            <system-err>2019-08-15 00:34:32 - [TEST_CASE][ERROR] - Test Cases/Workilo/Bookings/ServiceProvider/ALLorder: Test Cases/Workilo/Bookings/ServiceProvider/ALLorder FAILED.
Reason:
org.openqa.selenium.ElementNotInteractableException: element not interactable
  (Session info: chrome=76.0.3809.100)
Build info: version: '3.141.59', revision: 'e82be7d358', time: '2018-11-14T08:25:53'
System info: host: 'DAPL-ASSET-180', ip: '192.168.43.246', os.name: 'Windows 8.1', os.arch: 'amd64', os.version: '6.3', java.version: '1.8.0_181'
Driver info: org.openqa.selenium.chrome.ChromeDriver
Capabilities {acceptInsecureCerts: false, browserName: chrome, browserVersion: 76.0.3809.100, chrome: {chromedriverVersion: 76.0.3809.25 (a0c95f440512e..., userDataDir: C:\Users\DAPL-A~1\AppData\L...}, goog:chromeOptions: {debuggerAddress: localhost:58124}, javascriptEnabled: true, networkConnectionEnabled: false, pageLoadStrategy: normal, platform: XP, platformName: XP, proxy: Proxy(), setWindowRect: true, strictFileInteractability: false, timeouts: {implicit: 0, pageLoad: 300000, script: 30000}, unhandledPromptBehavior: dismiss and notify}
Session ID: a638810ffce2b127510c2333a7e2a947&#xD;
	at org.openqa.selenium.remote.http.W3CHttpResponseCodec.createException(W3CHttpResponseCodec.java:187)&#xD;
	at org.openqa.selenium.remote.http.W3CHttpResponseCodec.decode(W3CHttpResponseCodec.java:122)&#xD;
	at org.openqa.selenium.remote.http.W3CHttpResponseCodec.decode(W3CHttpResponseCodec.java:49)&#xD;
	at org.openqa.selenium.remote.HttpCommandExecutor.execute(HttpCommandExecutor.java:158)&#xD;
	at org.openqa.selenium.remote.service.DriverCommandExecutor.execute(DriverCommandExecutor.java:83)&#xD;
	at org.openqa.selenium.remote.RemoteWebDriver.execute(RemoteWebDriver.java:552)&#xD;
	at org.openqa.selenium.remote.RemoteWebElement.execute(RemoteWebElement.java:285)&#xD;
	at org.openqa.selenium.remote.RemoteWebElement.click(RemoteWebElement.java:84)&#xD;
	at org.openqa.selenium.WebElement$click.call(Unknown Source)&#xD;
	at ALLorder.run(ALLorder:38)&#xD;
	at com.kms.katalon.core.main.ScriptEngine.run(ScriptEngine.java:194)&#xD;
	at com.kms.katalon.core.main.ScriptEngine.runScriptAsRawText(ScriptEngine.java:119)&#xD;
	at com.kms.katalon.core.main.TestCaseExecutor.runScript(TestCaseExecutor.java:337)&#xD;
	at com.kms.katalon.core.main.TestCaseExecutor.doExecute(TestCaseExecutor.java:328)&#xD;
	at com.kms.katalon.core.main.TestCaseExecutor.processExecutionPhase(TestCaseExecutor.java:307)&#xD;
	at com.kms.katalon.core.main.TestCaseExecutor.accessMainPhase(TestCaseExecutor.java:299)&#xD;
	at com.kms.katalon.core.main.TestCaseExecutor.execute(TestCaseExecutor.java:233)&#xD;
	at com.kms.katalon.core.main.TestSuiteExecutor.accessTestCaseMainPhase(TestSuiteExecutor.java:133)&#xD;
	at com.kms.katalon.core.main.TestSuiteExecutor.accessTestSuiteMainPhase(TestSuiteExecutor.java:116)&#xD;
	at com.kms.katalon.core.main.TestSuiteExecutor.execute(TestSuiteExecutor.java:83)&#xD;
	at com.kms.katalon.core.main.TestCaseMain.startTestSuite(TestCaseMain.java:157)&#xD;
	at com.kms.katalon.core.main.TestCaseMain$startTestSuite$0.call(Unknown Source)&#xD;
	at TempTestSuite1565808946959.run(TempTestSuite1565808946959.groovy:35)</system-err>
        </testcase>
        <testcase name="Test Cases/Workilo/HomePage/TitleVerification" classname="Test Cases/Workilo/HomePage/TitleVerification" status="PASSED">
            <system-out>2019-08-15 00:35:23 - [TEST_CASE][PASSED] - Test Cases/Workilo/HomePage/TitleVerification: Test Cases/Workilo/HomePage/TitleVerification&#xD;
&#xD;
2019-08-15 00:35:23 - [TEST_STEP][PASSED] - System.setProperty("webdriver.chrome.driver", chromePath): null&#xD;
&#xD;
2019-08-15 00:35:23 - [TEST_STEP][PASSED] - driver = new org.openqa.selenium.chrome.ChromeDriver(): null&#xD;
&#xD;
2019-08-15 00:35:26 - [TEST_STEP][PASSED] - window().maximize(): null&#xD;
&#xD;
2019-08-15 00:35:27 - [TEST_STEP][PASSED] - driver.get("http://workilo.com"): null&#xD;
&#xD;
2019-08-15 00:35:35 - [TEST_STEP][PASSED] - actualTitle = driver.getTitle(): null&#xD;
&#xD;
2019-08-15 00:35:35 - [TEST_STEP][PASSED] - expectedTitle = "Workilo :: Home Improvement And Renovation Services in Brooklyn by Workilo": null&#xD;
&#xD;
2019-08-15 00:35:35 - [TEST_STEP][PASSED] - Assert.assertEquals(actualTitle, expectedTitle, "Title didn't match."): null&#xD;
&#xD;
2019-08-15 00:35:35 - [TEST_STEP][PASSED] - Thread.sleep(3000): null&#xD;
&#xD;
2019-08-15 00:35:38 - [TEST_STEP][PASSED] - driver.quit(): null</system-out>
            <system-err></system-err>
        </testcase>
        <testcase name="Test Cases/Workilo/Listing/Add Listing/AddListing" classname="Test Cases/Workilo/Listing/Add Listing/AddListing" status="ERROR">
            <error type="ERROR" message="Test Cases/Workilo/Listing/Add Listing/AddListing FAILED.&#xA;Reason:&#xA;org.openqa.selenium.ElementNotInteractableException: element not interactable&#xA;  (Session info: chrome=76.0.3809.100)&#xA;Build info: version: '3.141.59', revision: 'e82be7d358', time: '2018-11-14T08:25:53'&#xA;System info: host: 'DAPL-ASSET-180', ip: '192.168.43.246', os.name: 'Windows 8.1', os.arch: 'amd64', os.version: '6.3', java.version: '1.8.0_181'&#xA;Driver info: org.openqa.selenium.chrome.ChromeDriver&#xA;Capabilities {acceptInsecureCerts: false, browserName: chrome, browserVersion: 76.0.3809.100, chrome: {chromedriverVersion: 76.0.3809.25 (a0c95f440512e..., userDataDir: C:\Users\DAPL-A~1\AppData\L...}, goog:chromeOptions: {debuggerAddress: localhost:58295}, javascriptEnabled: true, networkConnectionEnabled: false, pageLoadStrategy: normal, platform: XP, platformName: XP, proxy: Proxy(), setWindowRect: true, strictFileInteractability: false, timeouts: {implicit: 0, pageLoad: 300000, script: 30000}, unhandledPromptBehavior: dismiss and notify}&#xA;Session ID: d409ab48a87b4d98afcf9cc63c491955&#xD;&#xA;&#x9;at org.openqa.selenium.remote.http.W3CHttpResponseCodec.createException(W3CHttpResponseCodec.java:187)&#xD;&#xA;&#x9;at org.openqa.selenium.remote.http.W3CHttpResponseCodec.decode(W3CHttpResponseCodec.java:122)&#xD;&#xA;&#x9;at org.openqa.selenium.remote.http.W3CHttpResponseCodec.decode(W3CHttpResponseCodec.java:49)&#xD;&#xA;&#x9;at org.openqa.selenium.remote.HttpCommandExecutor.execute(HttpCommandExecutor.java:158)&#xD;&#xA;&#x9;at org.openqa.selenium.remote.service.DriverCommandExecutor.execute(DriverCommandExecutor.java:83)&#xD;&#xA;&#x9;at org.openqa.selenium.remote.RemoteWebDriver.execute(RemoteWebDriver.java:552)&#xD;&#xA;&#x9;at org.openqa.selenium.remote.RemoteWebElement.execute(RemoteWebElement.java:285)&#xD;&#xA;&#x9;at org.openqa.selenium.remote.RemoteWebElement.click(RemoteWebElement.java:84)&#xD;&#xA;&#x9;at org.openqa.selenium.WebElement$click.call(Unknown Source)&#xD;&#xA;&#x9;at AddListing.run(AddListing:36)&#xD;&#xA;&#x9;at com.kms.katalon.core.main.ScriptEngine.run(ScriptEngine.java:194)&#xD;&#xA;&#x9;at com.kms.katalon.core.main.ScriptEngine.runScriptAsRawText(ScriptEngine.java:119)&#xD;&#xA;&#x9;at com.kms.katalon.core.main.TestCaseExecutor.runScript(TestCaseExecutor.java:337)&#xD;&#xA;&#x9;at com.kms.katalon.core.main.TestCaseExecutor.doExecute(TestCaseExecutor.java:328)&#xD;&#xA;&#x9;at com.kms.katalon.core.main.TestCaseExecutor.processExecutionPhase(TestCaseExecutor.java:307)&#xD;&#xA;&#x9;at com.kms.katalon.core.main.TestCaseExecutor.accessMainPhase(TestCaseExecutor.java:299)&#xD;&#xA;&#x9;at com.kms.katalon.core.main.TestCaseExecutor.execute(TestCaseExecutor.java:233)&#xD;&#xA;&#x9;at com.kms.katalon.core.main.TestSuiteExecutor.accessTestCaseMainPhase(TestSuiteExecutor.java:133)&#xD;&#xA;&#x9;at com.kms.katalon.core.main.TestSuiteExecutor.accessTestSuiteMainPhase(TestSuiteExecutor.java:116)&#xD;&#xA;&#x9;at com.kms.katalon.core.main.TestSuiteExecutor.execute(TestSuiteExecutor.java:83)&#xD;&#xA;&#x9;at com.kms.katalon.core.main.TestCaseMain.startTestSuite(TestCaseMain.java:157)&#xD;&#xA;&#x9;at com.kms.katalon.core.main.TestCaseMain$startTestSuite$0.call(Unknown Source)&#xD;&#xA;&#x9;at TempTestSuite1565808946959.run(TempTestSuite1565808946959.groovy:35)&#xD;&#xA;"/>
            <system-out>2019-08-15 00:35:39 - [TEST_CASE][ERROR] - Test Cases/Workilo/Listing/Add Listing/AddListing: Test Cases/Workilo/Listing/Add Listing/AddListing FAILED.
Reason:
org.openqa.selenium.ElementNotInteractableException: element not interactable
  (Session info: chrome=76.0.3809.100)
Build info: version: '3.141.59', revision: 'e82be7d358', time: '2018-11-14T08:25:53'
System info: host: 'DAPL-ASSET-180', ip: '192.168.43.246', os.name: 'Windows 8.1', os.arch: 'amd64', os.version: '6.3', java.version: '1.8.0_181'
Driver info: org.openqa.selenium.chrome.ChromeDriver
Capabilities {acceptInsecureCerts: false, browserName: chrome, browserVersion: 76.0.3809.100, chrome: {chromedriverVersion: 76.0.3809.25 (a0c95f440512e..., userDataDir: C:\Users\DAPL-A~1\AppData\L...}, goog:chromeOptions: {debuggerAddress: localhost:58295}, javascriptEnabled: true, networkConnectionEnabled: false, pageLoadStrategy: normal, platform: XP, platformName: XP, proxy: Proxy(), setWindowRect: true, strictFileInteractability: false, timeouts: {implicit: 0, pageLoad: 300000, script: 30000}, unhandledPromptBehavior: dismiss and notify}
Session ID: d409ab48a87b4d98afcf9cc63c491955&#xD;
	at org.openqa.selenium.remote.http.W3CHttpResponseCodec.createException(W3CHttpResponseCodec.java:187)&#xD;
	at org.openqa.selenium.remote.http.W3CHttpResponseCodec.decode(W3CHttpResponseCodec.java:122)&#xD;
	at org.openqa.selenium.remote.http.W3CHttpResponseCodec.decode(W3CHttpResponseCodec.java:49)&#xD;
	at org.openqa.selenium.remote.HttpCommandExecutor.execute(HttpCommandExecutor.java:158)&#xD;
	at org.openqa.selenium.remote.service.DriverCommandExecutor.execute(DriverCommandExecutor.java:83)&#xD;
	at org.openqa.selenium.remote.RemoteWebDriver.execute(RemoteWebDriver.java:552)&#xD;
	at org.openqa.selenium.remote.RemoteWebElement.execute(RemoteWebElement.java:285)&#xD;
	at org.openqa.selenium.remote.RemoteWebElement.click(RemoteWebElement.java:84)&#xD;
	at org.openqa.selenium.WebElement$click.call(Unknown Source)&#xD;
	at AddListing.run(AddListing:36)&#xD;
	at com.kms.katalon.core.main.ScriptEngine.run(ScriptEngine.java:194)&#xD;
	at com.kms.katalon.core.main.ScriptEngine.runScriptAsRawText(ScriptEngine.java:119)&#xD;
	at com.kms.katalon.core.main.TestCaseExecutor.runScript(TestCaseExecutor.java:337)&#xD;
	at com.kms.katalon.core.main.TestCaseExecutor.doExecute(TestCaseExecutor.java:328)&#xD;
	at com.kms.katalon.core.main.TestCaseExecutor.processExecutionPhase(TestCaseExecutor.java:307)&#xD;
	at com.kms.katalon.core.main.TestCaseExecutor.accessMainPhase(TestCaseExecutor.java:299)&#xD;
	at com.kms.katalon.core.main.TestCaseExecutor.execute(TestCaseExecutor.java:233)&#xD;
	at com.kms.katalon.core.main.TestSuiteExecutor.accessTestCaseMainPhase(TestSuiteExecutor.java:133)&#xD;
	at com.kms.katalon.core.main.TestSuiteExecutor.accessTestSuiteMainPhase(TestSuiteExecutor.java:116)&#xD;
	at com.kms.katalon.core.main.TestSuiteExecutor.execute(TestSuiteExecutor.java:83)&#xD;
	at com.kms.katalon.core.main.TestCaseMain.startTestSuite(TestCaseMain.java:157)&#xD;
	at com.kms.katalon.core.main.TestCaseMain$startTestSuite$0.call(Unknown Source)&#xD;
	at TempTestSuite1565808946959.run(TempTestSuite1565808946959.groovy:35)&#xD;
&#xD;
&#xD;
2019-08-15 00:35:40 - [TEST_STEP][PASSED] - System.setProperty("webdriver.chrome.driver", chromePath): null&#xD;
&#xD;
2019-08-15 00:35:40 - [TEST_STEP][PASSED] - driver = new org.openqa.selenium.chrome.ChromeDriver(): null&#xD;
&#xD;
2019-08-15 00:35:42 - [TEST_STEP][PASSED] - window().maximize(): null&#xD;
&#xD;
2019-08-15 00:35:43 - [TEST_STEP][PASSED] - driver.get("http://workilo.com"): null&#xD;
&#xD;
2019-08-15 00:35:54 - [TEST_STEP][PASSED] - timeouts().implicitlyWait(30, SECONDS): null&#xD;
&#xD;
2019-08-15 00:35:54 - [TEST_STEP][PASSED] - linkText("Log In")).click(): null&#xD;
&#xD;
2019-08-15 00:35:54 - [TEST_STEP][PASSED] - Thread.sleep(2000): null&#xD;
&#xD;
2019-08-15 00:35:56 - [TEST_STEP][PASSED] - id("email_login")).sendKeys("testworkilo@gmail.com"): null&#xD;
&#xD;
2019-08-15 00:35:56 - [TEST_STEP][PASSED] - id("password_login")).sendKeys("admin@123"): null&#xD;
&#xD;
2019-08-15 00:35:56 - [TEST_STEP][PASSED] - //*[@value='Log in']")).click(): null&#xD;
&#xD;
2019-08-15 00:35:56 - [TEST_STEP][PASSED] - Thread.sleep(3000): null&#xD;
&#xD;
2019-08-15 00:35:59 - [TEST_STEP][PASSED] - xpath("/html/body/header/div/div[2]/ul/li[1]/a")).click(): null</system-out>
            <system-err>2019-08-15 00:35:39 - [TEST_CASE][ERROR] - Test Cases/Workilo/Listing/Add Listing/AddListing: Test Cases/Workilo/Listing/Add Listing/AddListing FAILED.
Reason:
org.openqa.selenium.ElementNotInteractableException: element not interactable
  (Session info: chrome=76.0.3809.100)
Build info: version: '3.141.59', revision: 'e82be7d358', time: '2018-11-14T08:25:53'
System info: host: 'DAPL-ASSET-180', ip: '192.168.43.246', os.name: 'Windows 8.1', os.arch: 'amd64', os.version: '6.3', java.version: '1.8.0_181'
Driver info: org.openqa.selenium.chrome.ChromeDriver
Capabilities {acceptInsecureCerts: false, browserName: chrome, browserVersion: 76.0.3809.100, chrome: {chromedriverVersion: 76.0.3809.25 (a0c95f440512e..., userDataDir: C:\Users\DAPL-A~1\AppData\L...}, goog:chromeOptions: {debuggerAddress: localhost:58295}, javascriptEnabled: true, networkConnectionEnabled: false, pageLoadStrategy: normal, platform: XP, platformName: XP, proxy: Proxy(), setWindowRect: true, strictFileInteractability: false, timeouts: {implicit: 0, pageLoad: 300000, script: 30000}, unhandledPromptBehavior: dismiss and notify}
Session ID: d409ab48a87b4d98afcf9cc63c491955&#xD;
	at org.openqa.selenium.remote.http.W3CHttpResponseCodec.createException(W3CHttpResponseCodec.java:187)&#xD;
	at org.openqa.selenium.remote.http.W3CHttpResponseCodec.decode(W3CHttpResponseCodec.java:122)&#xD;
	at org.openqa.selenium.remote.http.W3CHttpResponseCodec.decode(W3CHttpResponseCodec.java:49)&#xD;
	at org.openqa.selenium.remote.HttpCommandExecutor.execute(HttpCommandExecutor.java:158)&#xD;
	at org.openqa.selenium.remote.service.DriverCommandExecutor.execute(DriverCommandExecutor.java:83)&#xD;
	at org.openqa.selenium.remote.RemoteWebDriver.execute(RemoteWebDriver.java:552)&#xD;
	at org.openqa.selenium.remote.RemoteWebElement.execute(RemoteWebElement.java:285)&#xD;
	at org.openqa.selenium.remote.RemoteWebElement.click(RemoteWebElement.java:84)&#xD;
	at org.openqa.selenium.WebElement$click.call(Unknown Source)&#xD;
	at AddListing.run(AddListing:36)&#xD;
	at com.kms.katalon.core.main.ScriptEngine.run(ScriptEngine.java:194)&#xD;
	at com.kms.katalon.core.main.ScriptEngine.runScriptAsRawText(ScriptEngine.java:119)&#xD;
	at com.kms.katalon.core.main.TestCaseExecutor.runScript(TestCaseExecutor.java:337)&#xD;
	at com.kms.katalon.core.main.TestCaseExecutor.doExecute(TestCaseExecutor.java:328)&#xD;
	at com.kms.katalon.core.main.TestCaseExecutor.processExecutionPhase(TestCaseExecutor.java:307)&#xD;
	at com.kms.katalon.core.main.TestCaseExecutor.accessMainPhase(TestCaseExecutor.java:299)&#xD;
	at com.kms.katalon.core.main.TestCaseExecutor.execute(TestCaseExecutor.java:233)&#xD;
	at com.kms.katalon.core.main.TestSuiteExecutor.accessTestCaseMainPhase(TestSuiteExecutor.java:133)&#xD;
	at com.kms.katalon.core.main.TestSuiteExecutor.accessTestSuiteMainPhase(TestSuiteExecutor.java:116)&#xD;
	at com.kms.katalon.core.main.TestSuiteExecutor.execute(TestSuiteExecutor.java:83)&#xD;
	at com.kms.katalon.core.main.TestCaseMain.startTestSuite(TestCaseMain.java:157)&#xD;
	at com.kms.katalon.core.main.TestCaseMain$startTestSuite$0.call(Unknown Source)&#xD;
	at TempTestSuite1565808946959.run(TempTestSuite1565808946959.groovy:35)</system-err>
        </testcase>
        <testcase name="Test Cases/Workilo/Listing/Delete Listing/DeleteListing" classname="Test Cases/Workilo/Listing/Delete Listing/DeleteListing" status="ERROR">
            <error type="ERROR" message="Test Cases/Workilo/Listing/Delete Listing/DeleteListing FAILED.&#xA;Reason:&#xA;org.openqa.selenium.ElementNotInteractableException: element not interactable&#xA;  (Session info: chrome=76.0.3809.100)&#xA;Build info: version: '3.141.59', revision: 'e82be7d358', time: '2018-11-14T08:25:53'&#xA;System info: host: 'DAPL-ASSET-180', ip: '192.168.43.246', os.name: 'Windows 8.1', os.arch: 'amd64', os.version: '6.3', java.version: '1.8.0_181'&#xA;Driver info: org.openqa.selenium.chrome.ChromeDriver&#xA;Capabilities {acceptInsecureCerts: false, browserName: chrome, browserVersion: 76.0.3809.100, chrome: {chromedriverVersion: 76.0.3809.25 (a0c95f440512e..., userDataDir: C:\Users\DAPL-A~1\AppData\L...}, goog:chromeOptions: {debuggerAddress: localhost:58407}, javascriptEnabled: true, networkConnectionEnabled: false, pageLoadStrategy: normal, platform: XP, platformName: XP, proxy: Proxy(), setWindowRect: true, strictFileInteractability: false, timeouts: {implicit: 0, pageLoad: 300000, script: 30000}, unhandledPromptBehavior: dismiss and notify}&#xA;Session ID: f705c5de53d89bf833a238f961b3b349&#xD;&#xA;&#x9;at org.openqa.selenium.remote.http.W3CHttpResponseCodec.createException(W3CHttpResponseCodec.java:187)&#xD;&#xA;&#x9;at org.openqa.selenium.remote.http.W3CHttpResponseCodec.decode(W3CHttpResponseCodec.java:122)&#xD;&#xA;&#x9;at org.openqa.selenium.remote.http.W3CHttpResponseCodec.decode(W3CHttpResponseCodec.java:49)&#xD;&#xA;&#x9;at org.openqa.selenium.remote.HttpCommandExecutor.execute(HttpCommandExecutor.java:158)&#xD;&#xA;&#x9;at org.openqa.selenium.remote.service.DriverCommandExecutor.execute(DriverCommandExecutor.java:83)&#xD;&#xA;&#x9;at org.openqa.selenium.remote.RemoteWebDriver.execute(RemoteWebDriver.java:552)&#xD;&#xA;&#x9;at org.openqa.selenium.remote.RemoteWebElement.execute(RemoteWebElement.java:285)&#xD;&#xA;&#x9;at org.openqa.selenium.remote.RemoteWebElement.click(RemoteWebElement.java:84)&#xD;&#xA;&#x9;at org.openqa.selenium.WebElement$click.call(Unknown Source)&#xD;&#xA;&#x9;at DeleteListing.run(DeleteListing:37)&#xD;&#xA;&#x9;at com.kms.katalon.core.main.ScriptEngine.run(ScriptEngine.java:194)&#xD;&#xA;&#x9;at com.kms.katalon.core.main.ScriptEngine.runScriptAsRawText(ScriptEngine.java:119)&#xD;&#xA;&#x9;at com.kms.katalon.core.main.TestCaseExecutor.runScript(TestCaseExecutor.java:337)&#xD;&#xA;&#x9;at com.kms.katalon.core.main.TestCaseExecutor.doExecute(TestCaseExecutor.java:328)&#xD;&#xA;&#x9;at com.kms.katalon.core.main.TestCaseExecutor.processExecutionPhase(TestCaseExecutor.java:307)&#xD;&#xA;&#x9;at com.kms.katalon.core.main.TestCaseExecutor.accessMainPhase(TestCaseExecutor.java:299)&#xD;&#xA;&#x9;at com.kms.katalon.core.main.TestCaseExecutor.execute(TestCaseExecutor.java:233)&#xD;&#xA;&#x9;at com.kms.katalon.core.main.TestSuiteExecutor.accessTestCaseMainPhase(TestSuiteExecutor.java:133)&#xD;&#xA;&#x9;at com.kms.katalon.core.main.TestSuiteExecutor.accessTestSuiteMainPhase(TestSuiteExecutor.java:116)&#xD;&#xA;&#x9;at com.kms.katalon.core.main.TestSuiteExecutor.execute(TestSuiteExecutor.java:83)&#xD;&#xA;&#x9;at com.kms.katalon.core.main.TestCaseMain.startTestSuite(TestCaseMain.java:157)&#xD;&#xA;&#x9;at com.kms.katalon.core.main.TestCaseMain$startTestSuite$0.call(Unknown Source)&#xD;&#xA;&#x9;at TempTestSuite1565808946959.run(TempTestSuite1565808946959.groovy:35)&#xD;&#xA;"/>
            <system-out>2019-08-15 00:36:29 - [TEST_CASE][ERROR] - Test Cases/Workilo/Listing/Delete Listing/DeleteListing: Test Cases/Workilo/Listing/Delete Listing/DeleteListing FAILED.
Reason:
org.openqa.selenium.ElementNotInteractableException: element not interactable
  (Session info: chrome=76.0.3809.100)
Build info: version: '3.141.59', revision: 'e82be7d358', time: '2018-11-14T08:25:53'
System info: host: 'DAPL-ASSET-180', ip: '192.168.43.246', os.name: 'Windows 8.1', os.arch: 'amd64', os.version: '6.3', java.version: '1.8.0_181'
Driver info: org.openqa.selenium.chrome.ChromeDriver
Capabilities {acceptInsecureCerts: false, browserName: chrome, browserVersion: 76.0.3809.100, chrome: {chromedriverVersion: 76.0.3809.25 (a0c95f440512e..., userDataDir: C:\Users\DAPL-A~1\AppData\L...}, goog:chromeOptions: {debuggerAddress: localhost:58407}, javascriptEnabled: true, networkConnectionEnabled: false, pageLoadStrategy: normal, platform: XP, platformName: XP, proxy: Proxy(), setWindowRect: true, strictFileInteractability: false, timeouts: {implicit: 0, pageLoad: 300000, script: 30000}, unhandledPromptBehavior: dismiss and notify}
Session ID: f705c5de53d89bf833a238f961b3b349&#xD;
	at org.openqa.selenium.remote.http.W3CHttpResponseCodec.createException(W3CHttpResponseCodec.java:187)&#xD;
	at org.openqa.selenium.remote.http.W3CHttpResponseCodec.decode(W3CHttpResponseCodec.java:122)&#xD;
	at org.openqa.selenium.remote.http.W3CHttpResponseCodec.decode(W3CHttpResponseCodec.java:49)&#xD;
	at org.openqa.selenium.remote.HttpCommandExecutor.execute(HttpCommandExecutor.java:158)&#xD;
	at org.openqa.selenium.remote.service.DriverCommandExecutor.execute(DriverCommandExecutor.java:83)&#xD;
	at org.openqa.selenium.remote.RemoteWebDriver.execute(RemoteWebDriver.java:552)&#xD;
	at org.openqa.selenium.remote.RemoteWebElement.execute(RemoteWebElement.java:285)&#xD;
	at org.openqa.selenium.remote.RemoteWebElement.click(RemoteWebElement.java:84)&#xD;
	at org.openqa.selenium.WebElement$click.call(Unknown Source)&#xD;
	at DeleteListing.run(DeleteListing:37)&#xD;
	at com.kms.katalon.core.main.ScriptEngine.run(ScriptEngine.java:194)&#xD;
	at com.kms.katalon.core.main.ScriptEngine.runScriptAsRawText(ScriptEngine.java:119)&#xD;
	at com.kms.katalon.core.main.TestCaseExecutor.runScript(TestCaseExecutor.java:337)&#xD;
	at com.kms.katalon.core.main.TestCaseExecutor.doExecute(TestCaseExecutor.java:328)&#xD;
	at com.kms.katalon.core.main.TestCaseExecutor.processExecutionPhase(TestCaseExecutor.java:307)&#xD;
	at com.kms.katalon.core.main.TestCaseExecutor.accessMainPhase(TestCaseExecutor.java:299)&#xD;
	at com.kms.katalon.core.main.TestCaseExecutor.execute(TestCaseExecutor.java:233)&#xD;
	at com.kms.katalon.core.main.TestSuiteExecutor.accessTestCaseMainPhase(TestSuiteExecutor.java:133)&#xD;
	at com.kms.katalon.core.main.TestSuiteExecutor.accessTestSuiteMainPhase(TestSuiteExecutor.java:116)&#xD;
	at com.kms.katalon.core.main.TestSuiteExecutor.execute(TestSuiteExecutor.java:83)&#xD;
	at com.kms.katalon.core.main.TestCaseMain.startTestSuite(TestCaseMain.java:157)&#xD;
	at com.kms.katalon.core.main.TestCaseMain$startTestSuite$0.call(Unknown Source)&#xD;
	at TempTestSuite1565808946959.run(TempTestSuite1565808946959.groovy:35)&#xD;
&#xD;
&#xD;
2019-08-15 00:36:30 - [TEST_STEP][PASSED] - System.setProperty("webdriver.chrome.driver", chromePath): null&#xD;
&#xD;
2019-08-15 00:36:30 - [TEST_STEP][PASSED] - driver = new org.openqa.selenium.chrome.ChromeDriver(): null&#xD;
&#xD;
2019-08-15 00:36:32 - [TEST_STEP][PASSED] - window().maximize(): null&#xD;
&#xD;
2019-08-15 00:36:33 - [TEST_STEP][PASSED] - driver.get("http://workilo.com"): null&#xD;
&#xD;
2019-08-15 00:36:43 - [TEST_STEP][PASSED] - timeouts().implicitlyWait(30, SECONDS): null&#xD;
&#xD;
2019-08-15 00:36:43 - [TEST_STEP][PASSED] - linkText("Log In")).click(): null&#xD;
&#xD;
2019-08-15 00:36:44 - [TEST_STEP][PASSED] - Thread.sleep(2000): null&#xD;
&#xD;
2019-08-15 00:36:46 - [TEST_STEP][PASSED] - id("email_login")).sendKeys("testworkilo@gmail.com"): null&#xD;
&#xD;
2019-08-15 00:36:46 - [TEST_STEP][PASSED] - id("password_login")).sendKeys("admin@123"): null&#xD;
&#xD;
2019-08-15 00:36:46 - [TEST_STEP][PASSED] - //*[@value='Log in']")).click(): null&#xD;
&#xD;
2019-08-15 00:36:46 - [TEST_STEP][PASSED] - Thread.sleep(3000): null&#xD;
&#xD;
2019-08-15 00:36:49 - [TEST_STEP][PASSED] - xpath("/html/body/header/div/div[2]/ul/li[1]/a")).click(): null</system-out>
            <system-err>2019-08-15 00:36:29 - [TEST_CASE][ERROR] - Test Cases/Workilo/Listing/Delete Listing/DeleteListing: Test Cases/Workilo/Listing/Delete Listing/DeleteListing FAILED.
Reason:
org.openqa.selenium.ElementNotInteractableException: element not interactable
  (Session info: chrome=76.0.3809.100)
Build info: version: '3.141.59', revision: 'e82be7d358', time: '2018-11-14T08:25:53'
System info: host: 'DAPL-ASSET-180', ip: '192.168.43.246', os.name: 'Windows 8.1', os.arch: 'amd64', os.version: '6.3', java.version: '1.8.0_181'
Driver info: org.openqa.selenium.chrome.ChromeDriver
Capabilities {acceptInsecureCerts: false, browserName: chrome, browserVersion: 76.0.3809.100, chrome: {chromedriverVersion: 76.0.3809.25 (a0c95f440512e..., userDataDir: C:\Users\DAPL-A~1\AppData\L...}, goog:chromeOptions: {debuggerAddress: localhost:58407}, javascriptEnabled: true, networkConnectionEnabled: false, pageLoadStrategy: normal, platform: XP, platformName: XP, proxy: Proxy(), setWindowRect: true, strictFileInteractability: false, timeouts: {implicit: 0, pageLoad: 300000, script: 30000}, unhandledPromptBehavior: dismiss and notify}
Session ID: f705c5de53d89bf833a238f961b3b349&#xD;
	at org.openqa.selenium.remote.http.W3CHttpResponseCodec.createException(W3CHttpResponseCodec.java:187)&#xD;
	at org.openqa.selenium.remote.http.W3CHttpResponseCodec.decode(W3CHttpResponseCodec.java:122)&#xD;
	at org.openqa.selenium.remote.http.W3CHttpResponseCodec.decode(W3CHttpResponseCodec.java:49)&#xD;
	at org.openqa.selenium.remote.HttpCommandExecutor.execute(HttpCommandExecutor.java:158)&#xD;
	at org.openqa.selenium.remote.service.DriverCommandExecutor.execute(DriverCommandExecutor.java:83)&#xD;
	at org.openqa.selenium.remote.RemoteWebDriver.execute(RemoteWebDriver.java:552)&#xD;
	at org.openqa.selenium.remote.RemoteWebElement.execute(RemoteWebElement.java:285)&#xD;
	at org.openqa.selenium.remote.RemoteWebElement.click(RemoteWebElement.java:84)&#xD;
	at org.openqa.selenium.WebElement$click.call(Unknown Source)&#xD;
	at DeleteListing.run(DeleteListing:37)&#xD;
	at com.kms.katalon.core.main.ScriptEngine.run(ScriptEngine.java:194)&#xD;
	at com.kms.katalon.core.main.ScriptEngine.runScriptAsRawText(ScriptEngine.java:119)&#xD;
	at com.kms.katalon.core.main.TestCaseExecutor.runScript(TestCaseExecutor.java:337)&#xD;
	at com.kms.katalon.core.main.TestCaseExecutor.doExecute(TestCaseExecutor.java:328)&#xD;
	at com.kms.katalon.core.main.TestCaseExecutor.processExecutionPhase(TestCaseExecutor.java:307)&#xD;
	at com.kms.katalon.core.main.TestCaseExecutor.accessMainPhase(TestCaseExecutor.java:299)&#xD;
	at com.kms.katalon.core.main.TestCaseExecutor.execute(TestCaseExecutor.java:233)&#xD;
	at com.kms.katalon.core.main.TestSuiteExecutor.accessTestCaseMainPhase(TestSuiteExecutor.java:133)&#xD;
	at com.kms.katalon.core.main.TestSuiteExecutor.accessTestSuiteMainPhase(TestSuiteExecutor.java:116)&#xD;
	at com.kms.katalon.core.main.TestSuiteExecutor.execute(TestSuiteExecutor.java:83)&#xD;
	at com.kms.katalon.core.main.TestCaseMain.startTestSuite(TestCaseMain.java:157)&#xD;
	at com.kms.katalon.core.main.TestCaseMain$startTestSuite$0.call(Unknown Source)&#xD;
	at TempTestSuite1565808946959.run(TempTestSuite1565808946959.groovy:35)</system-err>
        </testcase>
        <testcase name="Test Cases/Workilo/Listing/Edit Listing/EditListing" classname="Test Cases/Workilo/Listing/Edit Listing/EditListing" status="ERROR">
            <error type="ERROR" message="Test Cases/Workilo/Listing/Edit Listing/EditListing FAILED.&#xA;Reason:&#xA;org.openqa.selenium.ElementNotInteractableException: element not interactable&#xA;  (Session info: chrome=76.0.3809.100)&#xA;Build info: version: '3.141.59', revision: 'e82be7d358', time: '2018-11-14T08:25:53'&#xA;System info: host: 'DAPL-ASSET-180', ip: '192.168.43.246', os.name: 'Windows 8.1', os.arch: 'amd64', os.version: '6.3', java.version: '1.8.0_181'&#xA;Driver info: org.openqa.selenium.chrome.ChromeDriver&#xA;Capabilities {acceptInsecureCerts: false, browserName: chrome, browserVersion: 76.0.3809.100, chrome: {chromedriverVersion: 76.0.3809.25 (a0c95f440512e..., userDataDir: C:\Users\DAPL-A~1\AppData\L...}, goog:chromeOptions: {debuggerAddress: localhost:58531}, javascriptEnabled: true, networkConnectionEnabled: false, pageLoadStrategy: normal, platform: XP, platformName: XP, proxy: Proxy(), setWindowRect: true, strictFileInteractability: false, timeouts: {implicit: 0, pageLoad: 300000, script: 30000}, unhandledPromptBehavior: dismiss and notify}&#xA;Session ID: 9457c16c0e7fd73ccbdfc5eeed5bb0f2&#xD;&#xA;&#x9;at org.openqa.selenium.remote.http.W3CHttpResponseCodec.createException(W3CHttpResponseCodec.java:187)&#xD;&#xA;&#x9;at org.openqa.selenium.remote.http.W3CHttpResponseCodec.decode(W3CHttpResponseCodec.java:122)&#xD;&#xA;&#x9;at org.openqa.selenium.remote.http.W3CHttpResponseCodec.decode(W3CHttpResponseCodec.java:49)&#xD;&#xA;&#x9;at org.openqa.selenium.remote.HttpCommandExecutor.execute(HttpCommandExecutor.java:158)&#xD;&#xA;&#x9;at org.openqa.selenium.remote.service.DriverCommandExecutor.execute(DriverCommandExecutor.java:83)&#xD;&#xA;&#x9;at org.openqa.selenium.remote.RemoteWebDriver.execute(RemoteWebDriver.java:552)&#xD;&#xA;&#x9;at org.openqa.selenium.remote.RemoteWebElement.execute(RemoteWebElement.java:285)&#xD;&#xA;&#x9;at org.openqa.selenium.remote.RemoteWebElement.click(RemoteWebElement.java:84)&#xD;&#xA;&#x9;at org.openqa.selenium.WebElement$click.call(Unknown Source)&#xD;&#xA;&#x9;at EditListing.run(EditListing:36)&#xD;&#xA;&#x9;at com.kms.katalon.core.main.ScriptEngine.run(ScriptEngine.java:194)&#xD;&#xA;&#x9;at com.kms.katalon.core.main.ScriptEngine.runScriptAsRawText(ScriptEngine.java:119)&#xD;&#xA;&#x9;at com.kms.katalon.core.main.TestCaseExecutor.runScript(TestCaseExecutor.java:337)&#xD;&#xA;&#x9;at com.kms.katalon.core.main.TestCaseExecutor.doExecute(TestCaseExecutor.java:328)&#xD;&#xA;&#x9;at com.kms.katalon.core.main.TestCaseExecutor.processExecutionPhase(TestCaseExecutor.java:307)&#xD;&#xA;&#x9;at com.kms.katalon.core.main.TestCaseExecutor.accessMainPhase(TestCaseExecutor.java:299)&#xD;&#xA;&#x9;at com.kms.katalon.core.main.TestCaseExecutor.execute(TestCaseExecutor.java:233)&#xD;&#xA;&#x9;at com.kms.katalon.core.main.TestSuiteExecutor.accessTestCaseMainPhase(TestSuiteExecutor.java:133)&#xD;&#xA;&#x9;at com.kms.katalon.core.main.TestSuiteExecutor.accessTestSuiteMainPhase(TestSuiteExecutor.java:116)&#xD;&#xA;&#x9;at com.kms.katalon.core.main.TestSuiteExecutor.execute(TestSuiteExecutor.java:83)&#xD;&#xA;&#x9;at com.kms.katalon.core.main.TestCaseMain.startTestSuite(TestCaseMain.java:157)&#xD;&#xA;&#x9;at com.kms.katalon.core.main.TestCaseMain$startTestSuite$0.call(Unknown Source)&#xD;&#xA;&#x9;at TempTestSuite1565808946959.run(TempTestSuite1565808946959.groovy:35)&#xD;&#xA;"/>
            <system-out>2019-08-15 00:37:19 - [TEST_CASE][ERROR] - Test Cases/Workilo/Listing/Edit Listing/EditListing: Test Cases/Workilo/Listing/Edit Listing/EditListing FAILED.
Reason:
org.openqa.selenium.ElementNotInteractableException: element not interactable
  (Session info: chrome=76.0.3809.100)
Build info: version: '3.141.59', revision: 'e82be7d358', time: '2018-11-14T08:25:53'
System info: host: 'DAPL-ASSET-180', ip: '192.168.43.246', os.name: 'Windows 8.1', os.arch: 'amd64', os.version: '6.3', java.version: '1.8.0_181'
Driver info: org.openqa.selenium.chrome.ChromeDriver
Capabilities {acceptInsecureCerts: false, browserName: chrome, browserVersion: 76.0.3809.100, chrome: {chromedriverVersion: 76.0.3809.25 (a0c95f440512e..., userDataDir: C:\Users\DAPL-A~1\AppData\L...}, goog:chromeOptions: {debuggerAddress: localhost:58531}, javascriptEnabled: true, networkConnectionEnabled: false, pageLoadStrategy: normal, platform: XP, platformName: XP, proxy: Proxy(), setWindowRect: true, strictFileInteractability: false, timeouts: {implicit: 0, pageLoad: 300000, script: 30000}, unhandledPromptBehavior: dismiss and notify}
Session ID: 9457c16c0e7fd73ccbdfc5eeed5bb0f2&#xD;
	at org.openqa.selenium.remote.http.W3CHttpResponseCodec.createException(W3CHttpResponseCodec.java:187)&#xD;
	at org.openqa.selenium.remote.http.W3CHttpResponseCodec.decode(W3CHttpResponseCodec.java:122)&#xD;
	at org.openqa.selenium.remote.http.W3CHttpResponseCodec.decode(W3CHttpResponseCodec.java:49)&#xD;
	at org.openqa.selenium.remote.HttpCommandExecutor.execute(HttpCommandExecutor.java:158)&#xD;
	at org.openqa.selenium.remote.service.DriverCommandExecutor.execute(DriverCommandExecutor.java:83)&#xD;
	at org.openqa.selenium.remote.RemoteWebDriver.execute(RemoteWebDriver.java:552)&#xD;
	at org.openqa.selenium.remote.RemoteWebElement.execute(RemoteWebElement.java:285)&#xD;
	at org.openqa.selenium.remote.RemoteWebElement.click(RemoteWebElement.java:84)&#xD;
	at org.openqa.selenium.WebElement$click.call(Unknown Source)&#xD;
	at EditListing.run(EditListing:36)&#xD;
	at com.kms.katalon.core.main.ScriptEngine.run(ScriptEngine.java:194)&#xD;
	at com.kms.katalon.core.main.ScriptEngine.runScriptAsRawText(ScriptEngine.java:119)&#xD;
	at com.kms.katalon.core.main.TestCaseExecutor.runScript(TestCaseExecutor.java:337)&#xD;
	at com.kms.katalon.core.main.TestCaseExecutor.doExecute(TestCaseExecutor.java:328)&#xD;
	at com.kms.katalon.core.main.TestCaseExecutor.processExecutionPhase(TestCaseExecutor.java:307)&#xD;
	at com.kms.katalon.core.main.TestCaseExecutor.accessMainPhase(TestCaseExecutor.java:299)&#xD;
	at com.kms.katalon.core.main.TestCaseExecutor.execute(TestCaseExecutor.java:233)&#xD;
	at com.kms.katalon.core.main.TestSuiteExecutor.accessTestCaseMainPhase(TestSuiteExecutor.java:133)&#xD;
	at com.kms.katalon.core.main.TestSuiteExecutor.accessTestSuiteMainPhase(TestSuiteExecutor.java:116)&#xD;
	at com.kms.katalon.core.main.TestSuiteExecutor.execute(TestSuiteExecutor.java:83)&#xD;
	at com.kms.katalon.core.main.TestCaseMain.startTestSuite(TestCaseMain.java:157)&#xD;
	at com.kms.katalon.core.main.TestCaseMain$startTestSuite$0.call(Unknown Source)&#xD;
	at TempTestSuite1565808946959.run(TempTestSuite1565808946959.groovy:35)&#xD;
&#xD;
&#xD;
2019-08-15 00:37:20 - [TEST_STEP][PASSED] - System.setProperty("webdriver.chrome.driver", chromePath): null&#xD;
&#xD;
2019-08-15 00:37:20 - [TEST_STEP][PASSED] - driver = new org.openqa.selenium.chrome.ChromeDriver(): null&#xD;
&#xD;
2019-08-15 00:37:22 - [TEST_STEP][PASSED] - window().maximize(): null&#xD;
&#xD;
2019-08-15 00:37:23 - [TEST_STEP][PASSED] - driver.get("http://workilo.com"): null&#xD;
&#xD;
2019-08-15 00:37:39 - [TEST_STEP][PASSED] - timeouts().implicitlyWait(30, SECONDS): null&#xD;
&#xD;
2019-08-15 00:37:39 - [TEST_STEP][PASSED] - linkText("Log In")).click(): null&#xD;
&#xD;
2019-08-15 00:37:39 - [TEST_STEP][PASSED] - Thread.sleep(2000): null&#xD;
&#xD;
2019-08-15 00:37:41 - [TEST_STEP][PASSED] - id("email_login")).sendKeys("testworkilo@gmail.com"): null&#xD;
&#xD;
2019-08-15 00:37:41 - [TEST_STEP][PASSED] - id("password_login")).sendKeys("admin@123"): null&#xD;
&#xD;
2019-08-15 00:37:41 - [TEST_STEP][PASSED] - //*[@value='Log in']")).click(): null&#xD;
&#xD;
2019-08-15 00:37:41 - [TEST_STEP][PASSED] - Thread.sleep(3000): null&#xD;
&#xD;
2019-08-15 00:37:44 - [TEST_STEP][PASSED] - xpath("/html/body/header/div/div[2]/ul/li[1]/a")).click(): null</system-out>
            <system-err>2019-08-15 00:37:19 - [TEST_CASE][ERROR] - Test Cases/Workilo/Listing/Edit Listing/EditListing: Test Cases/Workilo/Listing/Edit Listing/EditListing FAILED.
Reason:
org.openqa.selenium.ElementNotInteractableException: element not interactable
  (Session info: chrome=76.0.3809.100)
Build info: version: '3.141.59', revision: 'e82be7d358', time: '2018-11-14T08:25:53'
System info: host: 'DAPL-ASSET-180', ip: '192.168.43.246', os.name: 'Windows 8.1', os.arch: 'amd64', os.version: '6.3', java.version: '1.8.0_181'
Driver info: org.openqa.selenium.chrome.ChromeDriver
Capabilities {acceptInsecureCerts: false, browserName: chrome, browserVersion: 76.0.3809.100, chrome: {chromedriverVersion: 76.0.3809.25 (a0c95f440512e..., userDataDir: C:\Users\DAPL-A~1\AppData\L...}, goog:chromeOptions: {debuggerAddress: localhost:58531}, javascriptEnabled: true, networkConnectionEnabled: false, pageLoadStrategy: normal, platform: XP, platformName: XP, proxy: Proxy(), setWindowRect: true, strictFileInteractability: false, timeouts: {implicit: 0, pageLoad: 300000, script: 30000}, unhandledPromptBehavior: dismiss and notify}
Session ID: 9457c16c0e7fd73ccbdfc5eeed5bb0f2&#xD;
	at org.openqa.selenium.remote.http.W3CHttpResponseCodec.createException(W3CHttpResponseCodec.java:187)&#xD;
	at org.openqa.selenium.remote.http.W3CHttpResponseCodec.decode(W3CHttpResponseCodec.java:122)&#xD;
	at org.openqa.selenium.remote.http.W3CHttpResponseCodec.decode(W3CHttpResponseCodec.java:49)&#xD;
	at org.openqa.selenium.remote.HttpCommandExecutor.execute(HttpCommandExecutor.java:158)&#xD;
	at org.openqa.selenium.remote.service.DriverCommandExecutor.execute(DriverCommandExecutor.java:83)&#xD;
	at org.openqa.selenium.remote.RemoteWebDriver.execute(RemoteWebDriver.java:552)&#xD;
	at org.openqa.selenium.remote.RemoteWebElement.execute(RemoteWebElement.java:285)&#xD;
	at org.openqa.selenium.remote.RemoteWebElement.click(RemoteWebElement.java:84)&#xD;
	at org.openqa.selenium.WebElement$click.call(Unknown Source)&#xD;
	at EditListing.run(EditListing:36)&#xD;
	at com.kms.katalon.core.main.ScriptEngine.run(ScriptEngine.java:194)&#xD;
	at com.kms.katalon.core.main.ScriptEngine.runScriptAsRawText(ScriptEngine.java:119)&#xD;
	at com.kms.katalon.core.main.TestCaseExecutor.runScript(TestCaseExecutor.java:337)&#xD;
	at com.kms.katalon.core.main.TestCaseExecutor.doExecute(TestCaseExecutor.java:328)&#xD;
	at com.kms.katalon.core.main.TestCaseExecutor.processExecutionPhase(TestCaseExecutor.java:307)&#xD;
	at com.kms.katalon.core.main.TestCaseExecutor.accessMainPhase(TestCaseExecutor.java:299)&#xD;
	at com.kms.katalon.core.main.TestCaseExecutor.execute(TestCaseExecutor.java:233)&#xD;
	at com.kms.katalon.core.main.TestSuiteExecutor.accessTestCaseMainPhase(TestSuiteExecutor.java:133)&#xD;
	at com.kms.katalon.core.main.TestSuiteExecutor.accessTestSuiteMainPhase(TestSuiteExecutor.java:116)&#xD;
	at com.kms.katalon.core.main.TestSuiteExecutor.execute(TestSuiteExecutor.java:83)&#xD;
	at com.kms.katalon.core.main.TestCaseMain.startTestSuite(TestCaseMain.java:157)&#xD;
	at com.kms.katalon.core.main.TestCaseMain$startTestSuite$0.call(Unknown Source)&#xD;
	at TempTestSuite1565808946959.run(TempTestSuite1565808946959.groovy:35)</system-err>
        </testcase>
        <testcase name="Test Cases/Workilo/ManageShop/ShopInfo" classname="Test Cases/Workilo/ManageShop/ShopInfo" status="ERROR">
            <error type="ERROR" message="Test Cases/Workilo/ManageShop/ShopInfo FAILED.&#xA;Reason:&#xA;org.openqa.selenium.ElementNotInteractableException: element not interactable&#xA;  (Session info: chrome=76.0.3809.100)&#xA;Build info: version: '3.141.59', revision: 'e82be7d358', time: '2018-11-14T08:25:53'&#xA;System info: host: 'DAPL-ASSET-180', ip: '192.168.43.246', os.name: 'Windows 8.1', os.arch: 'amd64', os.version: '6.3', java.version: '1.8.0_181'&#xA;Driver info: org.openqa.selenium.chrome.ChromeDriver&#xA;Capabilities {acceptInsecureCerts: false, browserName: chrome, browserVersion: 76.0.3809.100, chrome: {chromedriverVersion: 76.0.3809.25 (a0c95f440512e..., userDataDir: C:\Users\DAPL-A~1\AppData\L...}, goog:chromeOptions: {debuggerAddress: localhost:58666}, javascriptEnabled: true, networkConnectionEnabled: false, pageLoadStrategy: normal, platform: XP, platformName: XP, proxy: Proxy(), setWindowRect: true, strictFileInteractability: false, timeouts: {implicit: 0, pageLoad: 300000, script: 30000}, unhandledPromptBehavior: dismiss and notify}&#xA;Session ID: d6eac4a13d301ed0f30b4e9602db3f99&#xD;&#xA;&#x9;at org.openqa.selenium.remote.http.W3CHttpResponseCodec.createException(W3CHttpResponseCodec.java:187)&#xD;&#xA;&#x9;at org.openqa.selenium.remote.http.W3CHttpResponseCodec.decode(W3CHttpResponseCodec.java:122)&#xD;&#xA;&#x9;at org.openqa.selenium.remote.http.W3CHttpResponseCodec.decode(W3CHttpResponseCodec.java:49)&#xD;&#xA;&#x9;at org.openqa.selenium.remote.HttpCommandExecutor.execute(HttpCommandExecutor.java:158)&#xD;&#xA;&#x9;at org.openqa.selenium.remote.service.DriverCommandExecutor.execute(DriverCommandExecutor.java:83)&#xD;&#xA;&#x9;at org.openqa.selenium.remote.RemoteWebDriver.execute(RemoteWebDriver.java:552)&#xD;&#xA;&#x9;at org.openqa.selenium.remote.RemoteWebElement.execute(RemoteWebElement.java:285)&#xD;&#xA;&#x9;at org.openqa.selenium.remote.RemoteWebElement.click(RemoteWebElement.java:84)&#xD;&#xA;&#x9;at org.openqa.selenium.WebElement$click.call(Unknown Source)&#xD;&#xA;&#x9;at ShopInfo.run(ShopInfo:36)&#xD;&#xA;&#x9;at com.kms.katalon.core.main.ScriptEngine.run(ScriptEngine.java:194)&#xD;&#xA;&#x9;at com.kms.katalon.core.main.ScriptEngine.runScriptAsRawText(ScriptEngine.java:119)&#xD;&#xA;&#x9;at com.kms.katalon.core.main.TestCaseExecutor.runScript(TestCaseExecutor.java:337)&#xD;&#xA;&#x9;at com.kms.katalon.core.main.TestCaseExecutor.doExecute(TestCaseExecutor.java:328)&#xD;&#xA;&#x9;at com.kms.katalon.core.main.TestCaseExecutor.processExecutionPhase(TestCaseExecutor.java:307)&#xD;&#xA;&#x9;at com.kms.katalon.core.main.TestCaseExecutor.accessMainPhase(TestCaseExecutor.java:299)&#xD;&#xA;&#x9;at com.kms.katalon.core.main.TestCaseExecutor.execute(TestCaseExecutor.java:233)&#xD;&#xA;&#x9;at com.kms.katalon.core.main.TestSuiteExecutor.accessTestCaseMainPhase(TestSuiteExecutor.java:133)&#xD;&#xA;&#x9;at com.kms.katalon.core.main.TestSuiteExecutor.accessTestSuiteMainPhase(TestSuiteExecutor.java:116)&#xD;&#xA;&#x9;at com.kms.katalon.core.main.TestSuiteExecutor.execute(TestSuiteExecutor.java:83)&#xD;&#xA;&#x9;at com.kms.katalon.core.main.TestCaseMain.startTestSuite(TestCaseMain.java:157)&#xD;&#xA;&#x9;at com.kms.katalon.core.main.TestCaseMain$startTestSuite$0.call(Unknown Source)&#xD;&#xA;&#x9;at TempTestSuite1565808946959.run(TempTestSuite1565808946959.groovy:35)&#xD;&#xA;"/>
            <system-out>2019-08-15 00:38:15 - [TEST_CASE][ERROR] - Test Cases/Workilo/ManageShop/ShopInfo: Test Cases/Workilo/ManageShop/ShopInfo FAILED.
Reason:
org.openqa.selenium.ElementNotInteractableException: element not interactable
  (Session info: chrome=76.0.3809.100)
Build info: version: '3.141.59', revision: 'e82be7d358', time: '2018-11-14T08:25:53'
System info: host: 'DAPL-ASSET-180', ip: '192.168.43.246', os.name: 'Windows 8.1', os.arch: 'amd64', os.version: '6.3', java.version: '1.8.0_181'
Driver info: org.openqa.selenium.chrome.ChromeDriver
Capabilities {acceptInsecureCerts: false, browserName: chrome, browserVersion: 76.0.3809.100, chrome: {chromedriverVersion: 76.0.3809.25 (a0c95f440512e..., userDataDir: C:\Users\DAPL-A~1\AppData\L...}, goog:chromeOptions: {debuggerAddress: localhost:58666}, javascriptEnabled: true, networkConnectionEnabled: false, pageLoadStrategy: normal, platform: XP, platformName: XP, proxy: Proxy(), setWindowRect: true, strictFileInteractability: false, timeouts: {implicit: 0, pageLoad: 300000, script: 30000}, unhandledPromptBehavior: dismiss and notify}
Session ID: d6eac4a13d301ed0f30b4e9602db3f99&#xD;
	at org.openqa.selenium.remote.http.W3CHttpResponseCodec.createException(W3CHttpResponseCodec.java:187)&#xD;
	at org.openqa.selenium.remote.http.W3CHttpResponseCodec.decode(W3CHttpResponseCodec.java:122)&#xD;
	at org.openqa.selenium.remote.http.W3CHttpResponseCodec.decode(W3CHttpResponseCodec.java:49)&#xD;
	at org.openqa.selenium.remote.HttpCommandExecutor.execute(HttpCommandExecutor.java:158)&#xD;
	at org.openqa.selenium.remote.service.DriverCommandExecutor.execute(DriverCommandExecutor.java:83)&#xD;
	at org.openqa.selenium.remote.RemoteWebDriver.execute(RemoteWebDriver.java:552)&#xD;
	at org.openqa.selenium.remote.RemoteWebElement.execute(RemoteWebElement.java:285)&#xD;
	at org.openqa.selenium.remote.RemoteWebElement.click(RemoteWebElement.java:84)&#xD;
	at org.openqa.selenium.WebElement$click.call(Unknown Source)&#xD;
	at ShopInfo.run(ShopInfo:36)&#xD;
	at com.kms.katalon.core.main.ScriptEngine.run(ScriptEngine.java:194)&#xD;
	at com.kms.katalon.core.main.ScriptEngine.runScriptAsRawText(ScriptEngine.java:119)&#xD;
	at com.kms.katalon.core.main.TestCaseExecutor.runScript(TestCaseExecutor.java:337)&#xD;
	at com.kms.katalon.core.main.TestCaseExecutor.doExecute(TestCaseExecutor.java:328)&#xD;
	at com.kms.katalon.core.main.TestCaseExecutor.processExecutionPhase(TestCaseExecutor.java:307)&#xD;
	at com.kms.katalon.core.main.TestCaseExecutor.accessMainPhase(TestCaseExecutor.java:299)&#xD;
	at com.kms.katalon.core.main.TestCaseExecutor.execute(TestCaseExecutor.java:233)&#xD;
	at com.kms.katalon.core.main.TestSuiteExecutor.accessTestCaseMainPhase(TestSuiteExecutor.java:133)&#xD;
	at com.kms.katalon.core.main.TestSuiteExecutor.accessTestSuiteMainPhase(TestSuiteExecutor.java:116)&#xD;
	at com.kms.katalon.core.main.TestSuiteExecutor.execute(TestSuiteExecutor.java:83)&#xD;
	at com.kms.katalon.core.main.TestCaseMain.startTestSuite(TestCaseMain.java:157)&#xD;
	at com.kms.katalon.core.main.TestCaseMain$startTestSuite$0.call(Unknown Source)&#xD;
	at TempTestSuite1565808946959.run(TempTestSuite1565808946959.groovy:35)&#xD;
&#xD;
&#xD;
2019-08-15 00:38:15 - [TEST_STEP][PASSED] - System.setProperty("webdriver.chrome.driver", chromePath): null&#xD;
&#xD;
2019-08-15 00:38:15 - [TEST_STEP][PASSED] - driver = new org.openqa.selenium.chrome.ChromeDriver(): null&#xD;
&#xD;
2019-08-15 00:38:17 - [TEST_STEP][PASSED] - window().maximize(): null&#xD;
&#xD;
2019-08-15 00:38:18 - [TEST_STEP][PASSED] - driver.get("http://workilo.com"): null&#xD;
&#xD;
2019-08-15 00:38:35 - [TEST_STEP][PASSED] - timeouts().implicitlyWait(30, SECONDS): null&#xD;
&#xD;
2019-08-15 00:38:35 - [TEST_STEP][PASSED] - linkText("Log In")).click(): null&#xD;
&#xD;
2019-08-15 00:38:35 - [TEST_STEP][PASSED] - Thread.sleep(2000): null&#xD;
&#xD;
2019-08-15 00:38:37 - [TEST_STEP][PASSED] - id("email_login")).sendKeys("testworkilo@gmail.com"): null&#xD;
&#xD;
2019-08-15 00:38:37 - [TEST_STEP][PASSED] - id("password_login")).sendKeys("admin@123"): null&#xD;
&#xD;
2019-08-15 00:38:37 - [TEST_STEP][PASSED] - //*[@value='Log in']")).click(): null&#xD;
&#xD;
2019-08-15 00:38:37 - [TEST_STEP][PASSED] - Thread.sleep(3000): null&#xD;
&#xD;
2019-08-15 00:38:40 - [TEST_STEP][PASSED] - xpath("/html/body/header/div/div[2]/ul/li[1]/a")).click(): null</system-out>
            <system-err>2019-08-15 00:38:15 - [TEST_CASE][ERROR] - Test Cases/Workilo/ManageShop/ShopInfo: Test Cases/Workilo/ManageShop/ShopInfo FAILED.
Reason:
org.openqa.selenium.ElementNotInteractableException: element not interactable
  (Session info: chrome=76.0.3809.100)
Build info: version: '3.141.59', revision: 'e82be7d358', time: '2018-11-14T08:25:53'
System info: host: 'DAPL-ASSET-180', ip: '192.168.43.246', os.name: 'Windows 8.1', os.arch: 'amd64', os.version: '6.3', java.version: '1.8.0_181'
Driver info: org.openqa.selenium.chrome.ChromeDriver
Capabilities {acceptInsecureCerts: false, browserName: chrome, browserVersion: 76.0.3809.100, chrome: {chromedriverVersion: 76.0.3809.25 (a0c95f440512e..., userDataDir: C:\Users\DAPL-A~1\AppData\L...}, goog:chromeOptions: {debuggerAddress: localhost:58666}, javascriptEnabled: true, networkConnectionEnabled: false, pageLoadStrategy: normal, platform: XP, platformName: XP, proxy: Proxy(), setWindowRect: true, strictFileInteractability: false, timeouts: {implicit: 0, pageLoad: 300000, script: 30000}, unhandledPromptBehavior: dismiss and notify}
Session ID: d6eac4a13d301ed0f30b4e9602db3f99&#xD;
	at org.openqa.selenium.remote.http.W3CHttpResponseCodec.createException(W3CHttpResponseCodec.java:187)&#xD;
	at org.openqa.selenium.remote.http.W3CHttpResponseCodec.decode(W3CHttpResponseCodec.java:122)&#xD;
	at org.openqa.selenium.remote.http.W3CHttpResponseCodec.decode(W3CHttpResponseCodec.java:49)&#xD;
	at org.openqa.selenium.remote.HttpCommandExecutor.execute(HttpCommandExecutor.java:158)&#xD;
	at org.openqa.selenium.remote.service.DriverCommandExecutor.execute(DriverCommandExecutor.java:83)&#xD;
	at org.openqa.selenium.remote.RemoteWebDriver.execute(RemoteWebDriver.java:552)&#xD;
	at org.openqa.selenium.remote.RemoteWebElement.execute(RemoteWebElement.java:285)&#xD;
	at org.openqa.selenium.remote.RemoteWebElement.click(RemoteWebElement.java:84)&#xD;
	at org.openqa.selenium.WebElement$click.call(Unknown Source)&#xD;
	at ShopInfo.run(ShopInfo:36)&#xD;
	at com.kms.katalon.core.main.ScriptEngine.run(ScriptEngine.java:194)&#xD;
	at com.kms.katalon.core.main.ScriptEngine.runScriptAsRawText(ScriptEngine.java:119)&#xD;
	at com.kms.katalon.core.main.TestCaseExecutor.runScript(TestCaseExecutor.java:337)&#xD;
	at com.kms.katalon.core.main.TestCaseExecutor.doExecute(TestCaseExecutor.java:328)&#xD;
	at com.kms.katalon.core.main.TestCaseExecutor.processExecutionPhase(TestCaseExecutor.java:307)&#xD;
	at com.kms.katalon.core.main.TestCaseExecutor.accessMainPhase(TestCaseExecutor.java:299)&#xD;
	at com.kms.katalon.core.main.TestCaseExecutor.execute(TestCaseExecutor.java:233)&#xD;
	at com.kms.katalon.core.main.TestSuiteExecutor.accessTestCaseMainPhase(TestSuiteExecutor.java:133)&#xD;
	at com.kms.katalon.core.main.TestSuiteExecutor.accessTestSuiteMainPhase(TestSuiteExecutor.java:116)&#xD;
	at com.kms.katalon.core.main.TestSuiteExecutor.execute(TestSuiteExecutor.java:83)&#xD;
	at com.kms.katalon.core.main.TestCaseMain.startTestSuite(TestCaseMain.java:157)&#xD;
	at com.kms.katalon.core.main.TestCaseMain$startTestSuite$0.call(Unknown Source)&#xD;
	at TempTestSuite1565808946959.run(TempTestSuite1565808946959.groovy:35)</system-err>
        </testcase>
        <testcase name="Test Cases/Workilo/ManageShop/ShopStats" classname="Test Cases/Workilo/ManageShop/ShopStats" status="ERROR">
            <error type="ERROR" message="Test Cases/Workilo/ManageShop/ShopStats FAILED.&#xA;Reason:&#xA;org.openqa.selenium.ElementNotInteractableException: element not interactable&#xA;  (Session info: chrome=76.0.3809.100)&#xA;Build info: version: '3.141.59', revision: 'e82be7d358', time: '2018-11-14T08:25:53'&#xA;System info: host: 'DAPL-ASSET-180', ip: '192.168.43.246', os.name: 'Windows 8.1', os.arch: 'amd64', os.version: '6.3', java.version: '1.8.0_181'&#xA;Driver info: org.openqa.selenium.chrome.ChromeDriver&#xA;Capabilities {acceptInsecureCerts: false, browserName: chrome, browserVersion: 76.0.3809.100, chrome: {chromedriverVersion: 76.0.3809.25 (a0c95f440512e..., userDataDir: C:\Users\DAPL-A~1\AppData\L...}, goog:chromeOptions: {debuggerAddress: localhost:58799}, javascriptEnabled: true, networkConnectionEnabled: false, pageLoadStrategy: normal, platform: XP, platformName: XP, proxy: Proxy(), setWindowRect: true, strictFileInteractability: false, timeouts: {implicit: 0, pageLoad: 300000, script: 30000}, unhandledPromptBehavior: dismiss and notify}&#xA;Session ID: 1ae58b884b2853211fef871edebf5430&#xD;&#xA;&#x9;at org.openqa.selenium.remote.http.W3CHttpResponseCodec.createException(W3CHttpResponseCodec.java:187)&#xD;&#xA;&#x9;at org.openqa.selenium.remote.http.W3CHttpResponseCodec.decode(W3CHttpResponseCodec.java:122)&#xD;&#xA;&#x9;at org.openqa.selenium.remote.http.W3CHttpResponseCodec.decode(W3CHttpResponseCodec.java:49)&#xD;&#xA;&#x9;at org.openqa.selenium.remote.HttpCommandExecutor.execute(HttpCommandExecutor.java:158)&#xD;&#xA;&#x9;at org.openqa.selenium.remote.service.DriverCommandExecutor.execute(DriverCommandExecutor.java:83)&#xD;&#xA;&#x9;at org.openqa.selenium.remote.RemoteWebDriver.execute(RemoteWebDriver.java:552)&#xD;&#xA;&#x9;at org.openqa.selenium.remote.RemoteWebElement.execute(RemoteWebElement.java:285)&#xD;&#xA;&#x9;at org.openqa.selenium.remote.RemoteWebElement.click(RemoteWebElement.java:84)&#xD;&#xA;&#x9;at org.openqa.selenium.WebElement$click.call(Unknown Source)&#xD;&#xA;&#x9;at ShopStats.run(ShopStats:37)&#xD;&#xA;&#x9;at com.kms.katalon.core.main.ScriptEngine.run(ScriptEngine.java:194)&#xD;&#xA;&#x9;at com.kms.katalon.core.main.ScriptEngine.runScriptAsRawText(ScriptEngine.java:119)&#xD;&#xA;&#x9;at com.kms.katalon.core.main.TestCaseExecutor.runScript(TestCaseExecutor.java:337)&#xD;&#xA;&#x9;at com.kms.katalon.core.main.TestCaseExecutor.doExecute(TestCaseExecutor.java:328)&#xD;&#xA;&#x9;at com.kms.katalon.core.main.TestCaseExecutor.processExecutionPhase(TestCaseExecutor.java:307)&#xD;&#xA;&#x9;at com.kms.katalon.core.main.TestCaseExecutor.accessMainPhase(TestCaseExecutor.java:299)&#xD;&#xA;&#x9;at com.kms.katalon.core.main.TestCaseExecutor.execute(TestCaseExecutor.java:233)&#xD;&#xA;&#x9;at com.kms.katalon.core.main.TestSuiteExecutor.accessTestCaseMainPhase(TestSuiteExecutor.java:133)&#xD;&#xA;&#x9;at com.kms.katalon.core.main.TestSuiteExecutor.accessTestSuiteMainPhase(TestSuiteExecutor.java:116)&#xD;&#xA;&#x9;at com.kms.katalon.core.main.TestSuiteExecutor.execute(TestSuiteExecutor.java:83)&#xD;&#xA;&#x9;at com.kms.katalon.core.main.TestCaseMain.startTestSuite(TestCaseMain.java:157)&#xD;&#xA;&#x9;at com.kms.katalon.core.main.TestCaseMain$startTestSuite$0.call(Unknown Source)&#xD;&#xA;&#x9;at TempTestSuite1565808946959.run(TempTestSuite1565808946959.groovy:35)&#xD;&#xA;"/>
            <system-out>2019-08-15 00:39:10 - [TEST_CASE][ERROR] - Test Cases/Workilo/ManageShop/ShopStats: Test Cases/Workilo/ManageShop/ShopStats FAILED.
Reason:
org.openqa.selenium.ElementNotInteractableException: element not interactable
  (Session info: chrome=76.0.3809.100)
Build info: version: '3.141.59', revision: 'e82be7d358', time: '2018-11-14T08:25:53'
System info: host: 'DAPL-ASSET-180', ip: '192.168.43.246', os.name: 'Windows 8.1', os.arch: 'amd64', os.version: '6.3', java.version: '1.8.0_181'
Driver info: org.openqa.selenium.chrome.ChromeDriver
Capabilities {acceptInsecureCerts: false, browserName: chrome, browserVersion: 76.0.3809.100, chrome: {chromedriverVersion: 76.0.3809.25 (a0c95f440512e..., userDataDir: C:\Users\DAPL-A~1\AppData\L...}, goog:chromeOptions: {debuggerAddress: localhost:58799}, javascriptEnabled: true, networkConnectionEnabled: false, pageLoadStrategy: normal, platform: XP, platformName: XP, proxy: Proxy(), setWindowRect: true, strictFileInteractability: false, timeouts: {implicit: 0, pageLoad: 300000, script: 30000}, unhandledPromptBehavior: dismiss and notify}
Session ID: 1ae58b884b2853211fef871edebf5430&#xD;
	at org.openqa.selenium.remote.http.W3CHttpResponseCodec.createException(W3CHttpResponseCodec.java:187)&#xD;
	at org.openqa.selenium.remote.http.W3CHttpResponseCodec.decode(W3CHttpResponseCodec.java:122)&#xD;
	at org.openqa.selenium.remote.http.W3CHttpResponseCodec.decode(W3CHttpResponseCodec.java:49)&#xD;
	at org.openqa.selenium.remote.HttpCommandExecutor.execute(HttpCommandExecutor.java:158)&#xD;
	at org.openqa.selenium.remote.service.DriverCommandExecutor.execute(DriverCommandExecutor.java:83)&#xD;
	at org.openqa.selenium.remote.RemoteWebDriver.execute(RemoteWebDriver.java:552)&#xD;
	at org.openqa.selenium.remote.RemoteWebElement.execute(RemoteWebElement.java:285)&#xD;
	at org.openqa.selenium.remote.RemoteWebElement.click(RemoteWebElement.java:84)&#xD;
	at org.openqa.selenium.WebElement$click.call(Unknown Source)&#xD;
	at ShopStats.run(ShopStats:37)&#xD;
	at com.kms.katalon.core.main.ScriptEngine.run(ScriptEngine.java:194)&#xD;
	at com.kms.katalon.core.main.ScriptEngine.runScriptAsRawText(ScriptEngine.java:119)&#xD;
	at com.kms.katalon.core.main.TestCaseExecutor.runScript(TestCaseExecutor.java:337)&#xD;
	at com.kms.katalon.core.main.TestCaseExecutor.doExecute(TestCaseExecutor.java:328)&#xD;
	at com.kms.katalon.core.main.TestCaseExecutor.processExecutionPhase(TestCaseExecutor.java:307)&#xD;
	at com.kms.katalon.core.main.TestCaseExecutor.accessMainPhase(TestCaseExecutor.java:299)&#xD;
	at com.kms.katalon.core.main.TestCaseExecutor.execute(TestCaseExecutor.java:233)&#xD;
	at com.kms.katalon.core.main.TestSuiteExecutor.accessTestCaseMainPhase(TestSuiteExecutor.java:133)&#xD;
	at com.kms.katalon.core.main.TestSuiteExecutor.accessTestSuiteMainPhase(TestSuiteExecutor.java:116)&#xD;
	at com.kms.katalon.core.main.TestSuiteExecutor.execute(TestSuiteExecutor.java:83)&#xD;
	at com.kms.katalon.core.main.TestCaseMain.startTestSuite(TestCaseMain.java:157)&#xD;
	at com.kms.katalon.core.main.TestCaseMain$startTestSuite$0.call(Unknown Source)&#xD;
	at TempTestSuite1565808946959.run(TempTestSuite1565808946959.groovy:35)&#xD;
&#xD;
&#xD;
2019-08-15 00:39:11 - [TEST_STEP][PASSED] - System.setProperty("webdriver.chrome.driver", chromePath): null&#xD;
&#xD;
2019-08-15 00:39:11 - [TEST_STEP][PASSED] - driver = new org.openqa.selenium.chrome.ChromeDriver(): null&#xD;
&#xD;
2019-08-15 00:39:13 - [TEST_STEP][PASSED] - window().maximize(): null&#xD;
&#xD;
2019-08-15 00:39:14 - [TEST_STEP][PASSED] - driver.get("http://workilo.com"): null&#xD;
&#xD;
2019-08-15 00:39:26 - [TEST_STEP][PASSED] - timeouts().implicitlyWait(30, SECONDS): null&#xD;
&#xD;
2019-08-15 00:39:26 - [TEST_STEP][PASSED] - linkText("Log In")).click(): null&#xD;
&#xD;
2019-08-15 00:39:27 - [TEST_STEP][PASSED] - Thread.sleep(2000): null&#xD;
&#xD;
2019-08-15 00:39:29 - [TEST_STEP][PASSED] - id("email_login")).sendKeys("testworkilo@gmail.com"): null&#xD;
&#xD;
2019-08-15 00:39:29 - [TEST_STEP][PASSED] - id("password_login")).sendKeys("admin@123"): null&#xD;
&#xD;
2019-08-15 00:39:29 - [TEST_STEP][PASSED] - //*[@value='Log in']")).click(): null&#xD;
&#xD;
2019-08-15 00:39:29 - [TEST_STEP][PASSED] - Thread.sleep(3000): null&#xD;
&#xD;
2019-08-15 00:39:32 - [TEST_STEP][PASSED] - xpath("/html/body/header/div/div[2]/ul/li[1]/a")).click(): null</system-out>
            <system-err>2019-08-15 00:39:10 - [TEST_CASE][ERROR] - Test Cases/Workilo/ManageShop/ShopStats: Test Cases/Workilo/ManageShop/ShopStats FAILED.
Reason:
org.openqa.selenium.ElementNotInteractableException: element not interactable
  (Session info: chrome=76.0.3809.100)
Build info: version: '3.141.59', revision: 'e82be7d358', time: '2018-11-14T08:25:53'
System info: host: 'DAPL-ASSET-180', ip: '192.168.43.246', os.name: 'Windows 8.1', os.arch: 'amd64', os.version: '6.3', java.version: '1.8.0_181'
Driver info: org.openqa.selenium.chrome.ChromeDriver
Capabilities {acceptInsecureCerts: false, browserName: chrome, browserVersion: 76.0.3809.100, chrome: {chromedriverVersion: 76.0.3809.25 (a0c95f440512e..., userDataDir: C:\Users\DAPL-A~1\AppData\L...}, goog:chromeOptions: {debuggerAddress: localhost:58799}, javascriptEnabled: true, networkConnectionEnabled: false, pageLoadStrategy: normal, platform: XP, platformName: XP, proxy: Proxy(), setWindowRect: true, strictFileInteractability: false, timeouts: {implicit: 0, pageLoad: 300000, script: 30000}, unhandledPromptBehavior: dismiss and notify}
Session ID: 1ae58b884b2853211fef871edebf5430&#xD;
	at org.openqa.selenium.remote.http.W3CHttpResponseCodec.createException(W3CHttpResponseCodec.java:187)&#xD;
	at org.openqa.selenium.remote.http.W3CHttpResponseCodec.decode(W3CHttpResponseCodec.java:122)&#xD;
	at org.openqa.selenium.remote.http.W3CHttpResponseCodec.decode(W3CHttpResponseCodec.java:49)&#xD;
	at org.openqa.selenium.remote.HttpCommandExecutor.execute(HttpCommandExecutor.java:158)&#xD;
	at org.openqa.selenium.remote.service.DriverCommandExecutor.execute(DriverCommandExecutor.java:83)&#xD;
	at org.openqa.selenium.remote.RemoteWebDriver.execute(RemoteWebDriver.java:552)&#xD;
	at org.openqa.selenium.remote.RemoteWebElement.execute(RemoteWebElement.java:285)&#xD;
	at org.openqa.selenium.remote.RemoteWebElement.click(RemoteWebElement.java:84)&#xD;
	at org.openqa.selenium.WebElement$click.call(Unknown Source)&#xD;
	at ShopStats.run(ShopStats:37)&#xD;
	at com.kms.katalon.core.main.ScriptEngine.run(ScriptEngine.java:194)&#xD;
	at com.kms.katalon.core.main.ScriptEngine.runScriptAsRawText(ScriptEngine.java:119)&#xD;
	at com.kms.katalon.core.main.TestCaseExecutor.runScript(TestCaseExecutor.java:337)&#xD;
	at com.kms.katalon.core.main.TestCaseExecutor.doExecute(TestCaseExecutor.java:328)&#xD;
	at com.kms.katalon.core.main.TestCaseExecutor.processExecutionPhase(TestCaseExecutor.java:307)&#xD;
	at com.kms.katalon.core.main.TestCaseExecutor.accessMainPhase(TestCaseExecutor.java:299)&#xD;
	at com.kms.katalon.core.main.TestCaseExecutor.execute(TestCaseExecutor.java:233)&#xD;
	at com.kms.katalon.core.main.TestSuiteExecutor.accessTestCaseMainPhase(TestSuiteExecutor.java:133)&#xD;
	at com.kms.katalon.core.main.TestSuiteExecutor.accessTestSuiteMainPhase(TestSuiteExecutor.java:116)&#xD;
	at com.kms.katalon.core.main.TestSuiteExecutor.execute(TestSuiteExecutor.java:83)&#xD;
	at com.kms.katalon.core.main.TestCaseMain.startTestSuite(TestCaseMain.java:157)&#xD;
	at com.kms.katalon.core.main.TestCaseMain$startTestSuite$0.call(Unknown Source)&#xD;
	at TempTestSuite1565808946959.run(TempTestSuite1565808946959.groovy:35)</system-err>
        </testcase>
        <testcase name="Test Cases/Workilo/Bookings/Customer/PlaceOrder" classname="Test Cases/Workilo/Bookings/Customer/PlaceOrder" status="ERROR">
            <error type="ERROR" message="Test Cases/Workilo/Bookings/Customer/PlaceOrder FAILED.&#xA;Reason:&#xA;org.openqa.selenium.NoSuchElementException: no such element: Unable to locate element: {&quot;method&quot;:&quot;css selector&quot;,&quot;selector&quot;:&quot;#img_334&quot;}&#xA;  (Session info: chrome=76.0.3809.100)&#xA;For documentation on this error, please visit: https://www.seleniumhq.org/exceptions/no_such_element.html&#xA;Build info: version: '3.141.59', revision: 'e82be7d358', time: '2018-11-14T08:25:53'&#xA;System info: host: 'DAPL-ASSET-180', ip: '192.168.43.246', os.name: 'Windows 8.1', os.arch: 'amd64', os.version: '6.3', java.version: '1.8.0_181'&#xA;Driver info: org.openqa.selenium.chrome.ChromeDriver&#xA;Capabilities {acceptInsecureCerts: false, browserName: chrome, browserVersion: 76.0.3809.100, chrome: {chromedriverVersion: 76.0.3809.25 (a0c95f440512e..., userDataDir: C:\Users\DAPL-A~1\AppData\L...}, goog:chromeOptions: {debuggerAddress: localhost:58914}, javascriptEnabled: true, networkConnectionEnabled: false, pageLoadStrategy: normal, platform: XP, platformName: XP, proxy: Proxy(), setWindowRect: true, strictFileInteractability: false, timeouts: {implicit: 0, pageLoad: 300000, script: 30000}, unhandledPromptBehavior: dismiss and notify}&#xA;Session ID: de85d31012b069dece3cb6901c869ee6&#xA;*** Element info: {Using=id, value=img_334}&#xD;&#xA;&#x9;at org.openqa.selenium.remote.http.W3CHttpResponseCodec.createException(W3CHttpResponseCodec.java:187)&#xD;&#xA;&#x9;at org.openqa.selenium.remote.http.W3CHttpResponseCodec.decode(W3CHttpResponseCodec.java:122)&#xD;&#xA;&#x9;at org.openqa.selenium.remote.http.W3CHttpResponseCodec.decode(W3CHttpResponseCodec.java:49)&#xD;&#xA;&#x9;at org.openqa.selenium.remote.HttpCommandExecutor.execute(HttpCommandExecutor.java:158)&#xD;&#xA;&#x9;at org.openqa.selenium.remote.service.DriverCommandExecutor.execute(DriverCommandExecutor.java:83)&#xD;&#xA;&#x9;at org.openqa.selenium.remote.RemoteWebDriver.execute(RemoteWebDriver.java:552)&#xD;&#xA;&#x9;at org.openqa.selenium.remote.RemoteWebDriver.findElement(RemoteWebDriver.java:323)&#xD;&#xA;&#x9;at org.openqa.selenium.remote.RemoteWebDriver.findElementById(RemoteWebDriver.java:372)&#xD;&#xA;&#x9;at org.openqa.selenium.By$ById.findElement(By.java:188)&#xD;&#xA;&#x9;at org.openqa.selenium.remote.RemoteWebDriver.findElement(RemoteWebDriver.java:315)&#xD;&#xA;&#x9;at org.openqa.selenium.WebDriver$findElement$1.call(Unknown Source)&#xD;&#xA;&#x9;at PlaceOrder.run(PlaceOrder:33)&#xD;&#xA;&#x9;at com.kms.katalon.core.main.ScriptEngine.run(ScriptEngine.java:194)&#xD;&#xA;&#x9;at com.kms.katalon.core.main.ScriptEngine.runScriptAsRawText(ScriptEngine.java:119)&#xD;&#xA;&#x9;at com.kms.katalon.core.main.TestCaseExecutor.runScript(TestCaseExecutor.java:337)&#xD;&#xA;&#x9;at com.kms.katalon.core.main.TestCaseExecutor.doExecute(TestCaseExecutor.java:328)&#xD;&#xA;&#x9;at com.kms.katalon.core.main.TestCaseExecutor.processExecutionPhase(TestCaseExecutor.java:307)&#xD;&#xA;&#x9;at com.kms.katalon.core.main.TestCaseExecutor.accessMainPhase(TestCaseExecutor.java:299)&#xD;&#xA;&#x9;at com.kms.katalon.core.main.TestCaseExecutor.execute(TestCaseExecutor.java:233)&#xD;&#xA;&#x9;at com.kms.katalon.core.main.TestSuiteExecutor.accessTestCaseMainPhase(TestSuiteExecutor.java:133)&#xD;&#xA;&#x9;at com.kms.katalon.core.main.TestSuiteExecutor.accessTestSuiteMainPhase(TestSuiteExecutor.java:116)&#xD;&#xA;&#x9;at com.kms.katalon.core.main.TestSuiteExecutor.execute(TestSuiteExecutor.java:83)&#xD;&#xA;&#x9;at com.kms.katalon.core.main.TestCaseMain.startTestSuite(TestCaseMain.java:157)&#xD;&#xA;&#x9;at com.kms.katalon.core.main.TestCaseMain$startTestSuite$0.call(Unknown Source)&#xD;&#xA;&#x9;at TempTestSuite1565808946959.run(TempTestSuite1565808946959.groovy:35)&#xD;&#xA;"/>
            <system-out>2019-08-15 00:40:02 - [TEST_CASE][ERROR] - Test Cases/Workilo/Bookings/Customer/PlaceOrder: Test Cases/Workilo/Bookings/Customer/PlaceOrder FAILED.
Reason:
org.openqa.selenium.NoSuchElementException: no such element: Unable to locate element: {"method":"css selector","selector":"#img_334"}
  (Session info: chrome=76.0.3809.100)
For documentation on this error, please visit: https://www.seleniumhq.org/exceptions/no_such_element.html
Build info: version: '3.141.59', revision: 'e82be7d358', time: '2018-11-14T08:25:53'
System info: host: 'DAPL-ASSET-180', ip: '192.168.43.246', os.name: 'Windows 8.1', os.arch: 'amd64', os.version: '6.3', java.version: '1.8.0_181'
Driver info: org.openqa.selenium.chrome.ChromeDriver
Capabilities {acceptInsecureCerts: false, browserName: chrome, browserVersion: 76.0.3809.100, chrome: {chromedriverVersion: 76.0.3809.25 (a0c95f440512e..., userDataDir: C:\Users\DAPL-A~1\AppData\L...}, goog:chromeOptions: {debuggerAddress: localhost:58914}, javascriptEnabled: true, networkConnectionEnabled: false, pageLoadStrategy: normal, platform: XP, platformName: XP, proxy: Proxy(), setWindowRect: true, strictFileInteractability: false, timeouts: {implicit: 0, pageLoad: 300000, script: 30000}, unhandledPromptBehavior: dismiss and notify}
Session ID: de85d31012b069dece3cb6901c869ee6
*** Element info: {Using=id, value=img_334}&#xD;
	at org.openqa.selenium.remote.http.W3CHttpResponseCodec.createException(W3CHttpResponseCodec.java:187)&#xD;
	at org.openqa.selenium.remote.http.W3CHttpResponseCodec.decode(W3CHttpResponseCodec.java:122)&#xD;
	at org.openqa.selenium.remote.http.W3CHttpResponseCodec.decode(W3CHttpResponseCodec.java:49)&#xD;
	at org.openqa.selenium.remote.HttpCommandExecutor.execute(HttpCommandExecutor.java:158)&#xD;
	at org.openqa.selenium.remote.service.DriverCommandExecutor.execute(DriverCommandExecutor.java:83)&#xD;
	at org.openqa.selenium.remote.RemoteWebDriver.execute(RemoteWebDriver.java:552)&#xD;
	at org.openqa.selenium.remote.RemoteWebDriver.findElement(RemoteWebDriver.java:323)&#xD;
	at org.openqa.selenium.remote.RemoteWebDriver.findElementById(RemoteWebDriver.java:372)&#xD;
	at org.openqa.selenium.By$ById.findElement(By.java:188)&#xD;
	at org.openqa.selenium.remote.RemoteWebDriver.findElement(RemoteWebDriver.java:315)&#xD;
	at org.openqa.selenium.WebDriver$findElement$1.call(Unknown Source)&#xD;
	at PlaceOrder.run(PlaceOrder:33)&#xD;
	at com.kms.katalon.core.main.ScriptEngine.run(ScriptEngine.java:194)&#xD;
	at com.kms.katalon.core.main.ScriptEngine.runScriptAsRawText(ScriptEngine.java:119)&#xD;
	at com.kms.katalon.core.main.TestCaseExecutor.runScript(TestCaseExecutor.java:337)&#xD;
	at com.kms.katalon.core.main.TestCaseExecutor.doExecute(TestCaseExecutor.java:328)&#xD;
	at com.kms.katalon.core.main.TestCaseExecutor.processExecutionPhase(TestCaseExecutor.java:307)&#xD;
	at com.kms.katalon.core.main.TestCaseExecutor.accessMainPhase(TestCaseExecutor.java:299)&#xD;
	at com.kms.katalon.core.main.TestCaseExecutor.execute(TestCaseExecutor.java:233)&#xD;
	at com.kms.katalon.core.main.TestSuiteExecutor.accessTestCaseMainPhase(TestSuiteExecutor.java:133)&#xD;
	at com.kms.katalon.core.main.TestSuiteExecutor.accessTestSuiteMainPhase(TestSuiteExecutor.java:116)&#xD;
	at com.kms.katalon.core.main.TestSuiteExecutor.execute(TestSuiteExecutor.java:83)&#xD;
	at com.kms.katalon.core.main.TestCaseMain.startTestSuite(TestCaseMain.java:157)&#xD;
	at com.kms.katalon.core.main.TestCaseMain$startTestSuite$0.call(Unknown Source)&#xD;
	at TempTestSuite1565808946959.run(TempTestSuite1565808946959.groovy:35)&#xD;
&#xD;
&#xD;
2019-08-15 00:40:02 - [TEST_STEP][PASSED] - System.setProperty("webdriver.chrome.driver", chromePath): null&#xD;
&#xD;
2019-08-15 00:40:02 - [TEST_STEP][PASSED] - driver = new org.openqa.selenium.chrome.ChromeDriver(): null&#xD;
&#xD;
2019-08-15 00:40:05 - [TEST_STEP][PASSED] - window().maximize(): null&#xD;
&#xD;
2019-08-15 00:40:06 - [TEST_STEP][PASSED] - driver.get("http://workilo.com"): null&#xD;
&#xD;
2019-08-15 00:40:16 - [TEST_STEP][PASSED] - timeouts().implicitlyWait(30, SECONDS): null&#xD;
&#xD;
2019-08-15 00:40:16 - [TEST_STEP][PASSED] - linkText("Log In")).click(): null&#xD;
&#xD;
2019-08-15 00:40:16 - [TEST_STEP][PASSED] - Thread.sleep(2000): null&#xD;
&#xD;
2019-08-15 00:40:18 - [TEST_STEP][PASSED] - id("email_login")).sendKeys("shahbaz.dapl@gmail.com"): null&#xD;
&#xD;
2019-08-15 00:40:18 - [TEST_STEP][PASSED] - id("password_login")).sendKeys("admin#123"): null&#xD;
&#xD;
2019-08-15 00:40:19 - [TEST_STEP][PASSED] - //*[@value='Log in']")).click(): null&#xD;
&#xD;
2019-08-15 00:40:19 - [TEST_STEP][PASSED] - Thread.sleep(3000): null&#xD;
&#xD;
2019-08-15 00:40:22 - [TEST_STEP][PASSED] - js = driver: null&#xD;
&#xD;
2019-08-15 00:40:22 - [TEST_STEP][PASSED] - element = driver.findElement(By.id("img_334")): null</system-out>
            <system-err>2019-08-15 00:40:02 - [TEST_CASE][ERROR] - Test Cases/Workilo/Bookings/Customer/PlaceOrder: Test Cases/Workilo/Bookings/Customer/PlaceOrder FAILED.
Reason:
org.openqa.selenium.NoSuchElementException: no such element: Unable to locate element: {"method":"css selector","selector":"#img_334"}
  (Session info: chrome=76.0.3809.100)
For documentation on this error, please visit: https://www.seleniumhq.org/exceptions/no_such_element.html
Build info: version: '3.141.59', revision: 'e82be7d358', time: '2018-11-14T08:25:53'
System info: host: 'DAPL-ASSET-180', ip: '192.168.43.246', os.name: 'Windows 8.1', os.arch: 'amd64', os.version: '6.3', java.version: '1.8.0_181'
Driver info: org.openqa.selenium.chrome.ChromeDriver
Capabilities {acceptInsecureCerts: false, browserName: chrome, browserVersion: 76.0.3809.100, chrome: {chromedriverVersion: 76.0.3809.25 (a0c95f440512e..., userDataDir: C:\Users\DAPL-A~1\AppData\L...}, goog:chromeOptions: {debuggerAddress: localhost:58914}, javascriptEnabled: true, networkConnectionEnabled: false, pageLoadStrategy: normal, platform: XP, platformName: XP, proxy: Proxy(), setWindowRect: true, strictFileInteractability: false, timeouts: {implicit: 0, pageLoad: 300000, script: 30000}, unhandledPromptBehavior: dismiss and notify}
Session ID: de85d31012b069dece3cb6901c869ee6
*** Element info: {Using=id, value=img_334}&#xD;
	at org.openqa.selenium.remote.http.W3CHttpResponseCodec.createException(W3CHttpResponseCodec.java:187)&#xD;
	at org.openqa.selenium.remote.http.W3CHttpResponseCodec.decode(W3CHttpResponseCodec.java:122)&#xD;
	at org.openqa.selenium.remote.http.W3CHttpResponseCodec.decode(W3CHttpResponseCodec.java:49)&#xD;
	at org.openqa.selenium.remote.HttpCommandExecutor.execute(HttpCommandExecutor.java:158)&#xD;
	at org.openqa.selenium.remote.service.DriverCommandExecutor.execute(DriverCommandExecutor.java:83)&#xD;
	at org.openqa.selenium.remote.RemoteWebDriver.execute(RemoteWebDriver.java:552)&#xD;
	at org.openqa.selenium.remote.RemoteWebDriver.findElement(RemoteWebDriver.java:323)&#xD;
	at org.openqa.selenium.remote.RemoteWebDriver.findElementById(RemoteWebDriver.java:372)&#xD;
	at org.openqa.selenium.By$ById.findElement(By.java:188)&#xD;
	at org.openqa.selenium.remote.RemoteWebDriver.findElement(RemoteWebDriver.java:315)&#xD;
	at org.openqa.selenium.WebDriver$findElement$1.call(Unknown Source)&#xD;
	at PlaceOrder.run(PlaceOrder:33)&#xD;
	at com.kms.katalon.core.main.ScriptEngine.run(ScriptEngine.java:194)&#xD;
	at com.kms.katalon.core.main.ScriptEngine.runScriptAsRawText(ScriptEngine.java:119)&#xD;
	at com.kms.katalon.core.main.TestCaseExecutor.runScript(TestCaseExecutor.java:337)&#xD;
	at com.kms.katalon.core.main.TestCaseExecutor.doExecute(TestCaseExecutor.java:328)&#xD;
	at com.kms.katalon.core.main.TestCaseExecutor.processExecutionPhase(TestCaseExecutor.java:307)&#xD;
	at com.kms.katalon.core.main.TestCaseExecutor.accessMainPhase(TestCaseExecutor.java:299)&#xD;
	at com.kms.katalon.core.main.TestCaseExecutor.execute(TestCaseExecutor.java:233)&#xD;
	at com.kms.katalon.core.main.TestSuiteExecutor.accessTestCaseMainPhase(TestSuiteExecutor.java:133)&#xD;
	at com.kms.katalon.core.main.TestSuiteExecutor.accessTestSuiteMainPhase(TestSuiteExecutor.java:116)&#xD;
	at com.kms.katalon.core.main.TestSuiteExecutor.execute(TestSuiteExecutor.java:83)&#xD;
	at com.kms.katalon.core.main.TestCaseMain.startTestSuite(TestCaseMain.java:157)&#xD;
	at com.kms.katalon.core.main.TestCaseMain$startTestSuite$0.call(Unknown Source)&#xD;
	at TempTestSuite1565808946959.run(TempTestSuite1565808946959.groovy:35)</system-err>
        </testcase>
        <system-out>2019-08-15 00:25:52 - [TEST_SUITE][INCOMPLETE] - Functional Testing: null</system-out>
        <system-err>2019-08-15 00:25:52 - [TEST_SUITE][INCOMPLETE] - Functional Testing: null</system-err>
    </testsuite>
</testsuites>
