<?xml version="1.0" encoding="UTF-8" standalone="yes"?>
<testsuites name="CompleteBookingOrder" time="128" tests="2" failures="0" errors="0">
    <testsuite name="CompleteBookingOrder" tests="2" failures="0" errors="0" time="128" timestamp="2019-08-20 15:00:55" hostname="DAPL-Asset-180 - DAPL-Asset-180" id="Test Suites/CompleteBookingOrder">
        <properties>
            <property name="deviceName" value=""/>
            <property name="devicePlatform" value=""/>
            <property name="logFolder" value="C:\\Users\\DAPL-Asset-180\\Desktop\\project folder\\Workilo\\WorkiloAutomation(14.8.19)\\Reports\\CompleteBookingOrder\\20190820_145302"/>
            <property name="logFiles" value="C:\\Users\\DAPL-Asset-180\\Desktop\\project folder\\Workilo\\WorkiloAutomation(14.8.19)\\Reports\\CompleteBookingOrder\\20190820_145302\\execution0.log"/>
            <property name="attachments" value=""/>
            <property name="hostName" value="DAPL-Asset-180 - DAPL-Asset-180"/>
            <property name="hostAddress" value="192.168.1.188"/>
            <property name="os" value="Windows 8.1 64bit"/>
            <property name="katalonVersion" value="6.2.1.2"/>
        </properties>
        <testcase name="Test Cases/Workilo/Bookings/Customer/PlaceOrderBySearchTestMode" classname="Test Cases/Workilo/Bookings/Customer/PlaceOrderBySearchTestMode" status="PASSED">
            <system-out>2019-08-20 15:00:55 - [TEST_CASE][PASSED] - Test Cases/Workilo/Bookings/Customer/PlaceOrderBySearchTestMode: Test Cases/Workilo/Bookings/Customer/PlaceOrderBySearchTestMode&#xD;
&#xD;
2019-08-20 15:00:57 - [TEST_STEP][PASSED] - System.setProperty("webdriver.chrome.driver", chromePath): null&#xD;
&#xD;
2019-08-20 15:00:57 - [TEST_STEP][PASSED] - driver = new org.openqa.selenium.chrome.ChromeDriver(): null&#xD;
&#xD;
2019-08-20 15:01:01 - [TEST_STEP][PASSED] - window().maximize(): null&#xD;
&#xD;
2019-08-20 15:01:02 - [TEST_STEP][PASSED] - driver.get("http://workilo.com"): null&#xD;
&#xD;
2019-08-20 15:01:13 - [TEST_STEP][PASSED] - timeouts().implicitlyWait(30, SECONDS): null&#xD;
&#xD;
2019-08-20 15:01:13 - [TEST_STEP][PASSED] - try: null&#xD;
&#xD;
2019-08-20 15:01:13 - [TEST_STEP][PASSED] - linkText("Log In")).click(): null&#xD;
&#xD;
2019-08-20 15:01:13 - [TEST_STEP][PASSED] - Thread.sleep(2000): null&#xD;
&#xD;
2019-08-20 15:01:15 - [TEST_STEP][PASSED] - id("email_login")).sendKeys("nabin@digitalaptech.com"): null&#xD;
&#xD;
2019-08-20 15:01:15 - [TEST_STEP][PASSED] - id("password_login")).sendKeys("admin#123"): null&#xD;
&#xD;
2019-08-20 15:01:15 - [TEST_STEP][PASSED] - //*[@value='Log in']")).click(): null&#xD;
&#xD;
2019-08-20 15:01:15 - [TEST_STEP][PASSED] - Thread.sleep(3000): null&#xD;
&#xD;
2019-08-20 15:01:18 - [TEST_STEP][PASSED] - js = driver: null&#xD;
&#xD;
2019-08-20 15:01:18 - [TEST_STEP][PASSED] - id("search-input-desk")).sendKeys("Home Appliances"): null&#xD;
&#xD;
2019-08-20 15:01:32 - [TEST_STEP][PASSED] - xpath("//*[@id='select_list']/button")).click(): null&#xD;
&#xD;
2019-08-20 15:01:39 - [TEST_STEP][PASSED] - js.executeScript("window.scrollBy(0,500)"): null&#xD;
&#xD;
2019-08-20 15:01:39 - [TEST_STEP][PASSED] - Thread.sleep(2000): null&#xD;
&#xD;
2019-08-20 15:01:41 - [TEST_STEP][PASSED] - xpath("//*[@id='demo']/div/div/div[1]")).click(): null&#xD;
&#xD;
2019-08-20 15:01:42 - [TEST_STEP][PASSED] - element2 = driver.findElement(By.xpath(".//*[text()='book now']")): null&#xD;
&#xD;
2019-08-20 15:02:12 - [TEST_STEP][PASSED] - catch (Exception e): null&#xD;
&#xD;
2019-08-20 15:02:12 - [TEST_STEP][PASSED] - src = driver.getScreenshotAs(FILE): null&#xD;
&#xD;
2019-08-20 15:02:12 - [TEST_STEP][PASSED] - FileUtils.copyFile(src, new java.io.File(((screenshots + java.lang.System.currentTimeMillis()) + .png))): null&#xD;
&#xD;
2019-08-20 15:02:12 - [TEST_STEP][PASSED] - out.println(e.getMessage()): null</system-out>
            <system-err></system-err>
        </testcase>
        <testcase name="Test Cases/Workilo/Bookings/ServiceProvider/New Booking Order" classname="Test Cases/Workilo/Bookings/ServiceProvider/New Booking Order" status="PASSED">
            <system-out>2019-08-20 15:02:12 - [TEST_CASE][PASSED] - Test Cases/Workilo/Bookings/ServiceProvider/New Booking Order: Test Cases/Workilo/Bookings/ServiceProvider/New Booking Order&#xD;
&#xD;
2019-08-20 15:02:13 - [TEST_STEP][PASSED] - System.setProperty("webdriver.chrome.driver", chromePath): null&#xD;
&#xD;
2019-08-20 15:02:13 - [TEST_STEP][PASSED] - driver = new org.openqa.selenium.chrome.ChromeDriver(): null&#xD;
&#xD;
2019-08-20 15:02:15 - [TEST_STEP][PASSED] - window().maximize(): null&#xD;
&#xD;
2019-08-20 15:02:16 - [TEST_STEP][PASSED] - driver.get("http://workilo.com"): null&#xD;
&#xD;
2019-08-20 15:02:27 - [TEST_STEP][PASSED] - timeouts().implicitlyWait(30, SECONDS): null&#xD;
&#xD;
2019-08-20 15:02:27 - [TEST_STEP][PASSED] - try: null&#xD;
&#xD;
2019-08-20 15:02:27 - [TEST_STEP][PASSED] - linkText("Log In")).click(): null&#xD;
&#xD;
2019-08-20 15:02:27 - [TEST_STEP][PASSED] - Thread.sleep(2000): null&#xD;
&#xD;
2019-08-20 15:02:29 - [TEST_STEP][PASSED] - id("email_login")).sendKeys("testworkilo@gmail.com"): null&#xD;
&#xD;
2019-08-20 15:02:29 - [TEST_STEP][PASSED] - id("password_login")).sendKeys("admin#123"): null&#xD;
&#xD;
2019-08-20 15:02:29 - [TEST_STEP][PASSED] - //*[@value='Log in']")).click(): null&#xD;
&#xD;
2019-08-20 15:02:29 - [TEST_STEP][PASSED] - Thread.sleep(3000): null&#xD;
&#xD;
2019-08-20 15:02:32 - [TEST_STEP][PASSED] - xpath("/html/body/header/div/span[3]")).click(): null&#xD;
&#xD;
2019-08-20 15:03:02 - [TEST_STEP][PASSED] - catch (Exception e): null&#xD;
&#xD;
2019-08-20 15:03:02 - [TEST_STEP][PASSED] - src = driver.getScreenshotAs(FILE): null&#xD;
&#xD;
2019-08-20 15:03:03 - [TEST_STEP][PASSED] - FileUtils.copyFile(src, new java.io.File(((screenshots + java.lang.System.currentTimeMillis()) + .png))): null&#xD;
&#xD;
2019-08-20 15:03:03 - [TEST_STEP][PASSED] - out.println(e.getMessage()): null&#xD;
&#xD;
2019-08-20 15:03:03 - [TEST_STEP][PASSED] - driver.quit(): null</system-out>
            <system-err></system-err>
        </testcase>
        <system-out>2019-08-20 15:00:55 - [TEST_SUITE][INCOMPLETE] - CompleteBookingOrder: null</system-out>
        <system-err>2019-08-20 15:00:55 - [TEST_SUITE][INCOMPLETE] - CompleteBookingOrder: null</system-err>
    </testsuite>
</testsuites>
