<?xml version="1.0" encoding="UTF-8" standalone="yes"?>
<testsuites name="Block-UnblockDateByServiceProvider" time="41" tests="1" failures="0" errors="0">
    <testsuite name="Block-UnblockDateByServiceProvider" tests="1" failures="0" errors="0" time="41" timestamp="2019-08-20 13:40:01" hostname="DAPL-Asset-180 - DAPL-Asset-180" id="Test Suites/Block-UnblockDateByServiceProvider">
        <properties>
            <property name="deviceName" value=""/>
            <property name="devicePlatform" value=""/>
            <property name="logFolder" value="C:\\Users\\DAPL-Asset-180\\Desktop\\project folder\\Workilo\\WorkiloAutomation(14.8.19)\\Reports\\Block-UnblockDateByServiceProvider\\20190820_133957"/>
            <property name="logFiles" value="C:\\Users\\DAPL-Asset-180\\Desktop\\project folder\\Workilo\\WorkiloAutomation(14.8.19)\\Reports\\Block-UnblockDateByServiceProvider\\20190820_133957\\execution0.log"/>
            <property name="attachments" value=""/>
            <property name="hostName" value="DAPL-Asset-180 - DAPL-Asset-180"/>
            <property name="hostAddress" value="192.168.1.188"/>
            <property name="os" value="Windows 8.1 64bit"/>
            <property name="katalonVersion" value="6.2.1.2"/>
        </properties>
        <testcase name="Test Cases/Workilo/Bookings/ServiceProvider/BlockUnblockDateByServiceProvider" classname="Test Cases/Workilo/Bookings/ServiceProvider/BlockUnblockDateByServiceProvider" status="PASSED">
            <system-out>2019-08-20 13:40:02 - [TEST_CASE][PASSED] - Test Cases/Workilo/Bookings/ServiceProvider/BlockUnblockDateByServiceProvider: Test Cases/Workilo/Bookings/ServiceProvider/BlockUnblockDateByServiceProvider&#xD;
&#xD;
2019-08-20 13:40:03 - [TEST_STEP][PASSED] - System.setProperty("webdriver.chrome.driver", chromePath): null&#xD;
&#xD;
2019-08-20 13:40:03 - [TEST_STEP][PASSED] - driver = new org.openqa.selenium.chrome.ChromeDriver(): null&#xD;
&#xD;
2019-08-20 13:40:07 - [TEST_STEP][PASSED] - window().maximize(): null&#xD;
&#xD;
2019-08-20 13:40:08 - [TEST_STEP][PASSED] - driver.get("http://workilo.com"): null&#xD;
&#xD;
2019-08-20 13:40:20 - [TEST_STEP][PASSED] - timeouts().implicitlyWait(30, SECONDS): null&#xD;
&#xD;
2019-08-20 13:40:20 - [TEST_STEP][PASSED] - try: null&#xD;
&#xD;
2019-08-20 13:40:20 - [TEST_STEP][PASSED] - linkText("Log In")).click(): null&#xD;
&#xD;
2019-08-20 13:40:20 - [TEST_STEP][PASSED] - Thread.sleep(2000): null&#xD;
&#xD;
2019-08-20 13:40:22 - [TEST_STEP][PASSED] - id("email_login")).sendKeys("testworkilo@gmail.com"): null&#xD;
&#xD;
2019-08-20 13:40:22 - [TEST_STEP][PASSED] - id("password_login")).sendKeys("admin#123"): null&#xD;
&#xD;
2019-08-20 13:40:23 - [TEST_STEP][PASSED] - //*[@value='Log in']")).click(): null&#xD;
&#xD;
2019-08-20 13:40:23 - [TEST_STEP][PASSED] - Thread.sleep(3000): null&#xD;
&#xD;
2019-08-20 13:40:26 - [TEST_STEP][PASSED] - xpath("/html/body/header/div/span[3]")).click(): null&#xD;
&#xD;
2019-08-20 13:40:26 - [TEST_STEP][PASSED] - Thread.sleep(1000): null&#xD;
&#xD;
2019-08-20 13:40:27 - [TEST_STEP][PASSED] - xpath("/html/body/div[4]/div/div[1]/ul/li[2]/a")).click(): null&#xD;
&#xD;
2019-08-20 13:40:29 - [TEST_STEP][PASSED] - Thread.sleep(1000): null&#xD;
&#xD;
2019-08-20 13:40:30 - [TEST_STEP][PASSED] - xpath("/html/body/div[6]/div/div/div[1]/div/div/ul/li[2]/a")).click(): null&#xD;
&#xD;
2019-08-20 13:40:31 - [TEST_STEP][PASSED] - Thread.sleep(1000): null&#xD;
&#xD;
2019-08-20 13:40:32 - [TEST_STEP][PASSED] - message = xpath("/html/body/div[6]/div/div/div[1]/div/div/ul/li[2]/a")).getText(): null&#xD;
&#xD;
2019-08-20 13:40:32 - [TEST_STEP][PASSED] - if (message.contains("(0)")): null&#xD;
&#xD;
2019-08-20 13:40:32 - [TEST_STEP][PASSED] - else: null&#xD;
&#xD;
2019-08-20 13:40:32 - [TEST_STEP][PASSED] - js = driver: null&#xD;
&#xD;
2019-08-20 13:40:32 - [TEST_STEP][PASSED] - js.executeScript("window.scrollTo(0, document.body.scrollHeight)"): null&#xD;
&#xD;
2019-08-20 13:40:32 - [TEST_STEP][PASSED] - Thread.sleep(3000): null&#xD;
&#xD;
2019-08-20 13:40:35 - [TEST_STEP][PASSED] - xpath("//*[@id='Calendar']/div[1]/div[2]/table/tbody/tr[5]/td[6]/a")).click(): null&#xD;
&#xD;
2019-08-20 13:40:35 - [TEST_STEP][PASSED] - Thread.sleep(3000): null&#xD;
&#xD;
2019-08-20 13:40:38 - [TEST_STEP][PASSED] - rows = driver.findElements(By.xpath("/html/body/div[6]/div/div[2]/div/div[2]/div[2]/div/div/div[2]/ul[1]/li")): null&#xD;
&#xD;
2019-08-20 13:40:38 - [TEST_STEP][PASSED] - out.println("Total Rows = " + rows.size()): null&#xD;
&#xD;
2019-08-20 13:40:38 - [TEST_STEP][PASSED] - if (rows.size() &gt; 0): null&#xD;
&#xD;
2019-08-20 13:40:38 - [TEST_STEP][PASSED] - for ([i = 0, i &lt; rows.size(), (i++)]): null&#xD;
&#xD;
2019-08-20 13:40:38 - [TEST_STEP][PASSED] - element1 = driver.findElement(By.xpath("/html/body/div[6]/div/div[2]/div/div[2]/div[2]/div/div/div[2]/ul[1]/li[" + i + 1 + "]")): null&#xD;
&#xD;
2019-08-20 13:40:38 - [TEST_STEP][PASSED] - js.executeScript("arguments[0].style.border='3px solid red'", element1): null&#xD;
&#xD;
2019-08-20 13:40:38 - [TEST_STEP][PASSED] - Thread.sleep(3000): null&#xD;
&#xD;
2019-08-20 13:40:41 - [TEST_STEP][PASSED] - xpath("//*[@id='2019-08-31']")).click(): null&#xD;
&#xD;
2019-08-20 13:40:41 - [TEST_STEP][PASSED] - catch (Exception e): null&#xD;
&#xD;
2019-08-20 13:40:41 - [TEST_STEP][PASSED] - src = driver.getScreenshotAs(FILE): null&#xD;
&#xD;
2019-08-20 13:40:41 - [TEST_STEP][PASSED] - FileUtils.copyFile(src, new java.io.File(((screenshots + java.lang.System.currentTimeMillis()) + .png))): null&#xD;
&#xD;
2019-08-20 13:40:42 - [TEST_STEP][PASSED] - out.println(e.getMessage()): null&#xD;
&#xD;
2019-08-20 13:40:42 - [TEST_STEP][PASSED] - driver.quit(): null</system-out>
            <system-err></system-err>
        </testcase>
        <system-out>2019-08-20 13:40:01 - [TEST_SUITE][INCOMPLETE] - Block-UnblockDateByServiceProvider: null</system-out>
        <system-err>2019-08-20 13:40:01 - [TEST_SUITE][INCOMPLETE] - Block-UnblockDateByServiceProvider: null</system-err>
    </testsuite>
</testsuites>
