<?xml version="1.0" encoding="UTF-8" standalone="yes"?>
<testsuites name="CustomerSignUp" time="32" tests="1" failures="0" errors="0">
    <testsuite name="CustomerSignUp" tests="1" failures="0" errors="0" time="32" timestamp="2019-08-20 15:14:31" hostname="DAPL-Asset-180 - DAPL-Asset-180" id="Test Suites/CustomerSignUp">
        <properties>
            <property name="deviceName" value=""/>
            <property name="devicePlatform" value=""/>
            <property name="logFolder" value="C:\\Users\\DAPL-Asset-180\\Desktop\\project folder\\Workilo\\WorkiloAutomation(14.8.19)\\Reports\\CustomerSignUp\\20190820_151427"/>
            <property name="logFiles" value="C:\\Users\\DAPL-Asset-180\\Desktop\\project folder\\Workilo\\WorkiloAutomation(14.8.19)\\Reports\\CustomerSignUp\\20190820_151427\\execution0.log"/>
            <property name="attachments" value=""/>
            <property name="hostName" value="DAPL-Asset-180 - DAPL-Asset-180"/>
            <property name="hostAddress" value="192.168.1.188"/>
            <property name="os" value="Windows 8.1 64bit"/>
            <property name="katalonVersion" value="6.2.1.2"/>
        </properties>
        <testcase name="Test Cases/Workilo/Sign Up/CustSignUp" classname="Test Cases/Workilo/Sign Up/CustSignUp" status="PASSED">
            <system-out>2019-08-20 15:14:31 - [TEST_CASE][PASSED] - Test Cases/Workilo/Sign Up/CustSignUp: Test Cases/Workilo/Sign Up/CustSignUp&#xD;
&#xD;
2019-08-20 15:14:32 - [TEST_STEP][PASSED] - System.setProperty("webdriver.chrome.driver", chromePath): null&#xD;
&#xD;
2019-08-20 15:14:32 - [TEST_STEP][PASSED] - driver = new org.openqa.selenium.chrome.ChromeDriver(): null&#xD;
&#xD;
2019-08-20 15:14:36 - [TEST_STEP][PASSED] - window().maximize(): null&#xD;
&#xD;
2019-08-20 15:14:37 - [TEST_STEP][PASSED] - driver.get("http://workilo.com"): null&#xD;
&#xD;
2019-08-20 15:14:52 - [TEST_STEP][PASSED] - timeouts().implicitlyWait(30, SECONDS): null&#xD;
&#xD;
2019-08-20 15:14:52 - [TEST_STEP][PASSED] - linkText("Sign Up")).click(): null&#xD;
&#xD;
2019-08-20 15:14:52 - [TEST_STEP][PASSED] - Thread.sleep(2000): null&#xD;
&#xD;
2019-08-20 15:14:54 - [TEST_STEP][PASSED] - xpath("//*[text()='Client']")).click(): null&#xD;
&#xD;
2019-08-20 15:14:54 - [TEST_STEP][PASSED] - Thread.sleep(2000): null&#xD;
&#xD;
2019-08-20 15:14:56 - [TEST_STEP][PASSED] - id("email")).sendKeys("shahbaz.dapl@gmail.com"): null&#xD;
&#xD;
2019-08-20 15:14:56 - [TEST_STEP][PASSED] - id("firstName")).sendKeys("Shahbaz"): null&#xD;
&#xD;
2019-08-20 15:14:57 - [TEST_STEP][PASSED] - id("lastName")).sendKeys("Farooque"): null&#xD;
&#xD;
2019-08-20 15:14:57 - [TEST_STEP][PASSED] - id("password")).sendKeys("admin#123"): null&#xD;
&#xD;
2019-08-20 15:14:57 - [TEST_STEP][PASSED] - id("contact_number")).sendKeys("9663326168"): null&#xD;
&#xD;
2019-08-20 15:14:57 - [TEST_STEP][PASSED] - //*[@value='Join Workilo!']")).click(): null&#xD;
&#xD;
2019-08-20 15:14:57 - [TEST_STEP][PASSED] - Thread.sleep(5000): null&#xD;
&#xD;
2019-08-20 15:15:02 - [TEST_STEP][PASSED] - driver.quit(): null</system-out>
            <system-err></system-err>
        </testcase>
        <system-out>2019-08-20 15:14:31 - [TEST_SUITE][INCOMPLETE] - CustomerSignUp: null</system-out>
        <system-err>2019-08-20 15:14:31 - [TEST_SUITE][INCOMPLETE] - CustomerSignUp: null</system-err>
    </testsuite>
</testsuites>
