<?xml version="1.0" encoding="UTF-8" standalone="yes"?>
<testsuites name="Functional Testing" time="51" tests="1" failures="0" errors="0">
    <testsuite name="Functional Testing" tests="1" failures="0" errors="0" time="51" timestamp="2019-08-14 23:28:05" hostname="DAPL-Asset-180 - DAPL-Asset-180" id="Test Suites/Functional Testing">
        <properties>
            <property name="deviceName" value=""/>
            <property name="devicePlatform" value=""/>
            <property name="logFolder" value="C:\\Users\\DAPL-Asset-180\\Desktop\\project folder\\Workilo\\WorkiloAutomation(14.8.19)\\Reports\\Functional Testing\\20190814_232801"/>
            <property name="logFiles" value="C:\\Users\\DAPL-Asset-180\\Desktop\\project folder\\Workilo\\WorkiloAutomation(14.8.19)\\Reports\\Functional Testing\\20190814_232801\\execution0.log"/>
            <property name="attachments" value=""/>
            <property name="hostName" value="DAPL-Asset-180 - DAPL-Asset-180"/>
            <property name="hostAddress" value="192.168.43.246"/>
            <property name="os" value="Windows 8.1 64bit"/>
            <property name="katalonVersion" value="6.2.1.2"/>
        </properties>
        <testcase name="Test Cases/Workilo/Bookings/Customer/PlaceOrderBySearchTestMode" classname="Test Cases/Workilo/Bookings/Customer/PlaceOrderBySearchTestMode" status="PASSED">
            <system-out>2019-08-14 23:28:05 - [TEST_CASE][PASSED] - Test Cases/Workilo/Bookings/Customer/PlaceOrderBySearchTestMode: Test Cases/Workilo/Bookings/Customer/PlaceOrderBySearchTestMode&#xD;
&#xD;
2019-08-14 23:28:06 - [TEST_STEP][PASSED] - System.setProperty("webdriver.chrome.driver", chromePath): null&#xD;
&#xD;
2019-08-14 23:28:06 - [TEST_STEP][PASSED] - driver = new org.openqa.selenium.chrome.ChromeDriver(): null&#xD;
&#xD;
2019-08-14 23:28:10 - [TEST_STEP][PASSED] - window().maximize(): null&#xD;
&#xD;
2019-08-14 23:28:11 - [TEST_STEP][PASSED] - driver.get("http://workilo.com"): null&#xD;
&#xD;
2019-08-14 23:28:21 - [TEST_STEP][PASSED] - timeouts().implicitlyWait(30, SECONDS): null&#xD;
&#xD;
2019-08-14 23:28:21 - [TEST_STEP][PASSED] - try: null&#xD;
&#xD;
2019-08-14 23:28:21 - [TEST_STEP][PASSED] - linkText("Log In")).click(): null&#xD;
&#xD;
2019-08-14 23:28:21 - [TEST_STEP][PASSED] - Thread.sleep(2000): null&#xD;
&#xD;
2019-08-14 23:28:23 - [TEST_STEP][PASSED] - id("email_login")).sendKeys("nabin@digitalaptech.com"): null&#xD;
&#xD;
2019-08-14 23:28:24 - [TEST_STEP][PASSED] - id("password_login")).sendKeys("admin#123"): null&#xD;
&#xD;
2019-08-14 23:28:24 - [TEST_STEP][PASSED] - //*[@value='Log a']")).click(): null&#xD;
&#xD;
2019-08-14 23:28:54 - [TEST_STEP][PASSED] - catch (Exception e): null&#xD;
&#xD;
2019-08-14 23:28:54 - [TEST_STEP][PASSED] - src = driver.getScreenshotAs(FILE): null&#xD;
&#xD;
2019-08-14 23:28:55 - [TEST_STEP][PASSED] - FileUtils.copyFile(src, new java.io.File(((C:\Users\DAPL-Asset-180\Desktop\project folder\Workilo\WorkiloAutomation(14.8.19)\screenshots + java.lang.System.currentTimeMillis()) + .png))): null&#xD;
&#xD;
2019-08-14 23:28:55 - [TEST_STEP][PASSED] - out.println(e.getMessage()): null&#xD;
&#xD;
2019-08-14 23:28:55 - [TEST_STEP][PASSED] - driver.quit(): null</system-out>
            <system-err></system-err>
        </testcase>
        <system-out>2019-08-14 23:28:05 - [TEST_SUITE][INCOMPLETE] - Functional Testing: null</system-out>
        <system-err>2019-08-14 23:28:05 - [TEST_SUITE][INCOMPLETE] - Functional Testing: null</system-err>
    </testsuite>
</testsuites>
