<?xml version="1.0" encoding="UTF-8" standalone="yes"?>
<testsuites name="ServiceProviderSign IN" time="58" tests="1" failures="0" errors="0">
    <testsuite name="ServiceProviderSign IN" tests="1" failures="0" errors="0" time="58" timestamp="2019-09-04 23:25:12" hostname="DAPL-Asset-180 - DAPL-Asset-180" id="Test Suites/ServiceProviderSign IN">
        <properties>
            <property name="deviceName" value=""/>
            <property name="devicePlatform" value=""/>
            <property name="logFolder" value="C:\\Users\\DAPL-Asset-180\\Desktop\\project folder\\Workilo\\WorkiloAutomation(14.8.19)\\Reports\\ServiceProviderSign IN\\20190904_232436"/>
            <property name="logFiles" value="C:\\Users\\DAPL-Asset-180\\Desktop\\project folder\\Workilo\\WorkiloAutomation(14.8.19)\\Reports\\ServiceProviderSign IN\\20190904_232436\\execution0.log"/>
            <property name="attachments" value=""/>
            <property name="hostName" value="DAPL-Asset-180 - DAPL-Asset-180"/>
            <property name="hostAddress" value="192.168.225.201"/>
            <property name="os" value="Windows 8.1 64bit"/>
            <property name="katalonVersion" value="6.2.1.2"/>
        </properties>
        <testcase name="Test Cases/Workilo/Sign IN/ServProvSignIn" classname="Test Cases/Workilo/Sign IN/ServProvSignIn" status="PASSED">
            <system-out>2019-09-04 23:25:13 - [TEST_CASE][PASSED] - Test Cases/Workilo/Sign IN/ServProvSignIn: Test Cases/Workilo/Sign IN/ServProvSignIn&#xD;
&#xD;
2019-09-04 23:25:14 - [TEST_STEP][PASSED] - System.setProperty("webdriver.chrome.driver", chromePath): null&#xD;
&#xD;
2019-09-04 23:25:14 - [TEST_STEP][PASSED] - driver = new org.openqa.selenium.chrome.ChromeDriver(): null&#xD;
&#xD;
2019-09-04 23:25:28 - [TEST_STEP][PASSED] - window().maximize(): null&#xD;
&#xD;
2019-09-04 23:25:30 - [TEST_STEP][PASSED] - try: null&#xD;
&#xD;
2019-09-04 23:25:30 - [TEST_STEP][PASSED] - driver.get("http://workilo.com"): null&#xD;
&#xD;
2019-09-04 23:25:53 - [TEST_STEP][PASSED] - timeouts().implicitlyWait(30, SECONDS): null&#xD;
&#xD;
2019-09-04 23:25:53 - [TEST_STEP][PASSED] - linkText("Log In")).click(): null&#xD;
&#xD;
2019-09-04 23:25:54 - [TEST_STEP][PASSED] - Thread.sleep(2000): null&#xD;
&#xD;
2019-09-04 23:25:56 - [TEST_STEP][PASSED] - id("email_login")).sendKeys("testworkilo@gmail.com"): null&#xD;
&#xD;
2019-09-04 23:25:56 - [TEST_STEP][PASSED] - id("password_login")).sendKeys("admin#123"): null&#xD;
&#xD;
2019-09-04 23:25:56 - [TEST_STEP][PASSED] - //*[@value='Log in']")).click(): null&#xD;
&#xD;
2019-09-04 23:25:56 - [TEST_STEP][PASSED] - Thread.sleep(3000): null&#xD;
&#xD;
2019-09-04 23:25:59 - [TEST_STEP][PASSED] - xpath("/html/body/header/div/span[3]")).click(): null&#xD;
&#xD;
2019-09-04 23:25:59 - [TEST_STEP][PASSED] - Thread.sleep(2000): null&#xD;
&#xD;
2019-09-04 23:26:01 - [TEST_STEP][PASSED] - linkText("Sign Out")).click(): null&#xD;
&#xD;
2019-09-04 23:26:06 - [TEST_STEP][PASSED] - Thread.sleep(2000): null&#xD;
&#xD;
2019-09-04 23:26:08 - [TEST_STEP][PASSED] - action = new org.openqa.selenium.interactions.Actions(driver): null&#xD;
&#xD;
2019-09-04 23:26:08 - [TEST_STEP][PASSED] - build().perform(): null&#xD;
&#xD;
2019-09-04 23:26:08 - [TEST_STEP][PASSED] - Thread.sleep(2000): null&#xD;
&#xD;
2019-09-04 23:26:10 - [TEST_STEP][PASSED] - driver.quit(): null</system-out>
            <system-err></system-err>
        </testcase>
        <system-out>2019-09-04 23:25:12 - [TEST_SUITE][INCOMPLETE] - ServiceProviderSign IN: null</system-out>
        <system-err>2019-09-04 23:25:12 - [TEST_SUITE][INCOMPLETE] - ServiceProviderSign IN: null</system-err>
    </testsuite>
</testsuites>
