<?xml version="1.0" encoding="UTF-8" standalone="yes"?>
<testsuites name="Homepage Verification" time="20" tests="1" failures="0" errors="0">
    <testsuite name="Homepage Verification" tests="1" failures="0" errors="0" time="20" timestamp="2019-08-20 15:07:47" hostname="DAPL-Asset-180 - DAPL-Asset-180" id="Test Suites/Homepage Verification">
        <properties>
            <property name="deviceName" value=""/>
            <property name="devicePlatform" value=""/>
            <property name="logFolder" value="C:\\Users\\DAPL-Asset-180\\Desktop\\project folder\\Workilo\\WorkiloAutomation(14.8.19)\\Reports\\Homepage Verification\\20190820_150743"/>
            <property name="logFiles" value="C:\\Users\\DAPL-Asset-180\\Desktop\\project folder\\Workilo\\WorkiloAutomation(14.8.19)\\Reports\\Homepage Verification\\20190820_150743\\execution0.log"/>
            <property name="attachments" value=""/>
            <property name="hostName" value="DAPL-Asset-180 - DAPL-Asset-180"/>
            <property name="hostAddress" value="192.168.1.188"/>
            <property name="os" value="Windows 8.1 64bit"/>
            <property name="katalonVersion" value="6.2.1.2"/>
        </properties>
        <testcase name="Test Cases/Workilo/HomePage/TitleVerification" classname="Test Cases/Workilo/HomePage/TitleVerification" status="PASSED">
            <system-out>2019-08-20 15:07:47 - [TEST_CASE][PASSED] - Test Cases/Workilo/HomePage/TitleVerification: Test Cases/Workilo/HomePage/TitleVerification&#xD;
&#xD;
2019-08-20 15:07:48 - [TEST_STEP][PASSED] - System.setProperty("webdriver.chrome.driver", chromePath): null&#xD;
&#xD;
2019-08-20 15:07:48 - [TEST_STEP][PASSED] - driver = new org.openqa.selenium.chrome.ChromeDriver(): null&#xD;
&#xD;
2019-08-20 15:07:52 - [TEST_STEP][PASSED] - window().maximize(): null&#xD;
&#xD;
2019-08-20 15:07:53 - [TEST_STEP][PASSED] - try: null&#xD;
&#xD;
2019-08-20 15:07:53 - [TEST_STEP][PASSED] - driver.get("http://workilo.com"): null&#xD;
&#xD;
2019-08-20 15:08:03 - [TEST_STEP][PASSED] - actualTitle = driver.getTitle(): null&#xD;
&#xD;
2019-08-20 15:08:03 - [TEST_STEP][PASSED] - expectedTitle = "Workilo :: Home Improvement And Renovation Services in Brooklyn by Workilo": null&#xD;
&#xD;
2019-08-20 15:08:03 - [TEST_STEP][PASSED] - Assert.assertEquals(actualTitle, expectedTitle, "Title didn't match."): null&#xD;
&#xD;
2019-08-20 15:08:03 - [TEST_STEP][PASSED] - Thread.sleep(3000): null&#xD;
&#xD;
2019-08-20 15:08:06 - [TEST_STEP][PASSED] - driver.quit(): null</system-out>
            <system-err></system-err>
        </testcase>
        <system-out>2019-08-20 15:07:47 - [TEST_SUITE][INCOMPLETE] - Homepage Verification: null</system-out>
        <system-err>2019-08-20 15:07:47 - [TEST_SUITE][INCOMPLETE] - Homepage Verification: null</system-err>
    </testsuite>
</testsuites>
