<?xml version="1.0" encoding="UTF-8" standalone="yes"?>
<testsuites name="ViewNewAcceptCancelAllBookingByServiceProviders" time="35" tests="1" failures="0" errors="0">
    <testsuite name="ViewNewAcceptCancelAllBookingByServiceProviders" tests="1" failures="0" errors="0" time="35" timestamp="2019-08-23 18:25:17" hostname="DAPL-Asset-180 - DAPL-Asset-180" id="Test Suites/ViewNewAcceptCancelAllBooking/ViewNewAcceptCancelAllBookingByServiceProviders">
        <properties>
            <property name="deviceName" value=""/>
            <property name="devicePlatform" value=""/>
            <property name="logFolder" value="C:\\Users\\DAPL-Asset-180\\Desktop\\project folder\\Workilo\\WorkiloAutomation(14.8.19)\\Reports\\ViewNewAcceptCancelAllBooking\\ViewNewAcceptCancelAllBookingByServiceProviders\\20190823_182514"/>
            <property name="logFiles" value="C:\\Users\\DAPL-Asset-180\\Desktop\\project folder\\Workilo\\WorkiloAutomation(14.8.19)\\Reports\\ViewNewAcceptCancelAllBooking\\ViewNewAcceptCancelAllBookingByServiceProviders\\20190823_182514\\execution0.log"/>
            <property name="attachments" value=""/>
            <property name="hostName" value="DAPL-Asset-180 - DAPL-Asset-180"/>
            <property name="hostAddress" value="192.168.1.188"/>
            <property name="os" value="Windows 8.1 64bit"/>
            <property name="katalonVersion" value="6.2.1.2"/>
        </properties>
        <testcase name="Test Cases/Workilo/Bookings/ServiceProvider/AcceptedOrder(All)" classname="Test Cases/Workilo/Bookings/ServiceProvider/AcceptedOrder(All)" status="PASSED">
            <system-out>2019-08-23 18:25:18 - [TEST_CASE][PASSED] - Test Cases/Workilo/Bookings/ServiceProvider/AcceptedOrder(All): Test Cases/Workilo/Bookings/ServiceProvider/AcceptedOrder(All)&#xD;
&#xD;
2019-08-23 18:25:19 - [TEST_STEP][PASSED] - System.setProperty("webdriver.chrome.driver", chromePath): null&#xD;
&#xD;
2019-08-23 18:25:19 - [TEST_STEP][PASSED] - driver = new org.openqa.selenium.chrome.ChromeDriver(): null&#xD;
&#xD;
2019-08-23 18:25:23 - [TEST_STEP][PASSED] - window().maximize(): null&#xD;
&#xD;
2019-08-23 18:25:24 - [TEST_STEP][PASSED] - try: null&#xD;
&#xD;
2019-08-23 18:25:24 - [TEST_STEP][PASSED] - driver.get("http://workilo.com"): null&#xD;
&#xD;
2019-08-23 18:25:32 - [TEST_STEP][PASSED] - timeouts().implicitlyWait(30, SECONDS): null&#xD;
&#xD;
2019-08-23 18:25:32 - [TEST_STEP][PASSED] - linkText("Log In")).click(): null&#xD;
&#xD;
2019-08-23 18:25:33 - [TEST_STEP][PASSED] - Thread.sleep(2000): null&#xD;
&#xD;
2019-08-23 18:25:35 - [TEST_STEP][PASSED] - id("email_login")).sendKeys("testworkilo@gmail.com"): null&#xD;
&#xD;
2019-08-23 18:25:35 - [TEST_STEP][PASSED] - id("password_login")).sendKeys("admin#123"): null&#xD;
&#xD;
2019-08-23 18:25:35 - [TEST_STEP][PASSED] - //*[@value='Log in']")).click(): null&#xD;
&#xD;
2019-08-23 18:25:35 - [TEST_STEP][PASSED] - Thread.sleep(3000): null&#xD;
&#xD;
2019-08-23 18:25:38 - [TEST_STEP][PASSED] - xpath("/html/body/header/div/span[3]")).click(): null&#xD;
&#xD;
2019-08-23 18:25:38 - [TEST_STEP][PASSED] - Thread.sleep(1000): null&#xD;
&#xD;
2019-08-23 18:25:39 - [TEST_STEP][PASSED] - xpath("/html/body/div[4]/div/div[1]/ul/li[2]/a")).click(): null&#xD;
&#xD;
2019-08-23 18:25:41 - [TEST_STEP][PASSED] - Thread.sleep(1000): null&#xD;
&#xD;
2019-08-23 18:25:42 - [TEST_STEP][PASSED] - xpath("/html/body/div[6]/div/div[1]/div[1]/div/div/ul/li[2]/a")).click(): null&#xD;
&#xD;
2019-08-23 18:25:42 - [TEST_STEP][PASSED] - message = xpath("/html/body/div[6]/div/div[1]/div[1]/div/div/ul/li[2]/a")).getText(): null&#xD;
&#xD;
2019-08-23 18:25:42 - [TEST_STEP][PASSED] - if (message.contains("(0)")): null&#xD;
&#xD;
2019-08-23 18:25:42 - [TEST_STEP][PASSED] - xpath("/html/body/header/div/span[3]")).click(): null&#xD;
&#xD;
2019-08-23 18:25:42 - [TEST_STEP][PASSED] - Thread.sleep(2000): null&#xD;
&#xD;
2019-08-23 18:25:44 - [TEST_STEP][PASSED] - linkText("Sign Out")).click(): null&#xD;
&#xD;
2019-08-23 18:25:49 - [TEST_STEP][PASSED] - Thread.sleep(1000): null&#xD;
&#xD;
2019-08-23 18:25:50 - [TEST_STEP][PASSED] - action = new org.openqa.selenium.interactions.Actions(driver): null&#xD;
&#xD;
2019-08-23 18:25:50 - [TEST_STEP][PASSED] - build().perform(): null&#xD;
&#xD;
2019-08-23 18:25:50 - [TEST_STEP][PASSED] - Thread.sleep(2000): null&#xD;
&#xD;
2019-08-23 18:25:52 - [TEST_STEP][PASSED] - driver.quit(): null</system-out>
            <system-err></system-err>
        </testcase>
        <system-out>2019-08-23 18:25:17 - [TEST_SUITE][INCOMPLETE] - ViewNewAcceptCancelAllBookingByServiceProviders: null</system-out>
        <system-err>2019-08-23 18:25:17 - [TEST_SUITE][INCOMPLETE] - ViewNewAcceptCancelAllBookingByServiceProviders: null</system-err>
    </testsuite>
</testsuites>
