<?xml version="1.0" encoding="UTF-8" standalone="yes"?>
<testsuites name="Bookings" time="564" tests="10" failures="0" errors="1">
    <testsuite name="Bookings" tests="10" failures="0" errors="1" time="564" timestamp="2019-08-19 20:16:54" hostname="DAPL-Asset-180 - DAPL-Asset-180" id="Test Suites/Bookings">
        <properties>
            <property name="deviceName" value=""/>
            <property name="devicePlatform" value=""/>
            <property name="logFolder" value="C:\\Users\\DAPL-Asset-180\\Desktop\\project folder\\Workilo\\WorkiloAutomation(14.8.19)\\Reports\\Bookings\\20190819_201650"/>
            <property name="logFiles" value="C:\\Users\\DAPL-Asset-180\\Desktop\\project folder\\Workilo\\WorkiloAutomation(14.8.19)\\Reports\\Bookings\\20190819_201650\\execution0.log"/>
            <property name="attachments" value=""/>
            <property name="hostName" value="DAPL-Asset-180 - DAPL-Asset-180"/>
            <property name="hostAddress" value="192.168.1.188"/>
            <property name="os" value="Windows 8.1 64bit"/>
            <property name="katalonVersion" value="6.2.1.2"/>
        </properties>
        <testcase name="Test Cases/Workilo/Bookings/Customer/PlaceOrderBySearchTestMode" classname="Test Cases/Workilo/Bookings/Customer/PlaceOrderBySearchTestMode" status="PASSED">
            <system-out>2019-08-19 20:16:54 - [TEST_CASE][PASSED] - Test Cases/Workilo/Bookings/Customer/PlaceOrderBySearchTestMode: Test Cases/Workilo/Bookings/Customer/PlaceOrderBySearchTestMode&#xD;
&#xD;
2019-08-19 20:16:55 - [TEST_STEP][PASSED] - System.setProperty("webdriver.chrome.driver", chromePath): null&#xD;
&#xD;
2019-08-19 20:16:55 - [TEST_STEP][PASSED] - driver = new org.openqa.selenium.chrome.ChromeDriver(): null&#xD;
&#xD;
2019-08-19 20:16:59 - [TEST_STEP][PASSED] - window().maximize(): null&#xD;
&#xD;
2019-08-19 20:17:00 - [TEST_STEP][PASSED] - driver.get("http://workilo.com"): null&#xD;
&#xD;
2019-08-19 20:17:10 - [TEST_STEP][PASSED] - timeouts().implicitlyWait(30, SECONDS): null&#xD;
&#xD;
2019-08-19 20:17:10 - [TEST_STEP][PASSED] - try: null&#xD;
&#xD;
2019-08-19 20:17:10 - [TEST_STEP][PASSED] - linkText("Log In")).click(): null&#xD;
&#xD;
2019-08-19 20:17:16 - [TEST_STEP][PASSED] - Thread.sleep(2000): null&#xD;
&#xD;
2019-08-19 20:17:18 - [TEST_STEP][PASSED] - id("email_login")).sendKeys("nabin@digitalaptech.com"): null&#xD;
&#xD;
2019-08-19 20:17:18 - [TEST_STEP][PASSED] - id("password_login")).sendKeys("admin#123"): null&#xD;
&#xD;
2019-08-19 20:17:18 - [TEST_STEP][PASSED] - //*[@value='Log in']")).click(): null&#xD;
&#xD;
2019-08-19 20:17:23 - [TEST_STEP][PASSED] - Thread.sleep(3000): null&#xD;
&#xD;
2019-08-19 20:17:26 - [TEST_STEP][PASSED] - js = driver: null&#xD;
&#xD;
2019-08-19 20:17:26 - [TEST_STEP][PASSED] - id("search-input-desk")).sendKeys("Home Appliances"): null&#xD;
&#xD;
2019-08-19 20:17:32 - [TEST_STEP][PASSED] - xpath("//*[@id='select_list']/button")).click(): null&#xD;
&#xD;
2019-08-19 20:17:42 - [TEST_STEP][PASSED] - js.executeScript("window.scrollBy(0,500)"): null&#xD;
&#xD;
2019-08-19 20:17:42 - [TEST_STEP][PASSED] - Thread.sleep(2000): null&#xD;
&#xD;
2019-08-19 20:17:44 - [TEST_STEP][PASSED] - xpath("//*[@id='demo']/div/div/div[1]")).click(): null&#xD;
&#xD;
2019-08-19 20:17:57 - [TEST_STEP][PASSED] - element2 = driver.findElement(By.xpath(".//*[text()='book now']")): null&#xD;
&#xD;
2019-08-19 20:17:57 - [TEST_STEP][PASSED] - js.executeScript("window.scrollBy(0,500)"): null&#xD;
&#xD;
2019-08-19 20:17:57 - [TEST_STEP][PASSED] - Thread.sleep(2000): null&#xD;
&#xD;
2019-08-19 20:17:59 - [TEST_STEP][PASSED] - element2.click(): null&#xD;
&#xD;
2019-08-19 20:18:04 - [TEST_STEP][PASSED] - Thread.sleep(3000): null&#xD;
&#xD;
2019-08-19 20:18:07 - [TEST_STEP][PASSED] - id("step1")).click(): null&#xD;
&#xD;
2019-08-19 20:18:12 - [TEST_STEP][PASSED] - Thread.sleep(3000): null&#xD;
&#xD;
2019-08-19 20:18:15 - [TEST_STEP][PASSED] - id("billing_address1")).sendKeys("446 Plymouth St. Brooklyn"): null&#xD;
&#xD;
2019-08-19 20:18:15 - [TEST_STEP][PASSED] - id("billing_city")).click(): null&#xD;
&#xD;
2019-08-19 20:18:20 - [TEST_STEP][PASSED] - Thread.sleep(2000): null&#xD;
&#xD;
2019-08-19 20:18:22 - [TEST_STEP][PASSED] - element3 = driver.findElement(By.xpath("//*[@id='tab-2']/div[2]/a[1]")): null&#xD;
&#xD;
2019-08-19 20:18:23 - [TEST_STEP][PASSED] - js.executeScript("arguments[0].scrollIntoView();", element3): null&#xD;
&#xD;
2019-08-19 20:18:23 - [TEST_STEP][PASSED] - element3.click(): null&#xD;
&#xD;
2019-08-19 20:18:28 - [TEST_STEP][PASSED] - Thread.sleep(2000): null&#xD;
&#xD;
2019-08-19 20:18:30 - [TEST_STEP][PASSED] - xpath("//*[@id='tab-3']/div[2]/a[1]")).click(): null&#xD;
&#xD;
2019-08-19 20:18:35 - [TEST_STEP][PASSED] - Thread.sleep(2000): null&#xD;
&#xD;
2019-08-19 20:18:37 - [TEST_STEP][PASSED] - xpath("//*[@id='tab-4']/div[1]/div[1]/span")).click(): null&#xD;
&#xD;
2019-08-19 20:18:42 - [TEST_STEP][PASSED] - Thread.sleep(2000): null&#xD;
&#xD;
2019-08-19 20:18:44 - [TEST_STEP][PASSED] - name("send")).click(): null&#xD;
&#xD;
2019-08-19 20:18:50 - [TEST_STEP][PASSED] - Thread.sleep(3000): null&#xD;
&#xD;
2019-08-19 20:18:53 - [TEST_STEP][PASSED] - src = driver.getScreenshotAs(FILE): null&#xD;
&#xD;
2019-08-19 20:18:54 - [TEST_STEP][PASSED] - FileUtils.copyFile(src, new java.io.File(((screenshots + java.lang.System.currentTimeMillis()) + .png))): null&#xD;
&#xD;
2019-08-19 20:18:54 - [TEST_STEP][PASSED] - Thread.sleep(2000): null&#xD;
&#xD;
2019-08-19 20:18:56 - [TEST_STEP][PASSED] - xpath("//*[@id='messageModal']/div/div/i")).click(): null&#xD;
&#xD;
2019-08-19 20:18:56 - [TEST_STEP][PASSED] - Thread.sleep(2000): null&#xD;
&#xD;
2019-08-19 20:18:58 - [TEST_STEP][PASSED] - js.executeScript("window.scrollBy(0,-1000)"): null&#xD;
&#xD;
2019-08-19 20:18:58 - [TEST_STEP][PASSED] - Thread.sleep(1000): null&#xD;
&#xD;
2019-08-19 20:18:59 - [TEST_STEP][PASSED] - xpath("/html/body/header/div/span[3]")).click(): null&#xD;
&#xD;
2019-08-19 20:18:59 - [TEST_STEP][PASSED] - Thread.sleep(2000): null&#xD;
&#xD;
2019-08-19 20:19:01 - [TEST_STEP][PASSED] - linkText("Sign Out")).click(): null&#xD;
&#xD;
2019-08-19 20:19:09 - [TEST_STEP][PASSED] - Thread.sleep(1000): null&#xD;
&#xD;
2019-08-19 20:19:10 - [TEST_STEP][PASSED] - action = new org.openqa.selenium.interactions.Actions(driver): null&#xD;
&#xD;
2019-08-19 20:19:10 - [TEST_STEP][PASSED] - build().perform(): null&#xD;
&#xD;
2019-08-19 20:19:10 - [TEST_STEP][PASSED] - Thread.sleep(2000): null</system-out>
            <system-err></system-err>
        </testcase>
        <testcase name="Test Cases/Workilo/Bookings/ServiceProvider/New Booking Order" classname="Test Cases/Workilo/Bookings/ServiceProvider/New Booking Order" status="PASSED">
            <system-out>2019-08-19 20:19:12 - [TEST_CASE][PASSED] - Test Cases/Workilo/Bookings/ServiceProvider/New Booking Order: Test Cases/Workilo/Bookings/ServiceProvider/New Booking Order&#xD;
&#xD;
2019-08-19 20:19:13 - [TEST_STEP][PASSED] - System.setProperty("webdriver.chrome.driver", chromePath): null&#xD;
&#xD;
2019-08-19 20:19:13 - [TEST_STEP][PASSED] - driver = new org.openqa.selenium.chrome.ChromeDriver(): null&#xD;
&#xD;
2019-08-19 20:19:16 - [TEST_STEP][PASSED] - window().maximize(): null&#xD;
&#xD;
2019-08-19 20:19:17 - [TEST_STEP][PASSED] - driver.get("http://workilo.com"): null&#xD;
&#xD;
2019-08-19 20:19:29 - [TEST_STEP][PASSED] - timeouts().implicitlyWait(30, SECONDS): null&#xD;
&#xD;
2019-08-19 20:19:29 - [TEST_STEP][PASSED] - try: null&#xD;
&#xD;
2019-08-19 20:19:29 - [TEST_STEP][PASSED] - linkText("Log In")).click(): null&#xD;
&#xD;
2019-08-19 20:19:29 - [TEST_STEP][PASSED] - Thread.sleep(2000): null&#xD;
&#xD;
2019-08-19 20:19:31 - [TEST_STEP][PASSED] - id("email_login")).sendKeys("testworkilo@gmail.com"): null&#xD;
&#xD;
2019-08-19 20:19:31 - [TEST_STEP][PASSED] - id("password_login")).sendKeys("admin#123"): null&#xD;
&#xD;
2019-08-19 20:19:32 - [TEST_STEP][PASSED] - //*[@value='Log in']")).click(): null&#xD;
&#xD;
2019-08-19 20:19:32 - [TEST_STEP][PASSED] - Thread.sleep(3000): null&#xD;
&#xD;
2019-08-19 20:19:35 - [TEST_STEP][PASSED] - xpath("/html/body/header/div/span[3]")).click(): null&#xD;
&#xD;
2019-08-19 20:19:38 - [TEST_STEP][PASSED] - Thread.sleep(1000): null&#xD;
&#xD;
2019-08-19 20:19:39 - [TEST_STEP][PASSED] - xpath("/html/body/div[4]/div/div[1]/ul/li[2]/a")).click(): null&#xD;
&#xD;
2019-08-19 20:19:45 - [TEST_STEP][PASSED] - Thread.sleep(1000): null&#xD;
&#xD;
2019-08-19 20:19:46 - [TEST_STEP][PASSED] - message = xpath("/html/body/div[6]/div/div[1]/div[1]/div/div/ul/li[1]/a")).getText(): null&#xD;
&#xD;
2019-08-19 20:19:47 - [TEST_STEP][PASSED] - if (message.contains("(0)")): null&#xD;
&#xD;
2019-08-19 20:19:47 - [TEST_STEP][PASSED] - else: null&#xD;
&#xD;
2019-08-19 20:19:47 - [TEST_STEP][PASSED] - js = driver: null&#xD;
&#xD;
2019-08-19 20:19:47 - [TEST_STEP][PASSED] - itemList = driver.findElements(By.xpath("//*[@id='tab-1']/table/tbody/tr")): null&#xD;
&#xD;
2019-08-19 20:19:47 - [TEST_STEP][PASSED] - out.println("ItemList == " + itemList.size()): null&#xD;
&#xD;
2019-08-19 20:19:47 - [TEST_STEP][PASSED] - for ([i = 0, i &lt; 1, (i++)]): null&#xD;
&#xD;
2019-08-19 20:19:47 - [TEST_STEP][PASSED] - js.executeScript("arguments[0].style.border='3px solid red'", driver.findElement(By.xpath("//*[@id='tab-1']/table/tbody/tr[" + i + 1 + "]/td[1]"))): null&#xD;
&#xD;
2019-08-19 20:19:47 - [TEST_STEP][PASSED] - orderValue = driver.findElement(By.xpath("//*[@id='tab-1']/table/tbody/tr[" + i + 1 + "]/td[1]")): null&#xD;
&#xD;
2019-08-19 20:19:47 - [TEST_STEP][PASSED] - js.executeScript("arguments[0].style.border='3px solid red'", driver.findElement(By.xpath("//*[@id='tab-1']/table/tbody/tr[" + i + 1 + "]/td[2]"))): null&#xD;
&#xD;
2019-08-19 20:19:47 - [TEST_STEP][PASSED] - addressValue = driver.findElement(By.xpath("//*[@id='tab-1']/table/tbody/tr[" + i + 1 + "]/td[2]")): null&#xD;
&#xD;
2019-08-19 20:19:47 - [TEST_STEP][PASSED] - js.executeScript("arguments[0].style.border='3px solid red'", driver.findElement(By.xpath("//*[@id='tab-1']/table/tbody/tr[" + i + 1 + "]/td[3]"))): null&#xD;
&#xD;
2019-08-19 20:19:47 - [TEST_STEP][PASSED] - listingValue = driver.findElement(By.xpath("//*[@id='tab-1']/table/tbody/tr[" + i + 1 + "]/td[3]")): null&#xD;
&#xD;
2019-08-19 20:19:47 - [TEST_STEP][PASSED] - js.executeScript("arguments[0].style.border='3px solid red'", driver.findElement(By.xpath("//*[@id='tab-1']/table/tbody/tr[" + i + 1 + "]/td[4]"))): null&#xD;
&#xD;
2019-08-19 20:19:47 - [TEST_STEP][PASSED] - bookingDate = driver.findElement(By.xpath("//*[@id='tab-1']/table/tbody/tr[" + i + 1 + "]/td[4]")): null&#xD;
&#xD;
2019-08-19 20:19:47 - [TEST_STEP][PASSED] - js.executeScript("arguments[0].style.border='3px solid red'", driver.findElement(By.xpath("//*[@id='tab-1']/table/tbody/tr[" + i + 1 + "]/td[5]"))): null&#xD;
&#xD;
2019-08-19 20:19:47 - [TEST_STEP][PASSED] - statusValue = driver.findElement(By.xpath("//*[@id='tab-1']/table/tbody/tr[" + i + 1 + "]/td[5]")): null&#xD;
&#xD;
2019-08-19 20:19:47 - [TEST_STEP][PASSED] - js.executeScript("arguments[0].style.border='3px solid red'", driver.findElement(By.xpath("//*[@id='tab-1']/table/tbody/tr[" + i + 1 + "]/td[6]"))): null&#xD;
&#xD;
2019-08-19 20:19:47 - [TEST_STEP][PASSED] - paymentStatus = driver.findElement(By.xpath("//*[@id='tab-1']/table/tbody/tr[" + i + 1 + "]/td[6]")): null&#xD;
&#xD;
2019-08-19 20:19:47 - [TEST_STEP][PASSED] - js.executeScript("arguments[0].style.border='3px solid red'", driver.findElement(By.xpath("//*[@id='tab-1']/table/tbody/tr[" + i + 1 + "]/td[7]"))): null&#xD;
&#xD;
2019-08-19 20:19:47 - [TEST_STEP][PASSED] - Assert.assertNotEquals(orderValue, null, "Order number is null"): null&#xD;
&#xD;
2019-08-19 20:19:47 - [TEST_STEP][PASSED] - Assert.assertNotEquals(addressValue, null, "Address is null"): null&#xD;
&#xD;
2019-08-19 20:19:47 - [TEST_STEP][PASSED] - Assert.assertNotEquals(listingValue, null, "Listing is null"): null&#xD;
&#xD;
2019-08-19 20:19:47 - [TEST_STEP][PASSED] - Assert.assertNotEquals(bookingDate, null, "Booking date is null"): null&#xD;
&#xD;
2019-08-19 20:19:47 - [TEST_STEP][PASSED] - Assert.assertNotEquals(statusValue, null, "Status is null"): null&#xD;
&#xD;
2019-08-19 20:19:47 - [TEST_STEP][PASSED] - Assert.assertNotEquals(paymentStatus, null, "Payment status is null"): null&#xD;
&#xD;
2019-08-19 20:19:47 - [TEST_STEP][PASSED] - xpath("/html/body/header/div/span[3]")).click(): null&#xD;
&#xD;
2019-08-19 20:19:48 - [TEST_STEP][PASSED] - Thread.sleep(2000): null&#xD;
&#xD;
2019-08-19 20:19:50 - [TEST_STEP][PASSED] - linkText("Sign Out")).click(): null&#xD;
&#xD;
2019-08-19 20:19:59 - [TEST_STEP][PASSED] - Thread.sleep(1000): null&#xD;
&#xD;
2019-08-19 20:20:00 - [TEST_STEP][PASSED] - action = new org.openqa.selenium.interactions.Actions(driver): null&#xD;
&#xD;
2019-08-19 20:20:00 - [TEST_STEP][PASSED] - build().perform(): null&#xD;
&#xD;
2019-08-19 20:20:00 - [TEST_STEP][PASSED] - Thread.sleep(2000): null&#xD;
&#xD;
2019-08-19 20:20:02 - [TEST_STEP][PASSED] - driver.quit(): null</system-out>
            <system-err></system-err>
        </testcase>
        <testcase name="Test Cases/Workilo/Bookings/ServiceProvider/InboxAcceptOrder" classname="Test Cases/Workilo/Bookings/ServiceProvider/InboxAcceptOrder" status="PASSED">
            <system-out>2019-08-19 20:20:03 - [TEST_CASE][PASSED] - Test Cases/Workilo/Bookings/ServiceProvider/InboxAcceptOrder: Test Cases/Workilo/Bookings/ServiceProvider/InboxAcceptOrder&#xD;
&#xD;
2019-08-19 20:20:03 - [TEST_STEP][PASSED] - System.setProperty("webdriver.chrome.driver", chromePath): null&#xD;
&#xD;
2019-08-19 20:20:03 - [TEST_STEP][PASSED] - driver = new org.openqa.selenium.chrome.ChromeDriver(): null&#xD;
&#xD;
2019-08-19 20:20:05 - [TEST_STEP][PASSED] - window().maximize(): null&#xD;
&#xD;
2019-08-19 20:20:06 - [TEST_STEP][PASSED] - try: null&#xD;
&#xD;
2019-08-19 20:20:06 - [TEST_STEP][PASSED] - driver.get("http://workilo.com"): null&#xD;
&#xD;
2019-08-19 20:20:16 - [TEST_STEP][PASSED] - timeouts().implicitlyWait(30, SECONDS): null&#xD;
&#xD;
2019-08-19 20:20:16 - [TEST_STEP][PASSED] - linkText("Log In")).click(): null&#xD;
&#xD;
2019-08-19 20:20:16 - [TEST_STEP][PASSED] - Thread.sleep(2000): null&#xD;
&#xD;
2019-08-19 20:20:18 - [TEST_STEP][PASSED] - id("email_login")).sendKeys("testworkilo@gmail.com"): null&#xD;
&#xD;
2019-08-19 20:20:18 - [TEST_STEP][PASSED] - id("password_login")).sendKeys("admin#123"): null&#xD;
&#xD;
2019-08-19 20:20:18 - [TEST_STEP][PASSED] - //*[@value='Log in']")).click(): null&#xD;
&#xD;
2019-08-19 20:20:18 - [TEST_STEP][PASSED] - Thread.sleep(3000): null&#xD;
&#xD;
2019-08-19 20:20:21 - [TEST_STEP][PASSED] - xpath("/html/body/header/div/span[3]")).click(): null&#xD;
&#xD;
2019-08-19 20:20:22 - [TEST_STEP][PASSED] - Thread.sleep(1000): null&#xD;
&#xD;
2019-08-19 20:20:23 - [TEST_STEP][PASSED] - xpath("/html/body/div[4]/div/div[1]/ul/li[1]/a")).click(): null&#xD;
&#xD;
2019-08-19 20:20:25 - [TEST_STEP][PASSED] - Thread.sleep(1000): null&#xD;
&#xD;
2019-08-19 20:20:26 - [TEST_STEP][PASSED] - xpath("/html[1]/body[1]/div[6]/div[1]/div[1]/div[2]/div[1]/div[1]/table[1]/tbody[1]/tr[1]/td[4]")).click(): null&#xD;
&#xD;
2019-08-19 20:20:27 - [TEST_STEP][PASSED] - Thread.sleep(2000): null&#xD;
&#xD;
2019-08-19 20:20:29 - [TEST_STEP][PASSED] - element = driver.findElements(By.xpath("/html[1]/body[1]/div[6]/div[1]/div[1]/form[1]/div[1]/div[1]/a[2]")): null&#xD;
&#xD;
2019-08-19 20:20:29 - [TEST_STEP][PASSED] - if (element.size() == 0): null&#xD;
&#xD;
2019-08-19 20:20:29 - [TEST_STEP][PASSED] - else: null&#xD;
&#xD;
2019-08-19 20:20:29 - [TEST_STEP][PASSED] - //*[text()='Accept']")).click(): null&#xD;
&#xD;
2019-08-19 20:20:29 - [TEST_STEP][PASSED] - Thread.sleep(2000): null&#xD;
&#xD;
2019-08-19 20:20:31 - [TEST_STEP][PASSED] - xpath("/html/body/div[17]/button[2]")).click(): null&#xD;
&#xD;
2019-08-19 20:20:31 - [TEST_STEP][PASSED] - Thread.sleep(10000): null&#xD;
&#xD;
2019-08-19 20:20:41 - [TEST_STEP][PASSED] - action = new org.openqa.selenium.interactions.Actions(driver): null&#xD;
&#xD;
2019-08-19 20:20:41 - [TEST_STEP][PASSED] - build().perform(): null&#xD;
&#xD;
2019-08-19 20:20:41 - [TEST_STEP][PASSED] - xpath("/html/body/header/div/span[3]")).click(): null&#xD;
&#xD;
2019-08-19 20:20:41 - [TEST_STEP][PASSED] - Thread.sleep(2000): null&#xD;
&#xD;
2019-08-19 20:20:43 - [TEST_STEP][PASSED] - linkText("Sign Out")).click(): null&#xD;
&#xD;
2019-08-19 20:20:48 - [TEST_STEP][PASSED] - Thread.sleep(1000): null&#xD;
&#xD;
2019-08-19 20:20:49 - [TEST_STEP][PASSED] - build().perform(): null&#xD;
&#xD;
2019-08-19 20:20:49 - [TEST_STEP][PASSED] - Thread.sleep(2000): null&#xD;
&#xD;
2019-08-19 20:20:51 - [TEST_STEP][PASSED] - driver.quit(): null</system-out>
            <system-err></system-err>
        </testcase>
        <testcase name="Test Cases/Workilo/Bookings/ServiceProvider/InboxVerifyMessageDetail" classname="Test Cases/Workilo/Bookings/ServiceProvider/InboxVerifyMessageDetail" status="PASSED">
            <system-out>2019-08-19 20:20:52 - [TEST_CASE][PASSED] - Test Cases/Workilo/Bookings/ServiceProvider/InboxVerifyMessageDetail: Test Cases/Workilo/Bookings/ServiceProvider/InboxVerifyMessageDetail&#xD;
&#xD;
2019-08-19 20:20:52 - [TEST_STEP][PASSED] - System.setProperty("webdriver.chrome.driver", chromePath): null&#xD;
&#xD;
2019-08-19 20:20:52 - [TEST_STEP][PASSED] - driver = new org.openqa.selenium.chrome.ChromeDriver(): null&#xD;
&#xD;
2019-08-19 20:20:55 - [TEST_STEP][PASSED] - window().maximize(): null&#xD;
&#xD;
2019-08-19 20:20:56 - [TEST_STEP][PASSED] - try: null&#xD;
&#xD;
2019-08-19 20:20:56 - [TEST_STEP][PASSED] - driver.get("http://workilo.com"): null&#xD;
&#xD;
2019-08-19 20:21:08 - [TEST_STEP][PASSED] - timeouts().implicitlyWait(30, SECONDS): null&#xD;
&#xD;
2019-08-19 20:21:08 - [TEST_STEP][PASSED] - linkText("Log In")).click(): null&#xD;
&#xD;
2019-08-19 20:21:08 - [TEST_STEP][PASSED] - Thread.sleep(2000): null&#xD;
&#xD;
2019-08-19 20:21:10 - [TEST_STEP][PASSED] - id("email_login")).sendKeys("testworkilo@gmail.com"): null&#xD;
&#xD;
2019-08-19 20:21:10 - [TEST_STEP][PASSED] - id("password_login")).sendKeys("admin#123"): null&#xD;
&#xD;
2019-08-19 20:21:10 - [TEST_STEP][PASSED] - //*[@value='Log in']")).click(): null&#xD;
&#xD;
2019-08-19 20:21:10 - [TEST_STEP][PASSED] - Thread.sleep(3000): null&#xD;
&#xD;
2019-08-19 20:21:13 - [TEST_STEP][PASSED] - xpath("/html/body/header/div/span[3]")).click(): null&#xD;
&#xD;
2019-08-19 20:21:16 - [TEST_STEP][PASSED] - Thread.sleep(1000): null&#xD;
&#xD;
2019-08-19 20:21:17 - [TEST_STEP][PASSED] - xpath("/html/body/div[4]/div/div[1]/ul/li[1]/a")).click(): null&#xD;
&#xD;
2019-08-19 20:21:22 - [TEST_STEP][PASSED] - Thread.sleep(1000): null&#xD;
&#xD;
2019-08-19 20:21:23 - [TEST_STEP][PASSED] - xpath("/html[1]/body[1]/div[6]/div[1]/div[1]/div[2]/div[1]/div[1]/table[1]/tbody[1]/tr[1]/td[4]")).click(): null&#xD;
&#xD;
2019-08-19 20:21:27 - [TEST_STEP][PASSED] - Thread.sleep(2000): null&#xD;
&#xD;
2019-08-19 20:21:29 - [TEST_STEP][PASSED] - js = driver: null&#xD;
&#xD;
2019-08-19 20:21:29 - [TEST_STEP][PASSED] - js.executeScript("window.scrollBy(0,230)"): null&#xD;
&#xD;
2019-08-19 20:21:29 - [TEST_STEP][PASSED] - Thread.sleep(1000): null&#xD;
&#xD;
2019-08-19 20:21:30 - [TEST_STEP][PASSED] - message = driver.findElement(By.xpath("/html/body/div[6]/div/div/div[1]/div[2]/div[2]/div/div[2]/p")): null&#xD;
&#xD;
2019-08-19 20:21:30 - [TEST_STEP][PASSED] - js.executeScript("arguments[0].style.border='3px solid red'", message): null&#xD;
&#xD;
2019-08-19 20:21:30 - [TEST_STEP][PASSED] - element = driver.findElements(By.xpath("//*[@id="order-status-form"]/div/div[2]/div/ul/li")): null&#xD;
&#xD;
2019-08-19 20:21:30 - [TEST_STEP][PASSED] - out.println("Total List == " + element.size()): null&#xD;
&#xD;
2019-08-19 20:21:30 - [TEST_STEP][PASSED] - for ([i = 0, i &lt; element.size() - 1, (i++)]): null&#xD;
&#xD;
2019-08-19 20:21:30 - [TEST_STEP][PASSED] - js.executeScript("arguments[0].style.border='3px solid red'", driver.findElement(By.xpath("//*[@id="order-status-form"]/div/div[2]/div/ul/li[" + i + 1 + "]"))): null&#xD;
&#xD;
2019-08-19 20:21:30 - [TEST_STEP][PASSED] - js.executeScript("arguments[0].style.border='3px solid red'", driver.findElement(By.xpath("//*[@id="order-status-form"]/div/div[2]/div/ul/li[" + i + 1 + "]"))): null&#xD;
&#xD;
2019-08-19 20:21:30 - [TEST_STEP][PASSED] - js.executeScript("arguments[0].style.border='3px solid red'", driver.findElement(By.xpath("//*[@id="order-status-form"]/div/div[2]/div/ul/li[" + i + 1 + "]"))): null&#xD;
&#xD;
2019-08-19 20:21:30 - [TEST_STEP][PASSED] - js.executeScript("arguments[0].style.border='3px solid red'", driver.findElement(By.xpath("//*[@id="order-status-form"]/div/div[2]/div/ul/li[" + i + 1 + "]"))): null&#xD;
&#xD;
2019-08-19 20:21:30 - [TEST_STEP][PASSED] - js.executeScript("window.scrollBy(0,430)"): null&#xD;
&#xD;
2019-08-19 20:21:30 - [TEST_STEP][PASSED] - paymentList = driver.findElements(By.xpath("//*[@id="order-status-form"]/div/div[3]/div/ul/li")): null&#xD;
&#xD;
2019-08-19 20:21:30 - [TEST_STEP][PASSED] - out.println("Payment List == " + paymentList.size()): null&#xD;
&#xD;
2019-08-19 20:21:30 - [TEST_STEP][PASSED] - Thread.sleep(2000): null&#xD;
&#xD;
2019-08-19 20:21:32 - [TEST_STEP][PASSED] - for ([i = 0, i &lt; paymentList.size(), (i++)]): null&#xD;
&#xD;
2019-08-19 20:21:32 - [TEST_STEP][PASSED] - js.executeScript("arguments[0].style.border='3px solid red'", driver.findElement(By.xpath("//*[@id="order-status-form"]/div/div[3]/div/ul/li[" + i + 1 + "]"))): null&#xD;
&#xD;
2019-08-19 20:21:32 - [TEST_STEP][PASSED] - js.executeScript("arguments[0].style.border='3px solid red'", driver.findElement(By.xpath("//*[@id="order-status-form"]/div/div[3]/div/ul/li[" + i + 1 + "]"))): null&#xD;
&#xD;
2019-08-19 20:21:32 - [TEST_STEP][PASSED] - js.executeScript("arguments[0].style.border='3px solid red'", driver.findElement(By.xpath("//*[@id="order-status-form"]/div/div[3]/div/ul/li[" + i + 1 + "]"))): null&#xD;
&#xD;
2019-08-19 20:21:32 - [TEST_STEP][PASSED] - js.executeScript("arguments[0].style.border='3px solid red'", driver.findElement(By.xpath("//*[@id="order-status-form"]/div/div[3]/div/ul/li[" + i + 1 + "]"))): null&#xD;
&#xD;
2019-08-19 20:21:32 - [TEST_STEP][PASSED] - js.executeScript("arguments[0].style.border='3px solid red'", driver.findElement(By.xpath("//*[@id="order-status-form"]/div/div[3]/div/ul/li[" + i + 1 + "]"))): null&#xD;
&#xD;
2019-08-19 20:21:32 - [TEST_STEP][PASSED] - js.executeScript("arguments[0].style.border='3px solid red'", driver.findElement(By.xpath("//*[@id="order-status-form"]/div/div[3]/div/ul/li[" + i + 1 + "]"))): null&#xD;
&#xD;
2019-08-19 20:21:32 - [TEST_STEP][PASSED] - js.executeScript("arguments[0].style.border='3px solid red'", driver.findElement(By.xpath("//*[@id="order-status-form"]/div/div[3]/div/ul/li[" + i + 1 + "]"))): null&#xD;
&#xD;
2019-08-19 20:21:32 - [TEST_STEP][PASSED] - xpath("/html/body/header/div/span[3]")).click(): null&#xD;
&#xD;
2019-08-19 20:21:32 - [TEST_STEP][PASSED] - Thread.sleep(2000): null&#xD;
&#xD;
2019-08-19 20:21:34 - [TEST_STEP][PASSED] - linkText("Sign Out")).click(): null&#xD;
&#xD;
2019-08-19 20:21:41 - [TEST_STEP][PASSED] - Thread.sleep(1000): null&#xD;
&#xD;
2019-08-19 20:21:42 - [TEST_STEP][PASSED] - action = new org.openqa.selenium.interactions.Actions(driver): null&#xD;
&#xD;
2019-08-19 20:21:42 - [TEST_STEP][PASSED] - build().perform(): null&#xD;
&#xD;
2019-08-19 20:21:42 - [TEST_STEP][PASSED] - Thread.sleep(2000): null&#xD;
&#xD;
2019-08-19 20:21:44 - [TEST_STEP][PASSED] - driver.quit(): null</system-out>
            <system-err></system-err>
        </testcase>
        <testcase name="Test Cases/Workilo/Bookings/ServiceProvider/AcceptedOrder" classname="Test Cases/Workilo/Bookings/ServiceProvider/AcceptedOrder" status="ERROR">
            <error type="ERROR" message="Test Cases/Workilo/Bookings/ServiceProvider/AcceptedOrder FAILED.&#xA;Reason:&#xA;java.io.IOException: Destination 'C:\Users\DAPL-Asset-271\Desktop\WorkiloautomationScreenshot' directory cannot be created&#xD;&#xA;&#x9;at org.apache.commons.io.FileUtils.copyFile(FileUtils.java:1085)&#xD;&#xA;&#x9;at org.apache.commons.io.FileUtils.copyFile(FileUtils.java:1038)&#xD;&#xA;&#x9;at org.apache.commons.io.FileUtils$copyFile.call(Unknown Source)&#xD;&#xA;&#x9;at AcceptedOrder.run(AcceptedOrder:178)&#xD;&#xA;&#x9;at com.kms.katalon.core.main.ScriptEngine.run(ScriptEngine.java:194)&#xD;&#xA;&#x9;at com.kms.katalon.core.main.ScriptEngine.runScriptAsRawText(ScriptEngine.java:119)&#xD;&#xA;&#x9;at com.kms.katalon.core.main.TestCaseExecutor.runScript(TestCaseExecutor.java:337)&#xD;&#xA;&#x9;at com.kms.katalon.core.main.TestCaseExecutor.doExecute(TestCaseExecutor.java:328)&#xD;&#xA;&#x9;at com.kms.katalon.core.main.TestCaseExecutor.processExecutionPhase(TestCaseExecutor.java:307)&#xD;&#xA;&#x9;at com.kms.katalon.core.main.TestCaseExecutor.accessMainPhase(TestCaseExecutor.java:299)&#xD;&#xA;&#x9;at com.kms.katalon.core.main.TestCaseExecutor.execute(TestCaseExecutor.java:233)&#xD;&#xA;&#x9;at com.kms.katalon.core.main.TestSuiteExecutor.accessTestCaseMainPhase(TestSuiteExecutor.java:133)&#xD;&#xA;&#x9;at com.kms.katalon.core.main.TestSuiteExecutor.accessTestSuiteMainPhase(TestSuiteExecutor.java:116)&#xD;&#xA;&#x9;at com.kms.katalon.core.main.TestSuiteExecutor.execute(TestSuiteExecutor.java:83)&#xD;&#xA;&#x9;at com.kms.katalon.core.main.TestCaseMain.startTestSuite(TestCaseMain.java:157)&#xD;&#xA;&#x9;at com.kms.katalon.core.main.TestCaseMain$startTestSuite$0.call(Unknown Source)&#xD;&#xA;&#x9;at TempTestSuite1566226010642.run(TempTestSuite1566226010642.groovy:35)&#xD;&#xA;"/>
            <system-out>2019-08-19 20:21:45 - [TEST_CASE][ERROR] - Test Cases/Workilo/Bookings/ServiceProvider/AcceptedOrder: Test Cases/Workilo/Bookings/ServiceProvider/AcceptedOrder FAILED.
Reason:
java.io.IOException: Destination 'C:\Users\DAPL-Asset-271\Desktop\WorkiloautomationScreenshot' directory cannot be created&#xD;
	at org.apache.commons.io.FileUtils.copyFile(FileUtils.java:1085)&#xD;
	at org.apache.commons.io.FileUtils.copyFile(FileUtils.java:1038)&#xD;
	at org.apache.commons.io.FileUtils$copyFile.call(Unknown Source)&#xD;
	at AcceptedOrder.run(AcceptedOrder:178)&#xD;
	at com.kms.katalon.core.main.ScriptEngine.run(ScriptEngine.java:194)&#xD;
	at com.kms.katalon.core.main.ScriptEngine.runScriptAsRawText(ScriptEngine.java:119)&#xD;
	at com.kms.katalon.core.main.TestCaseExecutor.runScript(TestCaseExecutor.java:337)&#xD;
	at com.kms.katalon.core.main.TestCaseExecutor.doExecute(TestCaseExecutor.java:328)&#xD;
	at com.kms.katalon.core.main.TestCaseExecutor.processExecutionPhase(TestCaseExecutor.java:307)&#xD;
	at com.kms.katalon.core.main.TestCaseExecutor.accessMainPhase(TestCaseExecutor.java:299)&#xD;
	at com.kms.katalon.core.main.TestCaseExecutor.execute(TestCaseExecutor.java:233)&#xD;
	at com.kms.katalon.core.main.TestSuiteExecutor.accessTestCaseMainPhase(TestSuiteExecutor.java:133)&#xD;
	at com.kms.katalon.core.main.TestSuiteExecutor.accessTestSuiteMainPhase(TestSuiteExecutor.java:116)&#xD;
	at com.kms.katalon.core.main.TestSuiteExecutor.execute(TestSuiteExecutor.java:83)&#xD;
	at com.kms.katalon.core.main.TestCaseMain.startTestSuite(TestCaseMain.java:157)&#xD;
	at com.kms.katalon.core.main.TestCaseMain$startTestSuite$0.call(Unknown Source)&#xD;
	at TempTestSuite1566226010642.run(TempTestSuite1566226010642.groovy:35)&#xD;
&#xD;
&#xD;
2019-08-19 20:21:45 - [TEST_STEP][PASSED] - System.setProperty("webdriver.chrome.driver", chromePath): null&#xD;
&#xD;
2019-08-19 20:21:45 - [TEST_STEP][PASSED] - driver = new org.openqa.selenium.chrome.ChromeDriver(): null&#xD;
&#xD;
2019-08-19 20:21:47 - [TEST_STEP][PASSED] - window().maximize(): null&#xD;
&#xD;
2019-08-19 20:21:49 - [TEST_STEP][PASSED] - driver.get("http://workilo.com"): null&#xD;
&#xD;
2019-08-19 20:22:00 - [TEST_STEP][PASSED] - timeouts().implicitlyWait(30, SECONDS): null&#xD;
&#xD;
2019-08-19 20:22:00 - [TEST_STEP][PASSED] - try: null&#xD;
&#xD;
2019-08-19 20:22:00 - [TEST_STEP][PASSED] - linkText("Log In")).click(): null&#xD;
&#xD;
2019-08-19 20:22:00 - [TEST_STEP][PASSED] - Thread.sleep(2000): null&#xD;
&#xD;
2019-08-19 20:22:02 - [TEST_STEP][PASSED] - id("email_login")).sendkeys("testworkilo@gmail.com"): null&#xD;
&#xD;
2019-08-19 20:22:02 - [TEST_STEP][PASSED] - catch (Exception e): null&#xD;
&#xD;
2019-08-19 20:22:02 - [TEST_STEP][PASSED] - src = driver.getScreenshotAs(FILE): null&#xD;
&#xD;
2019-08-19 20:22:03 - [TEST_STEP][PASSED] - FileUtils.copyFile(src, new java.io.File(((C:\Users\DAPL-Asset-271\Desktop\WorkiloautomationScreenshot\servProvAcceptedOrder + java.lang.System.currentTimeMillis()) + .png))): null</system-out>
            <system-err>2019-08-19 20:21:45 - [TEST_CASE][ERROR] - Test Cases/Workilo/Bookings/ServiceProvider/AcceptedOrder: Test Cases/Workilo/Bookings/ServiceProvider/AcceptedOrder FAILED.
Reason:
java.io.IOException: Destination 'C:\Users\DAPL-Asset-271\Desktop\WorkiloautomationScreenshot' directory cannot be created&#xD;
	at org.apache.commons.io.FileUtils.copyFile(FileUtils.java:1085)&#xD;
	at org.apache.commons.io.FileUtils.copyFile(FileUtils.java:1038)&#xD;
	at org.apache.commons.io.FileUtils$copyFile.call(Unknown Source)&#xD;
	at AcceptedOrder.run(AcceptedOrder:178)&#xD;
	at com.kms.katalon.core.main.ScriptEngine.run(ScriptEngine.java:194)&#xD;
	at com.kms.katalon.core.main.ScriptEngine.runScriptAsRawText(ScriptEngine.java:119)&#xD;
	at com.kms.katalon.core.main.TestCaseExecutor.runScript(TestCaseExecutor.java:337)&#xD;
	at com.kms.katalon.core.main.TestCaseExecutor.doExecute(TestCaseExecutor.java:328)&#xD;
	at com.kms.katalon.core.main.TestCaseExecutor.processExecutionPhase(TestCaseExecutor.java:307)&#xD;
	at com.kms.katalon.core.main.TestCaseExecutor.accessMainPhase(TestCaseExecutor.java:299)&#xD;
	at com.kms.katalon.core.main.TestCaseExecutor.execute(TestCaseExecutor.java:233)&#xD;
	at com.kms.katalon.core.main.TestSuiteExecutor.accessTestCaseMainPhase(TestSuiteExecutor.java:133)&#xD;
	at com.kms.katalon.core.main.TestSuiteExecutor.accessTestSuiteMainPhase(TestSuiteExecutor.java:116)&#xD;
	at com.kms.katalon.core.main.TestSuiteExecutor.execute(TestSuiteExecutor.java:83)&#xD;
	at com.kms.katalon.core.main.TestCaseMain.startTestSuite(TestCaseMain.java:157)&#xD;
	at com.kms.katalon.core.main.TestCaseMain$startTestSuite$0.call(Unknown Source)&#xD;
	at TempTestSuite1566226010642.run(TempTestSuite1566226010642.groovy:35)</system-err>
        </testcase>
        <testcase name="Test Cases/Workilo/Bookings/Customer/CustomerAcceptedRequestedOrder" classname="Test Cases/Workilo/Bookings/Customer/CustomerAcceptedRequestedOrder" status="PASSED">
            <system-out>2019-08-19 20:22:03 - [TEST_CASE][PASSED] - Test Cases/Workilo/Bookings/Customer/CustomerAcceptedRequestedOrder: Test Cases/Workilo/Bookings/Customer/CustomerAcceptedRequestedOrder&#xD;
&#xD;
2019-08-19 20:22:03 - [TEST_STEP][PASSED] - System.setProperty("webdriver.chrome.driver", chromePath): null&#xD;
&#xD;
2019-08-19 20:22:03 - [TEST_STEP][PASSED] - driver = new org.openqa.selenium.chrome.ChromeDriver(): null&#xD;
&#xD;
2019-08-19 20:22:05 - [TEST_STEP][PASSED] - window().maximize(): null&#xD;
&#xD;
2019-08-19 20:22:06 - [TEST_STEP][PASSED] - driver.get("http://workilo.com"): null&#xD;
&#xD;
2019-08-19 20:22:17 - [TEST_STEP][PASSED] - timeouts().implicitlyWait(30, SECONDS): null&#xD;
&#xD;
2019-08-19 20:22:17 - [TEST_STEP][PASSED] - try: null&#xD;
&#xD;
2019-08-19 20:22:17 - [TEST_STEP][PASSED] - linkText("Log In")).click(): null&#xD;
&#xD;
2019-08-19 20:22:17 - [TEST_STEP][PASSED] - Thread.sleep(2000): null&#xD;
&#xD;
2019-08-19 20:22:19 - [TEST_STEP][PASSED] - id("email_login")).sendKeys("nabin@digitalaptech.com"): null&#xD;
&#xD;
2019-08-19 20:22:19 - [TEST_STEP][PASSED] - catch (Exception e): null&#xD;
&#xD;
2019-08-19 20:22:19 - [TEST_STEP][PASSED] - src = driver.getScreenshotAs(FILE): null&#xD;
&#xD;
2019-08-19 20:22:20 - [TEST_STEP][PASSED] - FileUtils.copyFile(src, new java.io.File(((screenshots + java.lang.System.currentTimeMillis()) + .png))): null&#xD;
&#xD;
2019-08-19 20:22:20 - [TEST_STEP][PASSED] - out.println(e.getMessage()): null&#xD;
&#xD;
2019-08-19 20:22:20 - [TEST_STEP][PASSED] - driver.quit(): null</system-out>
            <system-err></system-err>
        </testcase>
        <testcase name="Test Cases/Workilo/Bookings/Customer/CustomerInbox" classname="Test Cases/Workilo/Bookings/Customer/CustomerInbox" status="PASSED">
            <system-out>2019-08-19 20:22:20 - [TEST_CASE][PASSED] - Test Cases/Workilo/Bookings/Customer/CustomerInbox: Test Cases/Workilo/Bookings/Customer/CustomerInbox&#xD;
&#xD;
2019-08-19 20:22:21 - [TEST_STEP][PASSED] - System.setProperty("webdriver.chrome.driver", chromePath): null&#xD;
&#xD;
2019-08-19 20:22:21 - [TEST_STEP][PASSED] - driver = new org.openqa.selenium.chrome.ChromeDriver(): null&#xD;
&#xD;
2019-08-19 20:22:23 - [TEST_STEP][PASSED] - window().maximize(): null&#xD;
&#xD;
2019-08-19 20:22:24 - [TEST_STEP][PASSED] - try: null&#xD;
&#xD;
2019-08-19 20:22:24 - [TEST_STEP][PASSED] - driver.get("http://workilo.com"): null&#xD;
&#xD;
2019-08-19 20:22:36 - [TEST_STEP][PASSED] - timeouts().implicitlyWait(30, SECONDS): null&#xD;
&#xD;
2019-08-19 20:22:36 - [TEST_STEP][PASSED] - linkText("Log In")).click(): null&#xD;
&#xD;
2019-08-19 20:22:36 - [TEST_STEP][PASSED] - Thread.sleep(2000): null&#xD;
&#xD;
2019-08-19 20:22:38 - [TEST_STEP][PASSED] - id("email_login")).sendKeys("nabin@digitalaptech.com"): null&#xD;
&#xD;
2019-08-19 20:22:38 - [TEST_STEP][PASSED] - id("password_login")).sendKeys("admin#123"): null&#xD;
&#xD;
2019-08-19 20:22:38 - [TEST_STEP][PASSED] - //*[@value='Log in']")).click(): null&#xD;
&#xD;
2019-08-19 20:22:38 - [TEST_STEP][PASSED] - Thread.sleep(3000): null&#xD;
&#xD;
2019-08-19 20:22:41 - [TEST_STEP][PASSED] - xpath("/html/body/header/div/div[2]/ul/li[1]/a")).click(): null&#xD;
&#xD;
2019-08-19 20:22:46 - [TEST_STEP][PASSED] - Thread.sleep(1000): null&#xD;
&#xD;
2019-08-19 20:22:47 - [TEST_STEP][PASSED] - xpath("/html/body/div[4]/div/div[1]/ul/li[1]/a")).click(): null&#xD;
&#xD;
2019-08-19 20:22:55 - [TEST_STEP][PASSED] - Thread.sleep(1000): null&#xD;
&#xD;
2019-08-19 20:22:56 - [TEST_STEP][PASSED] - //*[text()='Booking Date']")).click(): null&#xD;
&#xD;
2019-08-19 20:22:56 - [TEST_STEP][PASSED] - //*[text()='Booking Date']")).click(): null&#xD;
&#xD;
2019-08-19 20:22:56 - [TEST_STEP][PASSED] - Thread.sleep(2000): null&#xD;
&#xD;
2019-08-19 20:22:58 - [TEST_STEP][PASSED] - xpath("//*[@id='example']/tbody/tr[1]/td[4]")).click(): null&#xD;
&#xD;
2019-08-19 20:23:02 - [TEST_STEP][PASSED] - Thread.sleep(2000): null&#xD;
&#xD;
2019-08-19 20:23:04 - [TEST_STEP][PASSED] - js = driver: null&#xD;
&#xD;
2019-08-19 20:23:04 - [TEST_STEP][PASSED] - js.executeScript("window.scrollBy(0,230)"): null&#xD;
&#xD;
2019-08-19 20:23:04 - [TEST_STEP][PASSED] - Thread.sleep(1000): null&#xD;
&#xD;
2019-08-19 20:23:05 - [TEST_STEP][PASSED] - element = driver.findElements(By.xpath("/html/body/div[6]/div/div/div[2]/div[2]/div/ul/li")): null&#xD;
&#xD;
2019-08-19 20:23:05 - [TEST_STEP][PASSED] - out.println("Total List == " + element.size()): null&#xD;
&#xD;
2019-08-19 20:23:05 - [TEST_STEP][PASSED] - for ([i = 0, i &lt; element.size() - 1, (i++)]): null&#xD;
&#xD;
2019-08-19 20:23:05 - [TEST_STEP][PASSED] - js.executeScript("arguments[0].style.border='3px solid red'", driver.findElement(By.xpath("/html/body/div[6]/div/div/div[2]/div[2]/div/ul/li[" + i + 1 + "]"))): null&#xD;
&#xD;
2019-08-19 20:23:05 - [TEST_STEP][PASSED] - js.executeScript("arguments[0].style.border='3px solid red'", driver.findElement(By.xpath("/html/body/div[6]/div/div/div[2]/div[2]/div/ul/li[" + i + 1 + "]"))): null&#xD;
&#xD;
2019-08-19 20:23:05 - [TEST_STEP][PASSED] - js.executeScript("arguments[0].style.border='3px solid red'", driver.findElement(By.xpath("/html/body/div[6]/div/div/div[2]/div[2]/div/ul/li[" + i + 1 + "]"))): null&#xD;
&#xD;
2019-08-19 20:23:05 - [TEST_STEP][PASSED] - js.executeScript("arguments[0].style.border='3px solid red'", driver.findElement(By.xpath("/html/body/div[6]/div/div/div[2]/div[2]/div/ul/li[" + i + 1 + "]"))): null&#xD;
&#xD;
2019-08-19 20:23:05 - [TEST_STEP][PASSED] - js.executeScript("arguments[0].style.border='3px solid red'", driver.findElement(By.xpath("/html/body/div[6]/div/div/div[2]/div[2]/div/ul/li[" + i + 1 + "]"))): null&#xD;
&#xD;
2019-08-19 20:23:05 - [TEST_STEP][PASSED] - js.executeScript("arguments[0].style.border='3px solid red'", driver.findElement(By.xpath("/html/body/div[6]/div/div/div[2]/div[2]/div/ul/li[" + i + 1 + "]"))): null&#xD;
&#xD;
2019-08-19 20:23:05 - [TEST_STEP][PASSED] - js.executeScript("arguments[0].style.border='3px solid red'", driver.findElement(By.xpath("/html/body/div[6]/div/div/div[2]/div[2]/div/ul/li[" + i + 1 + "]"))): null&#xD;
&#xD;
2019-08-19 20:23:05 - [TEST_STEP][PASSED] - js.executeScript("window.scrollTo(0, document.body.scrollHeight)"): null&#xD;
&#xD;
2019-08-19 20:23:05 - [TEST_STEP][PASSED] - paymentList = driver.findElements(By.xpath("/html/body/div[6]/div/div/div[2]/div[3]/div/ul/li")): null&#xD;
&#xD;
2019-08-19 20:23:05 - [TEST_STEP][PASSED] - out.println("Payment List == " + paymentList.size()): null&#xD;
&#xD;
2019-08-19 20:23:05 - [TEST_STEP][PASSED] - for ([i = 0, i &lt; paymentList.size(), (i++)]): null&#xD;
&#xD;
2019-08-19 20:23:05 - [TEST_STEP][PASSED] - js.executeScript("arguments[0].style.border='3px solid red'", driver.findElement(By.xpath("/html/body/div[6]/div/div/div[2]/div[3]/div/ul/li[" + i + 1 + "]"))): null&#xD;
&#xD;
2019-08-19 20:23:05 - [TEST_STEP][PASSED] - js.executeScript("arguments[0].style.border='3px solid red'", driver.findElement(By.xpath("/html/body/div[6]/div/div/div[2]/div[3]/div/ul/li[" + i + 1 + "]"))): null&#xD;
&#xD;
2019-08-19 20:23:05 - [TEST_STEP][PASSED] - js.executeScript("arguments[0].style.border='3px solid red'", driver.findElement(By.xpath("/html/body/div[6]/div/div/div[2]/div[3]/div/ul/li[" + i + 1 + "]"))): null&#xD;
&#xD;
2019-08-19 20:23:05 - [TEST_STEP][PASSED] - js.executeScript("arguments[0].style.border='3px solid red'", driver.findElement(By.xpath("/html/body/div[6]/div/div/div[2]/div[3]/div/ul/li[" + i + 1 + "]"))): null&#xD;
&#xD;
2019-08-19 20:23:05 - [TEST_STEP][PASSED] - js.executeScript("arguments[0].style.border='3px solid red'", driver.findElement(By.xpath("/html/body/div[6]/div/div/div[2]/div[3]/div/ul/li[" + i + 1 + "]"))): null&#xD;
&#xD;
2019-08-19 20:23:05 - [TEST_STEP][PASSED] - js.executeScript("arguments[0].style.border='3px solid red'", driver.findElement(By.xpath("/html/body/div[6]/div/div/div[2]/div[3]/div/ul/li[" + i + 1 + "]"))): null&#xD;
&#xD;
2019-08-19 20:23:05 - [TEST_STEP][PASSED] - Thread.sleep(2000): null&#xD;
&#xD;
2019-08-19 20:23:07 - [TEST_STEP][PASSED] - js.executeScript("window.scrollBy(0,-230)"): null&#xD;
&#xD;
2019-08-19 20:23:07 - [TEST_STEP][PASSED] - xpath("/html/body/header/div/span[3]")).click(): null&#xD;
&#xD;
2019-08-19 20:23:08 - [TEST_STEP][PASSED] - Thread.sleep(2000): null&#xD;
&#xD;
2019-08-19 20:23:10 - [TEST_STEP][PASSED] - linkText("Sign Out")).click(): null&#xD;
&#xD;
2019-08-19 20:23:16 - [TEST_STEP][PASSED] - Thread.sleep(1000): null&#xD;
&#xD;
2019-08-19 20:23:17 - [TEST_STEP][PASSED] - action = new org.openqa.selenium.interactions.Actions(driver): null&#xD;
&#xD;
2019-08-19 20:23:17 - [TEST_STEP][PASSED] - build().perform(): null&#xD;
&#xD;
2019-08-19 20:23:17 - [TEST_STEP][PASSED] - Thread.sleep(2000): null&#xD;
&#xD;
2019-08-19 20:23:19 - [TEST_STEP][PASSED] - driver.quit(): null</system-out>
            <system-err></system-err>
        </testcase>
        <testcase name="Test Cases/Workilo/Bookings/ServiceProvider/TaskCompleted(All)" classname="Test Cases/Workilo/Bookings/ServiceProvider/TaskCompleted(All)" status="PASSED">
            <system-out>2019-08-19 20:23:20 - [TEST_CASE][PASSED] - Test Cases/Workilo/Bookings/ServiceProvider/TaskCompleted(All): Test Cases/Workilo/Bookings/ServiceProvider/TaskCompleted(All)&#xD;
&#xD;
2019-08-19 20:23:20 - [TEST_STEP][PASSED] - System.setProperty("webdriver.chrome.driver", chromePath): null&#xD;
&#xD;
2019-08-19 20:23:20 - [TEST_STEP][PASSED] - driver = new org.openqa.selenium.chrome.ChromeDriver(): null&#xD;
&#xD;
2019-08-19 20:23:22 - [TEST_STEP][PASSED] - window().maximize(): null&#xD;
&#xD;
2019-08-19 20:23:23 - [TEST_STEP][PASSED] - try: null&#xD;
&#xD;
2019-08-19 20:23:23 - [TEST_STEP][PASSED] - driver.get("http://workilo.com"): null&#xD;
&#xD;
2019-08-19 20:23:35 - [TEST_STEP][PASSED] - timeouts().implicitlyWait(30, SECONDS): null&#xD;
&#xD;
2019-08-19 20:23:35 - [TEST_STEP][PASSED] - linkText("Log In")).click(): null&#xD;
&#xD;
2019-08-19 20:23:35 - [TEST_STEP][PASSED] - Thread.sleep(2000): null&#xD;
&#xD;
2019-08-19 20:23:37 - [TEST_STEP][PASSED] - id("email_login")).sendKeys("testworkilo@gmail.com"): null&#xD;
&#xD;
2019-08-19 20:23:37 - [TEST_STEP][PASSED] - id("password_login")).sendKeys("admin@123"): null&#xD;
&#xD;
2019-08-19 20:23:37 - [TEST_STEP][PASSED] - //*[@value='Log in']")).click(): null&#xD;
&#xD;
2019-08-19 20:23:37 - [TEST_STEP][PASSED] - Thread.sleep(3000): null&#xD;
&#xD;
2019-08-19 20:23:40 - [TEST_STEP][PASSED] - xpath("/html/body/header/div/span[3]")).click(): null&#xD;
&#xD;
2019-08-19 20:24:10 - [TEST_STEP][PASSED] - catch (Exception e): null&#xD;
&#xD;
2019-08-19 20:24:10 - [TEST_STEP][PASSED] - src = driver.getScreenshotAs(FILE): null&#xD;
&#xD;
2019-08-19 20:24:11 - [TEST_STEP][PASSED] - FileUtils.copyFile(src, new java.io.File(((screenshots + java.lang.System.currentTimeMillis()) + .png))): null&#xD;
&#xD;
2019-08-19 20:24:11 - [TEST_STEP][PASSED] - out.println(e.getMessage()): null&#xD;
&#xD;
2019-08-19 20:24:11 - [TEST_STEP][PASSED] - driver.quit(): null</system-out>
            <system-err></system-err>
        </testcase>
        <testcase name="Test Cases/Workilo/Bookings/ServiceProvider/Order Completed" classname="Test Cases/Workilo/Bookings/ServiceProvider/Order Completed" status="PASSED">
            <system-out>2019-08-19 20:24:12 - [TEST_CASE][PASSED] - Test Cases/Workilo/Bookings/ServiceProvider/Order Completed: Test Cases/Workilo/Bookings/ServiceProvider/Order Completed&#xD;
&#xD;
2019-08-19 20:24:12 - [TEST_STEP][PASSED] - System.setProperty("webdriver.chrome.driver", chromePath): null&#xD;
&#xD;
2019-08-19 20:24:12 - [TEST_STEP][PASSED] - driver = new org.openqa.selenium.chrome.ChromeDriver(): null&#xD;
&#xD;
2019-08-19 20:24:18 - [TEST_STEP][PASSED] - window().maximize(): null&#xD;
&#xD;
2019-08-19 20:24:19 - [TEST_STEP][PASSED] - driver.get("http://workilo.com"): null&#xD;
&#xD;
2019-08-19 20:24:31 - [TEST_STEP][PASSED] - timeouts().implicitlyWait(30, SECONDS): null&#xD;
&#xD;
2019-08-19 20:24:31 - [TEST_STEP][PASSED] - try: null&#xD;
&#xD;
2019-08-19 20:24:31 - [TEST_STEP][PASSED] - linkText("Log In")).click(): null&#xD;
&#xD;
2019-08-19 20:24:31 - [TEST_STEP][PASSED] - Thread.sleep(2000): null&#xD;
&#xD;
2019-08-19 20:24:33 - [TEST_STEP][PASSED] - id("email_login")).sendKeys("testworkilo@gmail.com"): null&#xD;
&#xD;
2019-08-19 20:24:33 - [TEST_STEP][PASSED] - id("password_login")).sendKeys("admin#123"): null&#xD;
&#xD;
2019-08-19 20:24:33 - [TEST_STEP][PASSED] - //*[@value='Log in']")).click(): null&#xD;
&#xD;
2019-08-19 20:24:33 - [TEST_STEP][PASSED] - Thread.sleep(3000): null&#xD;
&#xD;
2019-08-19 20:24:36 - [TEST_STEP][PASSED] - xpath("/html/body/header/div/span[1]")).click(): null&#xD;
&#xD;
2019-08-19 20:25:08 - [TEST_STEP][PASSED] - catch (Exception e): null&#xD;
&#xD;
2019-08-19 20:25:08 - [TEST_STEP][PASSED] - src = driver.getScreenshotAs(FILE): null&#xD;
&#xD;
2019-08-19 20:25:08 - [TEST_STEP][PASSED] - FileUtils.copyFile(src, new java.io.File(((screenshots + java.lang.System.currentTimeMillis()) + .png))): null&#xD;
&#xD;
2019-08-19 20:25:08 - [TEST_STEP][PASSED] - out.println(e.getMessage()): null&#xD;
&#xD;
2019-08-19 20:25:08 - [TEST_STEP][PASSED] - driver.quit(): null</system-out>
            <system-err></system-err>
        </testcase>
        <testcase name="Test Cases/Workilo/Bookings/Customer/CustomerOrderCompletedOrder" classname="Test Cases/Workilo/Bookings/Customer/CustomerOrderCompletedOrder" status="PASSED">
            <system-out>2019-08-19 20:25:09 - [TEST_CASE][PASSED] - Test Cases/Workilo/Bookings/Customer/CustomerOrderCompletedOrder: Test Cases/Workilo/Bookings/Customer/CustomerOrderCompletedOrder&#xD;
&#xD;
2019-08-19 20:25:09 - [TEST_STEP][PASSED] - System.setProperty("webdriver.chrome.driver", chromePath): null&#xD;
&#xD;
2019-08-19 20:25:10 - [TEST_STEP][PASSED] - driver = new org.openqa.selenium.chrome.ChromeDriver(): null&#xD;
&#xD;
2019-08-19 20:25:12 - [TEST_STEP][PASSED] - window().maximize(): null&#xD;
&#xD;
2019-08-19 20:25:13 - [TEST_STEP][PASSED] - driver.get("http://workilo.com"): null&#xD;
&#xD;
2019-08-19 20:25:21 - [TEST_STEP][PASSED] - timeouts().implicitlyWait(30, SECONDS): null&#xD;
&#xD;
2019-08-19 20:25:21 - [TEST_STEP][PASSED] - try: null&#xD;
&#xD;
2019-08-19 20:25:21 - [TEST_STEP][PASSED] - linkText("Log In")).click(): null&#xD;
&#xD;
2019-08-19 20:25:21 - [TEST_STEP][PASSED] - Thread.sleep(2000): null&#xD;
&#xD;
2019-08-19 20:25:23 - [TEST_STEP][PASSED] - id("email_login")).sendkeys("nabin@digitalaptech.com"): null&#xD;
&#xD;
2019-08-19 20:25:23 - [TEST_STEP][PASSED] - catch (Exception e): null&#xD;
&#xD;
2019-08-19 20:25:23 - [TEST_STEP][PASSED] - src = driver.getScreenshotAs(FILE): null&#xD;
&#xD;
2019-08-19 20:25:24 - [TEST_STEP][PASSED] - FileUtils.copyFile(src, new java.io.File(((screenshots + java.lang.System.currentTimeMillis()) + .png))): null&#xD;
&#xD;
2019-08-19 20:25:24 - [TEST_STEP][PASSED] - out.println(e.getMessage()): null&#xD;
&#xD;
2019-08-19 20:25:24 - [TEST_STEP][PASSED] - driver.quit(): null</system-out>
            <system-err></system-err>
        </testcase>
        <testcase name="Test Cases/Workilo/Bookings/Customer/TransactionHistory" classname="Test Cases/Workilo/Bookings/Customer/TransactionHistory" status="PASSED">
            <system-out>2019-08-19 20:25:25 - [TEST_CASE][PASSED] - Test Cases/Workilo/Bookings/Customer/TransactionHistory: Test Cases/Workilo/Bookings/Customer/TransactionHistory&#xD;
&#xD;
2019-08-19 20:25:25 - [TEST_STEP][PASSED] - System.setProperty("webdriver.chrome.driver", chromePath): null&#xD;
&#xD;
2019-08-19 20:25:25 - [TEST_STEP][PASSED] - driver = new org.openqa.selenium.chrome.ChromeDriver(): null&#xD;
&#xD;
2019-08-19 20:25:27 - [TEST_STEP][PASSED] - window().maximize(): null&#xD;
&#xD;
2019-08-19 20:25:29 - [TEST_STEP][PASSED] - driver.get("http://workilo.com"): null&#xD;
&#xD;
2019-08-19 20:25:39 - [TEST_STEP][PASSED] - timeouts().implicitlyWait(30, SECONDS): null&#xD;
&#xD;
2019-08-19 20:25:39 - [TEST_STEP][PASSED] - try: null&#xD;
&#xD;
2019-08-19 20:25:39 - [TEST_STEP][PASSED] - linkText("Log In")).click(): null&#xD;
&#xD;
2019-08-19 20:25:39 - [TEST_STEP][PASSED] - Thread.sleep(2000): null&#xD;
&#xD;
2019-08-19 20:25:41 - [TEST_STEP][PASSED] - id("email_login")).sendKeys("testworkilo@gmail.com"): null&#xD;
&#xD;
2019-08-19 20:25:41 - [TEST_STEP][PASSED] - id("password_login")).sendKeys("admin#123"): null&#xD;
&#xD;
2019-08-19 20:25:41 - [TEST_STEP][PASSED] - //*[@value='Log in']")).click(): null&#xD;
&#xD;
2019-08-19 20:25:42 - [TEST_STEP][PASSED] - Thread.sleep(3000): null&#xD;
&#xD;
2019-08-19 20:25:45 - [TEST_STEP][PASSED] - xpath("/html/body/header/div/span[3]")).click(): null&#xD;
&#xD;
2019-08-19 20:25:45 - [TEST_STEP][PASSED] - Thread.sleep(2000): null&#xD;
&#xD;
2019-08-19 20:25:47 - [TEST_STEP][PASSED] - xpath("/html/body/header/div/div[2]/ul/li[1]/a")).click(): null&#xD;
&#xD;
2019-08-19 20:26:17 - [TEST_STEP][PASSED] - catch (Exception e): null&#xD;
&#xD;
2019-08-19 20:26:17 - [TEST_STEP][PASSED] - src = driver.getScreenshotAs(FILE): null&#xD;
&#xD;
2019-08-19 20:26:17 - [TEST_STEP][PASSED] - FileUtils.copyFile(src, new java.io.File(((screenshots + java.lang.System.currentTimeMillis()) + .png))): null&#xD;
&#xD;
2019-08-19 20:26:17 - [TEST_STEP][PASSED] - out.println(e.getMessage()): null&#xD;
&#xD;
2019-08-19 20:26:17 - [TEST_STEP][PASSED] - driver.quit(): null</system-out>
            <system-err></system-err>
        </testcase>
        <system-out>2019-08-19 20:16:54 - [TEST_SUITE][INCOMPLETE] - Bookings: null</system-out>
        <system-err>2019-08-19 20:16:54 - [TEST_SUITE][INCOMPLETE] - Bookings: null</system-err>
    </testsuite>
</testsuites>
