<?xml version="1.0" encoding="UTF-8" standalone="yes"?>
<testsuites name="ServiceProivderSignUp" time="30" tests="1" failures="0" errors="0">
    <testsuite name="ServiceProivderSignUp" tests="1" failures="0" errors="0" time="30" timestamp="2019-08-21 12:47:01" hostname="DAPL-Asset-180 - DAPL-Asset-180" id="Test Suites/ServiceProivderSignUp">
        <properties>
            <property name="deviceName" value=""/>
            <property name="devicePlatform" value=""/>
            <property name="logFolder" value="C:\\Users\\DAPL-Asset-180\\Desktop\\project folder\\Workilo\\WorkiloAutomation(14.8.19)\\Reports\\ServiceProivderSignUp\\20190821_124656"/>
            <property name="logFiles" value="C:\\Users\\DAPL-Asset-180\\Desktop\\project folder\\Workilo\\WorkiloAutomation(14.8.19)\\Reports\\ServiceProivderSignUp\\20190821_124656\\execution0.log"/>
            <property name="attachments" value=""/>
            <property name="hostName" value="DAPL-Asset-180 - DAPL-Asset-180"/>
            <property name="hostAddress" value="192.168.1.188"/>
            <property name="os" value="Windows 8.1 64bit"/>
            <property name="katalonVersion" value="6.2.1.2"/>
        </properties>
        <testcase name="Test Cases/Workilo/Sign Up/ServProvSignUp" classname="Test Cases/Workilo/Sign Up/ServProvSignUp" status="PASSED">
            <system-out>2019-08-21 12:47:02 - [TEST_CASE][PASSED] - Test Cases/Workilo/Sign Up/ServProvSignUp: Test Cases/Workilo/Sign Up/ServProvSignUp&#xD;
&#xD;
2019-08-21 12:47:03 - [TEST_STEP][PASSED] - System.setProperty("webdriver.chrome.driver", chromePath): null&#xD;
&#xD;
2019-08-21 12:47:03 - [TEST_STEP][PASSED] - driver = new org.openqa.selenium.chrome.ChromeDriver(): null&#xD;
&#xD;
2019-08-21 12:47:07 - [TEST_STEP][PASSED] - window().maximize(): null&#xD;
&#xD;
2019-08-21 12:47:08 - [TEST_STEP][PASSED] - try: null&#xD;
&#xD;
2019-08-21 12:47:08 - [TEST_STEP][PASSED] - driver.get("http://workilo.com"): null&#xD;
&#xD;
2019-08-21 12:47:20 - [TEST_STEP][PASSED] - timeouts().implicitlyWait(30, SECONDS): null&#xD;
&#xD;
2019-08-21 12:47:21 - [TEST_STEP][PASSED] - linkText("Sign Up")).click(): null&#xD;
&#xD;
2019-08-21 12:47:21 - [TEST_STEP][PASSED] - Thread.sleep(2000): null&#xD;
&#xD;
2019-08-21 12:47:23 - [TEST_STEP][PASSED] - xpath("//a[@class='account_type_switch service_provider_tag active']")).click(): null&#xD;
&#xD;
2019-08-21 12:47:23 - [TEST_STEP][PASSED] - Thread.sleep(2000): null&#xD;
&#xD;
2019-08-21 12:47:25 - [TEST_STEP][PASSED] - id("email")).sendKeys("testworkilo@gmail.com"): null&#xD;
&#xD;
2019-08-21 12:47:25 - [TEST_STEP][PASSED] - id("firstName")).sendKeys("Workilo"): null&#xD;
&#xD;
2019-08-21 12:47:25 - [TEST_STEP][PASSED] - id("lastName")).sendKeys("Test"): null&#xD;
&#xD;
2019-08-21 12:47:25 - [TEST_STEP][PASSED] - id("password")).sendKeys("admin#123"): null&#xD;
&#xD;
2019-08-21 12:47:26 - [TEST_STEP][PASSED] - id("contact_number")).sendKeys("8521036974"): null&#xD;
&#xD;
2019-08-21 12:47:26 - [TEST_STEP][PASSED] - //*[@value='Join Workilo!']")).click(): null&#xD;
&#xD;
2019-08-21 12:47:26 - [TEST_STEP][PASSED] - Thread.sleep(5000): null&#xD;
&#xD;
2019-08-21 12:47:31 - [TEST_STEP][PASSED] - driver.quit(): null</system-out>
            <system-err></system-err>
        </testcase>
        <system-out>2019-08-21 12:47:01 - [TEST_SUITE][INCOMPLETE] - ServiceProivderSignUp: null</system-out>
        <system-err>2019-08-21 12:47:01 - [TEST_SUITE][INCOMPLETE] - ServiceProivderSignUp: null</system-err>
    </testsuite>
</testsuites>
