<?xml version="1.0" encoding="UTF-8" standalone="yes"?>
<testsuites name="WorkiloTestsuite" time="16" tests="1" failures="0" errors="0">
    <testsuite name="WorkiloTestsuite" tests="1" failures="0" errors="0" time="16" timestamp="2019-07-11 17:45:23" hostname="DAPL-Asset-70 - DAPL-Asset-70PC" id="Test Suites/WorkiloTestsuite">
        <properties>
            <property name="deviceName" value=""/>
            <property name="devicePlatform" value=""/>
            <property name="logFolder" value="C:\\Users\\DAPL-Asset-70\\Katalon Studio\\WorkiloAutomation\\Reports\\WorkiloTestsuite\\20190711_174519"/>
            <property name="logFiles" value="C:\\Users\\DAPL-Asset-70\\Katalon Studio\\WorkiloAutomation\\Reports\\WorkiloTestsuite\\20190711_174519\\execution0.log"/>
            <property name="attachments" value=""/>
            <property name="hostName" value="DAPL-Asset-70 - DAPL-Asset-70PC"/>
            <property name="hostAddress" value="192.168.1.185"/>
            <property name="os" value="Windows 7 64bit"/>
            <property name="katalonVersion" value="6.2.1.2"/>
        </properties>
        <testcase name="Test Cases/Workilo/WorkiloHomepageVerifyTitle" classname="Test Cases/Workilo/WorkiloHomepageVerifyTitle" status="PASSED">
            <system-out>2019-07-11 17:45:23 - [TEST_CASE][PASSED] - Test Cases/Workilo/WorkiloHomepageVerifyTitle: Test Cases/Workilo/WorkiloHomepageVerifyTitle&#xD;
&#xD;
2019-07-11 17:45:24 - [TEST_STEP][PASSED] - System.setProperty("webdriver.chrome.driver", "C:\Users\DAPL-Asset-70\Desktop\BrowserDriver\chromedriver.exe"): null&#xD;
&#xD;
2019-07-11 17:45:24 - [TEST_STEP][PASSED] - driver = new org.openqa.selenium.chrome.ChromeDriver(): null&#xD;
&#xD;
2019-07-11 17:45:28 - [TEST_STEP][PASSED] - window().maximize(): null&#xD;
&#xD;
2019-07-11 17:45:29 - [TEST_STEP][PASSED] - driver.get("http://workilo.com"): null&#xD;
&#xD;
2019-07-11 17:45:35 - [TEST_STEP][PASSED] - actualTitle = driver.getTitle(): null&#xD;
&#xD;
2019-07-11 17:45:35 - [TEST_STEP][PASSED] - expectedTitle = "Workilo :: Home Improvement And Renovation Services in Brooklyn by Workilo": null&#xD;
&#xD;
2019-07-11 17:45:35 - [TEST_STEP][PASSED] - Assert.assertEquals(actualTitle, expectedTitle, "Title didn't match."): null&#xD;
&#xD;
2019-07-11 17:45:35 - [TEST_STEP][PASSED] - Thread.sleep(3000): null&#xD;
&#xD;
2019-07-11 17:45:38 - [TEST_STEP][PASSED] - driver.quit(): null</system-out>
            <system-err></system-err>
        </testcase>
        <system-out>2019-07-11 17:45:23 - [TEST_SUITE][INCOMPLETE] - WorkiloTestsuite: null</system-out>
        <system-err>2019-07-11 17:45:23 - [TEST_SUITE][INCOMPLETE] - WorkiloTestsuite: null</system-err>
    </testsuite>
</testsuites>
