<?xml version="1.0" encoding="UTF-8" standalone="yes"?>
<testsuites name="Bookings" time="138" tests="2" failures="0" errors="0">
    <testsuite name="Bookings" tests="2" failures="0" errors="0" time="138" timestamp="2019-08-19 20:00:35" hostname="DAPL-Asset-180 - DAPL-Asset-180" id="Test Suites/Bookings">
        <properties>
            <property name="deviceName" value=""/>
            <property name="devicePlatform" value=""/>
            <property name="logFolder" value="C:\\Users\\DAPL-Asset-180\\Desktop\\project folder\\Workilo\\WorkiloAutomation(14.8.19)\\Reports\\Bookings\\20190819_200032"/>
            <property name="logFiles" value="C:\\Users\\DAPL-Asset-180\\Desktop\\project folder\\Workilo\\WorkiloAutomation(14.8.19)\\Reports\\Bookings\\20190819_200032\\execution0.log"/>
            <property name="attachments" value=""/>
            <property name="hostName" value="DAPL-Asset-180 - DAPL-Asset-180"/>
            <property name="hostAddress" value="192.168.1.188"/>
            <property name="os" value="Windows 8.1 64bit"/>
            <property name="katalonVersion" value="6.2.1.2"/>
        </properties>
        <testcase name="Test Cases/Workilo/Bookings/ServiceProvider/InboxAcceptOrder" classname="Test Cases/Workilo/Bookings/ServiceProvider/InboxAcceptOrder" status="PASSED">
            <system-out>2019-08-19 20:00:36 - [TEST_CASE][PASSED] - Test Cases/Workilo/Bookings/ServiceProvider/InboxAcceptOrder: Test Cases/Workilo/Bookings/ServiceProvider/InboxAcceptOrder&#xD;
&#xD;
2019-08-19 20:00:37 - [TEST_STEP][PASSED] - System.setProperty("webdriver.chrome.driver", chromePath): null&#xD;
&#xD;
2019-08-19 20:00:37 - [TEST_STEP][PASSED] - driver = new org.openqa.selenium.chrome.ChromeDriver(): null&#xD;
&#xD;
2019-08-19 20:00:40 - [TEST_STEP][PASSED] - window().maximize(): null&#xD;
&#xD;
2019-08-19 20:00:42 - [TEST_STEP][PASSED] - try: null&#xD;
&#xD;
2019-08-19 20:00:42 - [TEST_STEP][PASSED] - driver.get("http://workilo.com"): null&#xD;
&#xD;
2019-08-19 20:00:52 - [TEST_STEP][PASSED] - timeouts().implicitlyWait(30, SECONDS): null&#xD;
&#xD;
2019-08-19 20:00:52 - [TEST_STEP][PASSED] - linkText("Log In")).click(): null&#xD;
&#xD;
2019-08-19 20:00:52 - [TEST_STEP][PASSED] - Thread.sleep(2000): null&#xD;
&#xD;
2019-08-19 20:00:54 - [TEST_STEP][PASSED] - id("email_login")).sendKeys("testworkilo@gmail.com"): null&#xD;
&#xD;
2019-08-19 20:00:54 - [TEST_STEP][PASSED] - id("password_login")).sendKeys("admin#123"): null&#xD;
&#xD;
2019-08-19 20:00:54 - [TEST_STEP][PASSED] - //*[@value='Log in']")).click(): null&#xD;
&#xD;
2019-08-19 20:00:55 - [TEST_STEP][PASSED] - Thread.sleep(3000): null&#xD;
&#xD;
2019-08-19 20:00:58 - [TEST_STEP][PASSED] - xpath("/html/body/header/div/span[3]")).click(): null&#xD;
&#xD;
2019-08-19 20:01:01 - [TEST_STEP][PASSED] - Thread.sleep(1000): null&#xD;
&#xD;
2019-08-19 20:01:02 - [TEST_STEP][PASSED] - xpath("/html/body/div[4]/div/div[1]/ul/li[1]/a")).click(): null&#xD;
&#xD;
2019-08-19 20:01:05 - [TEST_STEP][PASSED] - Thread.sleep(1000): null&#xD;
&#xD;
2019-08-19 20:01:06 - [TEST_STEP][PASSED] - xpath("/html[1]/body[1]/div[6]/div[1]/div[1]/div[2]/div[1]/div[1]/table[1]/tbody[1]/tr[1]/td[4]")).click(): null&#xD;
&#xD;
2019-08-19 20:01:09 - [TEST_STEP][PASSED] - Thread.sleep(2000): null&#xD;
&#xD;
2019-08-19 20:01:11 - [TEST_STEP][PASSED] - element = driver.findElements(By.xpath("/html[1]/body[1]/div[6]/div[1]/div[1]/form[1]/div[1]/div[1]/a[2]")): null&#xD;
&#xD;
2019-08-19 20:01:41 - [TEST_STEP][PASSED] - if (element.size() == 0): null&#xD;
&#xD;
2019-08-19 20:01:41 - [TEST_STEP][PASSED] - xpath("/html/body/header/div/span[3]")).click(): null&#xD;
&#xD;
2019-08-19 20:01:42 - [TEST_STEP][PASSED] - Thread.sleep(2000): null&#xD;
&#xD;
2019-08-19 20:01:44 - [TEST_STEP][PASSED] - linkText("Sign Out")).click(): null&#xD;
&#xD;
2019-08-19 20:01:52 - [TEST_STEP][PASSED] - Thread.sleep(1000): null&#xD;
&#xD;
2019-08-19 20:01:53 - [TEST_STEP][PASSED] - action = new org.openqa.selenium.interactions.Actions(driver): null&#xD;
&#xD;
2019-08-19 20:01:53 - [TEST_STEP][PASSED] - build().perform(): null&#xD;
&#xD;
2019-08-19 20:01:53 - [TEST_STEP][PASSED] - Thread.sleep(2000): null&#xD;
&#xD;
2019-08-19 20:01:55 - [TEST_STEP][PASSED] - driver.quit(): null</system-out>
            <system-err></system-err>
        </testcase>
        <testcase name="Test Cases/Workilo/Bookings/ServiceProvider/InboxVerifyMessageDetail" classname="Test Cases/Workilo/Bookings/ServiceProvider/InboxVerifyMessageDetail" status="PASSED">
            <system-out>2019-08-19 20:01:56 - [TEST_CASE][PASSED] - Test Cases/Workilo/Bookings/ServiceProvider/InboxVerifyMessageDetail: Test Cases/Workilo/Bookings/ServiceProvider/InboxVerifyMessageDetail&#xD;
&#xD;
2019-08-19 20:01:57 - [TEST_STEP][PASSED] - System.setProperty("webdriver.chrome.driver", chromePath): null&#xD;
&#xD;
2019-08-19 20:01:57 - [TEST_STEP][PASSED] - driver = new org.openqa.selenium.chrome.ChromeDriver(): null&#xD;
&#xD;
2019-08-19 20:01:59 - [TEST_STEP][PASSED] - window().maximize(): null&#xD;
&#xD;
2019-08-19 20:02:00 - [TEST_STEP][PASSED] - try: null&#xD;
&#xD;
2019-08-19 20:02:00 - [TEST_STEP][PASSED] - driver.get("http://workilo.com"): null&#xD;
&#xD;
2019-08-19 20:02:16 - [TEST_STEP][PASSED] - timeouts().implicitlyWait(30, SECONDS): null&#xD;
&#xD;
2019-08-19 20:02:16 - [TEST_STEP][PASSED] - linkText("Log In")).click(): null&#xD;
&#xD;
2019-08-19 20:02:16 - [TEST_STEP][PASSED] - Thread.sleep(2000): null&#xD;
&#xD;
2019-08-19 20:02:18 - [TEST_STEP][PASSED] - id("email_login")).sendKeys("testworkilo@gmail.com"): null&#xD;
&#xD;
2019-08-19 20:02:19 - [TEST_STEP][PASSED] - id("password_login")).sendKeys("admin@123"): null&#xD;
&#xD;
2019-08-19 20:02:19 - [TEST_STEP][PASSED] - //*[@value='Log in']")).click(): null&#xD;
&#xD;
2019-08-19 20:02:19 - [TEST_STEP][PASSED] - Thread.sleep(3000): null&#xD;
&#xD;
2019-08-19 20:02:22 - [TEST_STEP][PASSED] - xpath("/html/body/header/div/span[1]")).click(): null&#xD;
&#xD;
2019-08-19 20:02:52 - [TEST_STEP][PASSED] - catch (Exception e): null&#xD;
&#xD;
2019-08-19 20:02:52 - [TEST_STEP][PASSED] - src = driver.getScreenshotAs(FILE): null&#xD;
&#xD;
2019-08-19 20:02:53 - [TEST_STEP][PASSED] - FileUtils.copyFile(src, new java.io.File(((screenshots + java.lang.System.currentTimeMillis()) + .png))): null&#xD;
&#xD;
2019-08-19 20:02:53 - [TEST_STEP][PASSED] - out.println(e.getMessage()): null&#xD;
&#xD;
2019-08-19 20:02:53 - [TEST_STEP][PASSED] - driver.quit(): null</system-out>
            <system-err></system-err>
        </testcase>
        <system-out>2019-08-19 20:00:35 - [TEST_SUITE][INCOMPLETE] - Bookings: null</system-out>
        <system-err>2019-08-19 20:00:35 - [TEST_SUITE][INCOMPLETE] - Bookings: null</system-err>
    </testsuite>
</testsuites>
