<?xml version="1.0" encoding="UTF-8" standalone="yes"?>
<testsuites name="Bookings" time="62" tests="1" failures="0" errors="0">
    <testsuite name="Bookings" tests="1" failures="0" errors="0" time="62" timestamp="2019-08-19 19:59:18" hostname="DAPL-Asset-180 - DAPL-Asset-180" id="Test Suites/Bookings">
        <properties>
            <property name="deviceName" value=""/>
            <property name="devicePlatform" value=""/>
            <property name="logFolder" value="C:\\Users\\DAPL-Asset-180\\Desktop\\project folder\\Workilo\\WorkiloAutomation(14.8.19)\\Reports\\Bookings\\20190819_195914"/>
            <property name="logFiles" value="C:\\Users\\DAPL-Asset-180\\Desktop\\project folder\\Workilo\\WorkiloAutomation(14.8.19)\\Reports\\Bookings\\20190819_195914\\execution0.log"/>
            <property name="attachments" value=""/>
            <property name="hostName" value="DAPL-Asset-180 - DAPL-Asset-180"/>
            <property name="hostAddress" value="192.168.1.188"/>
            <property name="os" value="Windows 8.1 64bit"/>
            <property name="katalonVersion" value="6.2.1.2"/>
        </properties>
        <testcase name="Test Cases/Workilo/Bookings/ServiceProvider/InboxAcceptOrder" classname="Test Cases/Workilo/Bookings/ServiceProvider/InboxAcceptOrder" status="PASSED">
            <system-out>2019-08-19 19:59:18 - [TEST_CASE][PASSED] - Test Cases/Workilo/Bookings/ServiceProvider/InboxAcceptOrder: Test Cases/Workilo/Bookings/ServiceProvider/InboxAcceptOrder&#xD;
&#xD;
2019-08-19 19:59:19 - [TEST_STEP][PASSED] - System.setProperty("webdriver.chrome.driver", chromePath): null&#xD;
&#xD;
2019-08-19 19:59:19 - [TEST_STEP][PASSED] - driver = new org.openqa.selenium.chrome.ChromeDriver(): null&#xD;
&#xD;
2019-08-19 19:59:23 - [TEST_STEP][PASSED] - window().maximize(): null&#xD;
&#xD;
2019-08-19 19:59:24 - [TEST_STEP][PASSED] - try: null&#xD;
&#xD;
2019-08-19 19:59:24 - [TEST_STEP][PASSED] - driver.get("http://workilo.com"): null&#xD;
&#xD;
2019-08-19 19:59:37 - [TEST_STEP][PASSED] - timeouts().implicitlyWait(30, SECONDS): null&#xD;
&#xD;
2019-08-19 19:59:37 - [TEST_STEP][PASSED] - linkText("Log In")).click(): null&#xD;
&#xD;
2019-08-19 19:59:37 - [TEST_STEP][PASSED] - Thread.sleep(2000): null&#xD;
&#xD;
2019-08-19 19:59:39 - [TEST_STEP][PASSED] - id("email_login")).sendKeys("testworkilo@gmail.com"): null&#xD;
&#xD;
2019-08-19 19:59:39 - [TEST_STEP][PASSED] - id("password_login")).sendKeys("admin#123"): null&#xD;
&#xD;
2019-08-19 19:59:39 - [TEST_STEP][PASSED] - //*[@value='Log in']")).click(): null&#xD;
&#xD;
2019-08-19 19:59:39 - [TEST_STEP][PASSED] - Thread.sleep(3000): null&#xD;
&#xD;
2019-08-19 19:59:42 - [TEST_STEP][PASSED] - xpath("/html/body/header/div/span[3]")).click(): null&#xD;
&#xD;
2019-08-19 19:59:45 - [TEST_STEP][PASSED] - Thread.sleep(1000): null&#xD;
&#xD;
2019-08-19 19:59:46 - [TEST_STEP][PASSED] - xpath("/html/body/div[4]/div/div[1]/ul/li[1]/a")).click(): null&#xD;
&#xD;
2019-08-19 19:59:52 - [TEST_STEP][PASSED] - Thread.sleep(1000): null&#xD;
&#xD;
2019-08-19 19:59:53 - [TEST_STEP][PASSED] - xpath("/html[1]/body[1]/div[6]/div[1]/div[1]/div[2]/div[1]/div[1]/table[1]/tbody[1]/tr[1]/td[4]")).click(): null&#xD;
&#xD;
2019-08-19 19:59:56 - [TEST_STEP][PASSED] - Thread.sleep(2000): null&#xD;
&#xD;
2019-08-19 19:59:58 - [TEST_STEP][PASSED] - element = driver.findElements(By.xpath("/html[1]/body[1]/div[6]/div[1]/div[1]/form[1]/div[1]/div[1]/a[2]")): null&#xD;
&#xD;
2019-08-19 19:59:59 - [TEST_STEP][PASSED] - if (element.size() == 0): null&#xD;
&#xD;
2019-08-19 19:59:59 - [TEST_STEP][PASSED] - else: null&#xD;
&#xD;
2019-08-19 19:59:59 - [TEST_STEP][PASSED] - //*[text()='Accept']")).click(): null&#xD;
&#xD;
2019-08-19 19:59:59 - [TEST_STEP][PASSED] - Thread.sleep(2000): null&#xD;
&#xD;
2019-08-19 20:00:01 - [TEST_STEP][PASSED] - xpath("/html/body/div[17]/button[2]")).click(): null&#xD;
&#xD;
2019-08-19 20:00:01 - [TEST_STEP][PASSED] - Thread.sleep(10000): null&#xD;
&#xD;
2019-08-19 20:00:11 - [TEST_STEP][PASSED] - action = new org.openqa.selenium.interactions.Actions(driver): null&#xD;
&#xD;
2019-08-19 20:00:11 - [TEST_STEP][PASSED] - build().perform(): null&#xD;
&#xD;
2019-08-19 20:00:11 - [TEST_STEP][PASSED] - xpath("/html/body/header/div/span[3]")).click(): null&#xD;
&#xD;
2019-08-19 20:00:11 - [TEST_STEP][PASSED] - Thread.sleep(2000): null&#xD;
&#xD;
2019-08-19 20:00:13 - [TEST_STEP][PASSED] - linkText("Sign Out")).click(): null&#xD;
&#xD;
2019-08-19 20:00:17 - [TEST_STEP][PASSED] - Thread.sleep(1000): null&#xD;
&#xD;
2019-08-19 20:00:18 - [TEST_STEP][PASSED] - build().perform(): null&#xD;
&#xD;
2019-08-19 20:00:18 - [TEST_STEP][PASSED] - Thread.sleep(2000): null&#xD;
&#xD;
2019-08-19 20:00:20 - [TEST_STEP][PASSED] - driver.quit(): null</system-out>
            <system-err></system-err>
        </testcase>
        <system-out>2019-08-19 19:59:18 - [TEST_SUITE][INCOMPLETE] - Bookings: null</system-out>
        <system-err>2019-08-19 19:59:18 - [TEST_SUITE][INCOMPLETE] - Bookings: null</system-err>
    </testsuite>
</testsuites>
