<?xml version="1.0" encoding="UTF-8" standalone="yes"?>
<testsuites name="Listing" time="40" tests="1" failures="0" errors="0">
    <testsuite name="Listing" tests="1" failures="0" errors="0" time="40" timestamp="2019-08-23 16:17:58" hostname="DAPL-Asset-180 - DAPL-Asset-180" id="Test Suites/Listing">
        <properties>
            <property name="deviceName" value=""/>
            <property name="devicePlatform" value=""/>
            <property name="logFolder" value="C:\\Users\\DAPL-Asset-180\\Desktop\\project folder\\Workilo\\WorkiloAutomation(14.8.19)\\Reports\\Listing\\20190823_161754"/>
            <property name="logFiles" value="C:\\Users\\DAPL-Asset-180\\Desktop\\project folder\\Workilo\\WorkiloAutomation(14.8.19)\\Reports\\Listing\\20190823_161754\\execution0.log"/>
            <property name="attachments" value=""/>
            <property name="hostName" value="DAPL-Asset-180 - DAPL-Asset-180"/>
            <property name="hostAddress" value="192.168.1.188"/>
            <property name="os" value="Windows 8.1 64bit"/>
            <property name="katalonVersion" value="6.2.1.2"/>
        </properties>
        <testcase name="Test Cases/Workilo/Listing/Edit Listing/EditListing" classname="Test Cases/Workilo/Listing/Edit Listing/EditListing" status="PASSED">
            <system-out>2019-08-23 16:17:58 - [TEST_CASE][PASSED] - Test Cases/Workilo/Listing/Edit Listing/EditListing: Test Cases/Workilo/Listing/Edit Listing/EditListing&#xD;
&#xD;
2019-08-23 16:18:00 - [TEST_STEP][PASSED] - System.setProperty("webdriver.chrome.driver", chromePath): null&#xD;
&#xD;
2019-08-23 16:18:00 - [TEST_STEP][PASSED] - driver = new org.openqa.selenium.chrome.ChromeDriver(): null&#xD;
&#xD;
2019-08-23 16:18:04 - [TEST_STEP][PASSED] - window().maximize(): null&#xD;
&#xD;
2019-08-23 16:18:05 - [TEST_STEP][PASSED] - driver.get("http://workilo.com"): null&#xD;
&#xD;
2019-08-23 16:18:13 - [TEST_STEP][PASSED] - timeouts().implicitlyWait(30, SECONDS): null&#xD;
&#xD;
2019-08-23 16:18:13 - [TEST_STEP][PASSED] - try: null&#xD;
&#xD;
2019-08-23 16:18:13 - [TEST_STEP][PASSED] - linkText("Log In")).click(): null&#xD;
&#xD;
2019-08-23 16:18:13 - [TEST_STEP][PASSED] - Thread.sleep(2000): null&#xD;
&#xD;
2019-08-23 16:18:15 - [TEST_STEP][PASSED] - id("email_login")).sendKeys("testworkilo@gmail.com"): null&#xD;
&#xD;
2019-08-23 16:18:16 - [TEST_STEP][PASSED] - id("password_login")).sendKeys("admin#123"): null&#xD;
&#xD;
2019-08-23 16:18:16 - [TEST_STEP][PASSED] - //*[@value='Log in']")).click(): null&#xD;
&#xD;
2019-08-23 16:18:16 - [TEST_STEP][PASSED] - Thread.sleep(3000): null&#xD;
&#xD;
2019-08-23 16:18:19 - [TEST_STEP][PASSED] - xpath("/html/body/header/div/span[3]")).click(): null&#xD;
&#xD;
2019-08-23 16:18:19 - [TEST_STEP][PASSED] - Thread.sleep(2000): null&#xD;
&#xD;
2019-08-23 16:18:21 - [TEST_STEP][PASSED] - xpath("/html/body/div[4]/div/div[3]/ul/li[1]/a")).click(): null&#xD;
&#xD;
2019-08-23 16:18:22 - [TEST_STEP][PASSED] - js = driver: null&#xD;
&#xD;
2019-08-23 16:18:22 - [TEST_STEP][PASSED] - js.executeScript("window.scrollBy(0,500)"): null&#xD;
&#xD;
2019-08-23 16:18:22 - [TEST_STEP][PASSED] - listItem = driver.findElements(By.xpath("/html/body/div[6]/div/div/div/div/div[2]/div")): null&#xD;
&#xD;
2019-08-23 16:18:22 - [TEST_STEP][PASSED] - out.println("Total Number of List Item == " + listItem.size()): null&#xD;
&#xD;
2019-08-23 16:18:22 - [TEST_STEP][PASSED] - if (listItem.size() == 0): null&#xD;
&#xD;
2019-08-23 16:18:22 - [TEST_STEP][PASSED] - for ([i = 0, i &lt; listItem.size(), (i++)]): null&#xD;
&#xD;
2019-08-23 16:18:22 - [TEST_STEP][PASSED] - if (i == 1): null&#xD;
&#xD;
2019-08-23 16:18:22 - [TEST_STEP][PASSED] - if (i == 1): null&#xD;
&#xD;
2019-08-23 16:18:22 - [TEST_STEP][PASSED] - xpath("/html/body/div[6]/div/div/div/div/div[2]/div[" + i + "]/div/div[3]/a[1]")).click(): null&#xD;
&#xD;
2019-08-23 16:18:23 - [TEST_STEP][PASSED] - js.executeScript("arguments[0].scrollIntoView();", driver.findElement(By.name("category"))): null&#xD;
&#xD;
2019-08-23 16:18:23 - [TEST_STEP][PASSED] - Thread.sleep(2000): null&#xD;
&#xD;
2019-08-23 16:18:25 - [TEST_STEP][PASSED] - id("total_price")).clear(): null&#xD;
&#xD;
2019-08-23 16:18:25 - [TEST_STEP][PASSED] - Thread.sleep(1000): null&#xD;
&#xD;
2019-08-23 16:18:26 - [TEST_STEP][PASSED] - id("total_price")).sendKeys("10"): null&#xD;
&#xD;
2019-08-23 16:18:27 - [TEST_STEP][PASSED] - js.executeScript("window.scrollTo(0, document.body.scrollHeight)"): null&#xD;
&#xD;
2019-08-23 16:18:27 - [TEST_STEP][PASSED] - xpath("//*[@id='editlising']/div[2]/input")).click(): null&#xD;
&#xD;
2019-08-23 16:18:28 - [TEST_STEP][PASSED] - js.executeScript("window.scrollBy(0,500)"): null&#xD;
&#xD;
2019-08-23 16:18:28 - [TEST_STEP][PASSED] - action = new org.openqa.selenium.interactions.Actions(driver): null&#xD;
&#xD;
2019-08-23 16:18:28 - [TEST_STEP][PASSED] - xpath("/html/body/header/div/span[3]")).click(): null&#xD;
&#xD;
2019-08-23 16:18:28 - [TEST_STEP][PASSED] - Thread.sleep(2000): null&#xD;
&#xD;
2019-08-23 16:18:30 - [TEST_STEP][PASSED] - linkText("Sign Out")).click(): null&#xD;
&#xD;
2019-08-23 16:18:34 - [TEST_STEP][PASSED] - Thread.sleep(2000): null&#xD;
&#xD;
2019-08-23 16:18:36 - [TEST_STEP][PASSED] - build().perform(): null&#xD;
&#xD;
2019-08-23 16:18:36 - [TEST_STEP][PASSED] - Thread.sleep(2000): null&#xD;
&#xD;
2019-08-23 16:18:38 - [TEST_STEP][PASSED] - driver.quit(): null</system-out>
            <system-err></system-err>
        </testcase>
        <system-out>2019-08-23 16:17:58 - [TEST_SUITE][INCOMPLETE] - Listing: null</system-out>
        <system-err>2019-08-23 16:17:58 - [TEST_SUITE][INCOMPLETE] - Listing: null</system-err>
    </testsuite>
</testsuites>
