<?xml version="1.0" encoding="UTF-8" standalone="yes"?>
<testsuites name="SignUp" time="31" tests="1" failures="0" errors="0">
    <testsuite name="SignUp" tests="1" failures="0" errors="0" time="31" timestamp="2019-08-17 20:23:48" hostname="DAPL-Asset-180 - DAPL-Asset-180" id="Test Suites/SignUp">
        <properties>
            <property name="deviceName" value=""/>
            <property name="devicePlatform" value=""/>
            <property name="logFolder" value="C:\\Users\\DAPL-Asset-180\\Desktop\\project folder\\Workilo\\WorkiloAutomation(14.8.19)\\Reports\\SignUp\\20190817_202345"/>
            <property name="logFiles" value="C:\\Users\\DAPL-Asset-180\\Desktop\\project folder\\Workilo\\WorkiloAutomation(14.8.19)\\Reports\\SignUp\\20190817_202345\\execution0.log"/>
            <property name="attachments" value=""/>
            <property name="hostName" value="DAPL-Asset-180 - DAPL-Asset-180"/>
            <property name="hostAddress" value="192.168.43.246"/>
            <property name="os" value="Windows 8.1 64bit"/>
            <property name="katalonVersion" value="6.2.1.2"/>
        </properties>
        <testcase name="Test Cases/Workilo/Sign Up/ServProvSignUp" classname="Test Cases/Workilo/Sign Up/ServProvSignUp" status="PASSED">
            <system-out>2019-08-17 20:23:49 - [TEST_CASE][PASSED] - Test Cases/Workilo/Sign Up/ServProvSignUp: Test Cases/Workilo/Sign Up/ServProvSignUp&#xD;
&#xD;
2019-08-17 20:23:49 - [TEST_STEP][PASSED] - System.setProperty("webdriver.chrome.driver", chromePath): null&#xD;
&#xD;
2019-08-17 20:23:49 - [TEST_STEP][PASSED] - driver = new org.openqa.selenium.chrome.ChromeDriver(): null&#xD;
&#xD;
2019-08-17 20:23:53 - [TEST_STEP][PASSED] - window().maximize(): null&#xD;
&#xD;
2019-08-17 20:23:54 - [TEST_STEP][PASSED] - driver.get("http://workilo.com"): null&#xD;
&#xD;
2019-08-17 20:24:08 - [TEST_STEP][PASSED] - timeouts().implicitlyWait(30, SECONDS): null&#xD;
&#xD;
2019-08-17 20:24:08 - [TEST_STEP][PASSED] - linkText("Sign Up")).click(): null&#xD;
&#xD;
2019-08-17 20:24:09 - [TEST_STEP][PASSED] - Thread.sleep(2000): null&#xD;
&#xD;
2019-08-17 20:24:11 - [TEST_STEP][PASSED] - xpath("//a[@class='account_type_switch service_provider_tag active']")).click(): null&#xD;
&#xD;
2019-08-17 20:24:11 - [TEST_STEP][PASSED] - Thread.sleep(2000): null&#xD;
&#xD;
2019-08-17 20:24:13 - [TEST_STEP][PASSED] - id("email")).sendKeys("test1@gmail.com"): null&#xD;
&#xD;
2019-08-17 20:24:13 - [TEST_STEP][PASSED] - id("firstName")).sendKeys("Workilo"): null&#xD;
&#xD;
2019-08-17 20:24:13 - [TEST_STEP][PASSED] - id("lastName")).sendKeys("Test"): null&#xD;
&#xD;
2019-08-17 20:24:13 - [TEST_STEP][PASSED] - id("password")).sendKeys("admin#123"): null&#xD;
&#xD;
2019-08-17 20:24:13 - [TEST_STEP][PASSED] - id("contact_number")).sendKeys("8521036974"): null&#xD;
&#xD;
2019-08-17 20:24:14 - [TEST_STEP][PASSED] - //*[@value='Join Workilo!']")).click(): null&#xD;
&#xD;
2019-08-17 20:24:14 - [TEST_STEP][PASSED] - Thread.sleep(5000): null&#xD;
&#xD;
2019-08-17 20:24:19 - [TEST_STEP][PASSED] - driver.quit(): null</system-out>
            <system-err></system-err>
        </testcase>
        <system-out>2019-08-17 20:23:48 - [TEST_SUITE][INCOMPLETE] - SignUp: null</system-out>
        <system-err>2019-08-17 20:23:48 - [TEST_SUITE][INCOMPLETE] - SignUp: null</system-err>
    </testsuite>
</testsuites>
