<?xml version="1.0" encoding="UTF-8" standalone="yes"?>
<testsuites name="WorkiloTestsuite" time="194" tests="7" failures="0" errors="0">
    <testsuite name="WorkiloTestsuite" tests="7" failures="0" errors="0" time="194" timestamp="2019-07-17 14:35:39" hostname="DAPL-Asset-70 - DAPL-Asset-70PC" id="Test Suites/WorkiloTestsuite">
        <properties>
            <property name="deviceName" value=""/>
            <property name="devicePlatform" value=""/>
            <property name="logFolder" value="C:\\Users\\DAPL-Asset-70\\Katalon Studio\\WorkiloAutomation\\Reports\\WorkiloTestsuite\\20190717_143535"/>
            <property name="logFiles" value="C:\\Users\\DAPL-Asset-70\\Katalon Studio\\WorkiloAutomation\\Reports\\WorkiloTestsuite\\20190717_143535\\execution0.log"/>
            <property name="attachments" value=""/>
            <property name="hostName" value="DAPL-Asset-70 - DAPL-Asset-70PC"/>
            <property name="hostAddress" value="192.168.1.185"/>
            <property name="os" value="Windows 7 64bit"/>
            <property name="katalonVersion" value="6.2.1.2"/>
        </properties>
        <testcase name="Test Cases/Workilo/WorkiloHomepageVerifyTitle" classname="Test Cases/Workilo/WorkiloHomepageVerifyTitle" status="PASSED">
            <system-out>2019-07-17 14:35:39 - [TEST_CASE][PASSED] - Test Cases/Workilo/WorkiloHomepageVerifyTitle: Test Cases/Workilo/WorkiloHomepageVerifyTitle&#xD;
&#xD;
2019-07-17 14:35:40 - [TEST_STEP][PASSED] - System.setProperty("webdriver.chrome.driver", "C:\Users\DAPL-Asset-70\Desktop\BrowserDriver\chromedriver.exe"): null&#xD;
&#xD;
2019-07-17 14:35:40 - [TEST_STEP][PASSED] - driver = new org.openqa.selenium.chrome.ChromeDriver(): null&#xD;
&#xD;
2019-07-17 14:35:43 - [TEST_STEP][PASSED] - window().maximize(): null&#xD;
&#xD;
2019-07-17 14:35:45 - [TEST_STEP][PASSED] - driver.get("http://workilo.com"): null&#xD;
&#xD;
2019-07-17 14:35:51 - [TEST_STEP][PASSED] - actualTitle = driver.getTitle(): null&#xD;
&#xD;
2019-07-17 14:35:51 - [TEST_STEP][PASSED] - expectedTitle = "Workilo :: Home Improvement And Renovation Services in Brooklyn by Workilo": null&#xD;
&#xD;
2019-07-17 14:35:51 - [TEST_STEP][PASSED] - Assert.assertEquals(actualTitle, expectedTitle, "Title didn't match."): null&#xD;
&#xD;
2019-07-17 14:35:51 - [TEST_STEP][PASSED] - Thread.sleep(3000): null&#xD;
&#xD;
2019-07-17 14:35:54 - [TEST_STEP][PASSED] - driver.quit(): null</system-out>
            <system-err></system-err>
        </testcase>
        <testcase name="Test Cases/Workilo/CustomerLoginLogout" classname="Test Cases/Workilo/CustomerLoginLogout" status="PASSED">
            <system-out>2019-07-17 14:35:55 - [TEST_CASE][PASSED] - Test Cases/Workilo/CustomerLoginLogout: Test Cases/Workilo/CustomerLoginLogout&#xD;
&#xD;
2019-07-17 14:35:56 - [TEST_STEP][PASSED] - System.setProperty("webdriver.chrome.driver", "C:\Users\DAPL-Asset-70\Desktop\BrowserDriver\chromedriver.exe"): null&#xD;
&#xD;
2019-07-17 14:35:56 - [TEST_STEP][PASSED] - driver = new org.openqa.selenium.chrome.ChromeDriver(): null&#xD;
&#xD;
2019-07-17 14:35:58 - [TEST_STEP][PASSED] - window().maximize(): null&#xD;
&#xD;
2019-07-17 14:35:59 - [TEST_STEP][PASSED] - driver.get("http://workilo.com"): null&#xD;
&#xD;
2019-07-17 14:36:05 - [TEST_STEP][PASSED] - timeouts().implicitlyWait(30, SECONDS): null&#xD;
&#xD;
2019-07-17 14:36:05 - [TEST_STEP][PASSED] - linkText("Log In")).click(): null&#xD;
&#xD;
2019-07-17 14:36:06 - [TEST_STEP][PASSED] - Thread.sleep(2000): null&#xD;
&#xD;
2019-07-17 14:36:08 - [TEST_STEP][PASSED] - id("email_login")).sendKeys("shahbaz.dapl@gmail.com"): null&#xD;
&#xD;
2019-07-17 14:36:08 - [TEST_STEP][PASSED] - id("password_login")).sendKeys("admin#123"): null&#xD;
&#xD;
2019-07-17 14:36:08 - [TEST_STEP][PASSED] - //*[@value='Log in']")).click(): null&#xD;
&#xD;
2019-07-17 14:36:08 - [TEST_STEP][PASSED] - Thread.sleep(3000): null&#xD;
&#xD;
2019-07-17 14:36:11 - [TEST_STEP][PASSED] - linkText("Log Out")).click(): null&#xD;
&#xD;
2019-07-17 14:36:13 - [TEST_STEP][PASSED] - Thread.sleep(2000): null&#xD;
&#xD;
2019-07-17 14:36:15 - [TEST_STEP][PASSED] - action = new org.openqa.selenium.interactions.Actions(driver): null&#xD;
&#xD;
2019-07-17 14:36:15 - [TEST_STEP][PASSED] - build().perform(): null&#xD;
&#xD;
2019-07-17 14:36:15 - [TEST_STEP][PASSED] - Thread.sleep(2000): null&#xD;
&#xD;
2019-07-17 14:36:17 - [TEST_STEP][PASSED] - driver.quit(): null</system-out>
            <system-err></system-err>
        </testcase>
        <testcase name="Test Cases/Workilo/CustomerSignUp" classname="Test Cases/Workilo/CustomerSignUp" status="PASSED">
            <system-out>2019-07-17 14:36:18 - [TEST_CASE][PASSED] - Test Cases/Workilo/CustomerSignUp: Test Cases/Workilo/CustomerSignUp&#xD;
&#xD;
2019-07-17 14:36:18 - [TEST_STEP][PASSED] - System.setProperty("webdriver.chrome.driver", "C:\Users\DAPL-Asset-70\Desktop\BrowserDriver\chromedriver.exe"): null&#xD;
&#xD;
2019-07-17 14:36:18 - [TEST_STEP][PASSED] - driver = new org.openqa.selenium.chrome.ChromeDriver(): null&#xD;
&#xD;
2019-07-17 14:36:21 - [TEST_STEP][PASSED] - window().maximize(): null&#xD;
&#xD;
2019-07-17 14:36:22 - [TEST_STEP][PASSED] - driver.get("http://workilo.com"): null&#xD;
&#xD;
2019-07-17 14:36:30 - [TEST_STEP][PASSED] - timeouts().implicitlyWait(30, SECONDS): null&#xD;
&#xD;
2019-07-17 14:36:30 - [TEST_STEP][PASSED] - linkText("Sign Up")).click(): null&#xD;
&#xD;
2019-07-17 14:36:30 - [TEST_STEP][PASSED] - Thread.sleep(2000): null&#xD;
&#xD;
2019-07-17 14:36:32 - [TEST_STEP][PASSED] - xpath("//*[text()='Customer']")).click(): null&#xD;
&#xD;
2019-07-17 14:36:32 - [TEST_STEP][PASSED] - Thread.sleep(2000): null&#xD;
&#xD;
2019-07-17 14:36:34 - [TEST_STEP][PASSED] - id("email")).sendKeys("shahbaz.dapl@gmail.com"): null&#xD;
&#xD;
2019-07-17 14:36:34 - [TEST_STEP][PASSED] - id("firstName")).sendKeys("Shahbaz"): null&#xD;
&#xD;
2019-07-17 14:36:34 - [TEST_STEP][PASSED] - id("lastName")).sendKeys("Farooque"): null&#xD;
&#xD;
2019-07-17 14:36:34 - [TEST_STEP][PASSED] - id("password")).sendKeys("admin#123"): null&#xD;
&#xD;
2019-07-17 14:36:35 - [TEST_STEP][PASSED] - id("contact_number")).sendKeys("9663326168"): null&#xD;
&#xD;
2019-07-17 14:36:35 - [TEST_STEP][PASSED] - //*[@value='Sign Up']")).click(): null&#xD;
&#xD;
2019-07-17 14:36:35 - [TEST_STEP][PASSED] - Thread.sleep(5000): null&#xD;
&#xD;
2019-07-17 14:36:40 - [TEST_STEP][PASSED] - driver.quit(): null</system-out>
            <system-err></system-err>
        </testcase>
        <testcase name="Test Cases/Workilo/PlaceOrder" classname="Test Cases/Workilo/PlaceOrder" status="PASSED">
            <system-out>2019-07-17 14:36:41 - [TEST_CASE][PASSED] - Test Cases/Workilo/PlaceOrder: Test Cases/Workilo/PlaceOrder&#xD;
&#xD;
2019-07-17 14:36:41 - [TEST_STEP][PASSED] - System.setProperty("webdriver.chrome.driver", "C:\Users\DAPL-Asset-70\Desktop\BrowserDriver\chromedriver.exe"): null&#xD;
&#xD;
2019-07-17 14:36:41 - [TEST_STEP][PASSED] - driver = new org.openqa.selenium.chrome.ChromeDriver(): null&#xD;
&#xD;
2019-07-17 14:36:44 - [TEST_STEP][PASSED] - window().maximize(): null&#xD;
&#xD;
2019-07-17 14:36:45 - [TEST_STEP][PASSED] - driver.get("http://workilo.com"): null&#xD;
&#xD;
2019-07-17 14:36:53 - [TEST_STEP][PASSED] - timeouts().implicitlyWait(30, SECONDS): null&#xD;
&#xD;
2019-07-17 14:36:53 - [TEST_STEP][PASSED] - linkText("Log In")).click(): null&#xD;
&#xD;
2019-07-17 14:36:53 - [TEST_STEP][PASSED] - Thread.sleep(2000): null&#xD;
&#xD;
2019-07-17 14:36:55 - [TEST_STEP][PASSED] - id("email_login")).sendKeys("shahbaz.dapl@gmail.com"): null&#xD;
&#xD;
2019-07-17 14:36:55 - [TEST_STEP][PASSED] - id("password_login")).sendKeys("admin#123"): null&#xD;
&#xD;
2019-07-17 14:36:56 - [TEST_STEP][PASSED] - //*[@value='Log in']")).click(): null&#xD;
&#xD;
2019-07-17 14:36:56 - [TEST_STEP][PASSED] - Thread.sleep(3000): null&#xD;
&#xD;
2019-07-17 14:36:59 - [TEST_STEP][PASSED] - js = driver: null&#xD;
&#xD;
2019-07-17 14:36:59 - [TEST_STEP][PASSED] - element = driver.findElement(By.id("img_334")): null&#xD;
&#xD;
2019-07-17 14:36:59 - [TEST_STEP][PASSED] - js.executeScript("arguments[0].scrollIntoView();", element): null&#xD;
&#xD;
2019-07-17 14:36:59 - [TEST_STEP][PASSED] - Thread.sleep(2000): null&#xD;
&#xD;
2019-07-17 14:37:01 - [TEST_STEP][PASSED] - id("img_334")).click(): null&#xD;
&#xD;
2019-07-17 14:37:01 - [TEST_STEP][PASSED] - Thread.sleep(2000): null&#xD;
&#xD;
2019-07-17 14:37:03 - [TEST_STEP][PASSED] - xpath("/html/body/div[6]/i")).click(): null&#xD;
&#xD;
2019-07-17 14:37:07 - [TEST_STEP][PASSED] - element2 = driver.findElement(By.xpath(".//*[text()='book now']")): null&#xD;
&#xD;
2019-07-17 14:37:07 - [TEST_STEP][PASSED] - js.executeScript("window.scrollBy(0,500)"): null&#xD;
&#xD;
2019-07-17 14:37:07 - [TEST_STEP][PASSED] - Thread.sleep(2000): null&#xD;
&#xD;
2019-07-17 14:37:09 - [TEST_STEP][PASSED] - element2.click(): null&#xD;
&#xD;
2019-07-17 14:37:09 - [TEST_STEP][PASSED] - Thread.sleep(3000): null&#xD;
&#xD;
2019-07-17 14:37:12 - [TEST_STEP][PASSED] - id("step1")).click(): null&#xD;
&#xD;
2019-07-17 14:37:12 - [TEST_STEP][PASSED] - Thread.sleep(3000): null&#xD;
&#xD;
2019-07-17 14:37:15 - [TEST_STEP][PASSED] - id("billing_address1")).sendKeys("Level 34/630 Defodil ST"): null&#xD;
&#xD;
2019-07-17 14:37:16 - [TEST_STEP][PASSED] - id("billing_city")).click(): null&#xD;
&#xD;
2019-07-17 14:37:16 - [TEST_STEP][PASSED] - Thread.sleep(2000): null&#xD;
&#xD;
2019-07-17 14:37:18 - [TEST_STEP][PASSED] - element3 = driver.findElement(By.xpath("//*[@id='tab-2']/div[2]/a[1]")): null&#xD;
&#xD;
2019-07-17 14:37:18 - [TEST_STEP][PASSED] - js.executeScript("arguments[0].scrollIntoView();", element3): null&#xD;
&#xD;
2019-07-17 14:37:18 - [TEST_STEP][PASSED] - element3.click(): null&#xD;
&#xD;
2019-07-17 14:37:18 - [TEST_STEP][PASSED] - Thread.sleep(2000): null&#xD;
&#xD;
2019-07-17 14:37:20 - [TEST_STEP][PASSED] - xpath("//*[@id='tab-3']/div[2]/a[1]")).click(): null&#xD;
&#xD;
2019-07-17 14:37:20 - [TEST_STEP][PASSED] - Thread.sleep(2000): null&#xD;
&#xD;
2019-07-17 14:37:22 - [TEST_STEP][PASSED] - xpath("//*[@id='tab-4']/div[1]/div[1]/span")).click(): null&#xD;
&#xD;
2019-07-17 14:37:22 - [TEST_STEP][PASSED] - Thread.sleep(5000): null&#xD;
&#xD;
2019-07-17 14:37:27 - [TEST_STEP][PASSED] - driver.quit(): null</system-out>
            <system-err></system-err>
        </testcase>
        <testcase name="Test Cases/Workilo/ServiceProviderLoginLogout" classname="Test Cases/Workilo/ServiceProviderLoginLogout" status="PASSED">
            <system-out>2019-07-17 14:37:28 - [TEST_CASE][PASSED] - Test Cases/Workilo/ServiceProviderLoginLogout: Test Cases/Workilo/ServiceProviderLoginLogout&#xD;
&#xD;
2019-07-17 14:37:29 - [TEST_STEP][PASSED] - System.setProperty("webdriver.chrome.driver", "C:\Users\DAPL-Asset-70\Desktop\BrowserDriver\chromedriver.exe"): null&#xD;
&#xD;
2019-07-17 14:37:29 - [TEST_STEP][PASSED] - driver = new org.openqa.selenium.chrome.ChromeDriver(): null&#xD;
&#xD;
2019-07-17 14:37:31 - [TEST_STEP][PASSED] - window().maximize(): null&#xD;
&#xD;
2019-07-17 14:37:32 - [TEST_STEP][PASSED] - driver.get("http://workilo.com"): null&#xD;
&#xD;
2019-07-17 14:37:39 - [TEST_STEP][PASSED] - timeouts().implicitlyWait(30, SECONDS): null&#xD;
&#xD;
2019-07-17 14:37:39 - [TEST_STEP][PASSED] - linkText("Log In")).click(): null&#xD;
&#xD;
2019-07-17 14:37:39 - [TEST_STEP][PASSED] - Thread.sleep(2000): null&#xD;
&#xD;
2019-07-17 14:37:41 - [TEST_STEP][PASSED] - id("email_login")).sendKeys("test1@gmail.com"): null&#xD;
&#xD;
2019-07-17 14:37:41 - [TEST_STEP][PASSED] - id("password_login")).sendKeys("admin@123"): null&#xD;
&#xD;
2019-07-17 14:37:41 - [TEST_STEP][PASSED] - //*[@value='Log in']")).click(): null&#xD;
&#xD;
2019-07-17 14:37:42 - [TEST_STEP][PASSED] - Thread.sleep(3000): null&#xD;
&#xD;
2019-07-17 14:37:45 - [TEST_STEP][PASSED] - xpath("/html/body/header/div/span[1]")).click(): null&#xD;
&#xD;
2019-07-17 14:37:45 - [TEST_STEP][PASSED] - Thread.sleep(2000): null&#xD;
&#xD;
2019-07-17 14:37:47 - [TEST_STEP][PASSED] - linkText("Sign Out")).click(): null&#xD;
&#xD;
2019-07-17 14:37:49 - [TEST_STEP][PASSED] - Thread.sleep(2000): null&#xD;
&#xD;
2019-07-17 14:37:51 - [TEST_STEP][PASSED] - action = new org.openqa.selenium.interactions.Actions(driver): null&#xD;
&#xD;
2019-07-17 14:37:51 - [TEST_STEP][PASSED] - build().perform(): null&#xD;
&#xD;
2019-07-17 14:37:51 - [TEST_STEP][PASSED] - Thread.sleep(2000): null&#xD;
&#xD;
2019-07-17 14:37:53 - [TEST_STEP][PASSED] - driver.quit(): null</system-out>
            <system-err></system-err>
        </testcase>
        <testcase name="Test Cases/Workilo/ServiceProviderSignUp" classname="Test Cases/Workilo/ServiceProviderSignUp" status="PASSED">
            <system-out>2019-07-17 14:37:54 - [TEST_CASE][PASSED] - Test Cases/Workilo/ServiceProviderSignUp: Test Cases/Workilo/ServiceProviderSignUp&#xD;
&#xD;
2019-07-17 14:37:54 - [TEST_STEP][PASSED] - System.setProperty("webdriver.chrome.driver", "C:\Users\DAPL-Asset-70\Desktop\BrowserDriver\chromedriver.exe"): null&#xD;
&#xD;
2019-07-17 14:37:54 - [TEST_STEP][PASSED] - driver = new org.openqa.selenium.chrome.ChromeDriver(): null&#xD;
&#xD;
2019-07-17 14:37:56 - [TEST_STEP][PASSED] - window().maximize(): null&#xD;
&#xD;
2019-07-17 14:37:57 - [TEST_STEP][PASSED] - driver.get("http://workilo.com"): null&#xD;
&#xD;
2019-07-17 14:38:04 - [TEST_STEP][PASSED] - timeouts().implicitlyWait(30, SECONDS): null&#xD;
&#xD;
2019-07-17 14:38:04 - [TEST_STEP][PASSED] - linkText("Sign Up")).click(): null&#xD;
&#xD;
2019-07-17 14:38:05 - [TEST_STEP][PASSED] - Thread.sleep(2000): null&#xD;
&#xD;
2019-07-17 14:38:07 - [TEST_STEP][PASSED] - xpath("//*[text()='Service Provider']")).click(): null&#xD;
&#xD;
2019-07-17 14:38:07 - [TEST_STEP][PASSED] - Thread.sleep(2000): null&#xD;
&#xD;
2019-07-17 14:38:09 - [TEST_STEP][PASSED] - id("email")).sendKeys("test1@gmail.com"): null&#xD;
&#xD;
2019-07-17 14:38:09 - [TEST_STEP][PASSED] - id("firstName")).sendKeys("Workilo"): null&#xD;
&#xD;
2019-07-17 14:38:09 - [TEST_STEP][PASSED] - id("lastName")).sendKeys("Test"): null&#xD;
&#xD;
2019-07-17 14:38:09 - [TEST_STEP][PASSED] - id("password")).sendKeys("admin#123"): null&#xD;
&#xD;
2019-07-17 14:38:09 - [TEST_STEP][PASSED] - id("contact_number")).sendKeys("8521036974"): null&#xD;
&#xD;
2019-07-17 14:38:09 - [TEST_STEP][PASSED] - //*[@value='Sign Up']")).click(): null&#xD;
&#xD;
2019-07-17 14:38:10 - [TEST_STEP][PASSED] - Thread.sleep(5000): null&#xD;
&#xD;
2019-07-17 14:38:15 - [TEST_STEP][PASSED] - driver.quit(): null</system-out>
            <system-err></system-err>
        </testcase>
        <testcase name="Test Cases/Workilo/AddListing" classname="Test Cases/Workilo/AddListing" status="PASSED">
            <system-out>2019-07-17 14:38:16 - [TEST_CASE][PASSED] - Test Cases/Workilo/AddListing: Test Cases/Workilo/AddListing&#xD;
&#xD;
2019-07-17 14:38:16 - [TEST_STEP][PASSED] - System.setProperty("webdriver.chrome.driver", "C:\Users\DAPL-Asset-70\Desktop\BrowserDriver\chromedriver.exe"): null&#xD;
&#xD;
2019-07-17 14:38:16 - [TEST_STEP][PASSED] - driver = new org.openqa.selenium.chrome.ChromeDriver(): null&#xD;
&#xD;
2019-07-17 14:38:18 - [TEST_STEP][PASSED] - window().maximize(): null&#xD;
&#xD;
2019-07-17 14:38:19 - [TEST_STEP][PASSED] - driver.get("http://workilo.com"): null&#xD;
&#xD;
2019-07-17 14:38:26 - [TEST_STEP][PASSED] - timeouts().implicitlyWait(30, SECONDS): null&#xD;
&#xD;
2019-07-17 14:38:26 - [TEST_STEP][PASSED] - linkText("Log In")).click(): null&#xD;
&#xD;
2019-07-17 14:38:26 - [TEST_STEP][PASSED] - Thread.sleep(2000): null&#xD;
&#xD;
2019-07-17 14:38:28 - [TEST_STEP][PASSED] - id("email_login")).sendKeys("test1@gmail.com"): null&#xD;
&#xD;
2019-07-17 14:38:28 - [TEST_STEP][PASSED] - id("password_login")).sendKeys("admin@123"): null&#xD;
&#xD;
2019-07-17 14:38:28 - [TEST_STEP][PASSED] - //*[@value='Log in']")).click(): null&#xD;
&#xD;
2019-07-17 14:38:28 - [TEST_STEP][PASSED] - Thread.sleep(3000): null&#xD;
&#xD;
2019-07-17 14:38:31 - [TEST_STEP][PASSED] - xpath("/html/body/header/div/span[1]")).click(): null&#xD;
&#xD;
2019-07-17 14:38:31 - [TEST_STEP][PASSED] - Thread.sleep(2000): null&#xD;
&#xD;
2019-07-17 14:38:33 - [TEST_STEP][PASSED] - xpath("/html/body/div[4]/div/div[1]/ul/li[4]/a")).click(): null&#xD;
&#xD;
2019-07-17 14:38:35 - [TEST_STEP][PASSED] - name("title")).sendKeys("Home Renovation"): null&#xD;
&#xD;
2019-07-17 14:38:35 - [TEST_STEP][PASSED] - category = new org.openqa.selenium.support.ui.Select(driver.findElement(org.openqa.selenium.By.id(category))): null&#xD;
&#xD;
2019-07-17 14:38:35 - [TEST_STEP][PASSED] - category.selectByValue("80"): null&#xD;
&#xD;
2019-07-17 14:38:35 - [TEST_STEP][PASSED] - xpath("//*[@id='tags']/input[1]")).sendKeys("Painting"): null&#xD;
&#xD;
2019-07-17 14:38:35 - [TEST_STEP][PASSED] - action = new org.openqa.selenium.interactions.Actions(driver): null&#xD;
&#xD;
2019-07-17 14:38:35 - [TEST_STEP][PASSED] - build().perform(): null&#xD;
&#xD;
2019-07-17 14:38:35 - [TEST_STEP][PASSED] - xpath("//*[@id='tags']/input[1]")).sendKeys("Floor Renovation"): null&#xD;
&#xD;
2019-07-17 14:38:35 - [TEST_STEP][PASSED] - build().perform(): null&#xD;
&#xD;
2019-07-17 14:38:35 - [TEST_STEP][PASSED] - description = "We delivered our service at very low cost. We provide home renovation repairing and installing new things.": null&#xD;
&#xD;
2019-07-17 14:38:35 - [TEST_STEP][PASSED] - id("description")).sendKeys(description): null&#xD;
&#xD;
2019-07-17 14:38:36 - [TEST_STEP][PASSED] - id("total_price")).sendKeys("20"): null&#xD;
&#xD;
2019-07-17 14:38:36 - [TEST_STEP][PASSED] - id("editor2")).sendKeys("We provide all the materials which is needed at the time of installation or repairing."): null&#xD;
&#xD;
2019-07-17 14:38:36 - [TEST_STEP][PASSED] - travel = new org.openqa.selenium.support.ui.Select(driver.findElement(org.openqa.selenium.By.id(miles_travel))): null&#xD;
&#xD;
2019-07-17 14:38:37 - [TEST_STEP][PASSED] - travel.selectByValue("5"): null&#xD;
&#xD;
2019-07-17 14:38:37 - [TEST_STEP][PASSED] - id("where_located")).sendKeys("New York City"): null&#xD;
&#xD;
2019-07-17 14:38:37 - [TEST_STEP][PASSED] - id("manyhours")).sendKeys("8"): null&#xD;
&#xD;
2019-07-17 14:38:37 - [TEST_STEP][PASSED] - name("about_listing")).sendKeys("test@gmail.com"): null&#xD;
&#xD;
2019-07-17 14:38:37 - [TEST_STEP][PASSED] - id("img_up_1")).sendKeys("C:\Users\DAPL-Asset-70\Desktop\Openpay Logo\maxresdefault.jpg"): null&#xD;
&#xD;
2019-07-17 14:38:37 - [TEST_STEP][PASSED] - Thread.sleep(5000): null&#xD;
&#xD;
2019-07-17 14:38:42 - [TEST_STEP][PASSED] - js = driver: null&#xD;
&#xD;
2019-07-17 14:38:42 - [TEST_STEP][PASSED] - js.executeScript("window.scrollBy(0,500)"): null&#xD;
&#xD;
2019-07-17 14:38:42 - [TEST_STEP][PASSED] - xpath("//*[@id='addlist']/div[2]/input[2]")).click(): null&#xD;
&#xD;
2019-07-17 14:38:45 - [TEST_STEP][PASSED] - js.executeScript("window.scrollBy(0,500)"): null&#xD;
&#xD;
2019-07-17 14:38:45 - [TEST_STEP][PASSED] - xpath("/html/body/header/div/span[1]")).click(): null&#xD;
&#xD;
2019-07-17 14:38:45 - [TEST_STEP][PASSED] - Thread.sleep(2000): null&#xD;
&#xD;
2019-07-17 14:38:47 - [TEST_STEP][PASSED] - linkText("Sign Out")).click(): null&#xD;
&#xD;
2019-07-17 14:38:49 - [TEST_STEP][PASSED] - Thread.sleep(2000): null&#xD;
&#xD;
2019-07-17 14:38:51 - [TEST_STEP][PASSED] - build().perform(): null&#xD;
&#xD;
2019-07-17 14:38:51 - [TEST_STEP][PASSED] - Thread.sleep(2000): null&#xD;
&#xD;
2019-07-17 14:38:53 - [TEST_STEP][PASSED] - driver.quit(): null</system-out>
            <system-err></system-err>
        </testcase>
        <system-out>2019-07-17 14:35:39 - [TEST_SUITE][INCOMPLETE] - WorkiloTestsuite: null</system-out>
        <system-err>2019-07-17 14:35:39 - [TEST_SUITE][INCOMPLETE] - WorkiloTestsuite: null</system-err>
    </testsuite>
</testsuites>
