<?xml version="1.0" encoding="UTF-8" standalone="yes"?>
<testsuites name="Functional Testing" time="827" tests="10" failures="0" errors="11">
    <testsuite name="Functional Testing" tests="10" failures="0" errors="11" time="827" timestamp="2019-08-14 13:41:35" hostname="DAPL-Asset-180 - DAPL-Asset-180" id="Test Suites/Functional Testing">
        <properties>
            <property name="deviceName" value=""/>
            <property name="devicePlatform" value=""/>
            <property name="logFolder" value="C:\\Users\\DAPL-Asset-180\\Desktop\\project folder\\Workilo\\WorkiloAutomation(14.8.19)\\Reports\\Functional Testing\\20190814_134131"/>
            <property name="logFiles" value="C:\\Users\\DAPL-Asset-180\\Desktop\\project folder\\Workilo\\WorkiloAutomation(14.8.19)\\Reports\\Functional Testing\\20190814_134131\\execution0.log"/>
            <property name="attachments" value=""/>
            <property name="hostName" value="DAPL-Asset-180 - DAPL-Asset-180"/>
            <property name="hostAddress" value="192.168.43.246"/>
            <property name="os" value="Windows 8.1 64bit"/>
            <property name="katalonVersion" value="6.2.1.2"/>
        </properties>
        <testcase name="Test Cases/Workilo/Sign Up/CustSignUp" classname="Test Cases/Workilo/Sign Up/CustSignUp" status="PASSED">
            <system-out>2019-08-14 13:41:36 - [TEST_CASE][PASSED] - Test Cases/Workilo/Sign Up/CustSignUp: Test Cases/Workilo/Sign Up/CustSignUp&#xD;
&#xD;
2019-08-14 13:41:37 - [TEST_STEP][PASSED] - System.setProperty("webdriver.chrome.driver", chromePath): null&#xD;
&#xD;
2019-08-14 13:41:37 - [TEST_STEP][PASSED] - driver = new org.openqa.selenium.chrome.ChromeDriver(): null&#xD;
&#xD;
2019-08-14 13:41:41 - [TEST_STEP][PASSED] - window().maximize(): null&#xD;
&#xD;
2019-08-14 13:41:42 - [TEST_STEP][PASSED] - driver.get("http://workilo.com"): null&#xD;
&#xD;
2019-08-14 13:41:50 - [TEST_STEP][PASSED] - timeouts().implicitlyWait(30, SECONDS): null&#xD;
&#xD;
2019-08-14 13:41:50 - [TEST_STEP][PASSED] - linkText("Sign Up")).click(): null&#xD;
&#xD;
2019-08-14 13:41:50 - [TEST_STEP][PASSED] - Thread.sleep(2000): null&#xD;
&#xD;
2019-08-14 13:41:52 - [TEST_STEP][PASSED] - xpath("//*[text()='Client']")).click(): null&#xD;
&#xD;
2019-08-14 13:41:52 - [TEST_STEP][PASSED] - Thread.sleep(2000): null&#xD;
&#xD;
2019-08-14 13:41:54 - [TEST_STEP][PASSED] - id("email")).sendKeys("shahbaz.dapl@gmail.com"): null&#xD;
&#xD;
2019-08-14 13:41:54 - [TEST_STEP][PASSED] - id("firstName")).sendKeys("Shahbaz"): null&#xD;
&#xD;
2019-08-14 13:41:54 - [TEST_STEP][PASSED] - id("lastName")).sendKeys("Farooque"): null&#xD;
&#xD;
2019-08-14 13:41:55 - [TEST_STEP][PASSED] - id("password")).sendKeys("admin#123"): null&#xD;
&#xD;
2019-08-14 13:41:55 - [TEST_STEP][PASSED] - id("contact_number")).sendKeys("9663326168"): null&#xD;
&#xD;
2019-08-14 13:41:55 - [TEST_STEP][PASSED] - //*[@value='Join Workilo!']")).click(): null&#xD;
&#xD;
2019-08-14 13:41:55 - [TEST_STEP][PASSED] - Thread.sleep(5000): null&#xD;
&#xD;
2019-08-14 13:42:00 - [TEST_STEP][PASSED] - driver.quit(): null</system-out>
            <system-err></system-err>
        </testcase>
        <testcase name="Test Cases/Workilo/Sign Up/ServProvSignUp" classname="Test Cases/Workilo/Sign Up/ServProvSignUp" status="ERROR">
            <error type="ERROR" message="Test Cases/Workilo/Sign Up/ServProvSignUp FAILED.&#xA;Reason:&#xA;org.openqa.selenium.ElementNotInteractableException: element not interactable&#xA;  (Session info: chrome=76.0.3809.100)&#xA;Build info: version: '3.141.59', revision: 'e82be7d358', time: '2018-11-14T08:25:53'&#xA;System info: host: 'DAPL-ASSET-180', ip: '192.168.43.246', os.name: 'Windows 8.1', os.arch: 'amd64', os.version: '6.3', java.version: '1.8.0_181'&#xA;Driver info: org.openqa.selenium.chrome.ChromeDriver&#xA;Capabilities {acceptInsecureCerts: false, browserName: chrome, browserVersion: 76.0.3809.100, chrome: {chromedriverVersion: 76.0.3809.25 (a0c95f440512e..., userDataDir: C:\Users\DAPL-A~1\AppData\L...}, goog:chromeOptions: {debuggerAddress: localhost:61126}, javascriptEnabled: true, networkConnectionEnabled: false, pageLoadStrategy: normal, platform: XP, platformName: XP, proxy: Proxy(), setWindowRect: true, strictFileInteractability: false, timeouts: {implicit: 0, pageLoad: 300000, script: 30000}, unhandledPromptBehavior: dismiss and notify}&#xA;Session ID: 42415d7fc6f5158d1266628d1f7c3b06&#xD;&#xA;&#x9;at org.openqa.selenium.remote.http.W3CHttpResponseCodec.createException(W3CHttpResponseCodec.java:187)&#xD;&#xA;&#x9;at org.openqa.selenium.remote.http.W3CHttpResponseCodec.decode(W3CHttpResponseCodec.java:122)&#xD;&#xA;&#x9;at org.openqa.selenium.remote.http.W3CHttpResponseCodec.decode(W3CHttpResponseCodec.java:49)&#xD;&#xA;&#x9;at org.openqa.selenium.remote.HttpCommandExecutor.execute(HttpCommandExecutor.java:158)&#xD;&#xA;&#x9;at org.openqa.selenium.remote.service.DriverCommandExecutor.execute(DriverCommandExecutor.java:83)&#xD;&#xA;&#x9;at org.openqa.selenium.remote.RemoteWebDriver.execute(RemoteWebDriver.java:552)&#xD;&#xA;&#x9;at org.openqa.selenium.remote.RemoteWebElement.execute(RemoteWebElement.java:285)&#xD;&#xA;&#x9;at org.openqa.selenium.remote.RemoteWebElement.click(RemoteWebElement.java:84)&#xD;&#xA;&#x9;at org.openqa.selenium.WebElement$click.call(Unknown Source)&#xD;&#xA;&#x9;at ServProvSignUp.run(ServProvSignUp:20)&#xD;&#xA;&#x9;at com.kms.katalon.core.main.ScriptEngine.run(ScriptEngine.java:194)&#xD;&#xA;&#x9;at com.kms.katalon.core.main.ScriptEngine.runScriptAsRawText(ScriptEngine.java:119)&#xD;&#xA;&#x9;at com.kms.katalon.core.main.TestCaseExecutor.runScript(TestCaseExecutor.java:337)&#xD;&#xA;&#x9;at com.kms.katalon.core.main.TestCaseExecutor.doExecute(TestCaseExecutor.java:328)&#xD;&#xA;&#x9;at com.kms.katalon.core.main.TestCaseExecutor.processExecutionPhase(TestCaseExecutor.java:307)&#xD;&#xA;&#x9;at com.kms.katalon.core.main.TestCaseExecutor.accessMainPhase(TestCaseExecutor.java:299)&#xD;&#xA;&#x9;at com.kms.katalon.core.main.TestCaseExecutor.execute(TestCaseExecutor.java:233)&#xD;&#xA;&#x9;at com.kms.katalon.core.main.TestSuiteExecutor.accessTestCaseMainPhase(TestSuiteExecutor.java:133)&#xD;&#xA;&#x9;at com.kms.katalon.core.main.TestSuiteExecutor.accessTestSuiteMainPhase(TestSuiteExecutor.java:116)&#xD;&#xA;&#x9;at com.kms.katalon.core.main.TestSuiteExecutor.execute(TestSuiteExecutor.java:83)&#xD;&#xA;&#x9;at com.kms.katalon.core.main.TestCaseMain.startTestSuite(TestCaseMain.java:157)&#xD;&#xA;&#x9;at com.kms.katalon.core.main.TestCaseMain$startTestSuite$0.call(Unknown Source)&#xD;&#xA;&#x9;at TempTestSuite1565770291595.run(TempTestSuite1565770291595.groovy:35)&#xD;&#xA;"/>
            <system-out>2019-08-14 13:42:01 - [TEST_CASE][ERROR] - Test Cases/Workilo/Sign Up/ServProvSignUp: Test Cases/Workilo/Sign Up/ServProvSignUp FAILED.
Reason:
org.openqa.selenium.ElementNotInteractableException: element not interactable
  (Session info: chrome=76.0.3809.100)
Build info: version: '3.141.59', revision: 'e82be7d358', time: '2018-11-14T08:25:53'
System info: host: 'DAPL-ASSET-180', ip: '192.168.43.246', os.name: 'Windows 8.1', os.arch: 'amd64', os.version: '6.3', java.version: '1.8.0_181'
Driver info: org.openqa.selenium.chrome.ChromeDriver
Capabilities {acceptInsecureCerts: false, browserName: chrome, browserVersion: 76.0.3809.100, chrome: {chromedriverVersion: 76.0.3809.25 (a0c95f440512e..., userDataDir: C:\Users\DAPL-A~1\AppData\L...}, goog:chromeOptions: {debuggerAddress: localhost:61126}, javascriptEnabled: true, networkConnectionEnabled: false, pageLoadStrategy: normal, platform: XP, platformName: XP, proxy: Proxy(), setWindowRect: true, strictFileInteractability: false, timeouts: {implicit: 0, pageLoad: 300000, script: 30000}, unhandledPromptBehavior: dismiss and notify}
Session ID: 42415d7fc6f5158d1266628d1f7c3b06&#xD;
	at org.openqa.selenium.remote.http.W3CHttpResponseCodec.createException(W3CHttpResponseCodec.java:187)&#xD;
	at org.openqa.selenium.remote.http.W3CHttpResponseCodec.decode(W3CHttpResponseCodec.java:122)&#xD;
	at org.openqa.selenium.remote.http.W3CHttpResponseCodec.decode(W3CHttpResponseCodec.java:49)&#xD;
	at org.openqa.selenium.remote.HttpCommandExecutor.execute(HttpCommandExecutor.java:158)&#xD;
	at org.openqa.selenium.remote.service.DriverCommandExecutor.execute(DriverCommandExecutor.java:83)&#xD;
	at org.openqa.selenium.remote.RemoteWebDriver.execute(RemoteWebDriver.java:552)&#xD;
	at org.openqa.selenium.remote.RemoteWebElement.execute(RemoteWebElement.java:285)&#xD;
	at org.openqa.selenium.remote.RemoteWebElement.click(RemoteWebElement.java:84)&#xD;
	at org.openqa.selenium.WebElement$click.call(Unknown Source)&#xD;
	at ServProvSignUp.run(ServProvSignUp:20)&#xD;
	at com.kms.katalon.core.main.ScriptEngine.run(ScriptEngine.java:194)&#xD;
	at com.kms.katalon.core.main.ScriptEngine.runScriptAsRawText(ScriptEngine.java:119)&#xD;
	at com.kms.katalon.core.main.TestCaseExecutor.runScript(TestCaseExecutor.java:337)&#xD;
	at com.kms.katalon.core.main.TestCaseExecutor.doExecute(TestCaseExecutor.java:328)&#xD;
	at com.kms.katalon.core.main.TestCaseExecutor.processExecutionPhase(TestCaseExecutor.java:307)&#xD;
	at com.kms.katalon.core.main.TestCaseExecutor.accessMainPhase(TestCaseExecutor.java:299)&#xD;
	at com.kms.katalon.core.main.TestCaseExecutor.execute(TestCaseExecutor.java:233)&#xD;
	at com.kms.katalon.core.main.TestSuiteExecutor.accessTestCaseMainPhase(TestSuiteExecutor.java:133)&#xD;
	at com.kms.katalon.core.main.TestSuiteExecutor.accessTestSuiteMainPhase(TestSuiteExecutor.java:116)&#xD;
	at com.kms.katalon.core.main.TestSuiteExecutor.execute(TestSuiteExecutor.java:83)&#xD;
	at com.kms.katalon.core.main.TestCaseMain.startTestSuite(TestCaseMain.java:157)&#xD;
	at com.kms.katalon.core.main.TestCaseMain$startTestSuite$0.call(Unknown Source)&#xD;
	at TempTestSuite1565770291595.run(TempTestSuite1565770291595.groovy:35)&#xD;
&#xD;
&#xD;
2019-08-14 13:42:01 - [TEST_STEP][PASSED] - System.setProperty("webdriver.chrome.driver", chromePath): null&#xD;
&#xD;
2019-08-14 13:42:01 - [TEST_STEP][PASSED] - driver = new org.openqa.selenium.chrome.ChromeDriver(): null&#xD;
&#xD;
2019-08-14 13:42:12 - [TEST_STEP][PASSED] - window().maximize(): null&#xD;
&#xD;
2019-08-14 13:42:13 - [TEST_STEP][PASSED] - driver.get("http://workilo.com"): null&#xD;
&#xD;
2019-08-14 13:42:20 - [TEST_STEP][PASSED] - timeouts().implicitlyWait(30, SECONDS): null&#xD;
&#xD;
2019-08-14 13:42:20 - [TEST_STEP][PASSED] - linkText("Sign Up")).click(): null&#xD;
&#xD;
2019-08-14 13:42:20 - [TEST_STEP][PASSED] - Thread.sleep(2000): null&#xD;
&#xD;
2019-08-14 13:42:22 - [TEST_STEP][PASSED] - xpath("//*[text()='Worker']")).click(): null</system-out>
            <system-err>2019-08-14 13:42:01 - [TEST_CASE][ERROR] - Test Cases/Workilo/Sign Up/ServProvSignUp: Test Cases/Workilo/Sign Up/ServProvSignUp FAILED.
Reason:
org.openqa.selenium.ElementNotInteractableException: element not interactable
  (Session info: chrome=76.0.3809.100)
Build info: version: '3.141.59', revision: 'e82be7d358', time: '2018-11-14T08:25:53'
System info: host: 'DAPL-ASSET-180', ip: '192.168.43.246', os.name: 'Windows 8.1', os.arch: 'amd64', os.version: '6.3', java.version: '1.8.0_181'
Driver info: org.openqa.selenium.chrome.ChromeDriver
Capabilities {acceptInsecureCerts: false, browserName: chrome, browserVersion: 76.0.3809.100, chrome: {chromedriverVersion: 76.0.3809.25 (a0c95f440512e..., userDataDir: C:\Users\DAPL-A~1\AppData\L...}, goog:chromeOptions: {debuggerAddress: localhost:61126}, javascriptEnabled: true, networkConnectionEnabled: false, pageLoadStrategy: normal, platform: XP, platformName: XP, proxy: Proxy(), setWindowRect: true, strictFileInteractability: false, timeouts: {implicit: 0, pageLoad: 300000, script: 30000}, unhandledPromptBehavior: dismiss and notify}
Session ID: 42415d7fc6f5158d1266628d1f7c3b06&#xD;
	at org.openqa.selenium.remote.http.W3CHttpResponseCodec.createException(W3CHttpResponseCodec.java:187)&#xD;
	at org.openqa.selenium.remote.http.W3CHttpResponseCodec.decode(W3CHttpResponseCodec.java:122)&#xD;
	at org.openqa.selenium.remote.http.W3CHttpResponseCodec.decode(W3CHttpResponseCodec.java:49)&#xD;
	at org.openqa.selenium.remote.HttpCommandExecutor.execute(HttpCommandExecutor.java:158)&#xD;
	at org.openqa.selenium.remote.service.DriverCommandExecutor.execute(DriverCommandExecutor.java:83)&#xD;
	at org.openqa.selenium.remote.RemoteWebDriver.execute(RemoteWebDriver.java:552)&#xD;
	at org.openqa.selenium.remote.RemoteWebElement.execute(RemoteWebElement.java:285)&#xD;
	at org.openqa.selenium.remote.RemoteWebElement.click(RemoteWebElement.java:84)&#xD;
	at org.openqa.selenium.WebElement$click.call(Unknown Source)&#xD;
	at ServProvSignUp.run(ServProvSignUp:20)&#xD;
	at com.kms.katalon.core.main.ScriptEngine.run(ScriptEngine.java:194)&#xD;
	at com.kms.katalon.core.main.ScriptEngine.runScriptAsRawText(ScriptEngine.java:119)&#xD;
	at com.kms.katalon.core.main.TestCaseExecutor.runScript(TestCaseExecutor.java:337)&#xD;
	at com.kms.katalon.core.main.TestCaseExecutor.doExecute(TestCaseExecutor.java:328)&#xD;
	at com.kms.katalon.core.main.TestCaseExecutor.processExecutionPhase(TestCaseExecutor.java:307)&#xD;
	at com.kms.katalon.core.main.TestCaseExecutor.accessMainPhase(TestCaseExecutor.java:299)&#xD;
	at com.kms.katalon.core.main.TestCaseExecutor.execute(TestCaseExecutor.java:233)&#xD;
	at com.kms.katalon.core.main.TestSuiteExecutor.accessTestCaseMainPhase(TestSuiteExecutor.java:133)&#xD;
	at com.kms.katalon.core.main.TestSuiteExecutor.accessTestSuiteMainPhase(TestSuiteExecutor.java:116)&#xD;
	at com.kms.katalon.core.main.TestSuiteExecutor.execute(TestSuiteExecutor.java:83)&#xD;
	at com.kms.katalon.core.main.TestCaseMain.startTestSuite(TestCaseMain.java:157)&#xD;
	at com.kms.katalon.core.main.TestCaseMain$startTestSuite$0.call(Unknown Source)&#xD;
	at TempTestSuite1565770291595.run(TempTestSuite1565770291595.groovy:35)</system-err>
        </testcase>
        <testcase name="Test Cases/Workilo/Sign Up/RegistrationValidation/InvalidEmailIdLogin" classname="Test Cases/Workilo/Sign Up/RegistrationValidation/InvalidEmailIdLogin" status="PASSED">
            <system-out>2019-08-14 13:42:52 - [TEST_CASE][PASSED] - Test Cases/Workilo/Sign Up/RegistrationValidation/InvalidEmailIdLogin: Test Cases/Workilo/Sign Up/RegistrationValidation/InvalidEmailIdLogin&#xD;
&#xD;
2019-08-14 13:42:52 - [TEST_STEP][PASSED] - System.setProperty("webdriver.chrome.driver", chromePath): null&#xD;
&#xD;
2019-08-14 13:42:52 - [TEST_STEP][PASSED] - driver = new org.openqa.selenium.chrome.ChromeDriver(): null&#xD;
&#xD;
2019-08-14 13:42:55 - [TEST_STEP][PASSED] - window().maximize(): null&#xD;
&#xD;
2019-08-14 13:42:56 - [TEST_STEP][PASSED] - driver.get("http://workilo.com"): null&#xD;
&#xD;
2019-08-14 13:43:05 - [TEST_STEP][PASSED] - timeouts().implicitlyWait(30, SECONDS): null&#xD;
&#xD;
2019-08-14 13:43:05 - [TEST_STEP][PASSED] - linkText("Log In")).click(): null&#xD;
&#xD;
2019-08-14 13:43:05 - [TEST_STEP][PASSED] - Thread.sleep(2000): null&#xD;
&#xD;
2019-08-14 13:43:07 - [TEST_STEP][PASSED] - id("email_login")).sendKeys("shahbaz.dapl123.com"): null&#xD;
&#xD;
2019-08-14 13:43:07 - [TEST_STEP][PASSED] - id("password_login")).sendKeys("admin#123"): null&#xD;
&#xD;
2019-08-14 13:43:08 - [TEST_STEP][PASSED] - //*[@value='Log in']")).click(): null&#xD;
&#xD;
2019-08-14 13:43:08 - [TEST_STEP][PASSED] - Thread.sleep(2000): null&#xD;
&#xD;
2019-08-14 13:43:10 - [TEST_STEP][PASSED] - action = new org.openqa.selenium.interactions.Actions(driver): null&#xD;
&#xD;
2019-08-14 13:43:10 - [TEST_STEP][PASSED] - build().perform(): null&#xD;
&#xD;
2019-08-14 13:43:10 - [TEST_STEP][PASSED] - Thread.sleep(2000): null&#xD;
&#xD;
2019-08-14 13:43:12 - [TEST_STEP][PASSED] - driver.quit(): null</system-out>
            <system-err></system-err>
        </testcase>
        <testcase name="Test Cases/Workilo/Sign Up/RegistrationValidation/InvalidPwdLogin" classname="Test Cases/Workilo/Sign Up/RegistrationValidation/InvalidPwdLogin" status="PASSED">
            <system-out>2019-08-14 13:43:13 - [TEST_CASE][PASSED] - Test Cases/Workilo/Sign Up/RegistrationValidation/InvalidPwdLogin: Test Cases/Workilo/Sign Up/RegistrationValidation/InvalidPwdLogin&#xD;
&#xD;
2019-08-14 13:43:13 - [TEST_STEP][PASSED] - System.setProperty("webdriver.chrome.driver", chromePath): null&#xD;
&#xD;
2019-08-14 13:43:13 - [TEST_STEP][PASSED] - driver = new org.openqa.selenium.chrome.ChromeDriver(): null&#xD;
&#xD;
2019-08-14 13:43:15 - [TEST_STEP][PASSED] - window().maximize(): null&#xD;
&#xD;
2019-08-14 13:43:16 - [TEST_STEP][PASSED] - driver.get("http://workilo.com"): null&#xD;
&#xD;
2019-08-14 13:43:23 - [TEST_STEP][PASSED] - timeouts().implicitlyWait(30, SECONDS): null&#xD;
&#xD;
2019-08-14 13:43:23 - [TEST_STEP][PASSED] - linkText("Log In")).click(): null&#xD;
&#xD;
2019-08-14 13:43:23 - [TEST_STEP][PASSED] - Thread.sleep(2000): null&#xD;
&#xD;
2019-08-14 13:43:25 - [TEST_STEP][PASSED] - id("email_login")).sendKeys("shahbaz.dapl@gmail.com"): null&#xD;
&#xD;
2019-08-14 13:43:26 - [TEST_STEP][PASSED] - id("password_login")).sendKeys("123"): null&#xD;
&#xD;
2019-08-14 13:43:26 - [TEST_STEP][PASSED] - //*[@value='Log in']")).click(): null&#xD;
&#xD;
2019-08-14 13:43:26 - [TEST_STEP][PASSED] - Thread.sleep(2000): null&#xD;
&#xD;
2019-08-14 13:43:28 - [TEST_STEP][PASSED] - action = new org.openqa.selenium.interactions.Actions(driver): null&#xD;
&#xD;
2019-08-14 13:43:28 - [TEST_STEP][PASSED] - build().perform(): null&#xD;
&#xD;
2019-08-14 13:43:28 - [TEST_STEP][PASSED] - Thread.sleep(3000): null&#xD;
&#xD;
2019-08-14 13:43:31 - [TEST_STEP][PASSED] - driver.quit(): null</system-out>
            <system-err></system-err>
        </testcase>
        <testcase name="Test Cases/Workilo/Sign Up/RegistrationValidation/SignUpBlankValidation" classname="Test Cases/Workilo/Sign Up/RegistrationValidation/SignUpBlankValidation" status="PASSED">
            <system-out>2019-08-14 13:43:32 - [TEST_CASE][PASSED] - Test Cases/Workilo/Sign Up/RegistrationValidation/SignUpBlankValidation: Test Cases/Workilo/Sign Up/RegistrationValidation/SignUpBlankValidation&#xD;
&#xD;
2019-08-14 13:43:32 - [TEST_STEP][PASSED] - System.setProperty("webdriver.chrome.driver", chromePath): null&#xD;
&#xD;
2019-08-14 13:43:32 - [TEST_STEP][PASSED] - driver = new org.openqa.selenium.chrome.ChromeDriver(): null&#xD;
&#xD;
2019-08-14 13:43:34 - [TEST_STEP][PASSED] - window().maximize(): null&#xD;
&#xD;
2019-08-14 13:43:35 - [TEST_STEP][PASSED] - driver.get("http://workilo.com"): null&#xD;
&#xD;
2019-08-14 13:43:42 - [TEST_STEP][PASSED] - timeouts().implicitlyWait(30, SECONDS): null&#xD;
&#xD;
2019-08-14 13:43:42 - [TEST_STEP][PASSED] - linkText("Sign Up")).click(): null&#xD;
&#xD;
2019-08-14 13:43:42 - [TEST_STEP][PASSED] - Thread.sleep(2000): null&#xD;
&#xD;
2019-08-14 13:43:44 - [TEST_STEP][PASSED] - xpath("//*[text()='Client']")).click(): null&#xD;
&#xD;
2019-08-14 13:43:44 - [TEST_STEP][PASSED] - Thread.sleep(1000): null&#xD;
&#xD;
2019-08-14 13:43:45 - [TEST_STEP][PASSED] - js = driver: null&#xD;
&#xD;
2019-08-14 13:43:45 - [TEST_STEP][PASSED] - //*[@value='Join Workilo!']")).click(): null&#xD;
&#xD;
2019-08-14 13:43:46 - [TEST_STEP][PASSED] - email = driver.findElement(By.xpath("//*[@id='signup-form']/div[1]/label[2]")): null&#xD;
&#xD;
2019-08-14 13:43:46 - [TEST_STEP][PASSED] - firstname = driver.findElement(By.xpath("//*[@id='signup-form']/div[2]/div[1]/label[2]")): null&#xD;
&#xD;
2019-08-14 13:43:46 - [TEST_STEP][PASSED] - lastname = driver.findElement(By.xpath("//*[@id='signup-form']/div[2]/div[2]/label[2]")): null&#xD;
&#xD;
2019-08-14 13:43:46 - [TEST_STEP][PASSED] - pwd = driver.findElement(By.xpath("//*[@id='signup-form']/div[3]/label[2]")): null&#xD;
&#xD;
2019-08-14 13:43:46 - [TEST_STEP][PASSED] - contact = driver.findElement(By.xpath("//*[@id='signup-form']/div[4]/label[2]")): null&#xD;
&#xD;
2019-08-14 13:43:46 - [TEST_STEP][PASSED] - js.executeScript("arguments[0].style.border='3px solid red'", email): null&#xD;
&#xD;
2019-08-14 13:43:46 - [TEST_STEP][PASSED] - js.executeScript("arguments[0].style.border='3px solid red'", firstname): null&#xD;
&#xD;
2019-08-14 13:43:46 - [TEST_STEP][PASSED] - js.executeScript("arguments[0].style.border='3px solid red'", lastname): null&#xD;
&#xD;
2019-08-14 13:43:46 - [TEST_STEP][PASSED] - js.executeScript("arguments[0].style.border='3px solid red'", pwd): null&#xD;
&#xD;
2019-08-14 13:43:46 - [TEST_STEP][PASSED] - js.executeScript("arguments[0].style.border='3px solid red'", contact): null&#xD;
&#xD;
2019-08-14 13:43:46 - [TEST_STEP][PASSED] - Thread.sleep(5000): null&#xD;
&#xD;
2019-08-14 13:43:51 - [TEST_STEP][PASSED] - driver.quit(): null</system-out>
            <system-err></system-err>
        </testcase>
        <testcase name="Test Cases/Workilo/Sign Up/RegistrationValidation/SignUpValidationInvalidContact" classname="Test Cases/Workilo/Sign Up/RegistrationValidation/SignUpValidationInvalidContact" status="PASSED">
            <system-out>2019-08-14 13:43:52 - [TEST_CASE][PASSED] - Test Cases/Workilo/Sign Up/RegistrationValidation/SignUpValidationInvalidContact: Test Cases/Workilo/Sign Up/RegistrationValidation/SignUpValidationInvalidContact&#xD;
&#xD;
2019-08-14 13:43:52 - [TEST_STEP][PASSED] - System.setProperty("webdriver.chrome.driver", chromePath): null&#xD;
&#xD;
2019-08-14 13:43:52 - [TEST_STEP][PASSED] - driver = new org.openqa.selenium.chrome.ChromeDriver(): null&#xD;
&#xD;
2019-08-14 13:43:54 - [TEST_STEP][PASSED] - window().maximize(): null&#xD;
&#xD;
2019-08-14 13:43:55 - [TEST_STEP][PASSED] - driver.get("http://workilo.com"): null&#xD;
&#xD;
2019-08-14 13:44:03 - [TEST_STEP][PASSED] - timeouts().implicitlyWait(30, SECONDS): null&#xD;
&#xD;
2019-08-14 13:44:03 - [TEST_STEP][PASSED] - linkText("Sign Up")).click(): null&#xD;
&#xD;
2019-08-14 13:44:03 - [TEST_STEP][PASSED] - Thread.sleep(2000): null&#xD;
&#xD;
2019-08-14 13:44:05 - [TEST_STEP][PASSED] - xpath("//*[text()='Client']")).click(): null&#xD;
&#xD;
2019-08-14 13:44:05 - [TEST_STEP][PASSED] - Thread.sleep(2000): null&#xD;
&#xD;
2019-08-14 13:44:07 - [TEST_STEP][PASSED] - id("email")).sendKeys("shahbaz.dapl1@gmail.com"): null&#xD;
&#xD;
2019-08-14 13:44:07 - [TEST_STEP][PASSED] - id("firstName")).sendKeys("Shahbaz"): null&#xD;
&#xD;
2019-08-14 13:44:07 - [TEST_STEP][PASSED] - id("lastName")).sendKeys("Farooque"): null&#xD;
&#xD;
2019-08-14 13:44:07 - [TEST_STEP][PASSED] - id("password")).sendKeys("admin#123"): null&#xD;
&#xD;
2019-08-14 13:44:08 - [TEST_STEP][PASSED] - id("contact_number")).sendKeys("abcdefghij"): null&#xD;
&#xD;
2019-08-14 13:44:08 - [TEST_STEP][PASSED] - //*[@value='Join Workilo!']")).click(): null&#xD;
&#xD;
2019-08-14 13:44:08 - [TEST_STEP][PASSED] - Thread.sleep(2000): null&#xD;
&#xD;
2019-08-14 13:44:10 - [TEST_STEP][PASSED] - errorMessage = driver.findElement(By.id("contact_error")): null&#xD;
&#xD;
2019-08-14 13:44:10 - [TEST_STEP][PASSED] - js = driver: null&#xD;
&#xD;
2019-08-14 13:44:10 - [TEST_STEP][PASSED] - js.executeScript("arguments[0].style.border='3px solid red'", errorMessage): null&#xD;
&#xD;
2019-08-14 13:44:10 - [TEST_STEP][PASSED] - Thread.sleep(5000): null&#xD;
&#xD;
2019-08-14 13:44:15 - [TEST_STEP][PASSED] - driver.quit(): null</system-out>
            <system-err></system-err>
        </testcase>
        <testcase name="Test Cases/Workilo/Sign Up/RegistrationValidation/SignUpValidationInvalidEmail" classname="Test Cases/Workilo/Sign Up/RegistrationValidation/SignUpValidationInvalidEmail" status="PASSED">
            <system-out>2019-08-14 13:44:16 - [TEST_CASE][PASSED] - Test Cases/Workilo/Sign Up/RegistrationValidation/SignUpValidationInvalidEmail: Test Cases/Workilo/Sign Up/RegistrationValidation/SignUpValidationInvalidEmail&#xD;
&#xD;
2019-08-14 13:44:16 - [TEST_STEP][PASSED] - System.setProperty("webdriver.chrome.driver", chromePath): null&#xD;
&#xD;
2019-08-14 13:44:16 - [TEST_STEP][PASSED] - driver = new org.openqa.selenium.chrome.ChromeDriver(): null&#xD;
&#xD;
2019-08-14 13:44:18 - [TEST_STEP][PASSED] - window().maximize(): null&#xD;
&#xD;
2019-08-14 13:44:19 - [TEST_STEP][PASSED] - driver.get("http://workilo.com"): null&#xD;
&#xD;
2019-08-14 13:44:27 - [TEST_STEP][PASSED] - timeouts().implicitlyWait(30, SECONDS): null&#xD;
&#xD;
2019-08-14 13:44:27 - [TEST_STEP][PASSED] - linkText("Sign Up")).click(): null&#xD;
&#xD;
2019-08-14 13:44:28 - [TEST_STEP][PASSED] - Thread.sleep(2000): null&#xD;
&#xD;
2019-08-14 13:44:30 - [TEST_STEP][PASSED] - xpath("//*[text()='Client']")).click(): null&#xD;
&#xD;
2019-08-14 13:44:30 - [TEST_STEP][PASSED] - Thread.sleep(2000): null&#xD;
&#xD;
2019-08-14 13:44:32 - [TEST_STEP][PASSED] - id("email")).sendKeys("shahbaz.dapl123gmail.com"): null&#xD;
&#xD;
2019-08-14 13:44:32 - [TEST_STEP][PASSED] - id("firstName")).sendKeys("Shahbaz"): null&#xD;
&#xD;
2019-08-14 13:44:32 - [TEST_STEP][PASSED] - id("lastName")).sendKeys("Farooque"): null&#xD;
&#xD;
2019-08-14 13:44:32 - [TEST_STEP][PASSED] - id("password")).sendKeys("admin#123"): null&#xD;
&#xD;
2019-08-14 13:44:33 - [TEST_STEP][PASSED] - id("contact_number")).sendKeys("9663326168"): null&#xD;
&#xD;
2019-08-14 13:44:33 - [TEST_STEP][PASSED] - //*[@value='Join Workilo!']")).click(): null&#xD;
&#xD;
2019-08-14 13:44:33 - [TEST_STEP][PASSED] - Thread.sleep(2000): null&#xD;
&#xD;
2019-08-14 13:44:35 - [TEST_STEP][PASSED] - errorMessage = driver.findElement(By.xpath("//*[@id='signup-form']/div[1]/label[2]")): null&#xD;
&#xD;
2019-08-14 13:44:35 - [TEST_STEP][PASSED] - js = driver: null&#xD;
&#xD;
2019-08-14 13:44:35 - [TEST_STEP][PASSED] - js.executeScript("arguments[0].style.border='3px solid red'", errorMessage): null&#xD;
&#xD;
2019-08-14 13:44:35 - [TEST_STEP][PASSED] - Thread.sleep(5000): null&#xD;
&#xD;
2019-08-14 13:44:40 - [TEST_STEP][PASSED] - driver.quit(): null</system-out>
            <system-err></system-err>
        </testcase>
        <testcase name="Test Cases/Workilo/Sign Up/RegistrationValidation/SignUpValidationInvalidFirstLastName" classname="Test Cases/Workilo/Sign Up/RegistrationValidation/SignUpValidationInvalidFirstLastName" status="PASSED">
            <system-out>2019-08-14 13:44:41 - [TEST_CASE][PASSED] - Test Cases/Workilo/Sign Up/RegistrationValidation/SignUpValidationInvalidFirstLastName: Test Cases/Workilo/Sign Up/RegistrationValidation/SignUpValidationInvalidFirstLastName&#xD;
&#xD;
2019-08-14 13:44:41 - [TEST_STEP][PASSED] - System.setProperty("webdriver.chrome.driver", chromePath): null&#xD;
&#xD;
2019-08-14 13:44:41 - [TEST_STEP][PASSED] - driver = new org.openqa.selenium.chrome.ChromeDriver(): null&#xD;
&#xD;
2019-08-14 13:44:46 - [TEST_STEP][PASSED] - window().maximize(): null&#xD;
&#xD;
2019-08-14 13:44:47 - [TEST_STEP][PASSED] - driver.get("http://workilo.com"): null&#xD;
&#xD;
2019-08-14 13:44:54 - [TEST_STEP][PASSED] - timeouts().implicitlyWait(30, SECONDS): null&#xD;
&#xD;
2019-08-14 13:44:54 - [TEST_STEP][PASSED] - linkText("Sign Up")).click(): null&#xD;
&#xD;
2019-08-14 13:44:54 - [TEST_STEP][PASSED] - Thread.sleep(2000): null&#xD;
&#xD;
2019-08-14 13:44:56 - [TEST_STEP][PASSED] - xpath("//*[text()='Client']")).click(): null&#xD;
&#xD;
2019-08-14 13:44:56 - [TEST_STEP][PASSED] - Thread.sleep(2000): null&#xD;
&#xD;
2019-08-14 13:44:58 - [TEST_STEP][PASSED] - id("email")).sendKeys("shahbaz.dapl@gmail.com"): null&#xD;
&#xD;
2019-08-14 13:44:59 - [TEST_STEP][PASSED] - id("firstName")).sendKeys("12@12#."): null&#xD;
&#xD;
2019-08-14 13:44:59 - [TEST_STEP][PASSED] - id("lastName")).sendKeys("12345"): null&#xD;
&#xD;
2019-08-14 13:44:59 - [TEST_STEP][PASSED] - id("password")).sendKeys("admin#123"): null&#xD;
&#xD;
2019-08-14 13:44:59 - [TEST_STEP][PASSED] - id("contact_number")).sendKeys("8520136974"): null&#xD;
&#xD;
2019-08-14 13:44:59 - [TEST_STEP][PASSED] - //*[@value='Join Workilo!']")).click(): null&#xD;
&#xD;
2019-08-14 13:44:59 - [TEST_STEP][PASSED] - Thread.sleep(2000): null&#xD;
&#xD;
2019-08-14 13:45:01 - [TEST_STEP][PASSED] - errorMessage = driver.findElement(By.id("fname_error")): null&#xD;
&#xD;
2019-08-14 13:45:01 - [TEST_STEP][PASSED] - js = driver: null&#xD;
&#xD;
2019-08-14 13:45:01 - [TEST_STEP][PASSED] - js.executeScript("arguments[0].style.border='3px solid red'", errorMessage): null&#xD;
&#xD;
2019-08-14 13:45:01 - [TEST_STEP][PASSED] - js.executeScript("arguments[0].style.border='3px solid red'", driver.findElement(By.id("lname_error"))): null&#xD;
&#xD;
2019-08-14 13:45:02 - [TEST_STEP][PASSED] - Thread.sleep(5000): null&#xD;
&#xD;
2019-08-14 13:45:07 - [TEST_STEP][PASSED] - driver.quit(): null</system-out>
            <system-err></system-err>
        </testcase>
        <testcase name="Test Cases/Workilo/Sign Up/RegistrationValidation/SignUpValidationInvalidPWD" classname="Test Cases/Workilo/Sign Up/RegistrationValidation/SignUpValidationInvalidPWD" status="PASSED">
            <system-out>2019-08-14 13:45:07 - [TEST_CASE][PASSED] - Test Cases/Workilo/Sign Up/RegistrationValidation/SignUpValidationInvalidPWD: Test Cases/Workilo/Sign Up/RegistrationValidation/SignUpValidationInvalidPWD&#xD;
&#xD;
2019-08-14 13:45:08 - [TEST_STEP][PASSED] - System.setProperty("webdriver.chrome.driver", chromePath): null&#xD;
&#xD;
2019-08-14 13:45:08 - [TEST_STEP][PASSED] - driver = new org.openqa.selenium.chrome.ChromeDriver(): null&#xD;
&#xD;
2019-08-14 13:45:10 - [TEST_STEP][PASSED] - window().maximize(): null&#xD;
&#xD;
2019-08-14 13:45:11 - [TEST_STEP][PASSED] - driver.get("http://workilo.com"): null&#xD;
&#xD;
2019-08-14 13:45:18 - [TEST_STEP][PASSED] - timeouts().implicitlyWait(30, SECONDS): null&#xD;
&#xD;
2019-08-14 13:45:18 - [TEST_STEP][PASSED] - linkText("Sign Up")).click(): null&#xD;
&#xD;
2019-08-14 13:45:18 - [TEST_STEP][PASSED] - Thread.sleep(2000): null&#xD;
&#xD;
2019-08-14 13:45:20 - [TEST_STEP][PASSED] - xpath("//*[text()='Client']")).click(): null&#xD;
&#xD;
2019-08-14 13:45:20 - [TEST_STEP][PASSED] - Thread.sleep(2000): null&#xD;
&#xD;
2019-08-14 13:45:22 - [TEST_STEP][PASSED] - id("email")).sendKeys("shahbaz.dapl@gmail.com"): null&#xD;
&#xD;
2019-08-14 13:45:22 - [TEST_STEP][PASSED] - id("firstName")).sendKeys("Shahbaz"): null&#xD;
&#xD;
2019-08-14 13:45:22 - [TEST_STEP][PASSED] - id("lastName")).sendKeys("Farooque"): null&#xD;
&#xD;
2019-08-14 13:45:23 - [TEST_STEP][PASSED] - id("password")).sendKeys("12345687"): null&#xD;
&#xD;
2019-08-14 13:45:23 - [TEST_STEP][PASSED] - id("contact_number")).sendKeys("9663326168"): null&#xD;
&#xD;
2019-08-14 13:45:23 - [TEST_STEP][PASSED] - //*[@value='Join Workilo!']")).click(): null&#xD;
&#xD;
2019-08-14 13:45:23 - [TEST_STEP][PASSED] - Thread.sleep(2000): null&#xD;
&#xD;
2019-08-14 13:45:25 - [TEST_STEP][PASSED] - errorMessage = driver.findElement(By.xpath("//*[@id='signup-form']/div[3]/label[2]")): null&#xD;
&#xD;
2019-08-14 13:45:25 - [TEST_STEP][PASSED] - js = driver: null&#xD;
&#xD;
2019-08-14 13:45:25 - [TEST_STEP][PASSED] - js.executeScript("arguments[0].style.border='3px solid red'", errorMessage): null&#xD;
&#xD;
2019-08-14 13:45:25 - [TEST_STEP][PASSED] - Thread.sleep(5000): null&#xD;
&#xD;
2019-08-14 13:45:30 - [TEST_STEP][PASSED] - driver.quit(): null</system-out>
            <system-err></system-err>
        </testcase>
        <testcase name="Test Cases/Workilo/Sign IN/CustSignIn" classname="Test Cases/Workilo/Sign IN/CustSignIn" status="PASSED">
            <system-out>2019-08-14 13:45:31 - [TEST_CASE][PASSED] - Test Cases/Workilo/Sign IN/CustSignIn: Test Cases/Workilo/Sign IN/CustSignIn&#xD;
&#xD;
2019-08-14 13:45:31 - [TEST_STEP][PASSED] - System.setProperty("webdriver.chrome.driver", chromePath): null&#xD;
&#xD;
2019-08-14 13:45:31 - [TEST_STEP][PASSED] - driver = new org.openqa.selenium.chrome.ChromeDriver(): null&#xD;
&#xD;
2019-08-14 13:45:33 - [TEST_STEP][PASSED] - window().maximize(): null&#xD;
&#xD;
2019-08-14 13:45:34 - [TEST_STEP][PASSED] - driver.get("http://workilo.com"): null&#xD;
&#xD;
2019-08-14 13:45:43 - [TEST_STEP][PASSED] - timeouts().implicitlyWait(30, SECONDS): null&#xD;
&#xD;
2019-08-14 13:45:43 - [TEST_STEP][PASSED] - linkText("Log In")).click(): null&#xD;
&#xD;
2019-08-14 13:45:44 - [TEST_STEP][PASSED] - Thread.sleep(2000): null&#xD;
&#xD;
2019-08-14 13:45:46 - [TEST_STEP][PASSED] - id("email_login")).sendKeys("shahbaz.dapl@gmail.com"): null&#xD;
&#xD;
2019-08-14 13:45:46 - [TEST_STEP][PASSED] - id("password_login")).sendKeys("admin#123"): null&#xD;
&#xD;
2019-08-14 13:45:46 - [TEST_STEP][PASSED] - //*[@value='Log in']")).click(): null&#xD;
&#xD;
2019-08-14 13:45:46 - [TEST_STEP][PASSED] - Thread.sleep(3000): null&#xD;
&#xD;
2019-08-14 13:45:49 - [TEST_STEP][PASSED] - linkText("Log Out")).click(): null&#xD;
&#xD;
2019-08-14 13:45:53 - [TEST_STEP][PASSED] - Thread.sleep(2000): null&#xD;
&#xD;
2019-08-14 13:45:55 - [TEST_STEP][PASSED] - action = new org.openqa.selenium.interactions.Actions(driver): null&#xD;
&#xD;
2019-08-14 13:45:55 - [TEST_STEP][PASSED] - build().perform(): null&#xD;
&#xD;
2019-08-14 13:45:55 - [TEST_STEP][PASSED] - Thread.sleep(2000): null&#xD;
&#xD;
2019-08-14 13:45:57 - [TEST_STEP][PASSED] - driver.quit(): null</system-out>
            <system-err></system-err>
        </testcase>
        <testcase name="Test Cases/Workilo/Sign IN/ServProvSignIn" classname="Test Cases/Workilo/Sign IN/ServProvSignIn" status="ERROR">
            <error type="ERROR" message="Test Cases/Workilo/Sign IN/ServProvSignIn FAILED.&#xA;Reason:&#xA;org.openqa.selenium.ElementNotInteractableException: element not interactable&#xA;  (Session info: chrome=76.0.3809.100)&#xA;Build info: version: '3.141.59', revision: 'e82be7d358', time: '2018-11-14T08:25:53'&#xA;System info: host: 'DAPL-ASSET-180', ip: '192.168.43.246', os.name: 'Windows 8.1', os.arch: 'amd64', os.version: '6.3', java.version: '1.8.0_181'&#xA;Driver info: org.openqa.selenium.chrome.ChromeDriver&#xA;Capabilities {acceptInsecureCerts: false, browserName: chrome, browserVersion: 76.0.3809.100, chrome: {chromedriverVersion: 76.0.3809.25 (a0c95f440512e..., userDataDir: C:\Users\DAPL-A~1\AppData\L...}, goog:chromeOptions: {debuggerAddress: localhost:61635}, javascriptEnabled: true, networkConnectionEnabled: false, pageLoadStrategy: normal, platform: XP, platformName: XP, proxy: Proxy(), setWindowRect: true, strictFileInteractability: false, timeouts: {implicit: 0, pageLoad: 300000, script: 30000}, unhandledPromptBehavior: dismiss and notify}&#xA;Session ID: ccea32a26966c3eda15d306f96993c22&#xD;&#xA;&#x9;at org.openqa.selenium.remote.http.W3CHttpResponseCodec.createException(W3CHttpResponseCodec.java:187)&#xD;&#xA;&#x9;at org.openqa.selenium.remote.http.W3CHttpResponseCodec.decode(W3CHttpResponseCodec.java:122)&#xD;&#xA;&#x9;at org.openqa.selenium.remote.http.W3CHttpResponseCodec.decode(W3CHttpResponseCodec.java:49)&#xD;&#xA;&#x9;at org.openqa.selenium.remote.HttpCommandExecutor.execute(HttpCommandExecutor.java:158)&#xD;&#xA;&#x9;at org.openqa.selenium.remote.service.DriverCommandExecutor.execute(DriverCommandExecutor.java:83)&#xD;&#xA;&#x9;at org.openqa.selenium.remote.RemoteWebDriver.execute(RemoteWebDriver.java:552)&#xD;&#xA;&#x9;at org.openqa.selenium.remote.RemoteWebElement.execute(RemoteWebElement.java:285)&#xD;&#xA;&#x9;at org.openqa.selenium.remote.RemoteWebElement.click(RemoteWebElement.java:84)&#xD;&#xA;&#x9;at org.openqa.selenium.WebElement$click.call(Unknown Source)&#xD;&#xA;&#x9;at ServProvSignIn.run(ServProvSignIn:34)&#xD;&#xA;&#x9;at com.kms.katalon.core.main.ScriptEngine.run(ScriptEngine.java:194)&#xD;&#xA;&#x9;at com.kms.katalon.core.main.ScriptEngine.runScriptAsRawText(ScriptEngine.java:119)&#xD;&#xA;&#x9;at com.kms.katalon.core.main.TestCaseExecutor.runScript(TestCaseExecutor.java:337)&#xD;&#xA;&#x9;at com.kms.katalon.core.main.TestCaseExecutor.doExecute(TestCaseExecutor.java:328)&#xD;&#xA;&#x9;at com.kms.katalon.core.main.TestCaseExecutor.processExecutionPhase(TestCaseExecutor.java:307)&#xD;&#xA;&#x9;at com.kms.katalon.core.main.TestCaseExecutor.accessMainPhase(TestCaseExecutor.java:299)&#xD;&#xA;&#x9;at com.kms.katalon.core.main.TestCaseExecutor.execute(TestCaseExecutor.java:233)&#xD;&#xA;&#x9;at com.kms.katalon.core.main.TestSuiteExecutor.accessTestCaseMainPhase(TestSuiteExecutor.java:133)&#xD;&#xA;&#x9;at com.kms.katalon.core.main.TestSuiteExecutor.accessTestSuiteMainPhase(TestSuiteExecutor.java:116)&#xD;&#xA;&#x9;at com.kms.katalon.core.main.TestSuiteExecutor.execute(TestSuiteExecutor.java:83)&#xD;&#xA;&#x9;at com.kms.katalon.core.main.TestCaseMain.startTestSuite(TestCaseMain.java:157)&#xD;&#xA;&#x9;at com.kms.katalon.core.main.TestCaseMain$startTestSuite$0.call(Unknown Source)&#xD;&#xA;&#x9;at TempTestSuite1565770291595.run(TempTestSuite1565770291595.groovy:35)&#xD;&#xA;"/>
            <system-out>2019-08-14 13:45:58 - [TEST_CASE][ERROR] - Test Cases/Workilo/Sign IN/ServProvSignIn: Test Cases/Workilo/Sign IN/ServProvSignIn FAILED.
Reason:
org.openqa.selenium.ElementNotInteractableException: element not interactable
  (Session info: chrome=76.0.3809.100)
Build info: version: '3.141.59', revision: 'e82be7d358', time: '2018-11-14T08:25:53'
System info: host: 'DAPL-ASSET-180', ip: '192.168.43.246', os.name: 'Windows 8.1', os.arch: 'amd64', os.version: '6.3', java.version: '1.8.0_181'
Driver info: org.openqa.selenium.chrome.ChromeDriver
Capabilities {acceptInsecureCerts: false, browserName: chrome, browserVersion: 76.0.3809.100, chrome: {chromedriverVersion: 76.0.3809.25 (a0c95f440512e..., userDataDir: C:\Users\DAPL-A~1\AppData\L...}, goog:chromeOptions: {debuggerAddress: localhost:61635}, javascriptEnabled: true, networkConnectionEnabled: false, pageLoadStrategy: normal, platform: XP, platformName: XP, proxy: Proxy(), setWindowRect: true, strictFileInteractability: false, timeouts: {implicit: 0, pageLoad: 300000, script: 30000}, unhandledPromptBehavior: dismiss and notify}
Session ID: ccea32a26966c3eda15d306f96993c22&#xD;
	at org.openqa.selenium.remote.http.W3CHttpResponseCodec.createException(W3CHttpResponseCodec.java:187)&#xD;
	at org.openqa.selenium.remote.http.W3CHttpResponseCodec.decode(W3CHttpResponseCodec.java:122)&#xD;
	at org.openqa.selenium.remote.http.W3CHttpResponseCodec.decode(W3CHttpResponseCodec.java:49)&#xD;
	at org.openqa.selenium.remote.HttpCommandExecutor.execute(HttpCommandExecutor.java:158)&#xD;
	at org.openqa.selenium.remote.service.DriverCommandExecutor.execute(DriverCommandExecutor.java:83)&#xD;
	at org.openqa.selenium.remote.RemoteWebDriver.execute(RemoteWebDriver.java:552)&#xD;
	at org.openqa.selenium.remote.RemoteWebElement.execute(RemoteWebElement.java:285)&#xD;
	at org.openqa.selenium.remote.RemoteWebElement.click(RemoteWebElement.java:84)&#xD;
	at org.openqa.selenium.WebElement$click.call(Unknown Source)&#xD;
	at ServProvSignIn.run(ServProvSignIn:34)&#xD;
	at com.kms.katalon.core.main.ScriptEngine.run(ScriptEngine.java:194)&#xD;
	at com.kms.katalon.core.main.ScriptEngine.runScriptAsRawText(ScriptEngine.java:119)&#xD;
	at com.kms.katalon.core.main.TestCaseExecutor.runScript(TestCaseExecutor.java:337)&#xD;
	at com.kms.katalon.core.main.TestCaseExecutor.doExecute(TestCaseExecutor.java:328)&#xD;
	at com.kms.katalon.core.main.TestCaseExecutor.processExecutionPhase(TestCaseExecutor.java:307)&#xD;
	at com.kms.katalon.core.main.TestCaseExecutor.accessMainPhase(TestCaseExecutor.java:299)&#xD;
	at com.kms.katalon.core.main.TestCaseExecutor.execute(TestCaseExecutor.java:233)&#xD;
	at com.kms.katalon.core.main.TestSuiteExecutor.accessTestCaseMainPhase(TestSuiteExecutor.java:133)&#xD;
	at com.kms.katalon.core.main.TestSuiteExecutor.accessTestSuiteMainPhase(TestSuiteExecutor.java:116)&#xD;
	at com.kms.katalon.core.main.TestSuiteExecutor.execute(TestSuiteExecutor.java:83)&#xD;
	at com.kms.katalon.core.main.TestCaseMain.startTestSuite(TestCaseMain.java:157)&#xD;
	at com.kms.katalon.core.main.TestCaseMain$startTestSuite$0.call(Unknown Source)&#xD;
	at TempTestSuite1565770291595.run(TempTestSuite1565770291595.groovy:35)&#xD;
&#xD;
&#xD;
2019-08-14 13:45:58 - [TEST_STEP][PASSED] - System.setProperty("webdriver.chrome.driver", chromePath): null&#xD;
&#xD;
2019-08-14 13:45:58 - [TEST_STEP][PASSED] - driver = new org.openqa.selenium.chrome.ChromeDriver(): null&#xD;
&#xD;
2019-08-14 13:46:00 - [TEST_STEP][PASSED] - window().maximize(): null&#xD;
&#xD;
2019-08-14 13:46:01 - [TEST_STEP][PASSED] - driver.get("http://workilo.com"): null&#xD;
&#xD;
2019-08-14 13:46:09 - [TEST_STEP][PASSED] - timeouts().implicitlyWait(30, SECONDS): null&#xD;
&#xD;
2019-08-14 13:46:09 - [TEST_STEP][PASSED] - linkText("Log In")).click(): null&#xD;
&#xD;
2019-08-14 13:46:09 - [TEST_STEP][PASSED] - Thread.sleep(2000): null&#xD;
&#xD;
2019-08-14 13:46:11 - [TEST_STEP][PASSED] - id("email_login")).sendKeys("testworkilo@gmail.com"): null&#xD;
&#xD;
2019-08-14 13:46:12 - [TEST_STEP][PASSED] - id("password_login")).sendKeys("admin@123"): null&#xD;
&#xD;
2019-08-14 13:46:12 - [TEST_STEP][PASSED] - //*[@value='Log in']")).click(): null&#xD;
&#xD;
2019-08-14 13:46:12 - [TEST_STEP][PASSED] - Thread.sleep(3000): null&#xD;
&#xD;
2019-08-14 13:46:15 - [TEST_STEP][PASSED] - xpath("/html/body/header/div/div[2]/ul/li[1]/a")).click(): null</system-out>
            <system-err>2019-08-14 13:45:58 - [TEST_CASE][ERROR] - Test Cases/Workilo/Sign IN/ServProvSignIn: Test Cases/Workilo/Sign IN/ServProvSignIn FAILED.
Reason:
org.openqa.selenium.ElementNotInteractableException: element not interactable
  (Session info: chrome=76.0.3809.100)
Build info: version: '3.141.59', revision: 'e82be7d358', time: '2018-11-14T08:25:53'
System info: host: 'DAPL-ASSET-180', ip: '192.168.43.246', os.name: 'Windows 8.1', os.arch: 'amd64', os.version: '6.3', java.version: '1.8.0_181'
Driver info: org.openqa.selenium.chrome.ChromeDriver
Capabilities {acceptInsecureCerts: false, browserName: chrome, browserVersion: 76.0.3809.100, chrome: {chromedriverVersion: 76.0.3809.25 (a0c95f440512e..., userDataDir: C:\Users\DAPL-A~1\AppData\L...}, goog:chromeOptions: {debuggerAddress: localhost:61635}, javascriptEnabled: true, networkConnectionEnabled: false, pageLoadStrategy: normal, platform: XP, platformName: XP, proxy: Proxy(), setWindowRect: true, strictFileInteractability: false, timeouts: {implicit: 0, pageLoad: 300000, script: 30000}, unhandledPromptBehavior: dismiss and notify}
Session ID: ccea32a26966c3eda15d306f96993c22&#xD;
	at org.openqa.selenium.remote.http.W3CHttpResponseCodec.createException(W3CHttpResponseCodec.java:187)&#xD;
	at org.openqa.selenium.remote.http.W3CHttpResponseCodec.decode(W3CHttpResponseCodec.java:122)&#xD;
	at org.openqa.selenium.remote.http.W3CHttpResponseCodec.decode(W3CHttpResponseCodec.java:49)&#xD;
	at org.openqa.selenium.remote.HttpCommandExecutor.execute(HttpCommandExecutor.java:158)&#xD;
	at org.openqa.selenium.remote.service.DriverCommandExecutor.execute(DriverCommandExecutor.java:83)&#xD;
	at org.openqa.selenium.remote.RemoteWebDriver.execute(RemoteWebDriver.java:552)&#xD;
	at org.openqa.selenium.remote.RemoteWebElement.execute(RemoteWebElement.java:285)&#xD;
	at org.openqa.selenium.remote.RemoteWebElement.click(RemoteWebElement.java:84)&#xD;
	at org.openqa.selenium.WebElement$click.call(Unknown Source)&#xD;
	at ServProvSignIn.run(ServProvSignIn:34)&#xD;
	at com.kms.katalon.core.main.ScriptEngine.run(ScriptEngine.java:194)&#xD;
	at com.kms.katalon.core.main.ScriptEngine.runScriptAsRawText(ScriptEngine.java:119)&#xD;
	at com.kms.katalon.core.main.TestCaseExecutor.runScript(TestCaseExecutor.java:337)&#xD;
	at com.kms.katalon.core.main.TestCaseExecutor.doExecute(TestCaseExecutor.java:328)&#xD;
	at com.kms.katalon.core.main.TestCaseExecutor.processExecutionPhase(TestCaseExecutor.java:307)&#xD;
	at com.kms.katalon.core.main.TestCaseExecutor.accessMainPhase(TestCaseExecutor.java:299)&#xD;
	at com.kms.katalon.core.main.TestCaseExecutor.execute(TestCaseExecutor.java:233)&#xD;
	at com.kms.katalon.core.main.TestSuiteExecutor.accessTestCaseMainPhase(TestSuiteExecutor.java:133)&#xD;
	at com.kms.katalon.core.main.TestSuiteExecutor.accessTestSuiteMainPhase(TestSuiteExecutor.java:116)&#xD;
	at com.kms.katalon.core.main.TestSuiteExecutor.execute(TestSuiteExecutor.java:83)&#xD;
	at com.kms.katalon.core.main.TestCaseMain.startTestSuite(TestCaseMain.java:157)&#xD;
	at com.kms.katalon.core.main.TestCaseMain$startTestSuite$0.call(Unknown Source)&#xD;
	at TempTestSuite1565770291595.run(TempTestSuite1565770291595.groovy:35)</system-err>
        </testcase>
        <testcase name="Test Cases/Workilo/Bookings/Customer/CustomerALL" classname="Test Cases/Workilo/Bookings/Customer/CustomerALL" status="ERROR">
            <error type="ERROR" message="Test Cases/Workilo/Bookings/Customer/CustomerALL FAILED.&#xA;Reason:&#xA;org.openqa.selenium.ElementNotInteractableException: element not interactable&#xA;  (Session info: chrome=76.0.3809.100)&#xA;Build info: version: '3.141.59', revision: 'e82be7d358', time: '2018-11-14T08:25:53'&#xA;System info: host: 'DAPL-ASSET-180', ip: '192.168.43.246', os.name: 'Windows 8.1', os.arch: 'amd64', os.version: '6.3', java.version: '1.8.0_181'&#xA;Driver info: org.openqa.selenium.chrome.ChromeDriver&#xA;Capabilities {acceptInsecureCerts: false, browserName: chrome, browserVersion: 76.0.3809.100, chrome: {chromedriverVersion: 76.0.3809.25 (a0c95f440512e..., userDataDir: C:\Users\DAPL-A~1\AppData\L...}, goog:chromeOptions: {debuggerAddress: localhost:61703}, javascriptEnabled: true, networkConnectionEnabled: false, pageLoadStrategy: normal, platform: XP, platformName: XP, proxy: Proxy(), setWindowRect: true, strictFileInteractability: false, timeouts: {implicit: 0, pageLoad: 300000, script: 30000}, unhandledPromptBehavior: dismiss and notify}&#xA;Session ID: 19e1aa8113ff74b83c0227e0c0244c12&#xD;&#xA;&#x9;at org.openqa.selenium.remote.http.W3CHttpResponseCodec.createException(W3CHttpResponseCodec.java:187)&#xD;&#xA;&#x9;at org.openqa.selenium.remote.http.W3CHttpResponseCodec.decode(W3CHttpResponseCodec.java:122)&#xD;&#xA;&#x9;at org.openqa.selenium.remote.http.W3CHttpResponseCodec.decode(W3CHttpResponseCodec.java:49)&#xD;&#xA;&#x9;at org.openqa.selenium.remote.HttpCommandExecutor.execute(HttpCommandExecutor.java:158)&#xD;&#xA;&#x9;at org.openqa.selenium.remote.service.DriverCommandExecutor.execute(DriverCommandExecutor.java:83)&#xD;&#xA;&#x9;at org.openqa.selenium.remote.RemoteWebDriver.execute(RemoteWebDriver.java:552)&#xD;&#xA;&#x9;at org.openqa.selenium.remote.RemoteWebElement.execute(RemoteWebElement.java:285)&#xD;&#xA;&#x9;at org.openqa.selenium.remote.RemoteWebElement.click(RemoteWebElement.java:84)&#xD;&#xA;&#x9;at org.openqa.selenium.WebElement$click.call(Unknown Source)&#xD;&#xA;&#x9;at CustomerALL.run(CustomerALL:148)&#xD;&#xA;&#x9;at com.kms.katalon.core.main.ScriptEngine.run(ScriptEngine.java:194)&#xD;&#xA;&#x9;at com.kms.katalon.core.main.ScriptEngine.runScriptAsRawText(ScriptEngine.java:119)&#xD;&#xA;&#x9;at com.kms.katalon.core.main.TestCaseExecutor.runScript(TestCaseExecutor.java:337)&#xD;&#xA;&#x9;at com.kms.katalon.core.main.TestCaseExecutor.doExecute(TestCaseExecutor.java:328)&#xD;&#xA;&#x9;at com.kms.katalon.core.main.TestCaseExecutor.processExecutionPhase(TestCaseExecutor.java:307)&#xD;&#xA;&#x9;at com.kms.katalon.core.main.TestCaseExecutor.accessMainPhase(TestCaseExecutor.java:299)&#xD;&#xA;&#x9;at com.kms.katalon.core.main.TestCaseExecutor.execute(TestCaseExecutor.java:233)&#xD;&#xA;&#x9;at com.kms.katalon.core.main.TestSuiteExecutor.accessTestCaseMainPhase(TestSuiteExecutor.java:133)&#xD;&#xA;&#x9;at com.kms.katalon.core.main.TestSuiteExecutor.accessTestSuiteMainPhase(TestSuiteExecutor.java:116)&#xD;&#xA;&#x9;at com.kms.katalon.core.main.TestSuiteExecutor.execute(TestSuiteExecutor.java:83)&#xD;&#xA;&#x9;at com.kms.katalon.core.main.TestCaseMain.startTestSuite(TestCaseMain.java:157)&#xD;&#xA;&#x9;at com.kms.katalon.core.main.TestCaseMain$startTestSuite$0.call(Unknown Source)&#xD;&#xA;&#x9;at TempTestSuite1565770291595.run(TempTestSuite1565770291595.groovy:35)&#xD;&#xA;"/>
            <system-out>2019-08-14 13:46:45 - [TEST_CASE][ERROR] - Test Cases/Workilo/Bookings/Customer/CustomerALL: Test Cases/Workilo/Bookings/Customer/CustomerALL FAILED.
Reason:
org.openqa.selenium.ElementNotInteractableException: element not interactable
  (Session info: chrome=76.0.3809.100)
Build info: version: '3.141.59', revision: 'e82be7d358', time: '2018-11-14T08:25:53'
System info: host: 'DAPL-ASSET-180', ip: '192.168.43.246', os.name: 'Windows 8.1', os.arch: 'amd64', os.version: '6.3', java.version: '1.8.0_181'
Driver info: org.openqa.selenium.chrome.ChromeDriver
Capabilities {acceptInsecureCerts: false, browserName: chrome, browserVersion: 76.0.3809.100, chrome: {chromedriverVersion: 76.0.3809.25 (a0c95f440512e..., userDataDir: C:\Users\DAPL-A~1\AppData\L...}, goog:chromeOptions: {debuggerAddress: localhost:61703}, javascriptEnabled: true, networkConnectionEnabled: false, pageLoadStrategy: normal, platform: XP, platformName: XP, proxy: Proxy(), setWindowRect: true, strictFileInteractability: false, timeouts: {implicit: 0, pageLoad: 300000, script: 30000}, unhandledPromptBehavior: dismiss and notify}
Session ID: 19e1aa8113ff74b83c0227e0c0244c12&#xD;
	at org.openqa.selenium.remote.http.W3CHttpResponseCodec.createException(W3CHttpResponseCodec.java:187)&#xD;
	at org.openqa.selenium.remote.http.W3CHttpResponseCodec.decode(W3CHttpResponseCodec.java:122)&#xD;
	at org.openqa.selenium.remote.http.W3CHttpResponseCodec.decode(W3CHttpResponseCodec.java:49)&#xD;
	at org.openqa.selenium.remote.HttpCommandExecutor.execute(HttpCommandExecutor.java:158)&#xD;
	at org.openqa.selenium.remote.service.DriverCommandExecutor.execute(DriverCommandExecutor.java:83)&#xD;
	at org.openqa.selenium.remote.RemoteWebDriver.execute(RemoteWebDriver.java:552)&#xD;
	at org.openqa.selenium.remote.RemoteWebElement.execute(RemoteWebElement.java:285)&#xD;
	at org.openqa.selenium.remote.RemoteWebElement.click(RemoteWebElement.java:84)&#xD;
	at org.openqa.selenium.WebElement$click.call(Unknown Source)&#xD;
	at CustomerALL.run(CustomerALL:148)&#xD;
	at com.kms.katalon.core.main.ScriptEngine.run(ScriptEngine.java:194)&#xD;
	at com.kms.katalon.core.main.ScriptEngine.runScriptAsRawText(ScriptEngine.java:119)&#xD;
	at com.kms.katalon.core.main.TestCaseExecutor.runScript(TestCaseExecutor.java:337)&#xD;
	at com.kms.katalon.core.main.TestCaseExecutor.doExecute(TestCaseExecutor.java:328)&#xD;
	at com.kms.katalon.core.main.TestCaseExecutor.processExecutionPhase(TestCaseExecutor.java:307)&#xD;
	at com.kms.katalon.core.main.TestCaseExecutor.accessMainPhase(TestCaseExecutor.java:299)&#xD;
	at com.kms.katalon.core.main.TestCaseExecutor.execute(TestCaseExecutor.java:233)&#xD;
	at com.kms.katalon.core.main.TestSuiteExecutor.accessTestCaseMainPhase(TestSuiteExecutor.java:133)&#xD;
	at com.kms.katalon.core.main.TestSuiteExecutor.accessTestSuiteMainPhase(TestSuiteExecutor.java:116)&#xD;
	at com.kms.katalon.core.main.TestSuiteExecutor.execute(TestSuiteExecutor.java:83)&#xD;
	at com.kms.katalon.core.main.TestCaseMain.startTestSuite(TestCaseMain.java:157)&#xD;
	at com.kms.katalon.core.main.TestCaseMain$startTestSuite$0.call(Unknown Source)&#xD;
	at TempTestSuite1565770291595.run(TempTestSuite1565770291595.groovy:35)&#xD;
&#xD;
&#xD;
2019-08-14 13:46:45 - [TEST_STEP][PASSED] - System.setProperty("webdriver.chrome.driver", chromePath): null&#xD;
&#xD;
2019-08-14 13:46:45 - [TEST_STEP][PASSED] - driver = new org.openqa.selenium.chrome.ChromeDriver(): null&#xD;
&#xD;
2019-08-14 13:46:48 - [TEST_STEP][PASSED] - window().maximize(): null&#xD;
&#xD;
2019-08-14 13:46:49 - [TEST_STEP][PASSED] - driver.get("http://workilo.com"): null&#xD;
&#xD;
2019-08-14 13:46:56 - [TEST_STEP][PASSED] - timeouts().implicitlyWait(30, SECONDS): null&#xD;
&#xD;
2019-08-14 13:46:56 - [TEST_STEP][PASSED] - linkText("Log In")).click(): null&#xD;
&#xD;
2019-08-14 13:46:56 - [TEST_STEP][PASSED] - Thread.sleep(2000): null&#xD;
&#xD;
2019-08-14 13:46:58 - [TEST_STEP][PASSED] - id("email_login")).sendKeys("nabin@digitalaptech.com"): null&#xD;
&#xD;
2019-08-14 13:46:59 - [TEST_STEP][PASSED] - id("password_login")).sendKeys("admin#123"): null&#xD;
&#xD;
2019-08-14 13:46:59 - [TEST_STEP][PASSED] - //*[@value='Log in']")).click(): null&#xD;
&#xD;
2019-08-14 13:46:59 - [TEST_STEP][PASSED] - Thread.sleep(3000): null&#xD;
&#xD;
2019-08-14 13:47:02 - [TEST_STEP][PASSED] - xpath("/html/body/header/div/div[2]/ul/li[1]/a")).click(): null&#xD;
&#xD;
2019-08-14 13:47:02 - [TEST_STEP][PASSED] - Thread.sleep(1000): null&#xD;
&#xD;
2019-08-14 13:47:03 - [TEST_STEP][PASSED] - xpath("/html/body/div[4]/div/div[1]/ul/li[2]/a")).click(): null&#xD;
&#xD;
2019-08-14 13:47:05 - [TEST_STEP][PASSED] - Thread.sleep(1000): null&#xD;
&#xD;
2019-08-14 13:47:06 - [TEST_STEP][PASSED] - xpath("/html/body/div[6]/div/div/div[1]/div/div/ul/li[5]/a")).click(): null&#xD;
&#xD;
2019-08-14 13:47:06 - [TEST_STEP][PASSED] - Thread.sleep(1000): null&#xD;
&#xD;
2019-08-14 13:47:07 - [TEST_STEP][PASSED] - message = xpath("/html/body/div[6]/div/div/div[1]/div/div/ul/li[5]/a")).getText(): null&#xD;
&#xD;
2019-08-14 13:47:07 - [TEST_STEP][PASSED] - if (message.contains("(0)")): null&#xD;
&#xD;
2019-08-14 13:47:07 - [TEST_STEP][PASSED] - else: null&#xD;
&#xD;
2019-08-14 13:47:07 - [TEST_STEP][PASSED] - js = driver: null&#xD;
&#xD;
2019-08-14 13:47:07 - [TEST_STEP][PASSED] - rows = driver.findElements(By.xpath("//*[@id='tab-5']/table/tbody/tr")): null&#xD;
&#xD;
2019-08-14 13:47:08 - [TEST_STEP][PASSED] - out.println("Total Rows Size == " + rows.size()): null&#xD;
&#xD;
2019-08-14 13:47:08 - [TEST_STEP][PASSED] - for ([i = 0, i &lt; rows.size(), (i++)]): null&#xD;
&#xD;
2019-08-14 13:47:08 - [TEST_STEP][PASSED] - out.println("Items == " + i + 1): null&#xD;
&#xD;
2019-08-14 13:47:08 - [TEST_STEP][PASSED] - orderValue = xpath("//*[@id='tab-5']/table/tbody/tr[" + i + 1 + "]/td[1]")).getText(): null&#xD;
&#xD;
2019-08-14 13:47:08 - [TEST_STEP][PASSED] - addressValue = xpath("//*[@id='tab-5']/table/tbody/tr[" + i + 1 + "]/td[2]")).getText(): null&#xD;
&#xD;
2019-08-14 13:47:08 - [TEST_STEP][PASSED] - listingValue = xpath("//*[@id='tab-5']/table/tbody/tr[" + i + 1 + "]/td[3]")).getText(): null&#xD;
&#xD;
2019-08-14 13:47:08 - [TEST_STEP][PASSED] - bookingDateValue = xpath("//*[@id='tab-5']/table/tbody/tr[" + i + 1 + "]/td[4]")).getText(): null&#xD;
&#xD;
2019-08-14 13:47:08 - [TEST_STEP][PASSED] - statusValue = xpath("//*[@id='tab-5']/table/tbody/tr[" + i + 1 + "]/td[5]")).getText(): null&#xD;
&#xD;
2019-08-14 13:47:08 - [TEST_STEP][PASSED] - paymentValue = xpath("//*[@id='tab-5']/table/tbody/tr[" + i + 1 + "]/td[6]")).getText(): null&#xD;
&#xD;
2019-08-14 13:47:08 - [TEST_STEP][PASSED] - order = driver.findElement(By.xpath("//*[@id='tab-5']/table/tbody/tr[" + i + 1 + "]/td[1]")): null&#xD;
&#xD;
2019-08-14 13:47:08 - [TEST_STEP][PASSED] - address = driver.findElement(By.xpath("//*[@id='tab-5']/table/tbody/tr[" + i + 1 + "]/td[2]")): null&#xD;
&#xD;
2019-08-14 13:47:08 - [TEST_STEP][PASSED] - listing = driver.findElement(By.xpath("//*[@id='tab-5']/table/tbody/tr[" + i + 1 + "]/td[3]")): null&#xD;
&#xD;
2019-08-14 13:47:08 - [TEST_STEP][PASSED] - bookingDate = driver.findElement(By.xpath("//*[@id='tab-5']/table/tbody/tr[" + i + 1 + "]/td[4]")): null&#xD;
&#xD;
2019-08-14 13:47:08 - [TEST_STEP][PASSED] - status = driver.findElement(By.xpath("//*[@id='tab-5']/table/tbody/tr[" + i + 1 + "]/td[5]")): null&#xD;
&#xD;
2019-08-14 13:47:08 - [TEST_STEP][PASSED] - paymentStatus = driver.findElement(By.xpath("//*[@id='tab-5']/table/tbody/tr[" + i + 1 + "]/td[6]")): null&#xD;
&#xD;
2019-08-14 13:47:08 - [TEST_STEP][PASSED] - js.executeScript("arguments[0].style.border='3px solid red'", order): null&#xD;
&#xD;
2019-08-14 13:47:08 - [TEST_STEP][PASSED] - js.executeScript("arguments[0].style.border='3px solid red'", address): null&#xD;
&#xD;
2019-08-14 13:47:08 - [TEST_STEP][PASSED] - js.executeScript("arguments[0].style.border='3px solid red'", listing): null&#xD;
&#xD;
2019-08-14 13:47:08 - [TEST_STEP][PASSED] - js.executeScript("arguments[0].style.border='3px solid red'", bookingDate): null&#xD;
&#xD;
2019-08-14 13:47:08 - [TEST_STEP][PASSED] - js.executeScript("arguments[0].style.border='3px solid red'", status): null&#xD;
&#xD;
2019-08-14 13:47:08 - [TEST_STEP][PASSED] - js.executeScript("arguments[0].style.border='3px solid red'", paymentStatus): null&#xD;
&#xD;
2019-08-14 13:47:08 - [TEST_STEP][PASSED] - out.println("OrderValues == " + orderValue): null&#xD;
&#xD;
2019-08-14 13:47:08 - [TEST_STEP][PASSED] - out.println("AddressValues == " + addressValue): null&#xD;
&#xD;
2019-08-14 13:47:08 - [TEST_STEP][PASSED] - out.println("ListingValues == " + listingValue): null&#xD;
&#xD;
2019-08-14 13:47:08 - [TEST_STEP][PASSED] - out.println("BookinDateValues == " + bookingDateValue): null&#xD;
&#xD;
2019-08-14 13:47:08 - [TEST_STEP][PASSED] - out.println("StatusValues == " + statusValue): null&#xD;
&#xD;
2019-08-14 13:47:08 - [TEST_STEP][PASSED] - out.println("PaymentStatusValues == " + paymentValue): null&#xD;
&#xD;
2019-08-14 13:47:08 - [TEST_STEP][PASSED] - Assert.assertNotEquals(orderValue, null, "Order number is null"): null&#xD;
&#xD;
2019-08-14 13:47:08 - [TEST_STEP][PASSED] - Assert.assertNotEquals(addressValue, null, "Address is null"): null&#xD;
&#xD;
2019-08-14 13:47:08 - [TEST_STEP][PASSED] - Assert.assertNotEquals(listingValue, null, "Listing is null"): null&#xD;
&#xD;
2019-08-14 13:47:08 - [TEST_STEP][PASSED] - Assert.assertNotEquals(bookingDateValue, null, "Booking date is null"): null&#xD;
&#xD;
2019-08-14 13:47:08 - [TEST_STEP][PASSED] - Assert.assertNotEquals(statusValue, null, "Status is null"): null&#xD;
&#xD;
2019-08-14 13:47:08 - [TEST_STEP][PASSED] - Assert.assertNotEquals(paymentValue, null, "Payment status is null"): null&#xD;
&#xD;
2019-08-14 13:47:08 - [TEST_STEP][PASSED] - out.println("Items == " + i + 1): null&#xD;
&#xD;
2019-08-14 13:47:08 - [TEST_STEP][PASSED] - orderValue = xpath("//*[@id='tab-5']/table/tbody/tr[" + i + 1 + "]/td[1]")).getText(): null&#xD;
&#xD;
2019-08-14 13:47:08 - [TEST_STEP][PASSED] - addressValue = xpath("//*[@id='tab-5']/table/tbody/tr[" + i + 1 + "]/td[2]")).getText(): null&#xD;
&#xD;
2019-08-14 13:47:09 - [TEST_STEP][PASSED] - listingValue = xpath("//*[@id='tab-5']/table/tbody/tr[" + i + 1 + "]/td[3]")).getText(): null&#xD;
&#xD;
2019-08-14 13:47:09 - [TEST_STEP][PASSED] - bookingDateValue = xpath("//*[@id='tab-5']/table/tbody/tr[" + i + 1 + "]/td[4]")).getText(): null&#xD;
&#xD;
2019-08-14 13:47:09 - [TEST_STEP][PASSED] - statusValue = xpath("//*[@id='tab-5']/table/tbody/tr[" + i + 1 + "]/td[5]")).getText(): null&#xD;
&#xD;
2019-08-14 13:47:09 - [TEST_STEP][PASSED] - paymentValue = xpath("//*[@id='tab-5']/table/tbody/tr[" + i + 1 + "]/td[6]")).getText(): null&#xD;
&#xD;
2019-08-14 13:47:09 - [TEST_STEP][PASSED] - order = driver.findElement(By.xpath("//*[@id='tab-5']/table/tbody/tr[" + i + 1 + "]/td[1]")): null&#xD;
&#xD;
2019-08-14 13:47:09 - [TEST_STEP][PASSED] - address = driver.findElement(By.xpath("//*[@id='tab-5']/table/tbody/tr[" + i + 1 + "]/td[2]")): null&#xD;
&#xD;
2019-08-14 13:47:09 - [TEST_STEP][PASSED] - listing = driver.findElement(By.xpath("//*[@id='tab-5']/table/tbody/tr[" + i + 1 + "]/td[3]")): null&#xD;
&#xD;
2019-08-14 13:47:09 - [TEST_STEP][PASSED] - bookingDate = driver.findElement(By.xpath("//*[@id='tab-5']/table/tbody/tr[" + i + 1 + "]/td[4]")): null&#xD;
&#xD;
2019-08-14 13:47:09 - [TEST_STEP][PASSED] - status = driver.findElement(By.xpath("//*[@id='tab-5']/table/tbody/tr[" + i + 1 + "]/td[5]")): null&#xD;
&#xD;
2019-08-14 13:47:09 - [TEST_STEP][PASSED] - paymentStatus = driver.findElement(By.xpath("//*[@id='tab-5']/table/tbody/tr[" + i + 1 + "]/td[6]")): null&#xD;
&#xD;
2019-08-14 13:47:09 - [TEST_STEP][PASSED] - js.executeScript("arguments[0].style.border='3px solid red'", order): null&#xD;
&#xD;
2019-08-14 13:47:09 - [TEST_STEP][PASSED] - js.executeScript("arguments[0].style.border='3px solid red'", address): null&#xD;
&#xD;
2019-08-14 13:47:09 - [TEST_STEP][PASSED] - js.executeScript("arguments[0].style.border='3px solid red'", listing): null&#xD;
&#xD;
2019-08-14 13:47:09 - [TEST_STEP][PASSED] - js.executeScript("arguments[0].style.border='3px solid red'", bookingDate): null&#xD;
&#xD;
2019-08-14 13:47:09 - [TEST_STEP][PASSED] - js.executeScript("arguments[0].style.border='3px solid red'", status): null&#xD;
&#xD;
2019-08-14 13:47:09 - [TEST_STEP][PASSED] - js.executeScript("arguments[0].style.border='3px solid red'", paymentStatus): null&#xD;
&#xD;
2019-08-14 13:47:09 - [TEST_STEP][PASSED] - out.println("OrderValues == " + orderValue): null&#xD;
&#xD;
2019-08-14 13:47:09 - [TEST_STEP][PASSED] - out.println("AddressValues == " + addressValue): null&#xD;
&#xD;
2019-08-14 13:47:09 - [TEST_STEP][PASSED] - out.println("ListingValues == " + listingValue): null&#xD;
&#xD;
2019-08-14 13:47:09 - [TEST_STEP][PASSED] - out.println("BookinDateValues == " + bookingDateValue): null&#xD;
&#xD;
2019-08-14 13:47:09 - [TEST_STEP][PASSED] - out.println("StatusValues == " + statusValue): null&#xD;
&#xD;
2019-08-14 13:47:09 - [TEST_STEP][PASSED] - out.println("PaymentStatusValues == " + paymentValue): null&#xD;
&#xD;
2019-08-14 13:47:09 - [TEST_STEP][PASSED] - Assert.assertNotEquals(orderValue, null, "Order number is null"): null&#xD;
&#xD;
2019-08-14 13:47:09 - [TEST_STEP][PASSED] - Assert.assertNotEquals(addressValue, null, "Address is null"): null&#xD;
&#xD;
2019-08-14 13:47:09 - [TEST_STEP][PASSED] - Assert.assertNotEquals(listingValue, null, "Listing is null"): null&#xD;
&#xD;
2019-08-14 13:47:09 - [TEST_STEP][PASSED] - Assert.assertNotEquals(bookingDateValue, null, "Booking date is null"): null&#xD;
&#xD;
2019-08-14 13:47:09 - [TEST_STEP][PASSED] - Assert.assertNotEquals(statusValue, null, "Status is null"): null&#xD;
&#xD;
2019-08-14 13:47:09 - [TEST_STEP][PASSED] - Assert.assertNotEquals(paymentValue, null, "Payment status is null"): null&#xD;
&#xD;
2019-08-14 13:47:09 - [TEST_STEP][PASSED] - out.println("Items == " + i + 1): null&#xD;
&#xD;
2019-08-14 13:47:09 - [TEST_STEP][PASSED] - orderValue = xpath("//*[@id='tab-5']/table/tbody/tr[" + i + 1 + "]/td[1]")).getText(): null&#xD;
&#xD;
2019-08-14 13:47:09 - [TEST_STEP][PASSED] - addressValue = xpath("//*[@id='tab-5']/table/tbody/tr[" + i + 1 + "]/td[2]")).getText(): null&#xD;
&#xD;
2019-08-14 13:47:09 - [TEST_STEP][PASSED] - listingValue = xpath("//*[@id='tab-5']/table/tbody/tr[" + i + 1 + "]/td[3]")).getText(): null&#xD;
&#xD;
2019-08-14 13:47:10 - [TEST_STEP][PASSED] - bookingDateValue = xpath("//*[@id='tab-5']/table/tbody/tr[" + i + 1 + "]/td[4]")).getText(): null&#xD;
&#xD;
2019-08-14 13:47:10 - [TEST_STEP][PASSED] - statusValue = xpath("//*[@id='tab-5']/table/tbody/tr[" + i + 1 + "]/td[5]")).getText(): null&#xD;
&#xD;
2019-08-14 13:47:10 - [TEST_STEP][PASSED] - paymentValue = xpath("//*[@id='tab-5']/table/tbody/tr[" + i + 1 + "]/td[6]")).getText(): null&#xD;
&#xD;
2019-08-14 13:47:10 - [TEST_STEP][PASSED] - order = driver.findElement(By.xpath("//*[@id='tab-5']/table/tbody/tr[" + i + 1 + "]/td[1]")): null&#xD;
&#xD;
2019-08-14 13:47:10 - [TEST_STEP][PASSED] - address = driver.findElement(By.xpath("//*[@id='tab-5']/table/tbody/tr[" + i + 1 + "]/td[2]")): null&#xD;
&#xD;
2019-08-14 13:47:10 - [TEST_STEP][PASSED] - listing = driver.findElement(By.xpath("//*[@id='tab-5']/table/tbody/tr[" + i + 1 + "]/td[3]")): null&#xD;
&#xD;
2019-08-14 13:47:10 - [TEST_STEP][PASSED] - bookingDate = driver.findElement(By.xpath("//*[@id='tab-5']/table/tbody/tr[" + i + 1 + "]/td[4]")): null&#xD;
&#xD;
2019-08-14 13:47:10 - [TEST_STEP][PASSED] - status = driver.findElement(By.xpath("//*[@id='tab-5']/table/tbody/tr[" + i + 1 + "]/td[5]")): null&#xD;
&#xD;
2019-08-14 13:47:10 - [TEST_STEP][PASSED] - paymentStatus = driver.findElement(By.xpath("//*[@id='tab-5']/table/tbody/tr[" + i + 1 + "]/td[6]")): null&#xD;
&#xD;
2019-08-14 13:47:10 - [TEST_STEP][PASSED] - js.executeScript("arguments[0].style.border='3px solid red'", order): null&#xD;
&#xD;
2019-08-14 13:47:10 - [TEST_STEP][PASSED] - js.executeScript("arguments[0].style.border='3px solid red'", address): null&#xD;
&#xD;
2019-08-14 13:47:10 - [TEST_STEP][PASSED] - js.executeScript("arguments[0].style.border='3px solid red'", listing): null&#xD;
&#xD;
2019-08-14 13:47:10 - [TEST_STEP][PASSED] - js.executeScript("arguments[0].style.border='3px solid red'", bookingDate): null&#xD;
&#xD;
2019-08-14 13:47:10 - [TEST_STEP][PASSED] - js.executeScript("arguments[0].style.border='3px solid red'", status): null&#xD;
&#xD;
2019-08-14 13:47:10 - [TEST_STEP][PASSED] - js.executeScript("arguments[0].style.border='3px solid red'", paymentStatus): null&#xD;
&#xD;
2019-08-14 13:47:10 - [TEST_STEP][PASSED] - out.println("OrderValues == " + orderValue): null&#xD;
&#xD;
2019-08-14 13:47:10 - [TEST_STEP][PASSED] - out.println("AddressValues == " + addressValue): null&#xD;
&#xD;
2019-08-14 13:47:10 - [TEST_STEP][PASSED] - out.println("ListingValues == " + listingValue): null&#xD;
&#xD;
2019-08-14 13:47:10 - [TEST_STEP][PASSED] - out.println("BookinDateValues == " + bookingDateValue): null&#xD;
&#xD;
2019-08-14 13:47:10 - [TEST_STEP][PASSED] - out.println("StatusValues == " + statusValue): null&#xD;
&#xD;
2019-08-14 13:47:10 - [TEST_STEP][PASSED] - out.println("PaymentStatusValues == " + paymentValue): null&#xD;
&#xD;
2019-08-14 13:47:10 - [TEST_STEP][PASSED] - Assert.assertNotEquals(orderValue, null, "Order number is null"): null&#xD;
&#xD;
2019-08-14 13:47:10 - [TEST_STEP][PASSED] - Assert.assertNotEquals(addressValue, null, "Address is null"): null&#xD;
&#xD;
2019-08-14 13:47:10 - [TEST_STEP][PASSED] - Assert.assertNotEquals(listingValue, null, "Listing is null"): null&#xD;
&#xD;
2019-08-14 13:47:10 - [TEST_STEP][PASSED] - Assert.assertNotEquals(bookingDateValue, null, "Booking date is null"): null&#xD;
&#xD;
2019-08-14 13:47:10 - [TEST_STEP][PASSED] - Assert.assertNotEquals(statusValue, null, "Status is null"): null&#xD;
&#xD;
2019-08-14 13:47:10 - [TEST_STEP][PASSED] - Assert.assertNotEquals(paymentValue, null, "Payment status is null"): null&#xD;
&#xD;
2019-08-14 13:47:10 - [TEST_STEP][PASSED] - out.println("Items == " + i + 1): null&#xD;
&#xD;
2019-08-14 13:47:10 - [TEST_STEP][PASSED] - orderValue = xpath("//*[@id='tab-5']/table/tbody/tr[" + i + 1 + "]/td[1]")).getText(): null&#xD;
&#xD;
2019-08-14 13:47:10 - [TEST_STEP][PASSED] - addressValue = xpath("//*[@id='tab-5']/table/tbody/tr[" + i + 1 + "]/td[2]")).getText(): null&#xD;
&#xD;
2019-08-14 13:47:10 - [TEST_STEP][PASSED] - listingValue = xpath("//*[@id='tab-5']/table/tbody/tr[" + i + 1 + "]/td[3]")).getText(): null&#xD;
&#xD;
2019-08-14 13:47:11 - [TEST_STEP][PASSED] - bookingDateValue = xpath("//*[@id='tab-5']/table/tbody/tr[" + i + 1 + "]/td[4]")).getText(): null&#xD;
&#xD;
2019-08-14 13:47:11 - [TEST_STEP][PASSED] - statusValue = xpath("//*[@id='tab-5']/table/tbody/tr[" + i + 1 + "]/td[5]")).getText(): null&#xD;
&#xD;
2019-08-14 13:47:11 - [TEST_STEP][PASSED] - paymentValue = xpath("//*[@id='tab-5']/table/tbody/tr[" + i + 1 + "]/td[6]")).getText(): null&#xD;
&#xD;
2019-08-14 13:47:11 - [TEST_STEP][PASSED] - order = driver.findElement(By.xpath("//*[@id='tab-5']/table/tbody/tr[" + i + 1 + "]/td[1]")): null&#xD;
&#xD;
2019-08-14 13:47:11 - [TEST_STEP][PASSED] - address = driver.findElement(By.xpath("//*[@id='tab-5']/table/tbody/tr[" + i + 1 + "]/td[2]")): null&#xD;
&#xD;
2019-08-14 13:47:11 - [TEST_STEP][PASSED] - listing = driver.findElement(By.xpath("//*[@id='tab-5']/table/tbody/tr[" + i + 1 + "]/td[3]")): null&#xD;
&#xD;
2019-08-14 13:47:11 - [TEST_STEP][PASSED] - bookingDate = driver.findElement(By.xpath("//*[@id='tab-5']/table/tbody/tr[" + i + 1 + "]/td[4]")): null&#xD;
&#xD;
2019-08-14 13:47:11 - [TEST_STEP][PASSED] - status = driver.findElement(By.xpath("//*[@id='tab-5']/table/tbody/tr[" + i + 1 + "]/td[5]")): null&#xD;
&#xD;
2019-08-14 13:47:11 - [TEST_STEP][PASSED] - paymentStatus = driver.findElement(By.xpath("//*[@id='tab-5']/table/tbody/tr[" + i + 1 + "]/td[6]")): null&#xD;
&#xD;
2019-08-14 13:47:11 - [TEST_STEP][PASSED] - js.executeScript("arguments[0].style.border='3px solid red'", order): null&#xD;
&#xD;
2019-08-14 13:47:11 - [TEST_STEP][PASSED] - js.executeScript("arguments[0].style.border='3px solid red'", address): null&#xD;
&#xD;
2019-08-14 13:47:11 - [TEST_STEP][PASSED] - js.executeScript("arguments[0].style.border='3px solid red'", listing): null&#xD;
&#xD;
2019-08-14 13:47:11 - [TEST_STEP][PASSED] - js.executeScript("arguments[0].style.border='3px solid red'", bookingDate): null&#xD;
&#xD;
2019-08-14 13:47:11 - [TEST_STEP][PASSED] - js.executeScript("arguments[0].style.border='3px solid red'", status): null&#xD;
&#xD;
2019-08-14 13:47:11 - [TEST_STEP][PASSED] - js.executeScript("arguments[0].style.border='3px solid red'", paymentStatus): null&#xD;
&#xD;
2019-08-14 13:47:11 - [TEST_STEP][PASSED] - out.println("OrderValues == " + orderValue): null&#xD;
&#xD;
2019-08-14 13:47:11 - [TEST_STEP][PASSED] - out.println("AddressValues == " + addressValue): null&#xD;
&#xD;
2019-08-14 13:47:11 - [TEST_STEP][PASSED] - out.println("ListingValues == " + listingValue): null&#xD;
&#xD;
2019-08-14 13:47:11 - [TEST_STEP][PASSED] - out.println("BookinDateValues == " + bookingDateValue): null&#xD;
&#xD;
2019-08-14 13:47:11 - [TEST_STEP][PASSED] - out.println("StatusValues == " + statusValue): null&#xD;
&#xD;
2019-08-14 13:47:11 - [TEST_STEP][PASSED] - out.println("PaymentStatusValues == " + paymentValue): null&#xD;
&#xD;
2019-08-14 13:47:11 - [TEST_STEP][PASSED] - Assert.assertNotEquals(orderValue, null, "Order number is null"): null&#xD;
&#xD;
2019-08-14 13:47:11 - [TEST_STEP][PASSED] - Assert.assertNotEquals(addressValue, null, "Address is null"): null&#xD;
&#xD;
2019-08-14 13:47:11 - [TEST_STEP][PASSED] - Assert.assertNotEquals(listingValue, null, "Listing is null"): null&#xD;
&#xD;
2019-08-14 13:47:11 - [TEST_STEP][PASSED] - Assert.assertNotEquals(bookingDateValue, null, "Booking date is null"): null&#xD;
&#xD;
2019-08-14 13:47:11 - [TEST_STEP][PASSED] - Assert.assertNotEquals(statusValue, null, "Status is null"): null&#xD;
&#xD;
2019-08-14 13:47:11 - [TEST_STEP][PASSED] - Assert.assertNotEquals(paymentValue, null, "Payment status is null"): null&#xD;
&#xD;
2019-08-14 13:47:11 - [TEST_STEP][PASSED] - out.println("Items == " + i + 1): null&#xD;
&#xD;
2019-08-14 13:47:11 - [TEST_STEP][PASSED] - orderValue = xpath("//*[@id='tab-5']/table/tbody/tr[" + i + 1 + "]/td[1]")).getText(): null&#xD;
&#xD;
2019-08-14 13:47:11 - [TEST_STEP][PASSED] - addressValue = xpath("//*[@id='tab-5']/table/tbody/tr[" + i + 1 + "]/td[2]")).getText(): null&#xD;
&#xD;
2019-08-14 13:47:11 - [TEST_STEP][PASSED] - listingValue = xpath("//*[@id='tab-5']/table/tbody/tr[" + i + 1 + "]/td[3]")).getText(): null&#xD;
&#xD;
2019-08-14 13:47:11 - [TEST_STEP][PASSED] - bookingDateValue = xpath("//*[@id='tab-5']/table/tbody/tr[" + i + 1 + "]/td[4]")).getText(): null&#xD;
&#xD;
2019-08-14 13:47:11 - [TEST_STEP][PASSED] - statusValue = xpath("//*[@id='tab-5']/table/tbody/tr[" + i + 1 + "]/td[5]")).getText(): null&#xD;
&#xD;
2019-08-14 13:47:11 - [TEST_STEP][PASSED] - paymentValue = xpath("//*[@id='tab-5']/table/tbody/tr[" + i + 1 + "]/td[6]")).getText(): null&#xD;
&#xD;
2019-08-14 13:47:12 - [TEST_STEP][PASSED] - order = driver.findElement(By.xpath("//*[@id='tab-5']/table/tbody/tr[" + i + 1 + "]/td[1]")): null&#xD;
&#xD;
2019-08-14 13:47:12 - [TEST_STEP][PASSED] - address = driver.findElement(By.xpath("//*[@id='tab-5']/table/tbody/tr[" + i + 1 + "]/td[2]")): null&#xD;
&#xD;
2019-08-14 13:47:12 - [TEST_STEP][PASSED] - listing = driver.findElement(By.xpath("//*[@id='tab-5']/table/tbody/tr[" + i + 1 + "]/td[3]")): null&#xD;
&#xD;
2019-08-14 13:47:12 - [TEST_STEP][PASSED] - bookingDate = driver.findElement(By.xpath("//*[@id='tab-5']/table/tbody/tr[" + i + 1 + "]/td[4]")): null&#xD;
&#xD;
2019-08-14 13:47:12 - [TEST_STEP][PASSED] - status = driver.findElement(By.xpath("//*[@id='tab-5']/table/tbody/tr[" + i + 1 + "]/td[5]")): null&#xD;
&#xD;
2019-08-14 13:47:12 - [TEST_STEP][PASSED] - paymentStatus = driver.findElement(By.xpath("//*[@id='tab-5']/table/tbody/tr[" + i + 1 + "]/td[6]")): null&#xD;
&#xD;
2019-08-14 13:47:12 - [TEST_STEP][PASSED] - js.executeScript("arguments[0].style.border='3px solid red'", order): null&#xD;
&#xD;
2019-08-14 13:47:12 - [TEST_STEP][PASSED] - js.executeScript("arguments[0].style.border='3px solid red'", address): null&#xD;
&#xD;
2019-08-14 13:47:12 - [TEST_STEP][PASSED] - js.executeScript("arguments[0].style.border='3px solid red'", listing): null&#xD;
&#xD;
2019-08-14 13:47:12 - [TEST_STEP][PASSED] - js.executeScript("arguments[0].style.border='3px solid red'", bookingDate): null&#xD;
&#xD;
2019-08-14 13:47:12 - [TEST_STEP][PASSED] - js.executeScript("arguments[0].style.border='3px solid red'", status): null&#xD;
&#xD;
2019-08-14 13:47:12 - [TEST_STEP][PASSED] - js.executeScript("arguments[0].style.border='3px solid red'", paymentStatus): null&#xD;
&#xD;
2019-08-14 13:47:12 - [TEST_STEP][PASSED] - out.println("OrderValues == " + orderValue): null&#xD;
&#xD;
2019-08-14 13:47:12 - [TEST_STEP][PASSED] - out.println("AddressValues == " + addressValue): null&#xD;
&#xD;
2019-08-14 13:47:12 - [TEST_STEP][PASSED] - out.println("ListingValues == " + listingValue): null&#xD;
&#xD;
2019-08-14 13:47:12 - [TEST_STEP][PASSED] - out.println("BookinDateValues == " + bookingDateValue): null&#xD;
&#xD;
2019-08-14 13:47:12 - [TEST_STEP][PASSED] - out.println("StatusValues == " + statusValue): null&#xD;
&#xD;
2019-08-14 13:47:12 - [TEST_STEP][PASSED] - out.println("PaymentStatusValues == " + paymentValue): null&#xD;
&#xD;
2019-08-14 13:47:12 - [TEST_STEP][PASSED] - Assert.assertNotEquals(orderValue, null, "Order number is null"): null&#xD;
&#xD;
2019-08-14 13:47:12 - [TEST_STEP][PASSED] - Assert.assertNotEquals(addressValue, null, "Address is null"): null&#xD;
&#xD;
2019-08-14 13:47:12 - [TEST_STEP][PASSED] - Assert.assertNotEquals(listingValue, null, "Listing is null"): null&#xD;
&#xD;
2019-08-14 13:47:12 - [TEST_STEP][PASSED] - Assert.assertNotEquals(bookingDateValue, null, "Booking date is null"): null&#xD;
&#xD;
2019-08-14 13:47:12 - [TEST_STEP][PASSED] - Assert.assertNotEquals(statusValue, null, "Status is null"): null&#xD;
&#xD;
2019-08-14 13:47:12 - [TEST_STEP][PASSED] - Assert.assertNotEquals(paymentValue, null, "Payment status is null"): null&#xD;
&#xD;
2019-08-14 13:47:12 - [TEST_STEP][PASSED] - out.println("Items == " + i + 1): null&#xD;
&#xD;
2019-08-14 13:47:12 - [TEST_STEP][PASSED] - orderValue = xpath("//*[@id='tab-5']/table/tbody/tr[" + i + 1 + "]/td[1]")).getText(): null&#xD;
&#xD;
2019-08-14 13:47:12 - [TEST_STEP][PASSED] - addressValue = xpath("//*[@id='tab-5']/table/tbody/tr[" + i + 1 + "]/td[2]")).getText(): null&#xD;
&#xD;
2019-08-14 13:47:12 - [TEST_STEP][PASSED] - listingValue = xpath("//*[@id='tab-5']/table/tbody/tr[" + i + 1 + "]/td[3]")).getText(): null&#xD;
&#xD;
2019-08-14 13:47:12 - [TEST_STEP][PASSED] - bookingDateValue = xpath("//*[@id='tab-5']/table/tbody/tr[" + i + 1 + "]/td[4]")).getText(): null&#xD;
&#xD;
2019-08-14 13:47:12 - [TEST_STEP][PASSED] - statusValue = xpath("//*[@id='tab-5']/table/tbody/tr[" + i + 1 + "]/td[5]")).getText(): null&#xD;
&#xD;
2019-08-14 13:47:12 - [TEST_STEP][PASSED] - paymentValue = xpath("//*[@id='tab-5']/table/tbody/tr[" + i + 1 + "]/td[6]")).getText(): null&#xD;
&#xD;
2019-08-14 13:47:12 - [TEST_STEP][PASSED] - order = driver.findElement(By.xpath("//*[@id='tab-5']/table/tbody/tr[" + i + 1 + "]/td[1]")): null&#xD;
&#xD;
2019-08-14 13:47:12 - [TEST_STEP][PASSED] - address = driver.findElement(By.xpath("//*[@id='tab-5']/table/tbody/tr[" + i + 1 + "]/td[2]")): null&#xD;
&#xD;
2019-08-14 13:47:12 - [TEST_STEP][PASSED] - listing = driver.findElement(By.xpath("//*[@id='tab-5']/table/tbody/tr[" + i + 1 + "]/td[3]")): null&#xD;
&#xD;
2019-08-14 13:47:12 - [TEST_STEP][PASSED] - bookingDate = driver.findElement(By.xpath("//*[@id='tab-5']/table/tbody/tr[" + i + 1 + "]/td[4]")): null&#xD;
&#xD;
2019-08-14 13:47:12 - [TEST_STEP][PASSED] - status = driver.findElement(By.xpath("//*[@id='tab-5']/table/tbody/tr[" + i + 1 + "]/td[5]")): null&#xD;
&#xD;
2019-08-14 13:47:12 - [TEST_STEP][PASSED] - paymentStatus = driver.findElement(By.xpath("//*[@id='tab-5']/table/tbody/tr[" + i + 1 + "]/td[6]")): null&#xD;
&#xD;
2019-08-14 13:47:12 - [TEST_STEP][PASSED] - js.executeScript("arguments[0].style.border='3px solid red'", order): null&#xD;
&#xD;
2019-08-14 13:47:12 - [TEST_STEP][PASSED] - js.executeScript("arguments[0].style.border='3px solid red'", address): null&#xD;
&#xD;
2019-08-14 13:47:13 - [TEST_STEP][PASSED] - js.executeScript("arguments[0].style.border='3px solid red'", listing): null&#xD;
&#xD;
2019-08-14 13:47:13 - [TEST_STEP][PASSED] - js.executeScript("arguments[0].style.border='3px solid red'", bookingDate): null&#xD;
&#xD;
2019-08-14 13:47:13 - [TEST_STEP][PASSED] - js.executeScript("arguments[0].style.border='3px solid red'", status): null&#xD;
&#xD;
2019-08-14 13:47:13 - [TEST_STEP][PASSED] - js.executeScript("arguments[0].style.border='3px solid red'", paymentStatus): null&#xD;
&#xD;
2019-08-14 13:47:13 - [TEST_STEP][PASSED] - out.println("OrderValues == " + orderValue): null&#xD;
&#xD;
2019-08-14 13:47:13 - [TEST_STEP][PASSED] - out.println("AddressValues == " + addressValue): null&#xD;
&#xD;
2019-08-14 13:47:13 - [TEST_STEP][PASSED] - out.println("ListingValues == " + listingValue): null&#xD;
&#xD;
2019-08-14 13:47:13 - [TEST_STEP][PASSED] - out.println("BookinDateValues == " + bookingDateValue): null&#xD;
&#xD;
2019-08-14 13:47:13 - [TEST_STEP][PASSED] - out.println("StatusValues == " + statusValue): null&#xD;
&#xD;
2019-08-14 13:47:13 - [TEST_STEP][PASSED] - out.println("PaymentStatusValues == " + paymentValue): null&#xD;
&#xD;
2019-08-14 13:47:13 - [TEST_STEP][PASSED] - Assert.assertNotEquals(orderValue, null, "Order number is null"): null&#xD;
&#xD;
2019-08-14 13:47:13 - [TEST_STEP][PASSED] - Assert.assertNotEquals(addressValue, null, "Address is null"): null&#xD;
&#xD;
2019-08-14 13:47:13 - [TEST_STEP][PASSED] - Assert.assertNotEquals(listingValue, null, "Listing is null"): null&#xD;
&#xD;
2019-08-14 13:47:13 - [TEST_STEP][PASSED] - Assert.assertNotEquals(bookingDateValue, null, "Booking date is null"): null&#xD;
&#xD;
2019-08-14 13:47:13 - [TEST_STEP][PASSED] - Assert.assertNotEquals(statusValue, null, "Status is null"): null&#xD;
&#xD;
2019-08-14 13:47:13 - [TEST_STEP][PASSED] - Assert.assertNotEquals(paymentValue, null, "Payment status is null"): null&#xD;
&#xD;
2019-08-14 13:47:13 - [TEST_STEP][PASSED] - out.println("Items == " + i + 1): null&#xD;
&#xD;
2019-08-14 13:47:13 - [TEST_STEP][PASSED] - orderValue = xpath("//*[@id='tab-5']/table/tbody/tr[" + i + 1 + "]/td[1]")).getText(): null&#xD;
&#xD;
2019-08-14 13:47:13 - [TEST_STEP][PASSED] - addressValue = xpath("//*[@id='tab-5']/table/tbody/tr[" + i + 1 + "]/td[2]")).getText(): null&#xD;
&#xD;
2019-08-14 13:47:13 - [TEST_STEP][PASSED] - listingValue = xpath("//*[@id='tab-5']/table/tbody/tr[" + i + 1 + "]/td[3]")).getText(): null&#xD;
&#xD;
2019-08-14 13:47:13 - [TEST_STEP][PASSED] - bookingDateValue = xpath("//*[@id='tab-5']/table/tbody/tr[" + i + 1 + "]/td[4]")).getText(): null&#xD;
&#xD;
2019-08-14 13:47:13 - [TEST_STEP][PASSED] - statusValue = xpath("//*[@id='tab-5']/table/tbody/tr[" + i + 1 + "]/td[5]")).getText(): null&#xD;
&#xD;
2019-08-14 13:47:13 - [TEST_STEP][PASSED] - paymentValue = xpath("//*[@id='tab-5']/table/tbody/tr[" + i + 1 + "]/td[6]")).getText(): null&#xD;
&#xD;
2019-08-14 13:47:13 - [TEST_STEP][PASSED] - order = driver.findElement(By.xpath("//*[@id='tab-5']/table/tbody/tr[" + i + 1 + "]/td[1]")): null&#xD;
&#xD;
2019-08-14 13:47:13 - [TEST_STEP][PASSED] - address = driver.findElement(By.xpath("//*[@id='tab-5']/table/tbody/tr[" + i + 1 + "]/td[2]")): null&#xD;
&#xD;
2019-08-14 13:47:13 - [TEST_STEP][PASSED] - listing = driver.findElement(By.xpath("//*[@id='tab-5']/table/tbody/tr[" + i + 1 + "]/td[3]")): null&#xD;
&#xD;
2019-08-14 13:47:13 - [TEST_STEP][PASSED] - bookingDate = driver.findElement(By.xpath("//*[@id='tab-5']/table/tbody/tr[" + i + 1 + "]/td[4]")): null&#xD;
&#xD;
2019-08-14 13:47:13 - [TEST_STEP][PASSED] - status = driver.findElement(By.xpath("//*[@id='tab-5']/table/tbody/tr[" + i + 1 + "]/td[5]")): null&#xD;
&#xD;
2019-08-14 13:47:13 - [TEST_STEP][PASSED] - paymentStatus = driver.findElement(By.xpath("//*[@id='tab-5']/table/tbody/tr[" + i + 1 + "]/td[6]")): null&#xD;
&#xD;
2019-08-14 13:47:13 - [TEST_STEP][PASSED] - js.executeScript("arguments[0].style.border='3px solid red'", order): null&#xD;
&#xD;
2019-08-14 13:47:13 - [TEST_STEP][PASSED] - js.executeScript("arguments[0].style.border='3px solid red'", address): null&#xD;
&#xD;
2019-08-14 13:47:13 - [TEST_STEP][PASSED] - js.executeScript("arguments[0].style.border='3px solid red'", listing): null&#xD;
&#xD;
2019-08-14 13:47:13 - [TEST_STEP][PASSED] - js.executeScript("arguments[0].style.border='3px solid red'", bookingDate): null&#xD;
&#xD;
2019-08-14 13:47:13 - [TEST_STEP][PASSED] - js.executeScript("arguments[0].style.border='3px solid red'", status): null&#xD;
&#xD;
2019-08-14 13:47:13 - [TEST_STEP][PASSED] - js.executeScript("arguments[0].style.border='3px solid red'", paymentStatus): null&#xD;
&#xD;
2019-08-14 13:47:13 - [TEST_STEP][PASSED] - out.println("OrderValues == " + orderValue): null&#xD;
&#xD;
2019-08-14 13:47:13 - [TEST_STEP][PASSED] - out.println("AddressValues == " + addressValue): null&#xD;
&#xD;
2019-08-14 13:47:13 - [TEST_STEP][PASSED] - out.println("ListingValues == " + listingValue): null&#xD;
&#xD;
2019-08-14 13:47:13 - [TEST_STEP][PASSED] - out.println("BookinDateValues == " + bookingDateValue): null&#xD;
&#xD;
2019-08-14 13:47:13 - [TEST_STEP][PASSED] - out.println("StatusValues == " + statusValue): null&#xD;
&#xD;
2019-08-14 13:47:13 - [TEST_STEP][PASSED] - out.println("PaymentStatusValues == " + paymentValue): null&#xD;
&#xD;
2019-08-14 13:47:13 - [TEST_STEP][PASSED] - Assert.assertNotEquals(orderValue, null, "Order number is null"): null&#xD;
&#xD;
2019-08-14 13:47:13 - [TEST_STEP][PASSED] - Assert.assertNotEquals(addressValue, null, "Address is null"): null&#xD;
&#xD;
2019-08-14 13:47:13 - [TEST_STEP][PASSED] - Assert.assertNotEquals(listingValue, null, "Listing is null"): null&#xD;
&#xD;
2019-08-14 13:47:13 - [TEST_STEP][PASSED] - Assert.assertNotEquals(bookingDateValue, null, "Booking date is null"): null&#xD;
&#xD;
2019-08-14 13:47:13 - [TEST_STEP][PASSED] - Assert.assertNotEquals(statusValue, null, "Status is null"): null&#xD;
&#xD;
2019-08-14 13:47:13 - [TEST_STEP][PASSED] - Assert.assertNotEquals(paymentValue, null, "Payment status is null"): null&#xD;
&#xD;
2019-08-14 13:47:13 - [TEST_STEP][PASSED] - out.println("Items == " + i + 1): null&#xD;
&#xD;
2019-08-14 13:47:13 - [TEST_STEP][PASSED] - orderValue = xpath("//*[@id='tab-5']/table/tbody/tr[" + i + 1 + "]/td[1]")).getText(): null&#xD;
&#xD;
2019-08-14 13:47:13 - [TEST_STEP][PASSED] - addressValue = xpath("//*[@id='tab-5']/table/tbody/tr[" + i + 1 + "]/td[2]")).getText(): null&#xD;
&#xD;
2019-08-14 13:47:13 - [TEST_STEP][PASSED] - listingValue = xpath("//*[@id='tab-5']/table/tbody/tr[" + i + 1 + "]/td[3]")).getText(): null&#xD;
&#xD;
2019-08-14 13:47:13 - [TEST_STEP][PASSED] - bookingDateValue = xpath("//*[@id='tab-5']/table/tbody/tr[" + i + 1 + "]/td[4]")).getText(): null&#xD;
&#xD;
2019-08-14 13:47:14 - [TEST_STEP][PASSED] - statusValue = xpath("//*[@id='tab-5']/table/tbody/tr[" + i + 1 + "]/td[5]")).getText(): null&#xD;
&#xD;
2019-08-14 13:47:14 - [TEST_STEP][PASSED] - paymentValue = xpath("//*[@id='tab-5']/table/tbody/tr[" + i + 1 + "]/td[6]")).getText(): null&#xD;
&#xD;
2019-08-14 13:47:14 - [TEST_STEP][PASSED] - order = driver.findElement(By.xpath("//*[@id='tab-5']/table/tbody/tr[" + i + 1 + "]/td[1]")): null&#xD;
&#xD;
2019-08-14 13:47:14 - [TEST_STEP][PASSED] - address = driver.findElement(By.xpath("//*[@id='tab-5']/table/tbody/tr[" + i + 1 + "]/td[2]")): null&#xD;
&#xD;
2019-08-14 13:47:14 - [TEST_STEP][PASSED] - listing = driver.findElement(By.xpath("//*[@id='tab-5']/table/tbody/tr[" + i + 1 + "]/td[3]")): null&#xD;
&#xD;
2019-08-14 13:47:14 - [TEST_STEP][PASSED] - bookingDate = driver.findElement(By.xpath("//*[@id='tab-5']/table/tbody/tr[" + i + 1 + "]/td[4]")): null&#xD;
&#xD;
2019-08-14 13:47:14 - [TEST_STEP][PASSED] - status = driver.findElement(By.xpath("//*[@id='tab-5']/table/tbody/tr[" + i + 1 + "]/td[5]")): null&#xD;
&#xD;
2019-08-14 13:47:14 - [TEST_STEP][PASSED] - paymentStatus = driver.findElement(By.xpath("//*[@id='tab-5']/table/tbody/tr[" + i + 1 + "]/td[6]")): null&#xD;
&#xD;
2019-08-14 13:47:14 - [TEST_STEP][PASSED] - js.executeScript("arguments[0].style.border='3px solid red'", order): null&#xD;
&#xD;
2019-08-14 13:47:14 - [TEST_STEP][PASSED] - js.executeScript("arguments[0].style.border='3px solid red'", address): null&#xD;
&#xD;
2019-08-14 13:47:14 - [TEST_STEP][PASSED] - js.executeScript("arguments[0].style.border='3px solid red'", listing): null&#xD;
&#xD;
2019-08-14 13:47:14 - [TEST_STEP][PASSED] - js.executeScript("arguments[0].style.border='3px solid red'", bookingDate): null&#xD;
&#xD;
2019-08-14 13:47:14 - [TEST_STEP][PASSED] - js.executeScript("arguments[0].style.border='3px solid red'", status): null&#xD;
&#xD;
2019-08-14 13:47:14 - [TEST_STEP][PASSED] - js.executeScript("arguments[0].style.border='3px solid red'", paymentStatus): null&#xD;
&#xD;
2019-08-14 13:47:14 - [TEST_STEP][PASSED] - out.println("OrderValues == " + orderValue): null&#xD;
&#xD;
2019-08-14 13:47:14 - [TEST_STEP][PASSED] - out.println("AddressValues == " + addressValue): null&#xD;
&#xD;
2019-08-14 13:47:14 - [TEST_STEP][PASSED] - out.println("ListingValues == " + listingValue): null&#xD;
&#xD;
2019-08-14 13:47:14 - [TEST_STEP][PASSED] - out.println("BookinDateValues == " + bookingDateValue): null&#xD;
&#xD;
2019-08-14 13:47:14 - [TEST_STEP][PASSED] - out.println("StatusValues == " + statusValue): null&#xD;
&#xD;
2019-08-14 13:47:14 - [TEST_STEP][PASSED] - out.println("PaymentStatusValues == " + paymentValue): null&#xD;
&#xD;
2019-08-14 13:47:14 - [TEST_STEP][PASSED] - Assert.assertNotEquals(orderValue, null, "Order number is null"): null&#xD;
&#xD;
2019-08-14 13:47:14 - [TEST_STEP][PASSED] - Assert.assertNotEquals(addressValue, null, "Address is null"): null&#xD;
&#xD;
2019-08-14 13:47:14 - [TEST_STEP][PASSED] - Assert.assertNotEquals(listingValue, null, "Listing is null"): null&#xD;
&#xD;
2019-08-14 13:47:14 - [TEST_STEP][PASSED] - Assert.assertNotEquals(bookingDateValue, null, "Booking date is null"): null&#xD;
&#xD;
2019-08-14 13:47:14 - [TEST_STEP][PASSED] - Assert.assertNotEquals(statusValue, null, "Status is null"): null&#xD;
&#xD;
2019-08-14 13:47:14 - [TEST_STEP][PASSED] - Assert.assertNotEquals(paymentValue, null, "Payment status is null"): null&#xD;
&#xD;
2019-08-14 13:47:14 - [TEST_STEP][PASSED] - out.println("Items == " + i + 1): null&#xD;
&#xD;
2019-08-14 13:47:14 - [TEST_STEP][PASSED] - orderValue = xpath("//*[@id='tab-5']/table/tbody/tr[" + i + 1 + "]/td[1]")).getText(): null&#xD;
&#xD;
2019-08-14 13:47:14 - [TEST_STEP][PASSED] - addressValue = xpath("//*[@id='tab-5']/table/tbody/tr[" + i + 1 + "]/td[2]")).getText(): null&#xD;
&#xD;
2019-08-14 13:47:14 - [TEST_STEP][PASSED] - listingValue = xpath("//*[@id='tab-5']/table/tbody/tr[" + i + 1 + "]/td[3]")).getText(): null&#xD;
&#xD;
2019-08-14 13:47:14 - [TEST_STEP][PASSED] - bookingDateValue = xpath("//*[@id='tab-5']/table/tbody/tr[" + i + 1 + "]/td[4]")).getText(): null&#xD;
&#xD;
2019-08-14 13:47:14 - [TEST_STEP][PASSED] - statusValue = xpath("//*[@id='tab-5']/table/tbody/tr[" + i + 1 + "]/td[5]")).getText(): null&#xD;
&#xD;
2019-08-14 13:47:14 - [TEST_STEP][PASSED] - paymentValue = xpath("//*[@id='tab-5']/table/tbody/tr[" + i + 1 + "]/td[6]")).getText(): null&#xD;
&#xD;
2019-08-14 13:47:14 - [TEST_STEP][PASSED] - order = driver.findElement(By.xpath("//*[@id='tab-5']/table/tbody/tr[" + i + 1 + "]/td[1]")): null&#xD;
&#xD;
2019-08-14 13:47:14 - [TEST_STEP][PASSED] - address = driver.findElement(By.xpath("//*[@id='tab-5']/table/tbody/tr[" + i + 1 + "]/td[2]")): null&#xD;
&#xD;
2019-08-14 13:47:14 - [TEST_STEP][PASSED] - listing = driver.findElement(By.xpath("//*[@id='tab-5']/table/tbody/tr[" + i + 1 + "]/td[3]")): null&#xD;
&#xD;
2019-08-14 13:47:14 - [TEST_STEP][PASSED] - bookingDate = driver.findElement(By.xpath("//*[@id='tab-5']/table/tbody/tr[" + i + 1 + "]/td[4]")): null&#xD;
&#xD;
2019-08-14 13:47:14 - [TEST_STEP][PASSED] - status = driver.findElement(By.xpath("//*[@id='tab-5']/table/tbody/tr[" + i + 1 + "]/td[5]")): null&#xD;
&#xD;
2019-08-14 13:47:14 - [TEST_STEP][PASSED] - paymentStatus = driver.findElement(By.xpath("//*[@id='tab-5']/table/tbody/tr[" + i + 1 + "]/td[6]")): null&#xD;
&#xD;
2019-08-14 13:47:14 - [TEST_STEP][PASSED] - js.executeScript("arguments[0].style.border='3px solid red'", order): null&#xD;
&#xD;
2019-08-14 13:47:14 - [TEST_STEP][PASSED] - js.executeScript("arguments[0].style.border='3px solid red'", address): null&#xD;
&#xD;
2019-08-14 13:47:14 - [TEST_STEP][PASSED] - js.executeScript("arguments[0].style.border='3px solid red'", listing): null&#xD;
&#xD;
2019-08-14 13:47:14 - [TEST_STEP][PASSED] - js.executeScript("arguments[0].style.border='3px solid red'", bookingDate): null&#xD;
&#xD;
2019-08-14 13:47:14 - [TEST_STEP][PASSED] - js.executeScript("arguments[0].style.border='3px solid red'", status): null&#xD;
&#xD;
2019-08-14 13:47:14 - [TEST_STEP][PASSED] - js.executeScript("arguments[0].style.border='3px solid red'", paymentStatus): null&#xD;
&#xD;
2019-08-14 13:47:14 - [TEST_STEP][PASSED] - out.println("OrderValues == " + orderValue): null&#xD;
&#xD;
2019-08-14 13:47:14 - [TEST_STEP][PASSED] - out.println("AddressValues == " + addressValue): null&#xD;
&#xD;
2019-08-14 13:47:14 - [TEST_STEP][PASSED] - out.println("ListingValues == " + listingValue): null&#xD;
&#xD;
2019-08-14 13:47:14 - [TEST_STEP][PASSED] - out.println("BookinDateValues == " + bookingDateValue): null&#xD;
&#xD;
2019-08-14 13:47:14 - [TEST_STEP][PASSED] - out.println("StatusValues == " + statusValue): null&#xD;
&#xD;
2019-08-14 13:47:14 - [TEST_STEP][PASSED] - out.println("PaymentStatusValues == " + paymentValue): null&#xD;
&#xD;
2019-08-14 13:47:14 - [TEST_STEP][PASSED] - Assert.assertNotEquals(orderValue, null, "Order number is null"): null&#xD;
&#xD;
2019-08-14 13:47:14 - [TEST_STEP][PASSED] - Assert.assertNotEquals(addressValue, null, "Address is null"): null&#xD;
&#xD;
2019-08-14 13:47:14 - [TEST_STEP][PASSED] - Assert.assertNotEquals(listingValue, null, "Listing is null"): null&#xD;
&#xD;
2019-08-14 13:47:14 - [TEST_STEP][PASSED] - Assert.assertNotEquals(bookingDateValue, null, "Booking date is null"): null&#xD;
&#xD;
2019-08-14 13:47:14 - [TEST_STEP][PASSED] - Assert.assertNotEquals(statusValue, null, "Status is null"): null&#xD;
&#xD;
2019-08-14 13:47:14 - [TEST_STEP][PASSED] - Assert.assertNotEquals(paymentValue, null, "Payment status is null"): null&#xD;
&#xD;
2019-08-14 13:47:14 - [TEST_STEP][PASSED] - out.println("Items == " + i + 1): null&#xD;
&#xD;
2019-08-14 13:47:14 - [TEST_STEP][PASSED] - orderValue = xpath("//*[@id='tab-5']/table/tbody/tr[" + i + 1 + "]/td[1]")).getText(): null&#xD;
&#xD;
2019-08-14 13:47:14 - [TEST_STEP][PASSED] - addressValue = xpath("//*[@id='tab-5']/table/tbody/tr[" + i + 1 + "]/td[2]")).getText(): null&#xD;
&#xD;
2019-08-14 13:47:15 - [TEST_STEP][PASSED] - listingValue = xpath("//*[@id='tab-5']/table/tbody/tr[" + i + 1 + "]/td[3]")).getText(): null&#xD;
&#xD;
2019-08-14 13:47:15 - [TEST_STEP][PASSED] - bookingDateValue = xpath("//*[@id='tab-5']/table/tbody/tr[" + i + 1 + "]/td[4]")).getText(): null&#xD;
&#xD;
2019-08-14 13:47:15 - [TEST_STEP][PASSED] - statusValue = xpath("//*[@id='tab-5']/table/tbody/tr[" + i + 1 + "]/td[5]")).getText(): null&#xD;
&#xD;
2019-08-14 13:47:15 - [TEST_STEP][PASSED] - paymentValue = xpath("//*[@id='tab-5']/table/tbody/tr[" + i + 1 + "]/td[6]")).getText(): null&#xD;
&#xD;
2019-08-14 13:47:15 - [TEST_STEP][PASSED] - order = driver.findElement(By.xpath("//*[@id='tab-5']/table/tbody/tr[" + i + 1 + "]/td[1]")): null&#xD;
&#xD;
2019-08-14 13:47:15 - [TEST_STEP][PASSED] - address = driver.findElement(By.xpath("//*[@id='tab-5']/table/tbody/tr[" + i + 1 + "]/td[2]")): null&#xD;
&#xD;
2019-08-14 13:47:15 - [TEST_STEP][PASSED] - listing = driver.findElement(By.xpath("//*[@id='tab-5']/table/tbody/tr[" + i + 1 + "]/td[3]")): null&#xD;
&#xD;
2019-08-14 13:47:15 - [TEST_STEP][PASSED] - bookingDate = driver.findElement(By.xpath("//*[@id='tab-5']/table/tbody/tr[" + i + 1 + "]/td[4]")): null&#xD;
&#xD;
2019-08-14 13:47:15 - [TEST_STEP][PASSED] - status = driver.findElement(By.xpath("//*[@id='tab-5']/table/tbody/tr[" + i + 1 + "]/td[5]")): null&#xD;
&#xD;
2019-08-14 13:47:15 - [TEST_STEP][PASSED] - paymentStatus = driver.findElement(By.xpath("//*[@id='tab-5']/table/tbody/tr[" + i + 1 + "]/td[6]")): null&#xD;
&#xD;
2019-08-14 13:47:15 - [TEST_STEP][PASSED] - js.executeScript("arguments[0].style.border='3px solid red'", order): null&#xD;
&#xD;
2019-08-14 13:47:15 - [TEST_STEP][PASSED] - js.executeScript("arguments[0].style.border='3px solid red'", address): null&#xD;
&#xD;
2019-08-14 13:47:15 - [TEST_STEP][PASSED] - js.executeScript("arguments[0].style.border='3px solid red'", listing): null&#xD;
&#xD;
2019-08-14 13:47:15 - [TEST_STEP][PASSED] - js.executeScript("arguments[0].style.border='3px solid red'", bookingDate): null&#xD;
&#xD;
2019-08-14 13:47:15 - [TEST_STEP][PASSED] - js.executeScript("arguments[0].style.border='3px solid red'", status): null&#xD;
&#xD;
2019-08-14 13:47:15 - [TEST_STEP][PASSED] - js.executeScript("arguments[0].style.border='3px solid red'", paymentStatus): null&#xD;
&#xD;
2019-08-14 13:47:15 - [TEST_STEP][PASSED] - out.println("OrderValues == " + orderValue): null&#xD;
&#xD;
2019-08-14 13:47:15 - [TEST_STEP][PASSED] - out.println("AddressValues == " + addressValue): null&#xD;
&#xD;
2019-08-14 13:47:15 - [TEST_STEP][PASSED] - out.println("ListingValues == " + listingValue): null&#xD;
&#xD;
2019-08-14 13:47:15 - [TEST_STEP][PASSED] - out.println("BookinDateValues == " + bookingDateValue): null&#xD;
&#xD;
2019-08-14 13:47:15 - [TEST_STEP][PASSED] - out.println("StatusValues == " + statusValue): null&#xD;
&#xD;
2019-08-14 13:47:15 - [TEST_STEP][PASSED] - out.println("PaymentStatusValues == " + paymentValue): null&#xD;
&#xD;
2019-08-14 13:47:15 - [TEST_STEP][PASSED] - Assert.assertNotEquals(orderValue, null, "Order number is null"): null&#xD;
&#xD;
2019-08-14 13:47:15 - [TEST_STEP][PASSED] - Assert.assertNotEquals(addressValue, null, "Address is null"): null&#xD;
&#xD;
2019-08-14 13:47:15 - [TEST_STEP][PASSED] - Assert.assertNotEquals(listingValue, null, "Listing is null"): null&#xD;
&#xD;
2019-08-14 13:47:15 - [TEST_STEP][PASSED] - Assert.assertNotEquals(bookingDateValue, null, "Booking date is null"): null&#xD;
&#xD;
2019-08-14 13:47:15 - [TEST_STEP][PASSED] - Assert.assertNotEquals(statusValue, null, "Status is null"): null&#xD;
&#xD;
2019-08-14 13:47:15 - [TEST_STEP][PASSED] - Assert.assertNotEquals(paymentValue, null, "Payment status is null"): null&#xD;
&#xD;
2019-08-14 13:47:15 - [TEST_STEP][PASSED] - out.println("Items == " + i + 1): null&#xD;
&#xD;
2019-08-14 13:47:15 - [TEST_STEP][PASSED] - orderValue = xpath("//*[@id='tab-5']/table/tbody/tr[" + i + 1 + "]/td[1]")).getText(): null&#xD;
&#xD;
2019-08-14 13:47:15 - [TEST_STEP][PASSED] - addressValue = xpath("//*[@id='tab-5']/table/tbody/tr[" + i + 1 + "]/td[2]")).getText(): null&#xD;
&#xD;
2019-08-14 13:47:15 - [TEST_STEP][PASSED] - listingValue = xpath("//*[@id='tab-5']/table/tbody/tr[" + i + 1 + "]/td[3]")).getText(): null&#xD;
&#xD;
2019-08-14 13:47:15 - [TEST_STEP][PASSED] - bookingDateValue = xpath("//*[@id='tab-5']/table/tbody/tr[" + i + 1 + "]/td[4]")).getText(): null&#xD;
&#xD;
2019-08-14 13:47:15 - [TEST_STEP][PASSED] - statusValue = xpath("//*[@id='tab-5']/table/tbody/tr[" + i + 1 + "]/td[5]")).getText(): null&#xD;
&#xD;
2019-08-14 13:47:15 - [TEST_STEP][PASSED] - paymentValue = xpath("//*[@id='tab-5']/table/tbody/tr[" + i + 1 + "]/td[6]")).getText(): null&#xD;
&#xD;
2019-08-14 13:47:15 - [TEST_STEP][PASSED] - order = driver.findElement(By.xpath("//*[@id='tab-5']/table/tbody/tr[" + i + 1 + "]/td[1]")): null&#xD;
&#xD;
2019-08-14 13:47:15 - [TEST_STEP][PASSED] - address = driver.findElement(By.xpath("//*[@id='tab-5']/table/tbody/tr[" + i + 1 + "]/td[2]")): null&#xD;
&#xD;
2019-08-14 13:47:15 - [TEST_STEP][PASSED] - listing = driver.findElement(By.xpath("//*[@id='tab-5']/table/tbody/tr[" + i + 1 + "]/td[3]")): null&#xD;
&#xD;
2019-08-14 13:47:15 - [TEST_STEP][PASSED] - bookingDate = driver.findElement(By.xpath("//*[@id='tab-5']/table/tbody/tr[" + i + 1 + "]/td[4]")): null&#xD;
&#xD;
2019-08-14 13:47:15 - [TEST_STEP][PASSED] - status = driver.findElement(By.xpath("//*[@id='tab-5']/table/tbody/tr[" + i + 1 + "]/td[5]")): null&#xD;
&#xD;
2019-08-14 13:47:15 - [TEST_STEP][PASSED] - paymentStatus = driver.findElement(By.xpath("//*[@id='tab-5']/table/tbody/tr[" + i + 1 + "]/td[6]")): null&#xD;
&#xD;
2019-08-14 13:47:15 - [TEST_STEP][PASSED] - js.executeScript("arguments[0].style.border='3px solid red'", order): null&#xD;
&#xD;
2019-08-14 13:47:15 - [TEST_STEP][PASSED] - js.executeScript("arguments[0].style.border='3px solid red'", address): null&#xD;
&#xD;
2019-08-14 13:47:15 - [TEST_STEP][PASSED] - js.executeScript("arguments[0].style.border='3px solid red'", listing): null&#xD;
&#xD;
2019-08-14 13:47:15 - [TEST_STEP][PASSED] - js.executeScript("arguments[0].style.border='3px solid red'", bookingDate): null&#xD;
&#xD;
2019-08-14 13:47:15 - [TEST_STEP][PASSED] - js.executeScript("arguments[0].style.border='3px solid red'", status): null&#xD;
&#xD;
2019-08-14 13:47:15 - [TEST_STEP][PASSED] - js.executeScript("arguments[0].style.border='3px solid red'", paymentStatus): null&#xD;
&#xD;
2019-08-14 13:47:15 - [TEST_STEP][PASSED] - out.println("OrderValues == " + orderValue): null&#xD;
&#xD;
2019-08-14 13:47:15 - [TEST_STEP][PASSED] - out.println("AddressValues == " + addressValue): null&#xD;
&#xD;
2019-08-14 13:47:15 - [TEST_STEP][PASSED] - out.println("ListingValues == " + listingValue): null&#xD;
&#xD;
2019-08-14 13:47:15 - [TEST_STEP][PASSED] - out.println("BookinDateValues == " + bookingDateValue): null&#xD;
&#xD;
2019-08-14 13:47:15 - [TEST_STEP][PASSED] - out.println("StatusValues == " + statusValue): null&#xD;
&#xD;
2019-08-14 13:47:15 - [TEST_STEP][PASSED] - out.println("PaymentStatusValues == " + paymentValue): null&#xD;
&#xD;
2019-08-14 13:47:15 - [TEST_STEP][PASSED] - Assert.assertNotEquals(orderValue, null, "Order number is null"): null&#xD;
&#xD;
2019-08-14 13:47:15 - [TEST_STEP][PASSED] - Assert.assertNotEquals(addressValue, null, "Address is null"): null&#xD;
&#xD;
2019-08-14 13:47:15 - [TEST_STEP][PASSED] - Assert.assertNotEquals(listingValue, null, "Listing is null"): null&#xD;
&#xD;
2019-08-14 13:47:15 - [TEST_STEP][PASSED] - Assert.assertNotEquals(bookingDateValue, null, "Booking date is null"): null&#xD;
&#xD;
2019-08-14 13:47:15 - [TEST_STEP][PASSED] - Assert.assertNotEquals(statusValue, null, "Status is null"): null&#xD;
&#xD;
2019-08-14 13:47:15 - [TEST_STEP][PASSED] - Assert.assertNotEquals(paymentValue, null, "Payment status is null"): null&#xD;
&#xD;
2019-08-14 13:47:15 - [TEST_STEP][PASSED] - out.println("Items == " + i + 1): null&#xD;
&#xD;
2019-08-14 13:47:15 - [TEST_STEP][PASSED] - orderValue = xpath("//*[@id='tab-5']/table/tbody/tr[" + i + 1 + "]/td[1]")).getText(): null&#xD;
&#xD;
2019-08-14 13:47:16 - [TEST_STEP][PASSED] - addressValue = xpath("//*[@id='tab-5']/table/tbody/tr[" + i + 1 + "]/td[2]")).getText(): null&#xD;
&#xD;
2019-08-14 13:47:16 - [TEST_STEP][PASSED] - listingValue = xpath("//*[@id='tab-5']/table/tbody/tr[" + i + 1 + "]/td[3]")).getText(): null&#xD;
&#xD;
2019-08-14 13:47:16 - [TEST_STEP][PASSED] - bookingDateValue = xpath("//*[@id='tab-5']/table/tbody/tr[" + i + 1 + "]/td[4]")).getText(): null&#xD;
&#xD;
2019-08-14 13:47:16 - [TEST_STEP][PASSED] - statusValue = xpath("//*[@id='tab-5']/table/tbody/tr[" + i + 1 + "]/td[5]")).getText(): null&#xD;
&#xD;
2019-08-14 13:47:16 - [TEST_STEP][PASSED] - paymentValue = xpath("//*[@id='tab-5']/table/tbody/tr[" + i + 1 + "]/td[6]")).getText(): null&#xD;
&#xD;
2019-08-14 13:47:16 - [TEST_STEP][PASSED] - order = driver.findElement(By.xpath("//*[@id='tab-5']/table/tbody/tr[" + i + 1 + "]/td[1]")): null&#xD;
&#xD;
2019-08-14 13:47:16 - [TEST_STEP][PASSED] - address = driver.findElement(By.xpath("//*[@id='tab-5']/table/tbody/tr[" + i + 1 + "]/td[2]")): null&#xD;
&#xD;
2019-08-14 13:47:16 - [TEST_STEP][PASSED] - listing = driver.findElement(By.xpath("//*[@id='tab-5']/table/tbody/tr[" + i + 1 + "]/td[3]")): null&#xD;
&#xD;
2019-08-14 13:47:16 - [TEST_STEP][PASSED] - bookingDate = driver.findElement(By.xpath("//*[@id='tab-5']/table/tbody/tr[" + i + 1 + "]/td[4]")): null&#xD;
&#xD;
2019-08-14 13:47:16 - [TEST_STEP][PASSED] - status = driver.findElement(By.xpath("//*[@id='tab-5']/table/tbody/tr[" + i + 1 + "]/td[5]")): null&#xD;
&#xD;
2019-08-14 13:47:16 - [TEST_STEP][PASSED] - paymentStatus = driver.findElement(By.xpath("//*[@id='tab-5']/table/tbody/tr[" + i + 1 + "]/td[6]")): null&#xD;
&#xD;
2019-08-14 13:47:16 - [TEST_STEP][PASSED] - js.executeScript("arguments[0].style.border='3px solid red'", order): null&#xD;
&#xD;
2019-08-14 13:47:16 - [TEST_STEP][PASSED] - js.executeScript("arguments[0].style.border='3px solid red'", address): null&#xD;
&#xD;
2019-08-14 13:47:16 - [TEST_STEP][PASSED] - js.executeScript("arguments[0].style.border='3px solid red'", listing): null&#xD;
&#xD;
2019-08-14 13:47:16 - [TEST_STEP][PASSED] - js.executeScript("arguments[0].style.border='3px solid red'", bookingDate): null&#xD;
&#xD;
2019-08-14 13:47:16 - [TEST_STEP][PASSED] - js.executeScript("arguments[0].style.border='3px solid red'", status): null&#xD;
&#xD;
2019-08-14 13:47:16 - [TEST_STEP][PASSED] - js.executeScript("arguments[0].style.border='3px solid red'", paymentStatus): null&#xD;
&#xD;
2019-08-14 13:47:16 - [TEST_STEP][PASSED] - out.println("OrderValues == " + orderValue): null&#xD;
&#xD;
2019-08-14 13:47:16 - [TEST_STEP][PASSED] - out.println("AddressValues == " + addressValue): null&#xD;
&#xD;
2019-08-14 13:47:16 - [TEST_STEP][PASSED] - out.println("ListingValues == " + listingValue): null&#xD;
&#xD;
2019-08-14 13:47:16 - [TEST_STEP][PASSED] - out.println("BookinDateValues == " + bookingDateValue): null&#xD;
&#xD;
2019-08-14 13:47:16 - [TEST_STEP][PASSED] - out.println("StatusValues == " + statusValue): null&#xD;
&#xD;
2019-08-14 13:47:16 - [TEST_STEP][PASSED] - out.println("PaymentStatusValues == " + paymentValue): null&#xD;
&#xD;
2019-08-14 13:47:16 - [TEST_STEP][PASSED] - Assert.assertNotEquals(orderValue, null, "Order number is null"): null&#xD;
&#xD;
2019-08-14 13:47:16 - [TEST_STEP][PASSED] - Assert.assertNotEquals(addressValue, null, "Address is null"): null&#xD;
&#xD;
2019-08-14 13:47:16 - [TEST_STEP][PASSED] - Assert.assertNotEquals(listingValue, null, "Listing is null"): null&#xD;
&#xD;
2019-08-14 13:47:16 - [TEST_STEP][PASSED] - Assert.assertNotEquals(bookingDateValue, null, "Booking date is null"): null&#xD;
&#xD;
2019-08-14 13:47:16 - [TEST_STEP][PASSED] - Assert.assertNotEquals(statusValue, null, "Status is null"): null&#xD;
&#xD;
2019-08-14 13:47:16 - [TEST_STEP][PASSED] - Assert.assertNotEquals(paymentValue, null, "Payment status is null"): null&#xD;
&#xD;
2019-08-14 13:47:16 - [TEST_STEP][PASSED] - out.println("Items == " + i + 1): null&#xD;
&#xD;
2019-08-14 13:47:16 - [TEST_STEP][PASSED] - orderValue = xpath("//*[@id='tab-5']/table/tbody/tr[" + i + 1 + "]/td[1]")).getText(): null&#xD;
&#xD;
2019-08-14 13:47:16 - [TEST_STEP][PASSED] - addressValue = xpath("//*[@id='tab-5']/table/tbody/tr[" + i + 1 + "]/td[2]")).getText(): null&#xD;
&#xD;
2019-08-14 13:47:16 - [TEST_STEP][PASSED] - listingValue = xpath("//*[@id='tab-5']/table/tbody/tr[" + i + 1 + "]/td[3]")).getText(): null&#xD;
&#xD;
2019-08-14 13:47:17 - [TEST_STEP][PASSED] - bookingDateValue = xpath("//*[@id='tab-5']/table/tbody/tr[" + i + 1 + "]/td[4]")).getText(): null&#xD;
&#xD;
2019-08-14 13:47:17 - [TEST_STEP][PASSED] - statusValue = xpath("//*[@id='tab-5']/table/tbody/tr[" + i + 1 + "]/td[5]")).getText(): null&#xD;
&#xD;
2019-08-14 13:47:17 - [TEST_STEP][PASSED] - paymentValue = xpath("//*[@id='tab-5']/table/tbody/tr[" + i + 1 + "]/td[6]")).getText(): null&#xD;
&#xD;
2019-08-14 13:47:17 - [TEST_STEP][PASSED] - order = driver.findElement(By.xpath("//*[@id='tab-5']/table/tbody/tr[" + i + 1 + "]/td[1]")): null&#xD;
&#xD;
2019-08-14 13:47:17 - [TEST_STEP][PASSED] - address = driver.findElement(By.xpath("//*[@id='tab-5']/table/tbody/tr[" + i + 1 + "]/td[2]")): null&#xD;
&#xD;
2019-08-14 13:47:17 - [TEST_STEP][PASSED] - listing = driver.findElement(By.xpath("//*[@id='tab-5']/table/tbody/tr[" + i + 1 + "]/td[3]")): null&#xD;
&#xD;
2019-08-14 13:47:17 - [TEST_STEP][PASSED] - bookingDate = driver.findElement(By.xpath("//*[@id='tab-5']/table/tbody/tr[" + i + 1 + "]/td[4]")): null&#xD;
&#xD;
2019-08-14 13:47:17 - [TEST_STEP][PASSED] - status = driver.findElement(By.xpath("//*[@id='tab-5']/table/tbody/tr[" + i + 1 + "]/td[5]")): null&#xD;
&#xD;
2019-08-14 13:47:17 - [TEST_STEP][PASSED] - paymentStatus = driver.findElement(By.xpath("//*[@id='tab-5']/table/tbody/tr[" + i + 1 + "]/td[6]")): null&#xD;
&#xD;
2019-08-14 13:47:17 - [TEST_STEP][PASSED] - js.executeScript("arguments[0].style.border='3px solid red'", order): null&#xD;
&#xD;
2019-08-14 13:47:17 - [TEST_STEP][PASSED] - js.executeScript("arguments[0].style.border='3px solid red'", address): null&#xD;
&#xD;
2019-08-14 13:47:17 - [TEST_STEP][PASSED] - js.executeScript("arguments[0].style.border='3px solid red'", listing): null&#xD;
&#xD;
2019-08-14 13:47:17 - [TEST_STEP][PASSED] - js.executeScript("arguments[0].style.border='3px solid red'", bookingDate): null&#xD;
&#xD;
2019-08-14 13:47:17 - [TEST_STEP][PASSED] - js.executeScript("arguments[0].style.border='3px solid red'", status): null&#xD;
&#xD;
2019-08-14 13:47:17 - [TEST_STEP][PASSED] - js.executeScript("arguments[0].style.border='3px solid red'", paymentStatus): null&#xD;
&#xD;
2019-08-14 13:47:17 - [TEST_STEP][PASSED] - out.println("OrderValues == " + orderValue): null&#xD;
&#xD;
2019-08-14 13:47:17 - [TEST_STEP][PASSED] - out.println("AddressValues == " + addressValue): null&#xD;
&#xD;
2019-08-14 13:47:17 - [TEST_STEP][PASSED] - out.println("ListingValues == " + listingValue): null&#xD;
&#xD;
2019-08-14 13:47:17 - [TEST_STEP][PASSED] - out.println("BookinDateValues == " + bookingDateValue): null&#xD;
&#xD;
2019-08-14 13:47:17 - [TEST_STEP][PASSED] - out.println("StatusValues == " + statusValue): null&#xD;
&#xD;
2019-08-14 13:47:17 - [TEST_STEP][PASSED] - out.println("PaymentStatusValues == " + paymentValue): null&#xD;
&#xD;
2019-08-14 13:47:17 - [TEST_STEP][PASSED] - Assert.assertNotEquals(orderValue, null, "Order number is null"): null&#xD;
&#xD;
2019-08-14 13:47:17 - [TEST_STEP][PASSED] - Assert.assertNotEquals(addressValue, null, "Address is null"): null&#xD;
&#xD;
2019-08-14 13:47:17 - [TEST_STEP][PASSED] - Assert.assertNotEquals(listingValue, null, "Listing is null"): null&#xD;
&#xD;
2019-08-14 13:47:17 - [TEST_STEP][PASSED] - Assert.assertNotEquals(bookingDateValue, null, "Booking date is null"): null&#xD;
&#xD;
2019-08-14 13:47:17 - [TEST_STEP][PASSED] - Assert.assertNotEquals(statusValue, null, "Status is null"): null&#xD;
&#xD;
2019-08-14 13:47:17 - [TEST_STEP][PASSED] - Assert.assertNotEquals(paymentValue, null, "Payment status is null"): null&#xD;
&#xD;
2019-08-14 13:47:17 - [TEST_STEP][PASSED] - out.println("Items == " + i + 1): null&#xD;
&#xD;
2019-08-14 13:47:17 - [TEST_STEP][PASSED] - orderValue = xpath("//*[@id='tab-5']/table/tbody/tr[" + i + 1 + "]/td[1]")).getText(): null&#xD;
&#xD;
2019-08-14 13:47:17 - [TEST_STEP][PASSED] - addressValue = xpath("//*[@id='tab-5']/table/tbody/tr[" + i + 1 + "]/td[2]")).getText(): null&#xD;
&#xD;
2019-08-14 13:47:19 - [TEST_STEP][PASSED] - listingValue = xpath("//*[@id='tab-5']/table/tbody/tr[" + i + 1 + "]/td[3]")).getText(): null&#xD;
&#xD;
2019-08-14 13:47:19 - [TEST_STEP][PASSED] - bookingDateValue = xpath("//*[@id='tab-5']/table/tbody/tr[" + i + 1 + "]/td[4]")).getText(): null&#xD;
&#xD;
2019-08-14 13:47:19 - [TEST_STEP][PASSED] - statusValue = xpath("//*[@id='tab-5']/table/tbody/tr[" + i + 1 + "]/td[5]")).getText(): null&#xD;
&#xD;
2019-08-14 13:47:19 - [TEST_STEP][PASSED] - paymentValue = xpath("//*[@id='tab-5']/table/tbody/tr[" + i + 1 + "]/td[6]")).getText(): null&#xD;
&#xD;
2019-08-14 13:47:19 - [TEST_STEP][PASSED] - order = driver.findElement(By.xpath("//*[@id='tab-5']/table/tbody/tr[" + i + 1 + "]/td[1]")): null&#xD;
&#xD;
2019-08-14 13:47:19 - [TEST_STEP][PASSED] - address = driver.findElement(By.xpath("//*[@id='tab-5']/table/tbody/tr[" + i + 1 + "]/td[2]")): null&#xD;
&#xD;
2019-08-14 13:47:19 - [TEST_STEP][PASSED] - listing = driver.findElement(By.xpath("//*[@id='tab-5']/table/tbody/tr[" + i + 1 + "]/td[3]")): null&#xD;
&#xD;
2019-08-14 13:47:19 - [TEST_STEP][PASSED] - bookingDate = driver.findElement(By.xpath("//*[@id='tab-5']/table/tbody/tr[" + i + 1 + "]/td[4]")): null&#xD;
&#xD;
2019-08-14 13:47:19 - [TEST_STEP][PASSED] - status = driver.findElement(By.xpath("//*[@id='tab-5']/table/tbody/tr[" + i + 1 + "]/td[5]")): null&#xD;
&#xD;
2019-08-14 13:47:19 - [TEST_STEP][PASSED] - paymentStatus = driver.findElement(By.xpath("//*[@id='tab-5']/table/tbody/tr[" + i + 1 + "]/td[6]")): null&#xD;
&#xD;
2019-08-14 13:47:19 - [TEST_STEP][PASSED] - js.executeScript("arguments[0].style.border='3px solid red'", order): null&#xD;
&#xD;
2019-08-14 13:47:19 - [TEST_STEP][PASSED] - js.executeScript("arguments[0].style.border='3px solid red'", address): null&#xD;
&#xD;
2019-08-14 13:47:19 - [TEST_STEP][PASSED] - js.executeScript("arguments[0].style.border='3px solid red'", listing): null&#xD;
&#xD;
2019-08-14 13:47:19 - [TEST_STEP][PASSED] - js.executeScript("arguments[0].style.border='3px solid red'", bookingDate): null&#xD;
&#xD;
2019-08-14 13:47:19 - [TEST_STEP][PASSED] - js.executeScript("arguments[0].style.border='3px solid red'", status): null&#xD;
&#xD;
2019-08-14 13:47:19 - [TEST_STEP][PASSED] - js.executeScript("arguments[0].style.border='3px solid red'", paymentStatus): null&#xD;
&#xD;
2019-08-14 13:47:19 - [TEST_STEP][PASSED] - out.println("OrderValues == " + orderValue): null&#xD;
&#xD;
2019-08-14 13:47:19 - [TEST_STEP][PASSED] - out.println("AddressValues == " + addressValue): null&#xD;
&#xD;
2019-08-14 13:47:19 - [TEST_STEP][PASSED] - out.println("ListingValues == " + listingValue): null&#xD;
&#xD;
2019-08-14 13:47:19 - [TEST_STEP][PASSED] - out.println("BookinDateValues == " + bookingDateValue): null&#xD;
&#xD;
2019-08-14 13:47:19 - [TEST_STEP][PASSED] - out.println("StatusValues == " + statusValue): null&#xD;
&#xD;
2019-08-14 13:47:19 - [TEST_STEP][PASSED] - out.println("PaymentStatusValues == " + paymentValue): null&#xD;
&#xD;
2019-08-14 13:47:19 - [TEST_STEP][PASSED] - Assert.assertNotEquals(orderValue, null, "Order number is null"): null&#xD;
&#xD;
2019-08-14 13:47:19 - [TEST_STEP][PASSED] - Assert.assertNotEquals(addressValue, null, "Address is null"): null&#xD;
&#xD;
2019-08-14 13:47:19 - [TEST_STEP][PASSED] - Assert.assertNotEquals(listingValue, null, "Listing is null"): null&#xD;
&#xD;
2019-08-14 13:47:19 - [TEST_STEP][PASSED] - Assert.assertNotEquals(bookingDateValue, null, "Booking date is null"): null&#xD;
&#xD;
2019-08-14 13:47:20 - [TEST_STEP][PASSED] - Assert.assertNotEquals(statusValue, null, "Status is null"): null&#xD;
&#xD;
2019-08-14 13:47:20 - [TEST_STEP][PASSED] - Assert.assertNotEquals(paymentValue, null, "Payment status is null"): null&#xD;
&#xD;
2019-08-14 13:47:20 - [TEST_STEP][PASSED] - out.println("Items == " + i + 1): null&#xD;
&#xD;
2019-08-14 13:47:20 - [TEST_STEP][PASSED] - orderValue = xpath("//*[@id='tab-5']/table/tbody/tr[" + i + 1 + "]/td[1]")).getText(): null&#xD;
&#xD;
2019-08-14 13:47:20 - [TEST_STEP][PASSED] - addressValue = xpath("//*[@id='tab-5']/table/tbody/tr[" + i + 1 + "]/td[2]")).getText(): null&#xD;
&#xD;
2019-08-14 13:47:21 - [TEST_STEP][PASSED] - listingValue = xpath("//*[@id='tab-5']/table/tbody/tr[" + i + 1 + "]/td[3]")).getText(): null&#xD;
&#xD;
2019-08-14 13:47:21 - [TEST_STEP][PASSED] - bookingDateValue = xpath("//*[@id='tab-5']/table/tbody/tr[" + i + 1 + "]/td[4]")).getText(): null&#xD;
&#xD;
2019-08-14 13:47:21 - [TEST_STEP][PASSED] - statusValue = xpath("//*[@id='tab-5']/table/tbody/tr[" + i + 1 + "]/td[5]")).getText(): null&#xD;
&#xD;
2019-08-14 13:47:21 - [TEST_STEP][PASSED] - paymentValue = xpath("//*[@id='tab-5']/table/tbody/tr[" + i + 1 + "]/td[6]")).getText(): null&#xD;
&#xD;
2019-08-14 13:47:21 - [TEST_STEP][PASSED] - order = driver.findElement(By.xpath("//*[@id='tab-5']/table/tbody/tr[" + i + 1 + "]/td[1]")): null&#xD;
&#xD;
2019-08-14 13:47:21 - [TEST_STEP][PASSED] - address = driver.findElement(By.xpath("//*[@id='tab-5']/table/tbody/tr[" + i + 1 + "]/td[2]")): null&#xD;
&#xD;
2019-08-14 13:47:21 - [TEST_STEP][PASSED] - listing = driver.findElement(By.xpath("//*[@id='tab-5']/table/tbody/tr[" + i + 1 + "]/td[3]")): null&#xD;
&#xD;
2019-08-14 13:47:21 - [TEST_STEP][PASSED] - bookingDate = driver.findElement(By.xpath("//*[@id='tab-5']/table/tbody/tr[" + i + 1 + "]/td[4]")): null&#xD;
&#xD;
2019-08-14 13:47:21 - [TEST_STEP][PASSED] - status = driver.findElement(By.xpath("//*[@id='tab-5']/table/tbody/tr[" + i + 1 + "]/td[5]")): null&#xD;
&#xD;
2019-08-14 13:47:21 - [TEST_STEP][PASSED] - paymentStatus = driver.findElement(By.xpath("//*[@id='tab-5']/table/tbody/tr[" + i + 1 + "]/td[6]")): null&#xD;
&#xD;
2019-08-14 13:47:21 - [TEST_STEP][PASSED] - js.executeScript("arguments[0].style.border='3px solid red'", order): null&#xD;
&#xD;
2019-08-14 13:47:21 - [TEST_STEP][PASSED] - js.executeScript("arguments[0].style.border='3px solid red'", address): null&#xD;
&#xD;
2019-08-14 13:47:21 - [TEST_STEP][PASSED] - js.executeScript("arguments[0].style.border='3px solid red'", listing): null&#xD;
&#xD;
2019-08-14 13:47:21 - [TEST_STEP][PASSED] - js.executeScript("arguments[0].style.border='3px solid red'", bookingDate): null&#xD;
&#xD;
2019-08-14 13:47:21 - [TEST_STEP][PASSED] - js.executeScript("arguments[0].style.border='3px solid red'", status): null&#xD;
&#xD;
2019-08-14 13:47:21 - [TEST_STEP][PASSED] - js.executeScript("arguments[0].style.border='3px solid red'", paymentStatus): null&#xD;
&#xD;
2019-08-14 13:47:21 - [TEST_STEP][PASSED] - out.println("OrderValues == " + orderValue): null&#xD;
&#xD;
2019-08-14 13:47:21 - [TEST_STEP][PASSED] - out.println("AddressValues == " + addressValue): null&#xD;
&#xD;
2019-08-14 13:47:21 - [TEST_STEP][PASSED] - out.println("ListingValues == " + listingValue): null&#xD;
&#xD;
2019-08-14 13:47:21 - [TEST_STEP][PASSED] - out.println("BookinDateValues == " + bookingDateValue): null&#xD;
&#xD;
2019-08-14 13:47:21 - [TEST_STEP][PASSED] - out.println("StatusValues == " + statusValue): null&#xD;
&#xD;
2019-08-14 13:47:21 - [TEST_STEP][PASSED] - out.println("PaymentStatusValues == " + paymentValue): null&#xD;
&#xD;
2019-08-14 13:47:21 - [TEST_STEP][PASSED] - Assert.assertNotEquals(orderValue, null, "Order number is null"): null&#xD;
&#xD;
2019-08-14 13:47:21 - [TEST_STEP][PASSED] - Assert.assertNotEquals(addressValue, null, "Address is null"): null&#xD;
&#xD;
2019-08-14 13:47:21 - [TEST_STEP][PASSED] - Assert.assertNotEquals(listingValue, null, "Listing is null"): null&#xD;
&#xD;
2019-08-14 13:47:21 - [TEST_STEP][PASSED] - Assert.assertNotEquals(bookingDateValue, null, "Booking date is null"): null&#xD;
&#xD;
2019-08-14 13:47:21 - [TEST_STEP][PASSED] - Assert.assertNotEquals(statusValue, null, "Status is null"): null&#xD;
&#xD;
2019-08-14 13:47:21 - [TEST_STEP][PASSED] - Assert.assertNotEquals(paymentValue, null, "Payment status is null"): null&#xD;
&#xD;
2019-08-14 13:47:21 - [TEST_STEP][PASSED] - out.println("Items == " + i + 1): null&#xD;
&#xD;
2019-08-14 13:47:21 - [TEST_STEP][PASSED] - orderValue = xpath("//*[@id='tab-5']/table/tbody/tr[" + i + 1 + "]/td[1]")).getText(): null&#xD;
&#xD;
2019-08-14 13:47:21 - [TEST_STEP][PASSED] - addressValue = xpath("//*[@id='tab-5']/table/tbody/tr[" + i + 1 + "]/td[2]")).getText(): null&#xD;
&#xD;
2019-08-14 13:47:21 - [TEST_STEP][PASSED] - listingValue = xpath("//*[@id='tab-5']/table/tbody/tr[" + i + 1 + "]/td[3]")).getText(): null&#xD;
&#xD;
2019-08-14 13:47:21 - [TEST_STEP][PASSED] - bookingDateValue = xpath("//*[@id='tab-5']/table/tbody/tr[" + i + 1 + "]/td[4]")).getText(): null&#xD;
&#xD;
2019-08-14 13:47:21 - [TEST_STEP][PASSED] - statusValue = xpath("//*[@id='tab-5']/table/tbody/tr[" + i + 1 + "]/td[5]")).getText(): null&#xD;
&#xD;
2019-08-14 13:47:21 - [TEST_STEP][PASSED] - paymentValue = xpath("//*[@id='tab-5']/table/tbody/tr[" + i + 1 + "]/td[6]")).getText(): null&#xD;
&#xD;
2019-08-14 13:47:21 - [TEST_STEP][PASSED] - order = driver.findElement(By.xpath("//*[@id='tab-5']/table/tbody/tr[" + i + 1 + "]/td[1]")): null&#xD;
&#xD;
2019-08-14 13:47:21 - [TEST_STEP][PASSED] - address = driver.findElement(By.xpath("//*[@id='tab-5']/table/tbody/tr[" + i + 1 + "]/td[2]")): null&#xD;
&#xD;
2019-08-14 13:47:21 - [TEST_STEP][PASSED] - listing = driver.findElement(By.xpath("//*[@id='tab-5']/table/tbody/tr[" + i + 1 + "]/td[3]")): null&#xD;
&#xD;
2019-08-14 13:47:23 - [TEST_STEP][PASSED] - bookingDate = driver.findElement(By.xpath("//*[@id='tab-5']/table/tbody/tr[" + i + 1 + "]/td[4]")): null&#xD;
&#xD;
2019-08-14 13:47:23 - [TEST_STEP][PASSED] - status = driver.findElement(By.xpath("//*[@id='tab-5']/table/tbody/tr[" + i + 1 + "]/td[5]")): null&#xD;
&#xD;
2019-08-14 13:47:23 - [TEST_STEP][PASSED] - paymentStatus = driver.findElement(By.xpath("//*[@id='tab-5']/table/tbody/tr[" + i + 1 + "]/td[6]")): null&#xD;
&#xD;
2019-08-14 13:47:23 - [TEST_STEP][PASSED] - js.executeScript("arguments[0].style.border='3px solid red'", order): null&#xD;
&#xD;
2019-08-14 13:47:23 - [TEST_STEP][PASSED] - js.executeScript("arguments[0].style.border='3px solid red'", address): null&#xD;
&#xD;
2019-08-14 13:47:23 - [TEST_STEP][PASSED] - js.executeScript("arguments[0].style.border='3px solid red'", listing): null&#xD;
&#xD;
2019-08-14 13:47:23 - [TEST_STEP][PASSED] - js.executeScript("arguments[0].style.border='3px solid red'", bookingDate): null&#xD;
&#xD;
2019-08-14 13:47:23 - [TEST_STEP][PASSED] - js.executeScript("arguments[0].style.border='3px solid red'", status): null&#xD;
&#xD;
2019-08-14 13:47:23 - [TEST_STEP][PASSED] - js.executeScript("arguments[0].style.border='3px solid red'", paymentStatus): null&#xD;
&#xD;
2019-08-14 13:47:23 - [TEST_STEP][PASSED] - out.println("OrderValues == " + orderValue): null&#xD;
&#xD;
2019-08-14 13:47:23 - [TEST_STEP][PASSED] - out.println("AddressValues == " + addressValue): null&#xD;
&#xD;
2019-08-14 13:47:23 - [TEST_STEP][PASSED] - out.println("ListingValues == " + listingValue): null&#xD;
&#xD;
2019-08-14 13:47:23 - [TEST_STEP][PASSED] - out.println("BookinDateValues == " + bookingDateValue): null&#xD;
&#xD;
2019-08-14 13:47:23 - [TEST_STEP][PASSED] - out.println("StatusValues == " + statusValue): null&#xD;
&#xD;
2019-08-14 13:47:23 - [TEST_STEP][PASSED] - out.println("PaymentStatusValues == " + paymentValue): null&#xD;
&#xD;
2019-08-14 13:47:23 - [TEST_STEP][PASSED] - Assert.assertNotEquals(orderValue, null, "Order number is null"): null&#xD;
&#xD;
2019-08-14 13:47:23 - [TEST_STEP][PASSED] - Assert.assertNotEquals(addressValue, null, "Address is null"): null&#xD;
&#xD;
2019-08-14 13:47:23 - [TEST_STEP][PASSED] - Assert.assertNotEquals(listingValue, null, "Listing is null"): null&#xD;
&#xD;
2019-08-14 13:47:23 - [TEST_STEP][PASSED] - Assert.assertNotEquals(bookingDateValue, null, "Booking date is null"): null&#xD;
&#xD;
2019-08-14 13:47:23 - [TEST_STEP][PASSED] - Assert.assertNotEquals(statusValue, null, "Status is null"): null&#xD;
&#xD;
2019-08-14 13:47:23 - [TEST_STEP][PASSED] - Assert.assertNotEquals(paymentValue, null, "Payment status is null"): null&#xD;
&#xD;
2019-08-14 13:47:23 - [TEST_STEP][PASSED] - out.println("Items == " + i + 1): null&#xD;
&#xD;
2019-08-14 13:47:23 - [TEST_STEP][PASSED] - orderValue = xpath("//*[@id='tab-5']/table/tbody/tr[" + i + 1 + "]/td[1]")).getText(): null&#xD;
&#xD;
2019-08-14 13:47:23 - [TEST_STEP][PASSED] - addressValue = xpath("//*[@id='tab-5']/table/tbody/tr[" + i + 1 + "]/td[2]")).getText(): null&#xD;
&#xD;
2019-08-14 13:47:24 - [TEST_STEP][PASSED] - listingValue = xpath("//*[@id='tab-5']/table/tbody/tr[" + i + 1 + "]/td[3]")).getText(): null&#xD;
&#xD;
2019-08-14 13:47:24 - [TEST_STEP][PASSED] - bookingDateValue = xpath("//*[@id='tab-5']/table/tbody/tr[" + i + 1 + "]/td[4]")).getText(): null&#xD;
&#xD;
2019-08-14 13:47:25 - [TEST_STEP][PASSED] - statusValue = xpath("//*[@id='tab-5']/table/tbody/tr[" + i + 1 + "]/td[5]")).getText(): null&#xD;
&#xD;
2019-08-14 13:47:25 - [TEST_STEP][PASSED] - paymentValue = xpath("//*[@id='tab-5']/table/tbody/tr[" + i + 1 + "]/td[6]")).getText(): null&#xD;
&#xD;
2019-08-14 13:47:25 - [TEST_STEP][PASSED] - order = driver.findElement(By.xpath("//*[@id='tab-5']/table/tbody/tr[" + i + 1 + "]/td[1]")): null&#xD;
&#xD;
2019-08-14 13:47:25 - [TEST_STEP][PASSED] - address = driver.findElement(By.xpath("//*[@id='tab-5']/table/tbody/tr[" + i + 1 + "]/td[2]")): null&#xD;
&#xD;
2019-08-14 13:47:25 - [TEST_STEP][PASSED] - listing = driver.findElement(By.xpath("//*[@id='tab-5']/table/tbody/tr[" + i + 1 + "]/td[3]")): null&#xD;
&#xD;
2019-08-14 13:47:25 - [TEST_STEP][PASSED] - bookingDate = driver.findElement(By.xpath("//*[@id='tab-5']/table/tbody/tr[" + i + 1 + "]/td[4]")): null&#xD;
&#xD;
2019-08-14 13:47:25 - [TEST_STEP][PASSED] - status = driver.findElement(By.xpath("//*[@id='tab-5']/table/tbody/tr[" + i + 1 + "]/td[5]")): null&#xD;
&#xD;
2019-08-14 13:47:25 - [TEST_STEP][PASSED] - paymentStatus = driver.findElement(By.xpath("//*[@id='tab-5']/table/tbody/tr[" + i + 1 + "]/td[6]")): null&#xD;
&#xD;
2019-08-14 13:47:25 - [TEST_STEP][PASSED] - js.executeScript("arguments[0].style.border='3px solid red'", order): null&#xD;
&#xD;
2019-08-14 13:47:25 - [TEST_STEP][PASSED] - js.executeScript("arguments[0].style.border='3px solid red'", address): null&#xD;
&#xD;
2019-08-14 13:47:25 - [TEST_STEP][PASSED] - js.executeScript("arguments[0].style.border='3px solid red'", listing): null&#xD;
&#xD;
2019-08-14 13:47:25 - [TEST_STEP][PASSED] - js.executeScript("arguments[0].style.border='3px solid red'", bookingDate): null&#xD;
&#xD;
2019-08-14 13:47:25 - [TEST_STEP][PASSED] - js.executeScript("arguments[0].style.border='3px solid red'", status): null&#xD;
&#xD;
2019-08-14 13:47:25 - [TEST_STEP][PASSED] - js.executeScript("arguments[0].style.border='3px solid red'", paymentStatus): null&#xD;
&#xD;
2019-08-14 13:47:25 - [TEST_STEP][PASSED] - out.println("OrderValues == " + orderValue): null&#xD;
&#xD;
2019-08-14 13:47:25 - [TEST_STEP][PASSED] - out.println("AddressValues == " + addressValue): null&#xD;
&#xD;
2019-08-14 13:47:25 - [TEST_STEP][PASSED] - out.println("ListingValues == " + listingValue): null&#xD;
&#xD;
2019-08-14 13:47:25 - [TEST_STEP][PASSED] - out.println("BookinDateValues == " + bookingDateValue): null&#xD;
&#xD;
2019-08-14 13:47:25 - [TEST_STEP][PASSED] - out.println("StatusValues == " + statusValue): null&#xD;
&#xD;
2019-08-14 13:47:25 - [TEST_STEP][PASSED] - out.println("PaymentStatusValues == " + paymentValue): null&#xD;
&#xD;
2019-08-14 13:47:25 - [TEST_STEP][PASSED] - Assert.assertNotEquals(orderValue, null, "Order number is null"): null&#xD;
&#xD;
2019-08-14 13:47:25 - [TEST_STEP][PASSED] - Assert.assertNotEquals(addressValue, null, "Address is null"): null&#xD;
&#xD;
2019-08-14 13:47:25 - [TEST_STEP][PASSED] - Assert.assertNotEquals(listingValue, null, "Listing is null"): null&#xD;
&#xD;
2019-08-14 13:47:25 - [TEST_STEP][PASSED] - Assert.assertNotEquals(bookingDateValue, null, "Booking date is null"): null&#xD;
&#xD;
2019-08-14 13:47:25 - [TEST_STEP][PASSED] - Assert.assertNotEquals(statusValue, null, "Status is null"): null&#xD;
&#xD;
2019-08-14 13:47:25 - [TEST_STEP][PASSED] - Assert.assertNotEquals(paymentValue, null, "Payment status is null"): null&#xD;
&#xD;
2019-08-14 13:47:25 - [TEST_STEP][PASSED] - out.println("Items == " + i + 1): null&#xD;
&#xD;
2019-08-14 13:47:25 - [TEST_STEP][PASSED] - orderValue = xpath("//*[@id='tab-5']/table/tbody/tr[" + i + 1 + "]/td[1]")).getText(): null&#xD;
&#xD;
2019-08-14 13:47:25 - [TEST_STEP][PASSED] - addressValue = xpath("//*[@id='tab-5']/table/tbody/tr[" + i + 1 + "]/td[2]")).getText(): null&#xD;
&#xD;
2019-08-14 13:47:25 - [TEST_STEP][PASSED] - listingValue = xpath("//*[@id='tab-5']/table/tbody/tr[" + i + 1 + "]/td[3]")).getText(): null&#xD;
&#xD;
2019-08-14 13:47:26 - [TEST_STEP][PASSED] - bookingDateValue = xpath("//*[@id='tab-5']/table/tbody/tr[" + i + 1 + "]/td[4]")).getText(): null&#xD;
&#xD;
2019-08-14 13:47:26 - [TEST_STEP][PASSED] - statusValue = xpath("//*[@id='tab-5']/table/tbody/tr[" + i + 1 + "]/td[5]")).getText(): null&#xD;
&#xD;
2019-08-14 13:47:26 - [TEST_STEP][PASSED] - paymentValue = xpath("//*[@id='tab-5']/table/tbody/tr[" + i + 1 + "]/td[6]")).getText(): null&#xD;
&#xD;
2019-08-14 13:47:26 - [TEST_STEP][PASSED] - order = driver.findElement(By.xpath("//*[@id='tab-5']/table/tbody/tr[" + i + 1 + "]/td[1]")): null&#xD;
&#xD;
2019-08-14 13:47:26 - [TEST_STEP][PASSED] - address = driver.findElement(By.xpath("//*[@id='tab-5']/table/tbody/tr[" + i + 1 + "]/td[2]")): null&#xD;
&#xD;
2019-08-14 13:47:26 - [TEST_STEP][PASSED] - listing = driver.findElement(By.xpath("//*[@id='tab-5']/table/tbody/tr[" + i + 1 + "]/td[3]")): null&#xD;
&#xD;
2019-08-14 13:47:26 - [TEST_STEP][PASSED] - bookingDate = driver.findElement(By.xpath("//*[@id='tab-5']/table/tbody/tr[" + i + 1 + "]/td[4]")): null&#xD;
&#xD;
2019-08-14 13:47:26 - [TEST_STEP][PASSED] - status = driver.findElement(By.xpath("//*[@id='tab-5']/table/tbody/tr[" + i + 1 + "]/td[5]")): null&#xD;
&#xD;
2019-08-14 13:47:26 - [TEST_STEP][PASSED] - paymentStatus = driver.findElement(By.xpath("//*[@id='tab-5']/table/tbody/tr[" + i + 1 + "]/td[6]")): null&#xD;
&#xD;
2019-08-14 13:47:26 - [TEST_STEP][PASSED] - js.executeScript("arguments[0].style.border='3px solid red'", order): null&#xD;
&#xD;
2019-08-14 13:47:26 - [TEST_STEP][PASSED] - js.executeScript("arguments[0].style.border='3px solid red'", address): null&#xD;
&#xD;
2019-08-14 13:47:26 - [TEST_STEP][PASSED] - js.executeScript("arguments[0].style.border='3px solid red'", listing): null&#xD;
&#xD;
2019-08-14 13:47:26 - [TEST_STEP][PASSED] - js.executeScript("arguments[0].style.border='3px solid red'", bookingDate): null&#xD;
&#xD;
2019-08-14 13:47:28 - [TEST_STEP][PASSED] - js.executeScript("arguments[0].style.border='3px solid red'", status): null&#xD;
&#xD;
2019-08-14 13:47:28 - [TEST_STEP][PASSED] - js.executeScript("arguments[0].style.border='3px solid red'", paymentStatus): null&#xD;
&#xD;
2019-08-14 13:47:28 - [TEST_STEP][PASSED] - out.println("OrderValues == " + orderValue): null&#xD;
&#xD;
2019-08-14 13:47:28 - [TEST_STEP][PASSED] - out.println("AddressValues == " + addressValue): null&#xD;
&#xD;
2019-08-14 13:47:28 - [TEST_STEP][PASSED] - out.println("ListingValues == " + listingValue): null&#xD;
&#xD;
2019-08-14 13:47:28 - [TEST_STEP][PASSED] - out.println("BookinDateValues == " + bookingDateValue): null&#xD;
&#xD;
2019-08-14 13:47:28 - [TEST_STEP][PASSED] - out.println("StatusValues == " + statusValue): null&#xD;
&#xD;
2019-08-14 13:47:28 - [TEST_STEP][PASSED] - out.println("PaymentStatusValues == " + paymentValue): null&#xD;
&#xD;
2019-08-14 13:47:28 - [TEST_STEP][PASSED] - Assert.assertNotEquals(orderValue, null, "Order number is null"): null&#xD;
&#xD;
2019-08-14 13:47:28 - [TEST_STEP][PASSED] - Assert.assertNotEquals(addressValue, null, "Address is null"): null&#xD;
&#xD;
2019-08-14 13:47:28 - [TEST_STEP][PASSED] - Assert.assertNotEquals(listingValue, null, "Listing is null"): null&#xD;
&#xD;
2019-08-14 13:47:28 - [TEST_STEP][PASSED] - Assert.assertNotEquals(bookingDateValue, null, "Booking date is null"): null&#xD;
&#xD;
2019-08-14 13:47:28 - [TEST_STEP][PASSED] - Assert.assertNotEquals(statusValue, null, "Status is null"): null&#xD;
&#xD;
2019-08-14 13:47:28 - [TEST_STEP][PASSED] - Assert.assertNotEquals(paymentValue, null, "Payment status is null"): null&#xD;
&#xD;
2019-08-14 13:47:28 - [TEST_STEP][PASSED] - out.println("Items == " + i + 1): null&#xD;
&#xD;
2019-08-14 13:47:28 - [TEST_STEP][PASSED] - orderValue = xpath("//*[@id='tab-5']/table/tbody/tr[" + i + 1 + "]/td[1]")).getText(): null&#xD;
&#xD;
2019-08-14 13:47:28 - [TEST_STEP][PASSED] - addressValue = xpath("//*[@id='tab-5']/table/tbody/tr[" + i + 1 + "]/td[2]")).getText(): null&#xD;
&#xD;
2019-08-14 13:47:29 - [TEST_STEP][PASSED] - listingValue = xpath("//*[@id='tab-5']/table/tbody/tr[" + i + 1 + "]/td[3]")).getText(): null&#xD;
&#xD;
2019-08-14 13:47:29 - [TEST_STEP][PASSED] - bookingDateValue = xpath("//*[@id='tab-5']/table/tbody/tr[" + i + 1 + "]/td[4]")).getText(): null&#xD;
&#xD;
2019-08-14 13:47:29 - [TEST_STEP][PASSED] - statusValue = xpath("//*[@id='tab-5']/table/tbody/tr[" + i + 1 + "]/td[5]")).getText(): null&#xD;
&#xD;
2019-08-14 13:47:29 - [TEST_STEP][PASSED] - paymentValue = xpath("//*[@id='tab-5']/table/tbody/tr[" + i + 1 + "]/td[6]")).getText(): null&#xD;
&#xD;
2019-08-14 13:47:29 - [TEST_STEP][PASSED] - order = driver.findElement(By.xpath("//*[@id='tab-5']/table/tbody/tr[" + i + 1 + "]/td[1]")): null&#xD;
&#xD;
2019-08-14 13:47:29 - [TEST_STEP][PASSED] - address = driver.findElement(By.xpath("//*[@id='tab-5']/table/tbody/tr[" + i + 1 + "]/td[2]")): null&#xD;
&#xD;
2019-08-14 13:47:29 - [TEST_STEP][PASSED] - listing = driver.findElement(By.xpath("//*[@id='tab-5']/table/tbody/tr[" + i + 1 + "]/td[3]")): null&#xD;
&#xD;
2019-08-14 13:47:29 - [TEST_STEP][PASSED] - bookingDate = driver.findElement(By.xpath("//*[@id='tab-5']/table/tbody/tr[" + i + 1 + "]/td[4]")): null&#xD;
&#xD;
2019-08-14 13:47:29 - [TEST_STEP][PASSED] - status = driver.findElement(By.xpath("//*[@id='tab-5']/table/tbody/tr[" + i + 1 + "]/td[5]")): null&#xD;
&#xD;
2019-08-14 13:47:31 - [TEST_STEP][PASSED] - paymentStatus = driver.findElement(By.xpath("//*[@id='tab-5']/table/tbody/tr[" + i + 1 + "]/td[6]")): null&#xD;
&#xD;
2019-08-14 13:47:31 - [TEST_STEP][PASSED] - js.executeScript("arguments[0].style.border='3px solid red'", order): null&#xD;
&#xD;
2019-08-14 13:47:31 - [TEST_STEP][PASSED] - js.executeScript("arguments[0].style.border='3px solid red'", address): null&#xD;
&#xD;
2019-08-14 13:47:31 - [TEST_STEP][PASSED] - js.executeScript("arguments[0].style.border='3px solid red'", listing): null&#xD;
&#xD;
2019-08-14 13:47:31 - [TEST_STEP][PASSED] - js.executeScript("arguments[0].style.border='3px solid red'", bookingDate): null&#xD;
&#xD;
2019-08-14 13:47:31 - [TEST_STEP][PASSED] - js.executeScript("arguments[0].style.border='3px solid red'", status): null&#xD;
&#xD;
2019-08-14 13:47:31 - [TEST_STEP][PASSED] - js.executeScript("arguments[0].style.border='3px solid red'", paymentStatus): null&#xD;
&#xD;
2019-08-14 13:47:31 - [TEST_STEP][PASSED] - out.println("OrderValues == " + orderValue): null&#xD;
&#xD;
2019-08-14 13:47:31 - [TEST_STEP][PASSED] - out.println("AddressValues == " + addressValue): null&#xD;
&#xD;
2019-08-14 13:47:31 - [TEST_STEP][PASSED] - out.println("ListingValues == " + listingValue): null&#xD;
&#xD;
2019-08-14 13:47:31 - [TEST_STEP][PASSED] - out.println("BookinDateValues == " + bookingDateValue): null&#xD;
&#xD;
2019-08-14 13:47:31 - [TEST_STEP][PASSED] - out.println("StatusValues == " + statusValue): null&#xD;
&#xD;
2019-08-14 13:47:31 - [TEST_STEP][PASSED] - out.println("PaymentStatusValues == " + paymentValue): null&#xD;
&#xD;
2019-08-14 13:47:31 - [TEST_STEP][PASSED] - Assert.assertNotEquals(orderValue, null, "Order number is null"): null&#xD;
&#xD;
2019-08-14 13:47:31 - [TEST_STEP][PASSED] - Assert.assertNotEquals(addressValue, null, "Address is null"): null&#xD;
&#xD;
2019-08-14 13:47:31 - [TEST_STEP][PASSED] - Assert.assertNotEquals(listingValue, null, "Listing is null"): null&#xD;
&#xD;
2019-08-14 13:47:31 - [TEST_STEP][PASSED] - Assert.assertNotEquals(bookingDateValue, null, "Booking date is null"): null&#xD;
&#xD;
2019-08-14 13:47:31 - [TEST_STEP][PASSED] - Assert.assertNotEquals(statusValue, null, "Status is null"): null&#xD;
&#xD;
2019-08-14 13:47:31 - [TEST_STEP][PASSED] - Assert.assertNotEquals(paymentValue, null, "Payment status is null"): null&#xD;
&#xD;
2019-08-14 13:47:31 - [TEST_STEP][PASSED] - out.println("Items == " + i + 1): null&#xD;
&#xD;
2019-08-14 13:47:31 - [TEST_STEP][PASSED] - orderValue = xpath("//*[@id='tab-5']/table/tbody/tr[" + i + 1 + "]/td[1]")).getText(): null&#xD;
&#xD;
2019-08-14 13:47:31 - [TEST_STEP][PASSED] - addressValue = xpath("//*[@id='tab-5']/table/tbody/tr[" + i + 1 + "]/td[2]")).getText(): null&#xD;
&#xD;
2019-08-14 13:47:31 - [TEST_STEP][PASSED] - listingValue = xpath("//*[@id='tab-5']/table/tbody/tr[" + i + 1 + "]/td[3]")).getText(): null&#xD;
&#xD;
2019-08-14 13:47:31 - [TEST_STEP][PASSED] - bookingDateValue = xpath("//*[@id='tab-5']/table/tbody/tr[" + i + 1 + "]/td[4]")).getText(): null&#xD;
&#xD;
2019-08-14 13:47:32 - [TEST_STEP][PASSED] - statusValue = xpath("//*[@id='tab-5']/table/tbody/tr[" + i + 1 + "]/td[5]")).getText(): null&#xD;
&#xD;
2019-08-14 13:47:32 - [TEST_STEP][PASSED] - paymentValue = xpath("//*[@id='tab-5']/table/tbody/tr[" + i + 1 + "]/td[6]")).getText(): null&#xD;
&#xD;
2019-08-14 13:47:32 - [TEST_STEP][PASSED] - order = driver.findElement(By.xpath("//*[@id='tab-5']/table/tbody/tr[" + i + 1 + "]/td[1]")): null&#xD;
&#xD;
2019-08-14 13:47:32 - [TEST_STEP][PASSED] - address = driver.findElement(By.xpath("//*[@id='tab-5']/table/tbody/tr[" + i + 1 + "]/td[2]")): null&#xD;
&#xD;
2019-08-14 13:47:32 - [TEST_STEP][PASSED] - listing = driver.findElement(By.xpath("//*[@id='tab-5']/table/tbody/tr[" + i + 1 + "]/td[3]")): null&#xD;
&#xD;
2019-08-14 13:47:32 - [TEST_STEP][PASSED] - bookingDate = driver.findElement(By.xpath("//*[@id='tab-5']/table/tbody/tr[" + i + 1 + "]/td[4]")): null&#xD;
&#xD;
2019-08-14 13:47:32 - [TEST_STEP][PASSED] - status = driver.findElement(By.xpath("//*[@id='tab-5']/table/tbody/tr[" + i + 1 + "]/td[5]")): null&#xD;
&#xD;
2019-08-14 13:47:32 - [TEST_STEP][PASSED] - paymentStatus = driver.findElement(By.xpath("//*[@id='tab-5']/table/tbody/tr[" + i + 1 + "]/td[6]")): null&#xD;
&#xD;
2019-08-14 13:47:32 - [TEST_STEP][PASSED] - js.executeScript("arguments[0].style.border='3px solid red'", order): null&#xD;
&#xD;
2019-08-14 13:47:32 - [TEST_STEP][PASSED] - js.executeScript("arguments[0].style.border='3px solid red'", address): null&#xD;
&#xD;
2019-08-14 13:47:32 - [TEST_STEP][PASSED] - js.executeScript("arguments[0].style.border='3px solid red'", listing): null&#xD;
&#xD;
2019-08-14 13:47:32 - [TEST_STEP][PASSED] - js.executeScript("arguments[0].style.border='3px solid red'", bookingDate): null&#xD;
&#xD;
2019-08-14 13:47:32 - [TEST_STEP][PASSED] - js.executeScript("arguments[0].style.border='3px solid red'", status): null&#xD;
&#xD;
2019-08-14 13:47:32 - [TEST_STEP][PASSED] - js.executeScript("arguments[0].style.border='3px solid red'", paymentStatus): null&#xD;
&#xD;
2019-08-14 13:47:32 - [TEST_STEP][PASSED] - out.println("OrderValues == " + orderValue): null&#xD;
&#xD;
2019-08-14 13:47:32 - [TEST_STEP][PASSED] - out.println("AddressValues == " + addressValue): null&#xD;
&#xD;
2019-08-14 13:47:32 - [TEST_STEP][PASSED] - out.println("ListingValues == " + listingValue): null&#xD;
&#xD;
2019-08-14 13:47:32 - [TEST_STEP][PASSED] - out.println("BookinDateValues == " + bookingDateValue): null&#xD;
&#xD;
2019-08-14 13:47:32 - [TEST_STEP][PASSED] - out.println("StatusValues == " + statusValue): null&#xD;
&#xD;
2019-08-14 13:47:32 - [TEST_STEP][PASSED] - out.println("PaymentStatusValues == " + paymentValue): null&#xD;
&#xD;
2019-08-14 13:47:35 - [TEST_STEP][PASSED] - Assert.assertNotEquals(orderValue, null, "Order number is null"): null&#xD;
&#xD;
2019-08-14 13:47:35 - [TEST_STEP][PASSED] - Assert.assertNotEquals(addressValue, null, "Address is null"): null&#xD;
&#xD;
2019-08-14 13:47:35 - [TEST_STEP][PASSED] - Assert.assertNotEquals(listingValue, null, "Listing is null"): null&#xD;
&#xD;
2019-08-14 13:47:35 - [TEST_STEP][PASSED] - Assert.assertNotEquals(bookingDateValue, null, "Booking date is null"): null&#xD;
&#xD;
2019-08-14 13:47:35 - [TEST_STEP][PASSED] - Assert.assertNotEquals(statusValue, null, "Status is null"): null&#xD;
&#xD;
2019-08-14 13:47:35 - [TEST_STEP][PASSED] - Assert.assertNotEquals(paymentValue, null, "Payment status is null"): null&#xD;
&#xD;
2019-08-14 13:47:35 - [TEST_STEP][PASSED] - out.println("Items == " + i + 1): null&#xD;
&#xD;
2019-08-14 13:47:35 - [TEST_STEP][PASSED] - orderValue = xpath("//*[@id='tab-5']/table/tbody/tr[" + i + 1 + "]/td[1]")).getText(): null&#xD;
&#xD;
2019-08-14 13:47:35 - [TEST_STEP][PASSED] - addressValue = xpath("//*[@id='tab-5']/table/tbody/tr[" + i + 1 + "]/td[2]")).getText(): null&#xD;
&#xD;
2019-08-14 13:47:35 - [TEST_STEP][PASSED] - listingValue = xpath("//*[@id='tab-5']/table/tbody/tr[" + i + 1 + "]/td[3]")).getText(): null&#xD;
&#xD;
2019-08-14 13:47:35 - [TEST_STEP][PASSED] - bookingDateValue = xpath("//*[@id='tab-5']/table/tbody/tr[" + i + 1 + "]/td[4]")).getText(): null&#xD;
&#xD;
2019-08-14 13:47:36 - [TEST_STEP][PASSED] - statusValue = xpath("//*[@id='tab-5']/table/tbody/tr[" + i + 1 + "]/td[5]")).getText(): null&#xD;
&#xD;
2019-08-14 13:47:36 - [TEST_STEP][PASSED] - paymentValue = xpath("//*[@id='tab-5']/table/tbody/tr[" + i + 1 + "]/td[6]")).getText(): null&#xD;
&#xD;
2019-08-14 13:47:36 - [TEST_STEP][PASSED] - order = driver.findElement(By.xpath("//*[@id='tab-5']/table/tbody/tr[" + i + 1 + "]/td[1]")): null&#xD;
&#xD;
2019-08-14 13:47:36 - [TEST_STEP][PASSED] - address = driver.findElement(By.xpath("//*[@id='tab-5']/table/tbody/tr[" + i + 1 + "]/td[2]")): null&#xD;
&#xD;
2019-08-14 13:47:36 - [TEST_STEP][PASSED] - listing = driver.findElement(By.xpath("//*[@id='tab-5']/table/tbody/tr[" + i + 1 + "]/td[3]")): null&#xD;
&#xD;
2019-08-14 13:47:36 - [TEST_STEP][PASSED] - bookingDate = driver.findElement(By.xpath("//*[@id='tab-5']/table/tbody/tr[" + i + 1 + "]/td[4]")): null&#xD;
&#xD;
2019-08-14 13:47:36 - [TEST_STEP][PASSED] - status = driver.findElement(By.xpath("//*[@id='tab-5']/table/tbody/tr[" + i + 1 + "]/td[5]")): null&#xD;
&#xD;
2019-08-14 13:47:36 - [TEST_STEP][PASSED] - paymentStatus = driver.findElement(By.xpath("//*[@id='tab-5']/table/tbody/tr[" + i + 1 + "]/td[6]")): null&#xD;
&#xD;
2019-08-14 13:47:36 - [TEST_STEP][PASSED] - js.executeScript("arguments[0].style.border='3px solid red'", order): null&#xD;
&#xD;
2019-08-14 13:47:36 - [TEST_STEP][PASSED] - js.executeScript("arguments[0].style.border='3px solid red'", address): null&#xD;
&#xD;
2019-08-14 13:47:36 - [TEST_STEP][PASSED] - js.executeScript("arguments[0].style.border='3px solid red'", listing): null&#xD;
&#xD;
2019-08-14 13:47:36 - [TEST_STEP][PASSED] - js.executeScript("arguments[0].style.border='3px solid red'", bookingDate): null&#xD;
&#xD;
2019-08-14 13:47:36 - [TEST_STEP][PASSED] - js.executeScript("arguments[0].style.border='3px solid red'", status): null&#xD;
&#xD;
2019-08-14 13:47:36 - [TEST_STEP][PASSED] - js.executeScript("arguments[0].style.border='3px solid red'", paymentStatus): null&#xD;
&#xD;
2019-08-14 13:47:36 - [TEST_STEP][PASSED] - out.println("OrderValues == " + orderValue): null&#xD;
&#xD;
2019-08-14 13:47:38 - [TEST_STEP][PASSED] - out.println("AddressValues == " + addressValue): null&#xD;
&#xD;
2019-08-14 13:47:38 - [TEST_STEP][PASSED] - out.println("ListingValues == " + listingValue): null&#xD;
&#xD;
2019-08-14 13:47:38 - [TEST_STEP][PASSED] - out.println("BookinDateValues == " + bookingDateValue): null&#xD;
&#xD;
2019-08-14 13:47:38 - [TEST_STEP][PASSED] - out.println("StatusValues == " + statusValue): null&#xD;
&#xD;
2019-08-14 13:47:38 - [TEST_STEP][PASSED] - out.println("PaymentStatusValues == " + paymentValue): null&#xD;
&#xD;
2019-08-14 13:47:38 - [TEST_STEP][PASSED] - Assert.assertNotEquals(orderValue, null, "Order number is null"): null&#xD;
&#xD;
2019-08-14 13:47:38 - [TEST_STEP][PASSED] - Assert.assertNotEquals(addressValue, null, "Address is null"): null&#xD;
&#xD;
2019-08-14 13:47:38 - [TEST_STEP][PASSED] - Assert.assertNotEquals(listingValue, null, "Listing is null"): null&#xD;
&#xD;
2019-08-14 13:47:38 - [TEST_STEP][PASSED] - Assert.assertNotEquals(bookingDateValue, null, "Booking date is null"): null&#xD;
&#xD;
2019-08-14 13:47:38 - [TEST_STEP][PASSED] - Assert.assertNotEquals(statusValue, null, "Status is null"): null&#xD;
&#xD;
2019-08-14 13:47:38 - [TEST_STEP][PASSED] - Assert.assertNotEquals(paymentValue, null, "Payment status is null"): null&#xD;
&#xD;
2019-08-14 13:47:38 - [TEST_STEP][PASSED] - out.println("Items == " + i + 1): null&#xD;
&#xD;
2019-08-14 13:47:38 - [TEST_STEP][PASSED] - orderValue = xpath("//*[@id='tab-5']/table/tbody/tr[" + i + 1 + "]/td[1]")).getText(): null&#xD;
&#xD;
2019-08-14 13:47:38 - [TEST_STEP][PASSED] - addressValue = xpath("//*[@id='tab-5']/table/tbody/tr[" + i + 1 + "]/td[2]")).getText(): null&#xD;
&#xD;
2019-08-14 13:47:38 - [TEST_STEP][PASSED] - listingValue = xpath("//*[@id='tab-5']/table/tbody/tr[" + i + 1 + "]/td[3]")).getText(): null&#xD;
&#xD;
2019-08-14 13:47:38 - [TEST_STEP][PASSED] - bookingDateValue = xpath("//*[@id='tab-5']/table/tbody/tr[" + i + 1 + "]/td[4]")).getText(): null&#xD;
&#xD;
2019-08-14 13:47:38 - [TEST_STEP][PASSED] - statusValue = xpath("//*[@id='tab-5']/table/tbody/tr[" + i + 1 + "]/td[5]")).getText(): null&#xD;
&#xD;
2019-08-14 13:47:38 - [TEST_STEP][PASSED] - paymentValue = xpath("//*[@id='tab-5']/table/tbody/tr[" + i + 1 + "]/td[6]")).getText(): null&#xD;
&#xD;
2019-08-14 13:47:38 - [TEST_STEP][PASSED] - order = driver.findElement(By.xpath("//*[@id='tab-5']/table/tbody/tr[" + i + 1 + "]/td[1]")): null&#xD;
&#xD;
2019-08-14 13:47:38 - [TEST_STEP][PASSED] - address = driver.findElement(By.xpath("//*[@id='tab-5']/table/tbody/tr[" + i + 1 + "]/td[2]")): null&#xD;
&#xD;
2019-08-14 13:47:38 - [TEST_STEP][PASSED] - listing = driver.findElement(By.xpath("//*[@id='tab-5']/table/tbody/tr[" + i + 1 + "]/td[3]")): null&#xD;
&#xD;
2019-08-14 13:47:38 - [TEST_STEP][PASSED] - bookingDate = driver.findElement(By.xpath("//*[@id='tab-5']/table/tbody/tr[" + i + 1 + "]/td[4]")): null&#xD;
&#xD;
2019-08-14 13:47:38 - [TEST_STEP][PASSED] - status = driver.findElement(By.xpath("//*[@id='tab-5']/table/tbody/tr[" + i + 1 + "]/td[5]")): null&#xD;
&#xD;
2019-08-14 13:47:38 - [TEST_STEP][PASSED] - paymentStatus = driver.findElement(By.xpath("//*[@id='tab-5']/table/tbody/tr[" + i + 1 + "]/td[6]")): null&#xD;
&#xD;
2019-08-14 13:47:38 - [TEST_STEP][PASSED] - js.executeScript("arguments[0].style.border='3px solid red'", order): null&#xD;
&#xD;
2019-08-14 13:47:38 - [TEST_STEP][PASSED] - js.executeScript("arguments[0].style.border='3px solid red'", address): null&#xD;
&#xD;
2019-08-14 13:47:38 - [TEST_STEP][PASSED] - js.executeScript("arguments[0].style.border='3px solid red'", listing): null&#xD;
&#xD;
2019-08-14 13:47:38 - [TEST_STEP][PASSED] - js.executeScript("arguments[0].style.border='3px solid red'", bookingDate): null&#xD;
&#xD;
2019-08-14 13:47:38 - [TEST_STEP][PASSED] - js.executeScript("arguments[0].style.border='3px solid red'", status): null&#xD;
&#xD;
2019-08-14 13:47:38 - [TEST_STEP][PASSED] - js.executeScript("arguments[0].style.border='3px solid red'", paymentStatus): null&#xD;
&#xD;
2019-08-14 13:47:38 - [TEST_STEP][PASSED] - out.println("OrderValues == " + orderValue): null&#xD;
&#xD;
2019-08-14 13:47:38 - [TEST_STEP][PASSED] - out.println("AddressValues == " + addressValue): null&#xD;
&#xD;
2019-08-14 13:47:38 - [TEST_STEP][PASSED] - out.println("ListingValues == " + listingValue): null&#xD;
&#xD;
2019-08-14 13:47:38 - [TEST_STEP][PASSED] - out.println("BookinDateValues == " + bookingDateValue): null&#xD;
&#xD;
2019-08-14 13:47:38 - [TEST_STEP][PASSED] - out.println("StatusValues == " + statusValue): null&#xD;
&#xD;
2019-08-14 13:47:38 - [TEST_STEP][PASSED] - out.println("PaymentStatusValues == " + paymentValue): null&#xD;
&#xD;
2019-08-14 13:47:38 - [TEST_STEP][PASSED] - Assert.assertNotEquals(orderValue, null, "Order number is null"): null&#xD;
&#xD;
2019-08-14 13:47:38 - [TEST_STEP][PASSED] - Assert.assertNotEquals(addressValue, null, "Address is null"): null&#xD;
&#xD;
2019-08-14 13:47:38 - [TEST_STEP][PASSED] - Assert.assertNotEquals(listingValue, null, "Listing is null"): null&#xD;
&#xD;
2019-08-14 13:47:38 - [TEST_STEP][PASSED] - Assert.assertNotEquals(bookingDateValue, null, "Booking date is null"): null&#xD;
&#xD;
2019-08-14 13:47:38 - [TEST_STEP][PASSED] - Assert.assertNotEquals(statusValue, null, "Status is null"): null&#xD;
&#xD;
2019-08-14 13:47:38 - [TEST_STEP][PASSED] - Assert.assertNotEquals(paymentValue, null, "Payment status is null"): null&#xD;
&#xD;
2019-08-14 13:47:38 - [TEST_STEP][PASSED] - out.println("Items == " + i + 1): null&#xD;
&#xD;
2019-08-14 13:47:38 - [TEST_STEP][PASSED] - orderValue = xpath("//*[@id='tab-5']/table/tbody/tr[" + i + 1 + "]/td[1]")).getText(): null&#xD;
&#xD;
2019-08-14 13:47:42 - [TEST_STEP][PASSED] - addressValue = xpath("//*[@id='tab-5']/table/tbody/tr[" + i + 1 + "]/td[2]")).getText(): null&#xD;
&#xD;
2019-08-14 13:47:42 - [TEST_STEP][PASSED] - listingValue = xpath("//*[@id='tab-5']/table/tbody/tr[" + i + 1 + "]/td[3]")).getText(): null&#xD;
&#xD;
2019-08-14 13:47:42 - [TEST_STEP][PASSED] - bookingDateValue = xpath("//*[@id='tab-5']/table/tbody/tr[" + i + 1 + "]/td[4]")).getText(): null&#xD;
&#xD;
2019-08-14 13:47:42 - [TEST_STEP][PASSED] - statusValue = xpath("//*[@id='tab-5']/table/tbody/tr[" + i + 1 + "]/td[5]")).getText(): null&#xD;
&#xD;
2019-08-14 13:47:43 - [TEST_STEP][PASSED] - paymentValue = xpath("//*[@id='tab-5']/table/tbody/tr[" + i + 1 + "]/td[6]")).getText(): null&#xD;
&#xD;
2019-08-14 13:47:43 - [TEST_STEP][PASSED] - order = driver.findElement(By.xpath("//*[@id='tab-5']/table/tbody/tr[" + i + 1 + "]/td[1]")): null&#xD;
&#xD;
2019-08-14 13:47:43 - [TEST_STEP][PASSED] - address = driver.findElement(By.xpath("//*[@id='tab-5']/table/tbody/tr[" + i + 1 + "]/td[2]")): null&#xD;
&#xD;
2019-08-14 13:47:43 - [TEST_STEP][PASSED] - listing = driver.findElement(By.xpath("//*[@id='tab-5']/table/tbody/tr[" + i + 1 + "]/td[3]")): null&#xD;
&#xD;
2019-08-14 13:47:43 - [TEST_STEP][PASSED] - bookingDate = driver.findElement(By.xpath("//*[@id='tab-5']/table/tbody/tr[" + i + 1 + "]/td[4]")): null&#xD;
&#xD;
2019-08-14 13:47:43 - [TEST_STEP][PASSED] - status = driver.findElement(By.xpath("//*[@id='tab-5']/table/tbody/tr[" + i + 1 + "]/td[5]")): null&#xD;
&#xD;
2019-08-14 13:47:43 - [TEST_STEP][PASSED] - paymentStatus = driver.findElement(By.xpath("//*[@id='tab-5']/table/tbody/tr[" + i + 1 + "]/td[6]")): null&#xD;
&#xD;
2019-08-14 13:47:43 - [TEST_STEP][PASSED] - js.executeScript("arguments[0].style.border='3px solid red'", order): null&#xD;
&#xD;
2019-08-14 13:47:43 - [TEST_STEP][PASSED] - js.executeScript("arguments[0].style.border='3px solid red'", address): null&#xD;
&#xD;
2019-08-14 13:47:43 - [TEST_STEP][PASSED] - js.executeScript("arguments[0].style.border='3px solid red'", listing): null&#xD;
&#xD;
2019-08-14 13:47:43 - [TEST_STEP][PASSED] - js.executeScript("arguments[0].style.border='3px solid red'", bookingDate): null&#xD;
&#xD;
2019-08-14 13:47:43 - [TEST_STEP][PASSED] - js.executeScript("arguments[0].style.border='3px solid red'", status): null&#xD;
&#xD;
2019-08-14 13:47:43 - [TEST_STEP][PASSED] - js.executeScript("arguments[0].style.border='3px solid red'", paymentStatus): null&#xD;
&#xD;
2019-08-14 13:47:43 - [TEST_STEP][PASSED] - out.println("OrderValues == " + orderValue): null&#xD;
&#xD;
2019-08-14 13:47:43 - [TEST_STEP][PASSED] - out.println("AddressValues == " + addressValue): null&#xD;
&#xD;
2019-08-14 13:47:43 - [TEST_STEP][PASSED] - out.println("ListingValues == " + listingValue): null&#xD;
&#xD;
2019-08-14 13:47:43 - [TEST_STEP][PASSED] - out.println("BookinDateValues == " + bookingDateValue): null&#xD;
&#xD;
2019-08-14 13:47:43 - [TEST_STEP][PASSED] - out.println("StatusValues == " + statusValue): null&#xD;
&#xD;
2019-08-14 13:47:43 - [TEST_STEP][PASSED] - out.println("PaymentStatusValues == " + paymentValue): null&#xD;
&#xD;
2019-08-14 13:47:43 - [TEST_STEP][PASSED] - Assert.assertNotEquals(orderValue, null, "Order number is null"): null&#xD;
&#xD;
2019-08-14 13:47:43 - [TEST_STEP][PASSED] - Assert.assertNotEquals(addressValue, null, "Address is null"): null&#xD;
&#xD;
2019-08-14 13:47:43 - [TEST_STEP][PASSED] - Assert.assertNotEquals(listingValue, null, "Listing is null"): null&#xD;
&#xD;
2019-08-14 13:47:45 - [TEST_STEP][PASSED] - Assert.assertNotEquals(bookingDateValue, null, "Booking date is null"): null&#xD;
&#xD;
2019-08-14 13:47:45 - [TEST_STEP][PASSED] - Assert.assertNotEquals(statusValue, null, "Status is null"): null&#xD;
&#xD;
2019-08-14 13:47:45 - [TEST_STEP][PASSED] - Assert.assertNotEquals(paymentValue, null, "Payment status is null"): null&#xD;
&#xD;
2019-08-14 13:47:45 - [TEST_STEP][PASSED] - out.println("Items == " + i + 1): null&#xD;
&#xD;
2019-08-14 13:47:45 - [TEST_STEP][PASSED] - orderValue = xpath("//*[@id='tab-5']/table/tbody/tr[" + i + 1 + "]/td[1]")).getText(): null&#xD;
&#xD;
2019-08-14 13:47:45 - [TEST_STEP][PASSED] - addressValue = xpath("//*[@id='tab-5']/table/tbody/tr[" + i + 1 + "]/td[2]")).getText(): null&#xD;
&#xD;
2019-08-14 13:47:45 - [TEST_STEP][PASSED] - listingValue = xpath("//*[@id='tab-5']/table/tbody/tr[" + i + 1 + "]/td[3]")).getText(): null&#xD;
&#xD;
2019-08-14 13:47:45 - [TEST_STEP][PASSED] - bookingDateValue = xpath("//*[@id='tab-5']/table/tbody/tr[" + i + 1 + "]/td[4]")).getText(): null&#xD;
&#xD;
2019-08-14 13:47:45 - [TEST_STEP][PASSED] - statusValue = xpath("//*[@id='tab-5']/table/tbody/tr[" + i + 1 + "]/td[5]")).getText(): null&#xD;
&#xD;
2019-08-14 13:47:45 - [TEST_STEP][PASSED] - paymentValue = xpath("//*[@id='tab-5']/table/tbody/tr[" + i + 1 + "]/td[6]")).getText(): null&#xD;
&#xD;
2019-08-14 13:47:45 - [TEST_STEP][PASSED] - order = driver.findElement(By.xpath("//*[@id='tab-5']/table/tbody/tr[" + i + 1 + "]/td[1]")): null&#xD;
&#xD;
2019-08-14 13:47:45 - [TEST_STEP][PASSED] - address = driver.findElement(By.xpath("//*[@id='tab-5']/table/tbody/tr[" + i + 1 + "]/td[2]")): null&#xD;
&#xD;
2019-08-14 13:47:45 - [TEST_STEP][PASSED] - listing = driver.findElement(By.xpath("//*[@id='tab-5']/table/tbody/tr[" + i + 1 + "]/td[3]")): null&#xD;
&#xD;
2019-08-14 13:47:45 - [TEST_STEP][PASSED] - bookingDate = driver.findElement(By.xpath("//*[@id='tab-5']/table/tbody/tr[" + i + 1 + "]/td[4]")): null&#xD;
&#xD;
2019-08-14 13:47:45 - [TEST_STEP][PASSED] - status = driver.findElement(By.xpath("//*[@id='tab-5']/table/tbody/tr[" + i + 1 + "]/td[5]")): null&#xD;
&#xD;
2019-08-14 13:47:45 - [TEST_STEP][PASSED] - paymentStatus = driver.findElement(By.xpath("//*[@id='tab-5']/table/tbody/tr[" + i + 1 + "]/td[6]")): null&#xD;
&#xD;
2019-08-14 13:47:45 - [TEST_STEP][PASSED] - js.executeScript("arguments[0].style.border='3px solid red'", order): null&#xD;
&#xD;
2019-08-14 13:47:45 - [TEST_STEP][PASSED] - js.executeScript("arguments[0].style.border='3px solid red'", address): null&#xD;
&#xD;
2019-08-14 13:47:45 - [TEST_STEP][PASSED] - js.executeScript("arguments[0].style.border='3px solid red'", listing): null&#xD;
&#xD;
2019-08-14 13:47:45 - [TEST_STEP][PASSED] - js.executeScript("arguments[0].style.border='3px solid red'", bookingDate): null&#xD;
&#xD;
2019-08-14 13:47:46 - [TEST_STEP][PASSED] - js.executeScript("arguments[0].style.border='3px solid red'", status): null&#xD;
&#xD;
2019-08-14 13:47:46 - [TEST_STEP][PASSED] - js.executeScript("arguments[0].style.border='3px solid red'", paymentStatus): null&#xD;
&#xD;
2019-08-14 13:47:46 - [TEST_STEP][PASSED] - out.println("OrderValues == " + orderValue): null&#xD;
&#xD;
2019-08-14 13:47:46 - [TEST_STEP][PASSED] - out.println("AddressValues == " + addressValue): null&#xD;
&#xD;
2019-08-14 13:47:46 - [TEST_STEP][PASSED] - out.println("ListingValues == " + listingValue): null&#xD;
&#xD;
2019-08-14 13:47:46 - [TEST_STEP][PASSED] - out.println("BookinDateValues == " + bookingDateValue): null&#xD;
&#xD;
2019-08-14 13:47:46 - [TEST_STEP][PASSED] - out.println("StatusValues == " + statusValue): null&#xD;
&#xD;
2019-08-14 13:47:46 - [TEST_STEP][PASSED] - out.println("PaymentStatusValues == " + paymentValue): null&#xD;
&#xD;
2019-08-14 13:47:46 - [TEST_STEP][PASSED] - Assert.assertNotEquals(orderValue, null, "Order number is null"): null&#xD;
&#xD;
2019-08-14 13:47:46 - [TEST_STEP][PASSED] - Assert.assertNotEquals(addressValue, null, "Address is null"): null&#xD;
&#xD;
2019-08-14 13:47:46 - [TEST_STEP][PASSED] - Assert.assertNotEquals(listingValue, null, "Listing is null"): null&#xD;
&#xD;
2019-08-14 13:47:46 - [TEST_STEP][PASSED] - Assert.assertNotEquals(bookingDateValue, null, "Booking date is null"): null&#xD;
&#xD;
2019-08-14 13:47:46 - [TEST_STEP][PASSED] - Assert.assertNotEquals(statusValue, null, "Status is null"): null&#xD;
&#xD;
2019-08-14 13:47:46 - [TEST_STEP][PASSED] - Assert.assertNotEquals(paymentValue, null, "Payment status is null"): null&#xD;
&#xD;
2019-08-14 13:47:46 - [TEST_STEP][PASSED] - out.println("Items == " + i + 1): null&#xD;
&#xD;
2019-08-14 13:47:46 - [TEST_STEP][PASSED] - orderValue = xpath("//*[@id='tab-5']/table/tbody/tr[" + i + 1 + "]/td[1]")).getText(): null&#xD;
&#xD;
2019-08-14 13:47:46 - [TEST_STEP][PASSED] - addressValue = xpath("//*[@id='tab-5']/table/tbody/tr[" + i + 1 + "]/td[2]")).getText(): null&#xD;
&#xD;
2019-08-14 13:47:46 - [TEST_STEP][PASSED] - listingValue = xpath("//*[@id='tab-5']/table/tbody/tr[" + i + 1 + "]/td[3]")).getText(): null&#xD;
&#xD;
2019-08-14 13:47:46 - [TEST_STEP][PASSED] - bookingDateValue = xpath("//*[@id='tab-5']/table/tbody/tr[" + i + 1 + "]/td[4]")).getText(): null&#xD;
&#xD;
2019-08-14 13:47:46 - [TEST_STEP][PASSED] - statusValue = xpath("//*[@id='tab-5']/table/tbody/tr[" + i + 1 + "]/td[5]")).getText(): null&#xD;
&#xD;
2019-08-14 13:47:46 - [TEST_STEP][PASSED] - paymentValue = xpath("//*[@id='tab-5']/table/tbody/tr[" + i + 1 + "]/td[6]")).getText(): null&#xD;
&#xD;
2019-08-14 13:47:46 - [TEST_STEP][PASSED] - order = driver.findElement(By.xpath("//*[@id='tab-5']/table/tbody/tr[" + i + 1 + "]/td[1]")): null&#xD;
&#xD;
2019-08-14 13:47:46 - [TEST_STEP][PASSED] - address = driver.findElement(By.xpath("//*[@id='tab-5']/table/tbody/tr[" + i + 1 + "]/td[2]")): null&#xD;
&#xD;
2019-08-14 13:47:50 - [TEST_STEP][PASSED] - listing = driver.findElement(By.xpath("//*[@id='tab-5']/table/tbody/tr[" + i + 1 + "]/td[3]")): null&#xD;
&#xD;
2019-08-14 13:47:50 - [TEST_STEP][PASSED] - bookingDate = driver.findElement(By.xpath("//*[@id='tab-5']/table/tbody/tr[" + i + 1 + "]/td[4]")): null&#xD;
&#xD;
2019-08-14 13:47:50 - [TEST_STEP][PASSED] - status = driver.findElement(By.xpath("//*[@id='tab-5']/table/tbody/tr[" + i + 1 + "]/td[5]")): null&#xD;
&#xD;
2019-08-14 13:47:50 - [TEST_STEP][PASSED] - paymentStatus = driver.findElement(By.xpath("//*[@id='tab-5']/table/tbody/tr[" + i + 1 + "]/td[6]")): null&#xD;
&#xD;
2019-08-14 13:47:50 - [TEST_STEP][PASSED] - js.executeScript("arguments[0].style.border='3px solid red'", order): null&#xD;
&#xD;
2019-08-14 13:47:50 - [TEST_STEP][PASSED] - js.executeScript("arguments[0].style.border='3px solid red'", address): null&#xD;
&#xD;
2019-08-14 13:47:50 - [TEST_STEP][PASSED] - js.executeScript("arguments[0].style.border='3px solid red'", listing): null&#xD;
&#xD;
2019-08-14 13:47:50 - [TEST_STEP][PASSED] - js.executeScript("arguments[0].style.border='3px solid red'", bookingDate): null&#xD;
&#xD;
2019-08-14 13:47:50 - [TEST_STEP][PASSED] - js.executeScript("arguments[0].style.border='3px solid red'", status): null&#xD;
&#xD;
2019-08-14 13:47:50 - [TEST_STEP][PASSED] - js.executeScript("arguments[0].style.border='3px solid red'", paymentStatus): null&#xD;
&#xD;
2019-08-14 13:47:50 - [TEST_STEP][PASSED] - out.println("OrderValues == " + orderValue): null&#xD;
&#xD;
2019-08-14 13:47:50 - [TEST_STEP][PASSED] - out.println("AddressValues == " + addressValue): null&#xD;
&#xD;
2019-08-14 13:47:50 - [TEST_STEP][PASSED] - out.println("ListingValues == " + listingValue): null&#xD;
&#xD;
2019-08-14 13:47:50 - [TEST_STEP][PASSED] - out.println("BookinDateValues == " + bookingDateValue): null&#xD;
&#xD;
2019-08-14 13:47:50 - [TEST_STEP][PASSED] - out.println("StatusValues == " + statusValue): null&#xD;
&#xD;
2019-08-14 13:47:50 - [TEST_STEP][PASSED] - out.println("PaymentStatusValues == " + paymentValue): null&#xD;
&#xD;
2019-08-14 13:47:50 - [TEST_STEP][PASSED] - Assert.assertNotEquals(orderValue, null, "Order number is null"): null&#xD;
&#xD;
2019-08-14 13:47:50 - [TEST_STEP][PASSED] - Assert.assertNotEquals(addressValue, null, "Address is null"): null&#xD;
&#xD;
2019-08-14 13:47:50 - [TEST_STEP][PASSED] - Assert.assertNotEquals(listingValue, null, "Listing is null"): null&#xD;
&#xD;
2019-08-14 13:47:50 - [TEST_STEP][PASSED] - Assert.assertNotEquals(bookingDateValue, null, "Booking date is null"): null&#xD;
&#xD;
2019-08-14 13:47:50 - [TEST_STEP][PASSED] - Assert.assertNotEquals(statusValue, null, "Status is null"): null&#xD;
&#xD;
2019-08-14 13:47:50 - [TEST_STEP][PASSED] - Assert.assertNotEquals(paymentValue, null, "Payment status is null"): null&#xD;
&#xD;
2019-08-14 13:47:50 - [TEST_STEP][PASSED] - out.println("Items == " + i + 1): null&#xD;
&#xD;
2019-08-14 13:47:50 - [TEST_STEP][PASSED] - orderValue = xpath("//*[@id='tab-5']/table/tbody/tr[" + i + 1 + "]/td[1]")).getText(): null&#xD;
&#xD;
2019-08-14 13:47:50 - [TEST_STEP][PASSED] - addressValue = xpath("//*[@id='tab-5']/table/tbody/tr[" + i + 1 + "]/td[2]")).getText(): null&#xD;
&#xD;
2019-08-14 13:47:50 - [TEST_STEP][PASSED] - listingValue = xpath("//*[@id='tab-5']/table/tbody/tr[" + i + 1 + "]/td[3]")).getText(): null&#xD;
&#xD;
2019-08-14 13:47:50 - [TEST_STEP][PASSED] - bookingDateValue = xpath("//*[@id='tab-5']/table/tbody/tr[" + i + 1 + "]/td[4]")).getText(): null&#xD;
&#xD;
2019-08-14 13:47:53 - [TEST_STEP][PASSED] - statusValue = xpath("//*[@id='tab-5']/table/tbody/tr[" + i + 1 + "]/td[5]")).getText(): null&#xD;
&#xD;
2019-08-14 13:47:53 - [TEST_STEP][PASSED] - paymentValue = xpath("//*[@id='tab-5']/table/tbody/tr[" + i + 1 + "]/td[6]")).getText(): null&#xD;
&#xD;
2019-08-14 13:47:53 - [TEST_STEP][PASSED] - order = driver.findElement(By.xpath("//*[@id='tab-5']/table/tbody/tr[" + i + 1 + "]/td[1]")): null&#xD;
&#xD;
2019-08-14 13:47:53 - [TEST_STEP][PASSED] - address = driver.findElement(By.xpath("//*[@id='tab-5']/table/tbody/tr[" + i + 1 + "]/td[2]")): null&#xD;
&#xD;
2019-08-14 13:47:53 - [TEST_STEP][PASSED] - listing = driver.findElement(By.xpath("//*[@id='tab-5']/table/tbody/tr[" + i + 1 + "]/td[3]")): null&#xD;
&#xD;
2019-08-14 13:47:53 - [TEST_STEP][PASSED] - bookingDate = driver.findElement(By.xpath("//*[@id='tab-5']/table/tbody/tr[" + i + 1 + "]/td[4]")): null&#xD;
&#xD;
2019-08-14 13:47:53 - [TEST_STEP][PASSED] - status = driver.findElement(By.xpath("//*[@id='tab-5']/table/tbody/tr[" + i + 1 + "]/td[5]")): null&#xD;
&#xD;
2019-08-14 13:47:53 - [TEST_STEP][PASSED] - paymentStatus = driver.findElement(By.xpath("//*[@id='tab-5']/table/tbody/tr[" + i + 1 + "]/td[6]")): null&#xD;
&#xD;
2019-08-14 13:47:53 - [TEST_STEP][PASSED] - js.executeScript("arguments[0].style.border='3px solid red'", order): null&#xD;
&#xD;
2019-08-14 13:47:53 - [TEST_STEP][PASSED] - js.executeScript("arguments[0].style.border='3px solid red'", address): null&#xD;
&#xD;
2019-08-14 13:47:53 - [TEST_STEP][PASSED] - js.executeScript("arguments[0].style.border='3px solid red'", listing): null&#xD;
&#xD;
2019-08-14 13:47:53 - [TEST_STEP][PASSED] - js.executeScript("arguments[0].style.border='3px solid red'", bookingDate): null&#xD;
&#xD;
2019-08-14 13:47:53 - [TEST_STEP][PASSED] - js.executeScript("arguments[0].style.border='3px solid red'", status): null&#xD;
&#xD;
2019-08-14 13:47:53 - [TEST_STEP][PASSED] - js.executeScript("arguments[0].style.border='3px solid red'", paymentStatus): null&#xD;
&#xD;
2019-08-14 13:47:53 - [TEST_STEP][PASSED] - out.println("OrderValues == " + orderValue): null&#xD;
&#xD;
2019-08-14 13:47:53 - [TEST_STEP][PASSED] - out.println("AddressValues == " + addressValue): null&#xD;
&#xD;
2019-08-14 13:47:53 - [TEST_STEP][PASSED] - out.println("ListingValues == " + listingValue): null&#xD;
&#xD;
2019-08-14 13:47:53 - [TEST_STEP][PASSED] - out.println("BookinDateValues == " + bookingDateValue): null&#xD;
&#xD;
2019-08-14 13:47:53 - [TEST_STEP][PASSED] - out.println("StatusValues == " + statusValue): null&#xD;
&#xD;
2019-08-14 13:47:53 - [TEST_STEP][PASSED] - out.println("PaymentStatusValues == " + paymentValue): null&#xD;
&#xD;
2019-08-14 13:47:53 - [TEST_STEP][PASSED] - Assert.assertNotEquals(orderValue, null, "Order number is null"): null&#xD;
&#xD;
2019-08-14 13:47:53 - [TEST_STEP][PASSED] - Assert.assertNotEquals(addressValue, null, "Address is null"): null&#xD;
&#xD;
2019-08-14 13:47:53 - [TEST_STEP][PASSED] - Assert.assertNotEquals(listingValue, null, "Listing is null"): null&#xD;
&#xD;
2019-08-14 13:47:53 - [TEST_STEP][PASSED] - Assert.assertNotEquals(bookingDateValue, null, "Booking date is null"): null&#xD;
&#xD;
2019-08-14 13:47:53 - [TEST_STEP][PASSED] - Assert.assertNotEquals(statusValue, null, "Status is null"): null&#xD;
&#xD;
2019-08-14 13:47:53 - [TEST_STEP][PASSED] - Assert.assertNotEquals(paymentValue, null, "Payment status is null"): null&#xD;
&#xD;
2019-08-14 13:47:53 - [TEST_STEP][PASSED] - out.println("Items == " + i + 1): null&#xD;
&#xD;
2019-08-14 13:47:53 - [TEST_STEP][PASSED] - orderValue = xpath("//*[@id='tab-5']/table/tbody/tr[" + i + 1 + "]/td[1]")).getText(): null&#xD;
&#xD;
2019-08-14 13:47:53 - [TEST_STEP][PASSED] - addressValue = xpath("//*[@id='tab-5']/table/tbody/tr[" + i + 1 + "]/td[2]")).getText(): null&#xD;
&#xD;
2019-08-14 13:47:53 - [TEST_STEP][PASSED] - listingValue = xpath("//*[@id='tab-5']/table/tbody/tr[" + i + 1 + "]/td[3]")).getText(): null&#xD;
&#xD;
2019-08-14 13:47:54 - [TEST_STEP][PASSED] - bookingDateValue = xpath("//*[@id='tab-5']/table/tbody/tr[" + i + 1 + "]/td[4]")).getText(): null&#xD;
&#xD;
2019-08-14 13:47:54 - [TEST_STEP][PASSED] - statusValue = xpath("//*[@id='tab-5']/table/tbody/tr[" + i + 1 + "]/td[5]")).getText(): null&#xD;
&#xD;
2019-08-14 13:47:54 - [TEST_STEP][PASSED] - paymentValue = xpath("//*[@id='tab-5']/table/tbody/tr[" + i + 1 + "]/td[6]")).getText(): null&#xD;
&#xD;
2019-08-14 13:47:54 - [TEST_STEP][PASSED] - order = driver.findElement(By.xpath("//*[@id='tab-5']/table/tbody/tr[" + i + 1 + "]/td[1]")): null&#xD;
&#xD;
2019-08-14 13:47:54 - [TEST_STEP][PASSED] - address = driver.findElement(By.xpath("//*[@id='tab-5']/table/tbody/tr[" + i + 1 + "]/td[2]")): null&#xD;
&#xD;
2019-08-14 13:47:54 - [TEST_STEP][PASSED] - listing = driver.findElement(By.xpath("//*[@id='tab-5']/table/tbody/tr[" + i + 1 + "]/td[3]")): null&#xD;
&#xD;
2019-08-14 13:47:54 - [TEST_STEP][PASSED] - bookingDate = driver.findElement(By.xpath("//*[@id='tab-5']/table/tbody/tr[" + i + 1 + "]/td[4]")): null&#xD;
&#xD;
2019-08-14 13:47:54 - [TEST_STEP][PASSED] - status = driver.findElement(By.xpath("//*[@id='tab-5']/table/tbody/tr[" + i + 1 + "]/td[5]")): null&#xD;
&#xD;
2019-08-14 13:47:54 - [TEST_STEP][PASSED] - paymentStatus = driver.findElement(By.xpath("//*[@id='tab-5']/table/tbody/tr[" + i + 1 + "]/td[6]")): null&#xD;
&#xD;
2019-08-14 13:47:54 - [TEST_STEP][PASSED] - js.executeScript("arguments[0].style.border='3px solid red'", order): null&#xD;
&#xD;
2019-08-14 13:47:54 - [TEST_STEP][PASSED] - js.executeScript("arguments[0].style.border='3px solid red'", address): null&#xD;
&#xD;
2019-08-14 13:47:58 - [TEST_STEP][PASSED] - js.executeScript("arguments[0].style.border='3px solid red'", listing): null&#xD;
&#xD;
2019-08-14 13:47:58 - [TEST_STEP][PASSED] - js.executeScript("arguments[0].style.border='3px solid red'", bookingDate): null&#xD;
&#xD;
2019-08-14 13:47:58 - [TEST_STEP][PASSED] - js.executeScript("arguments[0].style.border='3px solid red'", status): null&#xD;
&#xD;
2019-08-14 13:47:58 - [TEST_STEP][PASSED] - js.executeScript("arguments[0].style.border='3px solid red'", paymentStatus): null&#xD;
&#xD;
2019-08-14 13:47:58 - [TEST_STEP][PASSED] - out.println("OrderValues == " + orderValue): null&#xD;
&#xD;
2019-08-14 13:47:58 - [TEST_STEP][PASSED] - out.println("AddressValues == " + addressValue): null&#xD;
&#xD;
2019-08-14 13:47:58 - [TEST_STEP][PASSED] - out.println("ListingValues == " + listingValue): null&#xD;
&#xD;
2019-08-14 13:47:58 - [TEST_STEP][PASSED] - out.println("BookinDateValues == " + bookingDateValue): null&#xD;
&#xD;
2019-08-14 13:47:58 - [TEST_STEP][PASSED] - out.println("StatusValues == " + statusValue): null&#xD;
&#xD;
2019-08-14 13:47:58 - [TEST_STEP][PASSED] - out.println("PaymentStatusValues == " + paymentValue): null&#xD;
&#xD;
2019-08-14 13:47:58 - [TEST_STEP][PASSED] - Assert.assertNotEquals(orderValue, null, "Order number is null"): null&#xD;
&#xD;
2019-08-14 13:47:58 - [TEST_STEP][PASSED] - Assert.assertNotEquals(addressValue, null, "Address is null"): null&#xD;
&#xD;
2019-08-14 13:47:58 - [TEST_STEP][PASSED] - Assert.assertNotEquals(listingValue, null, "Listing is null"): null&#xD;
&#xD;
2019-08-14 13:47:58 - [TEST_STEP][PASSED] - Assert.assertNotEquals(bookingDateValue, null, "Booking date is null"): null&#xD;
&#xD;
2019-08-14 13:47:58 - [TEST_STEP][PASSED] - Assert.assertNotEquals(statusValue, null, "Status is null"): null&#xD;
&#xD;
2019-08-14 13:47:58 - [TEST_STEP][PASSED] - Assert.assertNotEquals(paymentValue, null, "Payment status is null"): null&#xD;
&#xD;
2019-08-14 13:47:58 - [TEST_STEP][PASSED] - Thread.sleep(2000): null&#xD;
&#xD;
2019-08-14 13:48:00 - [TEST_STEP][PASSED] - xpath("/html/body/header/div/div[2]/ul/li[1]/a")).click(): null</system-out>
            <system-err>2019-08-14 13:46:45 - [TEST_CASE][ERROR] - Test Cases/Workilo/Bookings/Customer/CustomerALL: Test Cases/Workilo/Bookings/Customer/CustomerALL FAILED.
Reason:
org.openqa.selenium.ElementNotInteractableException: element not interactable
  (Session info: chrome=76.0.3809.100)
Build info: version: '3.141.59', revision: 'e82be7d358', time: '2018-11-14T08:25:53'
System info: host: 'DAPL-ASSET-180', ip: '192.168.43.246', os.name: 'Windows 8.1', os.arch: 'amd64', os.version: '6.3', java.version: '1.8.0_181'
Driver info: org.openqa.selenium.chrome.ChromeDriver
Capabilities {acceptInsecureCerts: false, browserName: chrome, browserVersion: 76.0.3809.100, chrome: {chromedriverVersion: 76.0.3809.25 (a0c95f440512e..., userDataDir: C:\Users\DAPL-A~1\AppData\L...}, goog:chromeOptions: {debuggerAddress: localhost:61703}, javascriptEnabled: true, networkConnectionEnabled: false, pageLoadStrategy: normal, platform: XP, platformName: XP, proxy: Proxy(), setWindowRect: true, strictFileInteractability: false, timeouts: {implicit: 0, pageLoad: 300000, script: 30000}, unhandledPromptBehavior: dismiss and notify}
Session ID: 19e1aa8113ff74b83c0227e0c0244c12&#xD;
	at org.openqa.selenium.remote.http.W3CHttpResponseCodec.createException(W3CHttpResponseCodec.java:187)&#xD;
	at org.openqa.selenium.remote.http.W3CHttpResponseCodec.decode(W3CHttpResponseCodec.java:122)&#xD;
	at org.openqa.selenium.remote.http.W3CHttpResponseCodec.decode(W3CHttpResponseCodec.java:49)&#xD;
	at org.openqa.selenium.remote.HttpCommandExecutor.execute(HttpCommandExecutor.java:158)&#xD;
	at org.openqa.selenium.remote.service.DriverCommandExecutor.execute(DriverCommandExecutor.java:83)&#xD;
	at org.openqa.selenium.remote.RemoteWebDriver.execute(RemoteWebDriver.java:552)&#xD;
	at org.openqa.selenium.remote.RemoteWebElement.execute(RemoteWebElement.java:285)&#xD;
	at org.openqa.selenium.remote.RemoteWebElement.click(RemoteWebElement.java:84)&#xD;
	at org.openqa.selenium.WebElement$click.call(Unknown Source)&#xD;
	at CustomerALL.run(CustomerALL:148)&#xD;
	at com.kms.katalon.core.main.ScriptEngine.run(ScriptEngine.java:194)&#xD;
	at com.kms.katalon.core.main.ScriptEngine.runScriptAsRawText(ScriptEngine.java:119)&#xD;
	at com.kms.katalon.core.main.TestCaseExecutor.runScript(TestCaseExecutor.java:337)&#xD;
	at com.kms.katalon.core.main.TestCaseExecutor.doExecute(TestCaseExecutor.java:328)&#xD;
	at com.kms.katalon.core.main.TestCaseExecutor.processExecutionPhase(TestCaseExecutor.java:307)&#xD;
	at com.kms.katalon.core.main.TestCaseExecutor.accessMainPhase(TestCaseExecutor.java:299)&#xD;
	at com.kms.katalon.core.main.TestCaseExecutor.execute(TestCaseExecutor.java:233)&#xD;
	at com.kms.katalon.core.main.TestSuiteExecutor.accessTestCaseMainPhase(TestSuiteExecutor.java:133)&#xD;
	at com.kms.katalon.core.main.TestSuiteExecutor.accessTestSuiteMainPhase(TestSuiteExecutor.java:116)&#xD;
	at com.kms.katalon.core.main.TestSuiteExecutor.execute(TestSuiteExecutor.java:83)&#xD;
	at com.kms.katalon.core.main.TestCaseMain.startTestSuite(TestCaseMain.java:157)&#xD;
	at com.kms.katalon.core.main.TestCaseMain$startTestSuite$0.call(Unknown Source)&#xD;
	at TempTestSuite1565770291595.run(TempTestSuite1565770291595.groovy:35)</system-err>
        </testcase>
        <testcase name="Test Cases/Workilo/Bookings/Customer/PlaceOrderBySearchTestMode" classname="Test Cases/Workilo/Bookings/Customer/PlaceOrderBySearchTestMode" status="ERROR">
            <error type="ERROR" message="Test Cases/Workilo/Bookings/Customer/PlaceOrderBySearchTestMode FAILED.&#xA;Reason:&#xA;java.io.IOException: Destination 'C:\Users\DAPL-Asset-70\Katalon Studio\WorkiloAutomation\Test Cases\Screenshots' directory cannot be created&#xD;&#xA;&#x9;at org.apache.commons.io.FileUtils.copyFile(FileUtils.java:1085)&#xD;&#xA;&#x9;at org.apache.commons.io.FileUtils.copyFile(FileUtils.java:1038)&#xD;&#xA;&#x9;at org.apache.commons.io.FileUtils$copyFile.call(Unknown Source)&#xD;&#xA;&#x9;at PlaceOrderBySearchTestMode.run(PlaceOrderBySearchTestMode:124)&#xD;&#xA;&#x9;at com.kms.katalon.core.main.ScriptEngine.run(ScriptEngine.java:194)&#xD;&#xA;&#x9;at com.kms.katalon.core.main.ScriptEngine.runScriptAsRawText(ScriptEngine.java:119)&#xD;&#xA;&#x9;at com.kms.katalon.core.main.TestCaseExecutor.runScript(TestCaseExecutor.java:337)&#xD;&#xA;&#x9;at com.kms.katalon.core.main.TestCaseExecutor.doExecute(TestCaseExecutor.java:328)&#xD;&#xA;&#x9;at com.kms.katalon.core.main.TestCaseExecutor.processExecutionPhase(TestCaseExecutor.java:307)&#xD;&#xA;&#x9;at com.kms.katalon.core.main.TestCaseExecutor.accessMainPhase(TestCaseExecutor.java:299)&#xD;&#xA;&#x9;at com.kms.katalon.core.main.TestCaseExecutor.execute(TestCaseExecutor.java:233)&#xD;&#xA;&#x9;at com.kms.katalon.core.main.TestSuiteExecutor.accessTestCaseMainPhase(TestSuiteExecutor.java:133)&#xD;&#xA;&#x9;at com.kms.katalon.core.main.TestSuiteExecutor.accessTestSuiteMainPhase(TestSuiteExecutor.java:116)&#xD;&#xA;&#x9;at com.kms.katalon.core.main.TestSuiteExecutor.execute(TestSuiteExecutor.java:83)&#xD;&#xA;&#x9;at com.kms.katalon.core.main.TestCaseMain.startTestSuite(TestCaseMain.java:157)&#xD;&#xA;&#x9;at com.kms.katalon.core.main.TestCaseMain$startTestSuite$0.call(Unknown Source)&#xD;&#xA;&#x9;at TempTestSuite1565770291595.run(TempTestSuite1565770291595.groovy:35)&#xD;&#xA;"/>
            <system-out>2019-08-14 13:48:30 - [TEST_CASE][ERROR] - Test Cases/Workilo/Bookings/Customer/PlaceOrderBySearchTestMode: Test Cases/Workilo/Bookings/Customer/PlaceOrderBySearchTestMode FAILED.
Reason:
java.io.IOException: Destination 'C:\Users\DAPL-Asset-70\Katalon Studio\WorkiloAutomation\Test Cases\Screenshots' directory cannot be created&#xD;
	at org.apache.commons.io.FileUtils.copyFile(FileUtils.java:1085)&#xD;
	at org.apache.commons.io.FileUtils.copyFile(FileUtils.java:1038)&#xD;
	at org.apache.commons.io.FileUtils$copyFile.call(Unknown Source)&#xD;
	at PlaceOrderBySearchTestMode.run(PlaceOrderBySearchTestMode:124)&#xD;
	at com.kms.katalon.core.main.ScriptEngine.run(ScriptEngine.java:194)&#xD;
	at com.kms.katalon.core.main.ScriptEngine.runScriptAsRawText(ScriptEngine.java:119)&#xD;
	at com.kms.katalon.core.main.TestCaseExecutor.runScript(TestCaseExecutor.java:337)&#xD;
	at com.kms.katalon.core.main.TestCaseExecutor.doExecute(TestCaseExecutor.java:328)&#xD;
	at com.kms.katalon.core.main.TestCaseExecutor.processExecutionPhase(TestCaseExecutor.java:307)&#xD;
	at com.kms.katalon.core.main.TestCaseExecutor.accessMainPhase(TestCaseExecutor.java:299)&#xD;
	at com.kms.katalon.core.main.TestCaseExecutor.execute(TestCaseExecutor.java:233)&#xD;
	at com.kms.katalon.core.main.TestSuiteExecutor.accessTestCaseMainPhase(TestSuiteExecutor.java:133)&#xD;
	at com.kms.katalon.core.main.TestSuiteExecutor.accessTestSuiteMainPhase(TestSuiteExecutor.java:116)&#xD;
	at com.kms.katalon.core.main.TestSuiteExecutor.execute(TestSuiteExecutor.java:83)&#xD;
	at com.kms.katalon.core.main.TestCaseMain.startTestSuite(TestCaseMain.java:157)&#xD;
	at com.kms.katalon.core.main.TestCaseMain$startTestSuite$0.call(Unknown Source)&#xD;
	at TempTestSuite1565770291595.run(TempTestSuite1565770291595.groovy:35)&#xD;
&#xD;
&#xD;
2019-08-14 13:48:31 - [TEST_STEP][PASSED] - System.setProperty("webdriver.chrome.driver", chromePath): null&#xD;
&#xD;
2019-08-14 13:48:31 - [TEST_STEP][PASSED] - driver = new org.openqa.selenium.chrome.ChromeDriver(): null&#xD;
&#xD;
2019-08-14 13:48:33 - [TEST_STEP][PASSED] - window().maximize(): null&#xD;
&#xD;
2019-08-14 13:48:34 - [TEST_STEP][PASSED] - driver.get("http://workilo.com"): null&#xD;
&#xD;
2019-08-14 13:48:48 - [TEST_STEP][PASSED] - timeouts().implicitlyWait(30, SECONDS): null&#xD;
&#xD;
2019-08-14 13:48:48 - [TEST_STEP][PASSED] - linkText("Log In")).click(): null&#xD;
&#xD;
2019-08-14 13:48:48 - [TEST_STEP][PASSED] - Thread.sleep(2000): null&#xD;
&#xD;
2019-08-14 13:48:50 - [TEST_STEP][PASSED] - id("email_login")).sendKeys("nabin@digitalaptech.com"): null&#xD;
&#xD;
2019-08-14 13:48:50 - [TEST_STEP][PASSED] - id("password_login")).sendKeys("admin#123"): null&#xD;
&#xD;
2019-08-14 13:48:50 - [TEST_STEP][PASSED] - //*[@value='Log in']")).click(): null&#xD;
&#xD;
2019-08-14 13:48:50 - [TEST_STEP][PASSED] - Thread.sleep(3000): null&#xD;
&#xD;
2019-08-14 13:48:53 - [TEST_STEP][PASSED] - js = driver: null&#xD;
&#xD;
2019-08-14 13:48:53 - [TEST_STEP][PASSED] - id("search-input-desk")).sendKeys("Home Appliances"): null&#xD;
&#xD;
2019-08-14 13:48:55 - [TEST_STEP][PASSED] - xpath("//*[@id='select_list']/button")).click(): null&#xD;
&#xD;
2019-08-14 13:48:58 - [TEST_STEP][PASSED] - js.executeScript("window.scrollBy(0,500)"): null&#xD;
&#xD;
2019-08-14 13:48:58 - [TEST_STEP][PASSED] - Thread.sleep(2000): null&#xD;
&#xD;
2019-08-14 13:49:00 - [TEST_STEP][PASSED] - xpath("//*[@id='demo']/div/div/div[1]")).click(): null&#xD;
&#xD;
2019-08-14 13:49:04 - [TEST_STEP][PASSED] - element2 = driver.findElement(By.xpath(".//*[text()='book now']")): null&#xD;
&#xD;
2019-08-14 13:49:04 - [TEST_STEP][PASSED] - js.executeScript("window.scrollBy(0,500)"): null&#xD;
&#xD;
2019-08-14 13:49:04 - [TEST_STEP][PASSED] - Thread.sleep(2000): null&#xD;
&#xD;
2019-08-14 13:49:06 - [TEST_STEP][PASSED] - element2.click(): null&#xD;
&#xD;
2019-08-14 13:49:06 - [TEST_STEP][PASSED] - Thread.sleep(3000): null&#xD;
&#xD;
2019-08-14 13:49:09 - [TEST_STEP][PASSED] - id("step1")).click(): null&#xD;
&#xD;
2019-08-14 13:49:09 - [TEST_STEP][PASSED] - Thread.sleep(3000): null&#xD;
&#xD;
2019-08-14 13:49:12 - [TEST_STEP][PASSED] - id("billing_address1")).sendKeys("446 Plymouth St. Brooklyn"): null&#xD;
&#xD;
2019-08-14 13:49:12 - [TEST_STEP][PASSED] - id("billing_city")).click(): null&#xD;
&#xD;
2019-08-14 13:49:13 - [TEST_STEP][PASSED] - Thread.sleep(2000): null&#xD;
&#xD;
2019-08-14 13:49:15 - [TEST_STEP][PASSED] - element3 = driver.findElement(By.xpath("//*[@id='tab-2']/div[2]/a[1]")): null&#xD;
&#xD;
2019-08-14 13:49:15 - [TEST_STEP][PASSED] - js.executeScript("arguments[0].scrollIntoView();", element3): null&#xD;
&#xD;
2019-08-14 13:49:15 - [TEST_STEP][PASSED] - element3.click(): null&#xD;
&#xD;
2019-08-14 13:49:15 - [TEST_STEP][PASSED] - Thread.sleep(2000): null&#xD;
&#xD;
2019-08-14 13:49:17 - [TEST_STEP][PASSED] - xpath("//*[@id='tab-3']/div[2]/a[1]")).click(): null&#xD;
&#xD;
2019-08-14 13:49:17 - [TEST_STEP][PASSED] - Thread.sleep(2000): null&#xD;
&#xD;
2019-08-14 13:49:19 - [TEST_STEP][PASSED] - xpath("//*[@id='tab-4']/div[1]/div[1]/span")).click(): null&#xD;
&#xD;
2019-08-14 13:49:19 - [TEST_STEP][PASSED] - Thread.sleep(2000): null&#xD;
&#xD;
2019-08-14 13:49:21 - [TEST_STEP][PASSED] - name("send")).click(): null&#xD;
&#xD;
2019-08-14 13:49:22 - [TEST_STEP][PASSED] - Thread.sleep(3000): null&#xD;
&#xD;
2019-08-14 13:49:25 - [TEST_STEP][PASSED] - src = driver.getScreenshotAs(FILE): null&#xD;
&#xD;
2019-08-14 13:49:25 - [TEST_STEP][PASSED] - FileUtils.copyFile(src, new java.io.File(((C:\Users\DAPL-Asset-70\Katalon Studio\WorkiloAutomation\Test Cases\Screenshots\ + java.lang.System.currentTimeMillis()) + .png))): null</system-out>
            <system-err>2019-08-14 13:48:30 - [TEST_CASE][ERROR] - Test Cases/Workilo/Bookings/Customer/PlaceOrderBySearchTestMode: Test Cases/Workilo/Bookings/Customer/PlaceOrderBySearchTestMode FAILED.
Reason:
java.io.IOException: Destination 'C:\Users\DAPL-Asset-70\Katalon Studio\WorkiloAutomation\Test Cases\Screenshots' directory cannot be created&#xD;
	at org.apache.commons.io.FileUtils.copyFile(FileUtils.java:1085)&#xD;
	at org.apache.commons.io.FileUtils.copyFile(FileUtils.java:1038)&#xD;
	at org.apache.commons.io.FileUtils$copyFile.call(Unknown Source)&#xD;
	at PlaceOrderBySearchTestMode.run(PlaceOrderBySearchTestMode:124)&#xD;
	at com.kms.katalon.core.main.ScriptEngine.run(ScriptEngine.java:194)&#xD;
	at com.kms.katalon.core.main.ScriptEngine.runScriptAsRawText(ScriptEngine.java:119)&#xD;
	at com.kms.katalon.core.main.TestCaseExecutor.runScript(TestCaseExecutor.java:337)&#xD;
	at com.kms.katalon.core.main.TestCaseExecutor.doExecute(TestCaseExecutor.java:328)&#xD;
	at com.kms.katalon.core.main.TestCaseExecutor.processExecutionPhase(TestCaseExecutor.java:307)&#xD;
	at com.kms.katalon.core.main.TestCaseExecutor.accessMainPhase(TestCaseExecutor.java:299)&#xD;
	at com.kms.katalon.core.main.TestCaseExecutor.execute(TestCaseExecutor.java:233)&#xD;
	at com.kms.katalon.core.main.TestSuiteExecutor.accessTestCaseMainPhase(TestSuiteExecutor.java:133)&#xD;
	at com.kms.katalon.core.main.TestSuiteExecutor.accessTestSuiteMainPhase(TestSuiteExecutor.java:116)&#xD;
	at com.kms.katalon.core.main.TestSuiteExecutor.execute(TestSuiteExecutor.java:83)&#xD;
	at com.kms.katalon.core.main.TestCaseMain.startTestSuite(TestCaseMain.java:157)&#xD;
	at com.kms.katalon.core.main.TestCaseMain$startTestSuite$0.call(Unknown Source)&#xD;
	at TempTestSuite1565770291595.run(TempTestSuite1565770291595.groovy:35)</system-err>
        </testcase>
        <testcase name="Test Cases/Workilo/Bookings/ServiceProvider/ALLorder" classname="Test Cases/Workilo/Bookings/ServiceProvider/ALLorder" status="ERROR">
            <error type="ERROR" message="Test Cases/Workilo/Bookings/ServiceProvider/ALLorder FAILED.&#xA;Reason:&#xA;org.openqa.selenium.ElementNotInteractableException: element not interactable&#xA;  (Session info: chrome=76.0.3809.100)&#xA;Build info: version: '3.141.59', revision: 'e82be7d358', time: '2018-11-14T08:25:53'&#xA;System info: host: 'DAPL-ASSET-180', ip: '192.168.43.246', os.name: 'Windows 8.1', os.arch: 'amd64', os.version: '6.3', java.version: '1.8.0_181'&#xA;Driver info: org.openqa.selenium.chrome.ChromeDriver&#xA;Capabilities {acceptInsecureCerts: false, browserName: chrome, browserVersion: 76.0.3809.100, chrome: {chromedriverVersion: 76.0.3809.25 (a0c95f440512e..., userDataDir: C:\Users\DAPL-A~1\AppData\L...}, goog:chromeOptions: {debuggerAddress: localhost:61940}, javascriptEnabled: true, networkConnectionEnabled: false, pageLoadStrategy: normal, platform: XP, platformName: XP, proxy: Proxy(), setWindowRect: true, strictFileInteractability: false, timeouts: {implicit: 0, pageLoad: 300000, script: 30000}, unhandledPromptBehavior: dismiss and notify}&#xA;Session ID: 076d54a0ac85a0e24e32f458139db975&#xD;&#xA;&#x9;at org.openqa.selenium.remote.http.W3CHttpResponseCodec.createException(W3CHttpResponseCodec.java:187)&#xD;&#xA;&#x9;at org.openqa.selenium.remote.http.W3CHttpResponseCodec.decode(W3CHttpResponseCodec.java:122)&#xD;&#xA;&#x9;at org.openqa.selenium.remote.http.W3CHttpResponseCodec.decode(W3CHttpResponseCodec.java:49)&#xD;&#xA;&#x9;at org.openqa.selenium.remote.HttpCommandExecutor.execute(HttpCommandExecutor.java:158)&#xD;&#xA;&#x9;at org.openqa.selenium.remote.service.DriverCommandExecutor.execute(DriverCommandExecutor.java:83)&#xD;&#xA;&#x9;at org.openqa.selenium.remote.RemoteWebDriver.execute(RemoteWebDriver.java:552)&#xD;&#xA;&#x9;at org.openqa.selenium.remote.RemoteWebElement.execute(RemoteWebElement.java:285)&#xD;&#xA;&#x9;at org.openqa.selenium.remote.RemoteWebElement.click(RemoteWebElement.java:84)&#xD;&#xA;&#x9;at org.openqa.selenium.WebElement$click.call(Unknown Source)&#xD;&#xA;&#x9;at ALLorder.run(ALLorder:38)&#xD;&#xA;&#x9;at com.kms.katalon.core.main.ScriptEngine.run(ScriptEngine.java:194)&#xD;&#xA;&#x9;at com.kms.katalon.core.main.ScriptEngine.runScriptAsRawText(ScriptEngine.java:119)&#xD;&#xA;&#x9;at com.kms.katalon.core.main.TestCaseExecutor.runScript(TestCaseExecutor.java:337)&#xD;&#xA;&#x9;at com.kms.katalon.core.main.TestCaseExecutor.doExecute(TestCaseExecutor.java:328)&#xD;&#xA;&#x9;at com.kms.katalon.core.main.TestCaseExecutor.processExecutionPhase(TestCaseExecutor.java:307)&#xD;&#xA;&#x9;at com.kms.katalon.core.main.TestCaseExecutor.accessMainPhase(TestCaseExecutor.java:299)&#xD;&#xA;&#x9;at com.kms.katalon.core.main.TestCaseExecutor.execute(TestCaseExecutor.java:233)&#xD;&#xA;&#x9;at com.kms.katalon.core.main.TestSuiteExecutor.accessTestCaseMainPhase(TestSuiteExecutor.java:133)&#xD;&#xA;&#x9;at com.kms.katalon.core.main.TestSuiteExecutor.accessTestSuiteMainPhase(TestSuiteExecutor.java:116)&#xD;&#xA;&#x9;at com.kms.katalon.core.main.TestSuiteExecutor.execute(TestSuiteExecutor.java:83)&#xD;&#xA;&#x9;at com.kms.katalon.core.main.TestCaseMain.startTestSuite(TestCaseMain.java:157)&#xD;&#xA;&#x9;at com.kms.katalon.core.main.TestCaseMain$startTestSuite$0.call(Unknown Source)&#xD;&#xA;&#x9;at TempTestSuite1565770291595.run(TempTestSuite1565770291595.groovy:35)&#xD;&#xA;"/>
            <system-out>2019-08-14 13:49:25 - [TEST_CASE][ERROR] - Test Cases/Workilo/Bookings/ServiceProvider/ALLorder: Test Cases/Workilo/Bookings/ServiceProvider/ALLorder FAILED.
Reason:
org.openqa.selenium.ElementNotInteractableException: element not interactable
  (Session info: chrome=76.0.3809.100)
Build info: version: '3.141.59', revision: 'e82be7d358', time: '2018-11-14T08:25:53'
System info: host: 'DAPL-ASSET-180', ip: '192.168.43.246', os.name: 'Windows 8.1', os.arch: 'amd64', os.version: '6.3', java.version: '1.8.0_181'
Driver info: org.openqa.selenium.chrome.ChromeDriver
Capabilities {acceptInsecureCerts: false, browserName: chrome, browserVersion: 76.0.3809.100, chrome: {chromedriverVersion: 76.0.3809.25 (a0c95f440512e..., userDataDir: C:\Users\DAPL-A~1\AppData\L...}, goog:chromeOptions: {debuggerAddress: localhost:61940}, javascriptEnabled: true, networkConnectionEnabled: false, pageLoadStrategy: normal, platform: XP, platformName: XP, proxy: Proxy(), setWindowRect: true, strictFileInteractability: false, timeouts: {implicit: 0, pageLoad: 300000, script: 30000}, unhandledPromptBehavior: dismiss and notify}
Session ID: 076d54a0ac85a0e24e32f458139db975&#xD;
	at org.openqa.selenium.remote.http.W3CHttpResponseCodec.createException(W3CHttpResponseCodec.java:187)&#xD;
	at org.openqa.selenium.remote.http.W3CHttpResponseCodec.decode(W3CHttpResponseCodec.java:122)&#xD;
	at org.openqa.selenium.remote.http.W3CHttpResponseCodec.decode(W3CHttpResponseCodec.java:49)&#xD;
	at org.openqa.selenium.remote.HttpCommandExecutor.execute(HttpCommandExecutor.java:158)&#xD;
	at org.openqa.selenium.remote.service.DriverCommandExecutor.execute(DriverCommandExecutor.java:83)&#xD;
	at org.openqa.selenium.remote.RemoteWebDriver.execute(RemoteWebDriver.java:552)&#xD;
	at org.openqa.selenium.remote.RemoteWebElement.execute(RemoteWebElement.java:285)&#xD;
	at org.openqa.selenium.remote.RemoteWebElement.click(RemoteWebElement.java:84)&#xD;
	at org.openqa.selenium.WebElement$click.call(Unknown Source)&#xD;
	at ALLorder.run(ALLorder:38)&#xD;
	at com.kms.katalon.core.main.ScriptEngine.run(ScriptEngine.java:194)&#xD;
	at com.kms.katalon.core.main.ScriptEngine.runScriptAsRawText(ScriptEngine.java:119)&#xD;
	at com.kms.katalon.core.main.TestCaseExecutor.runScript(TestCaseExecutor.java:337)&#xD;
	at com.kms.katalon.core.main.TestCaseExecutor.doExecute(TestCaseExecutor.java:328)&#xD;
	at com.kms.katalon.core.main.TestCaseExecutor.processExecutionPhase(TestCaseExecutor.java:307)&#xD;
	at com.kms.katalon.core.main.TestCaseExecutor.accessMainPhase(TestCaseExecutor.java:299)&#xD;
	at com.kms.katalon.core.main.TestCaseExecutor.execute(TestCaseExecutor.java:233)&#xD;
	at com.kms.katalon.core.main.TestSuiteExecutor.accessTestCaseMainPhase(TestSuiteExecutor.java:133)&#xD;
	at com.kms.katalon.core.main.TestSuiteExecutor.accessTestSuiteMainPhase(TestSuiteExecutor.java:116)&#xD;
	at com.kms.katalon.core.main.TestSuiteExecutor.execute(TestSuiteExecutor.java:83)&#xD;
	at com.kms.katalon.core.main.TestCaseMain.startTestSuite(TestCaseMain.java:157)&#xD;
	at com.kms.katalon.core.main.TestCaseMain$startTestSuite$0.call(Unknown Source)&#xD;
	at TempTestSuite1565770291595.run(TempTestSuite1565770291595.groovy:35)&#xD;
&#xD;
&#xD;
2019-08-14 13:49:26 - [TEST_STEP][PASSED] - System.setProperty("webdriver.chrome.driver", chromePath): null&#xD;
&#xD;
2019-08-14 13:49:26 - [TEST_STEP][PASSED] - driver = new org.openqa.selenium.chrome.ChromeDriver(): null&#xD;
&#xD;
2019-08-14 13:49:28 - [TEST_STEP][PASSED] - window().maximize(): null&#xD;
&#xD;
2019-08-14 13:49:29 - [TEST_STEP][PASSED] - driver.get("http://workilo.com"): null&#xD;
&#xD;
2019-08-14 13:49:41 - [TEST_STEP][PASSED] - timeouts().implicitlyWait(30, SECONDS): null&#xD;
&#xD;
2019-08-14 13:49:41 - [TEST_STEP][PASSED] - linkText("Log In")).click(): null&#xD;
&#xD;
2019-08-14 13:49:41 - [TEST_STEP][PASSED] - Thread.sleep(2000): null&#xD;
&#xD;
2019-08-14 13:49:43 - [TEST_STEP][PASSED] - id("email_login")).sendKeys("testworkilo@gmail.com"): null&#xD;
&#xD;
2019-08-14 13:49:43 - [TEST_STEP][PASSED] - id("password_login")).sendKeys("admin@123"): null&#xD;
&#xD;
2019-08-14 13:49:44 - [TEST_STEP][PASSED] - //*[@value='Log in']")).click(): null&#xD;
&#xD;
2019-08-14 13:49:44 - [TEST_STEP][PASSED] - Thread.sleep(3000): null&#xD;
&#xD;
2019-08-14 13:49:47 - [TEST_STEP][PASSED] - xpath("/html/body/header/div/div[2]/ul/li[1]/a")).click(): null</system-out>
            <system-err>2019-08-14 13:49:25 - [TEST_CASE][ERROR] - Test Cases/Workilo/Bookings/ServiceProvider/ALLorder: Test Cases/Workilo/Bookings/ServiceProvider/ALLorder FAILED.
Reason:
org.openqa.selenium.ElementNotInteractableException: element not interactable
  (Session info: chrome=76.0.3809.100)
Build info: version: '3.141.59', revision: 'e82be7d358', time: '2018-11-14T08:25:53'
System info: host: 'DAPL-ASSET-180', ip: '192.168.43.246', os.name: 'Windows 8.1', os.arch: 'amd64', os.version: '6.3', java.version: '1.8.0_181'
Driver info: org.openqa.selenium.chrome.ChromeDriver
Capabilities {acceptInsecureCerts: false, browserName: chrome, browserVersion: 76.0.3809.100, chrome: {chromedriverVersion: 76.0.3809.25 (a0c95f440512e..., userDataDir: C:\Users\DAPL-A~1\AppData\L...}, goog:chromeOptions: {debuggerAddress: localhost:61940}, javascriptEnabled: true, networkConnectionEnabled: false, pageLoadStrategy: normal, platform: XP, platformName: XP, proxy: Proxy(), setWindowRect: true, strictFileInteractability: false, timeouts: {implicit: 0, pageLoad: 300000, script: 30000}, unhandledPromptBehavior: dismiss and notify}
Session ID: 076d54a0ac85a0e24e32f458139db975&#xD;
	at org.openqa.selenium.remote.http.W3CHttpResponseCodec.createException(W3CHttpResponseCodec.java:187)&#xD;
	at org.openqa.selenium.remote.http.W3CHttpResponseCodec.decode(W3CHttpResponseCodec.java:122)&#xD;
	at org.openqa.selenium.remote.http.W3CHttpResponseCodec.decode(W3CHttpResponseCodec.java:49)&#xD;
	at org.openqa.selenium.remote.HttpCommandExecutor.execute(HttpCommandExecutor.java:158)&#xD;
	at org.openqa.selenium.remote.service.DriverCommandExecutor.execute(DriverCommandExecutor.java:83)&#xD;
	at org.openqa.selenium.remote.RemoteWebDriver.execute(RemoteWebDriver.java:552)&#xD;
	at org.openqa.selenium.remote.RemoteWebElement.execute(RemoteWebElement.java:285)&#xD;
	at org.openqa.selenium.remote.RemoteWebElement.click(RemoteWebElement.java:84)&#xD;
	at org.openqa.selenium.WebElement$click.call(Unknown Source)&#xD;
	at ALLorder.run(ALLorder:38)&#xD;
	at com.kms.katalon.core.main.ScriptEngine.run(ScriptEngine.java:194)&#xD;
	at com.kms.katalon.core.main.ScriptEngine.runScriptAsRawText(ScriptEngine.java:119)&#xD;
	at com.kms.katalon.core.main.TestCaseExecutor.runScript(TestCaseExecutor.java:337)&#xD;
	at com.kms.katalon.core.main.TestCaseExecutor.doExecute(TestCaseExecutor.java:328)&#xD;
	at com.kms.katalon.core.main.TestCaseExecutor.processExecutionPhase(TestCaseExecutor.java:307)&#xD;
	at com.kms.katalon.core.main.TestCaseExecutor.accessMainPhase(TestCaseExecutor.java:299)&#xD;
	at com.kms.katalon.core.main.TestCaseExecutor.execute(TestCaseExecutor.java:233)&#xD;
	at com.kms.katalon.core.main.TestSuiteExecutor.accessTestCaseMainPhase(TestSuiteExecutor.java:133)&#xD;
	at com.kms.katalon.core.main.TestSuiteExecutor.accessTestSuiteMainPhase(TestSuiteExecutor.java:116)&#xD;
	at com.kms.katalon.core.main.TestSuiteExecutor.execute(TestSuiteExecutor.java:83)&#xD;
	at com.kms.katalon.core.main.TestCaseMain.startTestSuite(TestCaseMain.java:157)&#xD;
	at com.kms.katalon.core.main.TestCaseMain$startTestSuite$0.call(Unknown Source)&#xD;
	at TempTestSuite1565770291595.run(TempTestSuite1565770291595.groovy:35)</system-err>
        </testcase>
        <testcase name="Test Cases/Workilo/HomePage/TitleVerification" classname="Test Cases/Workilo/HomePage/TitleVerification" status="PASSED">
            <system-out>2019-08-14 13:50:17 - [TEST_CASE][PASSED] - Test Cases/Workilo/HomePage/TitleVerification: Test Cases/Workilo/HomePage/TitleVerification&#xD;
&#xD;
2019-08-14 13:50:17 - [TEST_STEP][PASSED] - System.setProperty("webdriver.chrome.driver", chromePath): null&#xD;
&#xD;
2019-08-14 13:50:17 - [TEST_STEP][PASSED] - driver = new org.openqa.selenium.chrome.ChromeDriver(): null&#xD;
&#xD;
2019-08-14 13:50:19 - [TEST_STEP][PASSED] - window().maximize(): null&#xD;
&#xD;
2019-08-14 13:50:21 - [TEST_STEP][PASSED] - driver.get("http://workilo.com"): null&#xD;
&#xD;
2019-08-14 13:50:29 - [TEST_STEP][PASSED] - actualTitle = driver.getTitle(): null&#xD;
&#xD;
2019-08-14 13:50:29 - [TEST_STEP][PASSED] - expectedTitle = "Workilo :: Home Improvement And Renovation Services in Brooklyn by Workilo": null&#xD;
&#xD;
2019-08-14 13:50:29 - [TEST_STEP][PASSED] - Assert.assertEquals(actualTitle, expectedTitle, "Title didn't match."): null&#xD;
&#xD;
2019-08-14 13:50:29 - [TEST_STEP][PASSED] - Thread.sleep(3000): null&#xD;
&#xD;
2019-08-14 13:50:32 - [TEST_STEP][PASSED] - driver.quit(): null</system-out>
            <system-err></system-err>
        </testcase>
        <testcase name="Test Cases/Workilo/Listing/Add Listing/AddListing" classname="Test Cases/Workilo/Listing/Add Listing/AddListing" status="ERROR">
            <error type="ERROR" message="Test Cases/Workilo/Listing/Add Listing/AddListing FAILED.&#xA;Reason:&#xA;org.openqa.selenium.ElementNotInteractableException: element not interactable&#xA;  (Session info: chrome=76.0.3809.100)&#xA;Build info: version: '3.141.59', revision: 'e82be7d358', time: '2018-11-14T08:25:53'&#xA;System info: host: 'DAPL-ASSET-180', ip: '192.168.43.246', os.name: 'Windows 8.1', os.arch: 'amd64', os.version: '6.3', java.version: '1.8.0_181'&#xA;Driver info: org.openqa.selenium.chrome.ChromeDriver&#xA;Capabilities {acceptInsecureCerts: false, browserName: chrome, browserVersion: 76.0.3809.100, chrome: {chromedriverVersion: 76.0.3809.25 (a0c95f440512e..., userDataDir: C:\Users\DAPL-A~1\AppData\L...}, goog:chromeOptions: {debuggerAddress: localhost:62101}, javascriptEnabled: true, networkConnectionEnabled: false, pageLoadStrategy: normal, platform: XP, platformName: XP, proxy: Proxy(), setWindowRect: true, strictFileInteractability: false, timeouts: {implicit: 0, pageLoad: 300000, script: 30000}, unhandledPromptBehavior: dismiss and notify}&#xA;Session ID: 5aa1dade0bfd5f4147e08410f2289412&#xD;&#xA;&#x9;at org.openqa.selenium.remote.http.W3CHttpResponseCodec.createException(W3CHttpResponseCodec.java:187)&#xD;&#xA;&#x9;at org.openqa.selenium.remote.http.W3CHttpResponseCodec.decode(W3CHttpResponseCodec.java:122)&#xD;&#xA;&#x9;at org.openqa.selenium.remote.http.W3CHttpResponseCodec.decode(W3CHttpResponseCodec.java:49)&#xD;&#xA;&#x9;at org.openqa.selenium.remote.HttpCommandExecutor.execute(HttpCommandExecutor.java:158)&#xD;&#xA;&#x9;at org.openqa.selenium.remote.service.DriverCommandExecutor.execute(DriverCommandExecutor.java:83)&#xD;&#xA;&#x9;at org.openqa.selenium.remote.RemoteWebDriver.execute(RemoteWebDriver.java:552)&#xD;&#xA;&#x9;at org.openqa.selenium.remote.RemoteWebElement.execute(RemoteWebElement.java:285)&#xD;&#xA;&#x9;at org.openqa.selenium.remote.RemoteWebElement.click(RemoteWebElement.java:84)&#xD;&#xA;&#x9;at org.openqa.selenium.WebElement$click.call(Unknown Source)&#xD;&#xA;&#x9;at AddListing.run(AddListing:36)&#xD;&#xA;&#x9;at com.kms.katalon.core.main.ScriptEngine.run(ScriptEngine.java:194)&#xD;&#xA;&#x9;at com.kms.katalon.core.main.ScriptEngine.runScriptAsRawText(ScriptEngine.java:119)&#xD;&#xA;&#x9;at com.kms.katalon.core.main.TestCaseExecutor.runScript(TestCaseExecutor.java:337)&#xD;&#xA;&#x9;at com.kms.katalon.core.main.TestCaseExecutor.doExecute(TestCaseExecutor.java:328)&#xD;&#xA;&#x9;at com.kms.katalon.core.main.TestCaseExecutor.processExecutionPhase(TestCaseExecutor.java:307)&#xD;&#xA;&#x9;at com.kms.katalon.core.main.TestCaseExecutor.accessMainPhase(TestCaseExecutor.java:299)&#xD;&#xA;&#x9;at com.kms.katalon.core.main.TestCaseExecutor.execute(TestCaseExecutor.java:233)&#xD;&#xA;&#x9;at com.kms.katalon.core.main.TestSuiteExecutor.accessTestCaseMainPhase(TestSuiteExecutor.java:133)&#xD;&#xA;&#x9;at com.kms.katalon.core.main.TestSuiteExecutor.accessTestSuiteMainPhase(TestSuiteExecutor.java:116)&#xD;&#xA;&#x9;at com.kms.katalon.core.main.TestSuiteExecutor.execute(TestSuiteExecutor.java:83)&#xD;&#xA;&#x9;at com.kms.katalon.core.main.TestCaseMain.startTestSuite(TestCaseMain.java:157)&#xD;&#xA;&#x9;at com.kms.katalon.core.main.TestCaseMain$startTestSuite$0.call(Unknown Source)&#xD;&#xA;&#x9;at TempTestSuite1565770291595.run(TempTestSuite1565770291595.groovy:35)&#xD;&#xA;"/>
            <system-out>2019-08-14 13:50:33 - [TEST_CASE][ERROR] - Test Cases/Workilo/Listing/Add Listing/AddListing: Test Cases/Workilo/Listing/Add Listing/AddListing FAILED.
Reason:
org.openqa.selenium.ElementNotInteractableException: element not interactable
  (Session info: chrome=76.0.3809.100)
Build info: version: '3.141.59', revision: 'e82be7d358', time: '2018-11-14T08:25:53'
System info: host: 'DAPL-ASSET-180', ip: '192.168.43.246', os.name: 'Windows 8.1', os.arch: 'amd64', os.version: '6.3', java.version: '1.8.0_181'
Driver info: org.openqa.selenium.chrome.ChromeDriver
Capabilities {acceptInsecureCerts: false, browserName: chrome, browserVersion: 76.0.3809.100, chrome: {chromedriverVersion: 76.0.3809.25 (a0c95f440512e..., userDataDir: C:\Users\DAPL-A~1\AppData\L...}, goog:chromeOptions: {debuggerAddress: localhost:62101}, javascriptEnabled: true, networkConnectionEnabled: false, pageLoadStrategy: normal, platform: XP, platformName: XP, proxy: Proxy(), setWindowRect: true, strictFileInteractability: false, timeouts: {implicit: 0, pageLoad: 300000, script: 30000}, unhandledPromptBehavior: dismiss and notify}
Session ID: 5aa1dade0bfd5f4147e08410f2289412&#xD;
	at org.openqa.selenium.remote.http.W3CHttpResponseCodec.createException(W3CHttpResponseCodec.java:187)&#xD;
	at org.openqa.selenium.remote.http.W3CHttpResponseCodec.decode(W3CHttpResponseCodec.java:122)&#xD;
	at org.openqa.selenium.remote.http.W3CHttpResponseCodec.decode(W3CHttpResponseCodec.java:49)&#xD;
	at org.openqa.selenium.remote.HttpCommandExecutor.execute(HttpCommandExecutor.java:158)&#xD;
	at org.openqa.selenium.remote.service.DriverCommandExecutor.execute(DriverCommandExecutor.java:83)&#xD;
	at org.openqa.selenium.remote.RemoteWebDriver.execute(RemoteWebDriver.java:552)&#xD;
	at org.openqa.selenium.remote.RemoteWebElement.execute(RemoteWebElement.java:285)&#xD;
	at org.openqa.selenium.remote.RemoteWebElement.click(RemoteWebElement.java:84)&#xD;
	at org.openqa.selenium.WebElement$click.call(Unknown Source)&#xD;
	at AddListing.run(AddListing:36)&#xD;
	at com.kms.katalon.core.main.ScriptEngine.run(ScriptEngine.java:194)&#xD;
	at com.kms.katalon.core.main.ScriptEngine.runScriptAsRawText(ScriptEngine.java:119)&#xD;
	at com.kms.katalon.core.main.TestCaseExecutor.runScript(TestCaseExecutor.java:337)&#xD;
	at com.kms.katalon.core.main.TestCaseExecutor.doExecute(TestCaseExecutor.java:328)&#xD;
	at com.kms.katalon.core.main.TestCaseExecutor.processExecutionPhase(TestCaseExecutor.java:307)&#xD;
	at com.kms.katalon.core.main.TestCaseExecutor.accessMainPhase(TestCaseExecutor.java:299)&#xD;
	at com.kms.katalon.core.main.TestCaseExecutor.execute(TestCaseExecutor.java:233)&#xD;
	at com.kms.katalon.core.main.TestSuiteExecutor.accessTestCaseMainPhase(TestSuiteExecutor.java:133)&#xD;
	at com.kms.katalon.core.main.TestSuiteExecutor.accessTestSuiteMainPhase(TestSuiteExecutor.java:116)&#xD;
	at com.kms.katalon.core.main.TestSuiteExecutor.execute(TestSuiteExecutor.java:83)&#xD;
	at com.kms.katalon.core.main.TestCaseMain.startTestSuite(TestCaseMain.java:157)&#xD;
	at com.kms.katalon.core.main.TestCaseMain$startTestSuite$0.call(Unknown Source)&#xD;
	at TempTestSuite1565770291595.run(TempTestSuite1565770291595.groovy:35)&#xD;
&#xD;
&#xD;
2019-08-14 13:50:34 - [TEST_STEP][PASSED] - System.setProperty("webdriver.chrome.driver", chromePath): null&#xD;
&#xD;
2019-08-14 13:50:34 - [TEST_STEP][PASSED] - driver = new org.openqa.selenium.chrome.ChromeDriver(): null&#xD;
&#xD;
2019-08-14 13:50:36 - [TEST_STEP][PASSED] - window().maximize(): null&#xD;
&#xD;
2019-08-14 13:50:37 - [TEST_STEP][PASSED] - driver.get("http://workilo.com"): null&#xD;
&#xD;
2019-08-14 13:50:46 - [TEST_STEP][PASSED] - timeouts().implicitlyWait(30, SECONDS): null&#xD;
&#xD;
2019-08-14 13:50:46 - [TEST_STEP][PASSED] - linkText("Log In")).click(): null&#xD;
&#xD;
2019-08-14 13:50:46 - [TEST_STEP][PASSED] - Thread.sleep(2000): null&#xD;
&#xD;
2019-08-14 13:50:48 - [TEST_STEP][PASSED] - id("email_login")).sendKeys("testworkilo@gmail.com"): null&#xD;
&#xD;
2019-08-14 13:50:48 - [TEST_STEP][PASSED] - id("password_login")).sendKeys("admin@123"): null&#xD;
&#xD;
2019-08-14 13:50:48 - [TEST_STEP][PASSED] - //*[@value='Log in']")).click(): null&#xD;
&#xD;
2019-08-14 13:50:48 - [TEST_STEP][PASSED] - Thread.sleep(3000): null&#xD;
&#xD;
2019-08-14 13:50:51 - [TEST_STEP][PASSED] - xpath("/html/body/header/div/div[2]/ul/li[1]/a")).click(): null</system-out>
            <system-err>2019-08-14 13:50:33 - [TEST_CASE][ERROR] - Test Cases/Workilo/Listing/Add Listing/AddListing: Test Cases/Workilo/Listing/Add Listing/AddListing FAILED.
Reason:
org.openqa.selenium.ElementNotInteractableException: element not interactable
  (Session info: chrome=76.0.3809.100)
Build info: version: '3.141.59', revision: 'e82be7d358', time: '2018-11-14T08:25:53'
System info: host: 'DAPL-ASSET-180', ip: '192.168.43.246', os.name: 'Windows 8.1', os.arch: 'amd64', os.version: '6.3', java.version: '1.8.0_181'
Driver info: org.openqa.selenium.chrome.ChromeDriver
Capabilities {acceptInsecureCerts: false, browserName: chrome, browserVersion: 76.0.3809.100, chrome: {chromedriverVersion: 76.0.3809.25 (a0c95f440512e..., userDataDir: C:\Users\DAPL-A~1\AppData\L...}, goog:chromeOptions: {debuggerAddress: localhost:62101}, javascriptEnabled: true, networkConnectionEnabled: false, pageLoadStrategy: normal, platform: XP, platformName: XP, proxy: Proxy(), setWindowRect: true, strictFileInteractability: false, timeouts: {implicit: 0, pageLoad: 300000, script: 30000}, unhandledPromptBehavior: dismiss and notify}
Session ID: 5aa1dade0bfd5f4147e08410f2289412&#xD;
	at org.openqa.selenium.remote.http.W3CHttpResponseCodec.createException(W3CHttpResponseCodec.java:187)&#xD;
	at org.openqa.selenium.remote.http.W3CHttpResponseCodec.decode(W3CHttpResponseCodec.java:122)&#xD;
	at org.openqa.selenium.remote.http.W3CHttpResponseCodec.decode(W3CHttpResponseCodec.java:49)&#xD;
	at org.openqa.selenium.remote.HttpCommandExecutor.execute(HttpCommandExecutor.java:158)&#xD;
	at org.openqa.selenium.remote.service.DriverCommandExecutor.execute(DriverCommandExecutor.java:83)&#xD;
	at org.openqa.selenium.remote.RemoteWebDriver.execute(RemoteWebDriver.java:552)&#xD;
	at org.openqa.selenium.remote.RemoteWebElement.execute(RemoteWebElement.java:285)&#xD;
	at org.openqa.selenium.remote.RemoteWebElement.click(RemoteWebElement.java:84)&#xD;
	at org.openqa.selenium.WebElement$click.call(Unknown Source)&#xD;
	at AddListing.run(AddListing:36)&#xD;
	at com.kms.katalon.core.main.ScriptEngine.run(ScriptEngine.java:194)&#xD;
	at com.kms.katalon.core.main.ScriptEngine.runScriptAsRawText(ScriptEngine.java:119)&#xD;
	at com.kms.katalon.core.main.TestCaseExecutor.runScript(TestCaseExecutor.java:337)&#xD;
	at com.kms.katalon.core.main.TestCaseExecutor.doExecute(TestCaseExecutor.java:328)&#xD;
	at com.kms.katalon.core.main.TestCaseExecutor.processExecutionPhase(TestCaseExecutor.java:307)&#xD;
	at com.kms.katalon.core.main.TestCaseExecutor.accessMainPhase(TestCaseExecutor.java:299)&#xD;
	at com.kms.katalon.core.main.TestCaseExecutor.execute(TestCaseExecutor.java:233)&#xD;
	at com.kms.katalon.core.main.TestSuiteExecutor.accessTestCaseMainPhase(TestSuiteExecutor.java:133)&#xD;
	at com.kms.katalon.core.main.TestSuiteExecutor.accessTestSuiteMainPhase(TestSuiteExecutor.java:116)&#xD;
	at com.kms.katalon.core.main.TestSuiteExecutor.execute(TestSuiteExecutor.java:83)&#xD;
	at com.kms.katalon.core.main.TestCaseMain.startTestSuite(TestCaseMain.java:157)&#xD;
	at com.kms.katalon.core.main.TestCaseMain$startTestSuite$0.call(Unknown Source)&#xD;
	at TempTestSuite1565770291595.run(TempTestSuite1565770291595.groovy:35)</system-err>
        </testcase>
        <testcase name="Test Cases/Workilo/Listing/Delete Listing/DeleteListing" classname="Test Cases/Workilo/Listing/Delete Listing/DeleteListing" status="ERROR">
            <error type="ERROR" message="Test Cases/Workilo/Listing/Delete Listing/DeleteListing FAILED.&#xA;Reason:&#xA;org.openqa.selenium.ElementNotInteractableException: element not interactable&#xA;  (Session info: chrome=76.0.3809.100)&#xA;Build info: version: '3.141.59', revision: 'e82be7d358', time: '2018-11-14T08:25:53'&#xA;System info: host: 'DAPL-ASSET-180', ip: '192.168.43.246', os.name: 'Windows 8.1', os.arch: 'amd64', os.version: '6.3', java.version: '1.8.0_181'&#xA;Driver info: org.openqa.selenium.chrome.ChromeDriver&#xA;Capabilities {acceptInsecureCerts: false, browserName: chrome, browserVersion: 76.0.3809.100, chrome: {chromedriverVersion: 76.0.3809.25 (a0c95f440512e..., userDataDir: C:\Users\DAPL-A~1\AppData\L...}, goog:chromeOptions: {debuggerAddress: localhost:62183}, javascriptEnabled: true, networkConnectionEnabled: false, pageLoadStrategy: normal, platform: XP, platformName: XP, proxy: Proxy(), setWindowRect: true, strictFileInteractability: false, timeouts: {implicit: 0, pageLoad: 300000, script: 30000}, unhandledPromptBehavior: dismiss and notify}&#xA;Session ID: 4cd0c68d208a8b5e6fd43b6d5d5b7b5a&#xD;&#xA;&#x9;at org.openqa.selenium.remote.http.W3CHttpResponseCodec.createException(W3CHttpResponseCodec.java:187)&#xD;&#xA;&#x9;at org.openqa.selenium.remote.http.W3CHttpResponseCodec.decode(W3CHttpResponseCodec.java:122)&#xD;&#xA;&#x9;at org.openqa.selenium.remote.http.W3CHttpResponseCodec.decode(W3CHttpResponseCodec.java:49)&#xD;&#xA;&#x9;at org.openqa.selenium.remote.HttpCommandExecutor.execute(HttpCommandExecutor.java:158)&#xD;&#xA;&#x9;at org.openqa.selenium.remote.service.DriverCommandExecutor.execute(DriverCommandExecutor.java:83)&#xD;&#xA;&#x9;at org.openqa.selenium.remote.RemoteWebDriver.execute(RemoteWebDriver.java:552)&#xD;&#xA;&#x9;at org.openqa.selenium.remote.RemoteWebElement.execute(RemoteWebElement.java:285)&#xD;&#xA;&#x9;at org.openqa.selenium.remote.RemoteWebElement.click(RemoteWebElement.java:84)&#xD;&#xA;&#x9;at org.openqa.selenium.WebElement$click.call(Unknown Source)&#xD;&#xA;&#x9;at DeleteListing.run(DeleteListing:37)&#xD;&#xA;&#x9;at com.kms.katalon.core.main.ScriptEngine.run(ScriptEngine.java:194)&#xD;&#xA;&#x9;at com.kms.katalon.core.main.ScriptEngine.runScriptAsRawText(ScriptEngine.java:119)&#xD;&#xA;&#x9;at com.kms.katalon.core.main.TestCaseExecutor.runScript(TestCaseExecutor.java:337)&#xD;&#xA;&#x9;at com.kms.katalon.core.main.TestCaseExecutor.doExecute(TestCaseExecutor.java:328)&#xD;&#xA;&#x9;at com.kms.katalon.core.main.TestCaseExecutor.processExecutionPhase(TestCaseExecutor.java:307)&#xD;&#xA;&#x9;at com.kms.katalon.core.main.TestCaseExecutor.accessMainPhase(TestCaseExecutor.java:299)&#xD;&#xA;&#x9;at com.kms.katalon.core.main.TestCaseExecutor.execute(TestCaseExecutor.java:233)&#xD;&#xA;&#x9;at com.kms.katalon.core.main.TestSuiteExecutor.accessTestCaseMainPhase(TestSuiteExecutor.java:133)&#xD;&#xA;&#x9;at com.kms.katalon.core.main.TestSuiteExecutor.accessTestSuiteMainPhase(TestSuiteExecutor.java:116)&#xD;&#xA;&#x9;at com.kms.katalon.core.main.TestSuiteExecutor.execute(TestSuiteExecutor.java:83)&#xD;&#xA;&#x9;at com.kms.katalon.core.main.TestCaseMain.startTestSuite(TestCaseMain.java:157)&#xD;&#xA;&#x9;at com.kms.katalon.core.main.TestCaseMain$startTestSuite$0.call(Unknown Source)&#xD;&#xA;&#x9;at TempTestSuite1565770291595.run(TempTestSuite1565770291595.groovy:35)&#xD;&#xA;"/>
            <system-out>2019-08-14 13:51:22 - [TEST_CASE][ERROR] - Test Cases/Workilo/Listing/Delete Listing/DeleteListing: Test Cases/Workilo/Listing/Delete Listing/DeleteListing FAILED.
Reason:
org.openqa.selenium.ElementNotInteractableException: element not interactable
  (Session info: chrome=76.0.3809.100)
Build info: version: '3.141.59', revision: 'e82be7d358', time: '2018-11-14T08:25:53'
System info: host: 'DAPL-ASSET-180', ip: '192.168.43.246', os.name: 'Windows 8.1', os.arch: 'amd64', os.version: '6.3', java.version: '1.8.0_181'
Driver info: org.openqa.selenium.chrome.ChromeDriver
Capabilities {acceptInsecureCerts: false, browserName: chrome, browserVersion: 76.0.3809.100, chrome: {chromedriverVersion: 76.0.3809.25 (a0c95f440512e..., userDataDir: C:\Users\DAPL-A~1\AppData\L...}, goog:chromeOptions: {debuggerAddress: localhost:62183}, javascriptEnabled: true, networkConnectionEnabled: false, pageLoadStrategy: normal, platform: XP, platformName: XP, proxy: Proxy(), setWindowRect: true, strictFileInteractability: false, timeouts: {implicit: 0, pageLoad: 300000, script: 30000}, unhandledPromptBehavior: dismiss and notify}
Session ID: 4cd0c68d208a8b5e6fd43b6d5d5b7b5a&#xD;
	at org.openqa.selenium.remote.http.W3CHttpResponseCodec.createException(W3CHttpResponseCodec.java:187)&#xD;
	at org.openqa.selenium.remote.http.W3CHttpResponseCodec.decode(W3CHttpResponseCodec.java:122)&#xD;
	at org.openqa.selenium.remote.http.W3CHttpResponseCodec.decode(W3CHttpResponseCodec.java:49)&#xD;
	at org.openqa.selenium.remote.HttpCommandExecutor.execute(HttpCommandExecutor.java:158)&#xD;
	at org.openqa.selenium.remote.service.DriverCommandExecutor.execute(DriverCommandExecutor.java:83)&#xD;
	at org.openqa.selenium.remote.RemoteWebDriver.execute(RemoteWebDriver.java:552)&#xD;
	at org.openqa.selenium.remote.RemoteWebElement.execute(RemoteWebElement.java:285)&#xD;
	at org.openqa.selenium.remote.RemoteWebElement.click(RemoteWebElement.java:84)&#xD;
	at org.openqa.selenium.WebElement$click.call(Unknown Source)&#xD;
	at DeleteListing.run(DeleteListing:37)&#xD;
	at com.kms.katalon.core.main.ScriptEngine.run(ScriptEngine.java:194)&#xD;
	at com.kms.katalon.core.main.ScriptEngine.runScriptAsRawText(ScriptEngine.java:119)&#xD;
	at com.kms.katalon.core.main.TestCaseExecutor.runScript(TestCaseExecutor.java:337)&#xD;
	at com.kms.katalon.core.main.TestCaseExecutor.doExecute(TestCaseExecutor.java:328)&#xD;
	at com.kms.katalon.core.main.TestCaseExecutor.processExecutionPhase(TestCaseExecutor.java:307)&#xD;
	at com.kms.katalon.core.main.TestCaseExecutor.accessMainPhase(TestCaseExecutor.java:299)&#xD;
	at com.kms.katalon.core.main.TestCaseExecutor.execute(TestCaseExecutor.java:233)&#xD;
	at com.kms.katalon.core.main.TestSuiteExecutor.accessTestCaseMainPhase(TestSuiteExecutor.java:133)&#xD;
	at com.kms.katalon.core.main.TestSuiteExecutor.accessTestSuiteMainPhase(TestSuiteExecutor.java:116)&#xD;
	at com.kms.katalon.core.main.TestSuiteExecutor.execute(TestSuiteExecutor.java:83)&#xD;
	at com.kms.katalon.core.main.TestCaseMain.startTestSuite(TestCaseMain.java:157)&#xD;
	at com.kms.katalon.core.main.TestCaseMain$startTestSuite$0.call(Unknown Source)&#xD;
	at TempTestSuite1565770291595.run(TempTestSuite1565770291595.groovy:35)&#xD;
&#xD;
&#xD;
2019-08-14 13:51:22 - [TEST_STEP][PASSED] - System.setProperty("webdriver.chrome.driver", chromePath): null&#xD;
&#xD;
2019-08-14 13:51:22 - [TEST_STEP][PASSED] - driver = new org.openqa.selenium.chrome.ChromeDriver(): null&#xD;
&#xD;
2019-08-14 13:51:24 - [TEST_STEP][PASSED] - window().maximize(): null&#xD;
&#xD;
2019-08-14 13:51:25 - [TEST_STEP][PASSED] - driver.get("http://workilo.com"): null&#xD;
&#xD;
2019-08-14 13:51:33 - [TEST_STEP][PASSED] - timeouts().implicitlyWait(30, SECONDS): null&#xD;
&#xD;
2019-08-14 13:51:33 - [TEST_STEP][PASSED] - linkText("Log In")).click(): null&#xD;
&#xD;
2019-08-14 13:51:33 - [TEST_STEP][PASSED] - Thread.sleep(2000): null&#xD;
&#xD;
2019-08-14 13:51:35 - [TEST_STEP][PASSED] - id("email_login")).sendKeys("testworkilo@gmail.com"): null&#xD;
&#xD;
2019-08-14 13:51:35 - [TEST_STEP][PASSED] - id("password_login")).sendKeys("admin@123"): null&#xD;
&#xD;
2019-08-14 13:51:36 - [TEST_STEP][PASSED] - //*[@value='Log in']")).click(): null&#xD;
&#xD;
2019-08-14 13:51:36 - [TEST_STEP][PASSED] - Thread.sleep(3000): null&#xD;
&#xD;
2019-08-14 13:51:39 - [TEST_STEP][PASSED] - xpath("/html/body/header/div/div[2]/ul/li[1]/a")).click(): null</system-out>
            <system-err>2019-08-14 13:51:22 - [TEST_CASE][ERROR] - Test Cases/Workilo/Listing/Delete Listing/DeleteListing: Test Cases/Workilo/Listing/Delete Listing/DeleteListing FAILED.
Reason:
org.openqa.selenium.ElementNotInteractableException: element not interactable
  (Session info: chrome=76.0.3809.100)
Build info: version: '3.141.59', revision: 'e82be7d358', time: '2018-11-14T08:25:53'
System info: host: 'DAPL-ASSET-180', ip: '192.168.43.246', os.name: 'Windows 8.1', os.arch: 'amd64', os.version: '6.3', java.version: '1.8.0_181'
Driver info: org.openqa.selenium.chrome.ChromeDriver
Capabilities {acceptInsecureCerts: false, browserName: chrome, browserVersion: 76.0.3809.100, chrome: {chromedriverVersion: 76.0.3809.25 (a0c95f440512e..., userDataDir: C:\Users\DAPL-A~1\AppData\L...}, goog:chromeOptions: {debuggerAddress: localhost:62183}, javascriptEnabled: true, networkConnectionEnabled: false, pageLoadStrategy: normal, platform: XP, platformName: XP, proxy: Proxy(), setWindowRect: true, strictFileInteractability: false, timeouts: {implicit: 0, pageLoad: 300000, script: 30000}, unhandledPromptBehavior: dismiss and notify}
Session ID: 4cd0c68d208a8b5e6fd43b6d5d5b7b5a&#xD;
	at org.openqa.selenium.remote.http.W3CHttpResponseCodec.createException(W3CHttpResponseCodec.java:187)&#xD;
	at org.openqa.selenium.remote.http.W3CHttpResponseCodec.decode(W3CHttpResponseCodec.java:122)&#xD;
	at org.openqa.selenium.remote.http.W3CHttpResponseCodec.decode(W3CHttpResponseCodec.java:49)&#xD;
	at org.openqa.selenium.remote.HttpCommandExecutor.execute(HttpCommandExecutor.java:158)&#xD;
	at org.openqa.selenium.remote.service.DriverCommandExecutor.execute(DriverCommandExecutor.java:83)&#xD;
	at org.openqa.selenium.remote.RemoteWebDriver.execute(RemoteWebDriver.java:552)&#xD;
	at org.openqa.selenium.remote.RemoteWebElement.execute(RemoteWebElement.java:285)&#xD;
	at org.openqa.selenium.remote.RemoteWebElement.click(RemoteWebElement.java:84)&#xD;
	at org.openqa.selenium.WebElement$click.call(Unknown Source)&#xD;
	at DeleteListing.run(DeleteListing:37)&#xD;
	at com.kms.katalon.core.main.ScriptEngine.run(ScriptEngine.java:194)&#xD;
	at com.kms.katalon.core.main.ScriptEngine.runScriptAsRawText(ScriptEngine.java:119)&#xD;
	at com.kms.katalon.core.main.TestCaseExecutor.runScript(TestCaseExecutor.java:337)&#xD;
	at com.kms.katalon.core.main.TestCaseExecutor.doExecute(TestCaseExecutor.java:328)&#xD;
	at com.kms.katalon.core.main.TestCaseExecutor.processExecutionPhase(TestCaseExecutor.java:307)&#xD;
	at com.kms.katalon.core.main.TestCaseExecutor.accessMainPhase(TestCaseExecutor.java:299)&#xD;
	at com.kms.katalon.core.main.TestCaseExecutor.execute(TestCaseExecutor.java:233)&#xD;
	at com.kms.katalon.core.main.TestSuiteExecutor.accessTestCaseMainPhase(TestSuiteExecutor.java:133)&#xD;
	at com.kms.katalon.core.main.TestSuiteExecutor.accessTestSuiteMainPhase(TestSuiteExecutor.java:116)&#xD;
	at com.kms.katalon.core.main.TestSuiteExecutor.execute(TestSuiteExecutor.java:83)&#xD;
	at com.kms.katalon.core.main.TestCaseMain.startTestSuite(TestCaseMain.java:157)&#xD;
	at com.kms.katalon.core.main.TestCaseMain$startTestSuite$0.call(Unknown Source)&#xD;
	at TempTestSuite1565770291595.run(TempTestSuite1565770291595.groovy:35)</system-err>
        </testcase>
        <testcase name="Test Cases/Workilo/Listing/Edit Listing/EditListing" classname="Test Cases/Workilo/Listing/Edit Listing/EditListing" status="ERROR">
            <error type="ERROR" message="Test Cases/Workilo/Listing/Edit Listing/EditListing FAILED.&#xA;Reason:&#xA;org.openqa.selenium.ElementNotInteractableException: element not interactable&#xA;  (Session info: chrome=76.0.3809.100)&#xA;Build info: version: '3.141.59', revision: 'e82be7d358', time: '2018-11-14T08:25:53'&#xA;System info: host: 'DAPL-ASSET-180', ip: '192.168.43.246', os.name: 'Windows 8.1', os.arch: 'amd64', os.version: '6.3', java.version: '1.8.0_181'&#xA;Driver info: org.openqa.selenium.chrome.ChromeDriver&#xA;Capabilities {acceptInsecureCerts: false, browserName: chrome, browserVersion: 76.0.3809.100, chrome: {chromedriverVersion: 76.0.3809.25 (a0c95f440512e..., userDataDir: C:\Users\DAPL-A~1\AppData\L...}, goog:chromeOptions: {debuggerAddress: localhost:62259}, javascriptEnabled: true, networkConnectionEnabled: false, pageLoadStrategy: normal, platform: XP, platformName: XP, proxy: Proxy(), setWindowRect: true, strictFileInteractability: false, timeouts: {implicit: 0, pageLoad: 300000, script: 30000}, unhandledPromptBehavior: dismiss and notify}&#xA;Session ID: b294fedc5ac3ce26594fae35c9a5f637&#xD;&#xA;&#x9;at org.openqa.selenium.remote.http.W3CHttpResponseCodec.createException(W3CHttpResponseCodec.java:187)&#xD;&#xA;&#x9;at org.openqa.selenium.remote.http.W3CHttpResponseCodec.decode(W3CHttpResponseCodec.java:122)&#xD;&#xA;&#x9;at org.openqa.selenium.remote.http.W3CHttpResponseCodec.decode(W3CHttpResponseCodec.java:49)&#xD;&#xA;&#x9;at org.openqa.selenium.remote.HttpCommandExecutor.execute(HttpCommandExecutor.java:158)&#xD;&#xA;&#x9;at org.openqa.selenium.remote.service.DriverCommandExecutor.execute(DriverCommandExecutor.java:83)&#xD;&#xA;&#x9;at org.openqa.selenium.remote.RemoteWebDriver.execute(RemoteWebDriver.java:552)&#xD;&#xA;&#x9;at org.openqa.selenium.remote.RemoteWebElement.execute(RemoteWebElement.java:285)&#xD;&#xA;&#x9;at org.openqa.selenium.remote.RemoteWebElement.click(RemoteWebElement.java:84)&#xD;&#xA;&#x9;at org.openqa.selenium.WebElement$click.call(Unknown Source)&#xD;&#xA;&#x9;at EditListing.run(EditListing:36)&#xD;&#xA;&#x9;at com.kms.katalon.core.main.ScriptEngine.run(ScriptEngine.java:194)&#xD;&#xA;&#x9;at com.kms.katalon.core.main.ScriptEngine.runScriptAsRawText(ScriptEngine.java:119)&#xD;&#xA;&#x9;at com.kms.katalon.core.main.TestCaseExecutor.runScript(TestCaseExecutor.java:337)&#xD;&#xA;&#x9;at com.kms.katalon.core.main.TestCaseExecutor.doExecute(TestCaseExecutor.java:328)&#xD;&#xA;&#x9;at com.kms.katalon.core.main.TestCaseExecutor.processExecutionPhase(TestCaseExecutor.java:307)&#xD;&#xA;&#x9;at com.kms.katalon.core.main.TestCaseExecutor.accessMainPhase(TestCaseExecutor.java:299)&#xD;&#xA;&#x9;at com.kms.katalon.core.main.TestCaseExecutor.execute(TestCaseExecutor.java:233)&#xD;&#xA;&#x9;at com.kms.katalon.core.main.TestSuiteExecutor.accessTestCaseMainPhase(TestSuiteExecutor.java:133)&#xD;&#xA;&#x9;at com.kms.katalon.core.main.TestSuiteExecutor.accessTestSuiteMainPhase(TestSuiteExecutor.java:116)&#xD;&#xA;&#x9;at com.kms.katalon.core.main.TestSuiteExecutor.execute(TestSuiteExecutor.java:83)&#xD;&#xA;&#x9;at com.kms.katalon.core.main.TestCaseMain.startTestSuite(TestCaseMain.java:157)&#xD;&#xA;&#x9;at com.kms.katalon.core.main.TestCaseMain$startTestSuite$0.call(Unknown Source)&#xD;&#xA;&#x9;at TempTestSuite1565770291595.run(TempTestSuite1565770291595.groovy:35)&#xD;&#xA;"/>
            <system-out>2019-08-14 13:52:09 - [TEST_CASE][ERROR] - Test Cases/Workilo/Listing/Edit Listing/EditListing: Test Cases/Workilo/Listing/Edit Listing/EditListing FAILED.
Reason:
org.openqa.selenium.ElementNotInteractableException: element not interactable
  (Session info: chrome=76.0.3809.100)
Build info: version: '3.141.59', revision: 'e82be7d358', time: '2018-11-14T08:25:53'
System info: host: 'DAPL-ASSET-180', ip: '192.168.43.246', os.name: 'Windows 8.1', os.arch: 'amd64', os.version: '6.3', java.version: '1.8.0_181'
Driver info: org.openqa.selenium.chrome.ChromeDriver
Capabilities {acceptInsecureCerts: false, browserName: chrome, browserVersion: 76.0.3809.100, chrome: {chromedriverVersion: 76.0.3809.25 (a0c95f440512e..., userDataDir: C:\Users\DAPL-A~1\AppData\L...}, goog:chromeOptions: {debuggerAddress: localhost:62259}, javascriptEnabled: true, networkConnectionEnabled: false, pageLoadStrategy: normal, platform: XP, platformName: XP, proxy: Proxy(), setWindowRect: true, strictFileInteractability: false, timeouts: {implicit: 0, pageLoad: 300000, script: 30000}, unhandledPromptBehavior: dismiss and notify}
Session ID: b294fedc5ac3ce26594fae35c9a5f637&#xD;
	at org.openqa.selenium.remote.http.W3CHttpResponseCodec.createException(W3CHttpResponseCodec.java:187)&#xD;
	at org.openqa.selenium.remote.http.W3CHttpResponseCodec.decode(W3CHttpResponseCodec.java:122)&#xD;
	at org.openqa.selenium.remote.http.W3CHttpResponseCodec.decode(W3CHttpResponseCodec.java:49)&#xD;
	at org.openqa.selenium.remote.HttpCommandExecutor.execute(HttpCommandExecutor.java:158)&#xD;
	at org.openqa.selenium.remote.service.DriverCommandExecutor.execute(DriverCommandExecutor.java:83)&#xD;
	at org.openqa.selenium.remote.RemoteWebDriver.execute(RemoteWebDriver.java:552)&#xD;
	at org.openqa.selenium.remote.RemoteWebElement.execute(RemoteWebElement.java:285)&#xD;
	at org.openqa.selenium.remote.RemoteWebElement.click(RemoteWebElement.java:84)&#xD;
	at org.openqa.selenium.WebElement$click.call(Unknown Source)&#xD;
	at EditListing.run(EditListing:36)&#xD;
	at com.kms.katalon.core.main.ScriptEngine.run(ScriptEngine.java:194)&#xD;
	at com.kms.katalon.core.main.ScriptEngine.runScriptAsRawText(ScriptEngine.java:119)&#xD;
	at com.kms.katalon.core.main.TestCaseExecutor.runScript(TestCaseExecutor.java:337)&#xD;
	at com.kms.katalon.core.main.TestCaseExecutor.doExecute(TestCaseExecutor.java:328)&#xD;
	at com.kms.katalon.core.main.TestCaseExecutor.processExecutionPhase(TestCaseExecutor.java:307)&#xD;
	at com.kms.katalon.core.main.TestCaseExecutor.accessMainPhase(TestCaseExecutor.java:299)&#xD;
	at com.kms.katalon.core.main.TestCaseExecutor.execute(TestCaseExecutor.java:233)&#xD;
	at com.kms.katalon.core.main.TestSuiteExecutor.accessTestCaseMainPhase(TestSuiteExecutor.java:133)&#xD;
	at com.kms.katalon.core.main.TestSuiteExecutor.accessTestSuiteMainPhase(TestSuiteExecutor.java:116)&#xD;
	at com.kms.katalon.core.main.TestSuiteExecutor.execute(TestSuiteExecutor.java:83)&#xD;
	at com.kms.katalon.core.main.TestCaseMain.startTestSuite(TestCaseMain.java:157)&#xD;
	at com.kms.katalon.core.main.TestCaseMain$startTestSuite$0.call(Unknown Source)&#xD;
	at TempTestSuite1565770291595.run(TempTestSuite1565770291595.groovy:35)&#xD;
&#xD;
&#xD;
2019-08-14 13:52:09 - [TEST_STEP][PASSED] - System.setProperty("webdriver.chrome.driver", chromePath): null&#xD;
&#xD;
2019-08-14 13:52:09 - [TEST_STEP][PASSED] - driver = new org.openqa.selenium.chrome.ChromeDriver(): null&#xD;
&#xD;
2019-08-14 13:52:11 - [TEST_STEP][PASSED] - window().maximize(): null&#xD;
&#xD;
2019-08-14 13:52:12 - [TEST_STEP][PASSED] - driver.get("http://workilo.com"): null&#xD;
&#xD;
2019-08-14 13:52:21 - [TEST_STEP][PASSED] - timeouts().implicitlyWait(30, SECONDS): null&#xD;
&#xD;
2019-08-14 13:52:21 - [TEST_STEP][PASSED] - linkText("Log In")).click(): null&#xD;
&#xD;
2019-08-14 13:52:21 - [TEST_STEP][PASSED] - Thread.sleep(2000): null&#xD;
&#xD;
2019-08-14 13:52:23 - [TEST_STEP][PASSED] - id("email_login")).sendKeys("testworkilo@gmail.com"): null&#xD;
&#xD;
2019-08-14 13:52:23 - [TEST_STEP][PASSED] - id("password_login")).sendKeys("admin@123"): null&#xD;
&#xD;
2019-08-14 13:52:23 - [TEST_STEP][PASSED] - //*[@value='Log in']")).click(): null&#xD;
&#xD;
2019-08-14 13:52:23 - [TEST_STEP][PASSED] - Thread.sleep(3000): null&#xD;
&#xD;
2019-08-14 13:52:26 - [TEST_STEP][PASSED] - xpath("/html/body/header/div/div[2]/ul/li[1]/a")).click(): null</system-out>
            <system-err>2019-08-14 13:52:09 - [TEST_CASE][ERROR] - Test Cases/Workilo/Listing/Edit Listing/EditListing: Test Cases/Workilo/Listing/Edit Listing/EditListing FAILED.
Reason:
org.openqa.selenium.ElementNotInteractableException: element not interactable
  (Session info: chrome=76.0.3809.100)
Build info: version: '3.141.59', revision: 'e82be7d358', time: '2018-11-14T08:25:53'
System info: host: 'DAPL-ASSET-180', ip: '192.168.43.246', os.name: 'Windows 8.1', os.arch: 'amd64', os.version: '6.3', java.version: '1.8.0_181'
Driver info: org.openqa.selenium.chrome.ChromeDriver
Capabilities {acceptInsecureCerts: false, browserName: chrome, browserVersion: 76.0.3809.100, chrome: {chromedriverVersion: 76.0.3809.25 (a0c95f440512e..., userDataDir: C:\Users\DAPL-A~1\AppData\L...}, goog:chromeOptions: {debuggerAddress: localhost:62259}, javascriptEnabled: true, networkConnectionEnabled: false, pageLoadStrategy: normal, platform: XP, platformName: XP, proxy: Proxy(), setWindowRect: true, strictFileInteractability: false, timeouts: {implicit: 0, pageLoad: 300000, script: 30000}, unhandledPromptBehavior: dismiss and notify}
Session ID: b294fedc5ac3ce26594fae35c9a5f637&#xD;
	at org.openqa.selenium.remote.http.W3CHttpResponseCodec.createException(W3CHttpResponseCodec.java:187)&#xD;
	at org.openqa.selenium.remote.http.W3CHttpResponseCodec.decode(W3CHttpResponseCodec.java:122)&#xD;
	at org.openqa.selenium.remote.http.W3CHttpResponseCodec.decode(W3CHttpResponseCodec.java:49)&#xD;
	at org.openqa.selenium.remote.HttpCommandExecutor.execute(HttpCommandExecutor.java:158)&#xD;
	at org.openqa.selenium.remote.service.DriverCommandExecutor.execute(DriverCommandExecutor.java:83)&#xD;
	at org.openqa.selenium.remote.RemoteWebDriver.execute(RemoteWebDriver.java:552)&#xD;
	at org.openqa.selenium.remote.RemoteWebElement.execute(RemoteWebElement.java:285)&#xD;
	at org.openqa.selenium.remote.RemoteWebElement.click(RemoteWebElement.java:84)&#xD;
	at org.openqa.selenium.WebElement$click.call(Unknown Source)&#xD;
	at EditListing.run(EditListing:36)&#xD;
	at com.kms.katalon.core.main.ScriptEngine.run(ScriptEngine.java:194)&#xD;
	at com.kms.katalon.core.main.ScriptEngine.runScriptAsRawText(ScriptEngine.java:119)&#xD;
	at com.kms.katalon.core.main.TestCaseExecutor.runScript(TestCaseExecutor.java:337)&#xD;
	at com.kms.katalon.core.main.TestCaseExecutor.doExecute(TestCaseExecutor.java:328)&#xD;
	at com.kms.katalon.core.main.TestCaseExecutor.processExecutionPhase(TestCaseExecutor.java:307)&#xD;
	at com.kms.katalon.core.main.TestCaseExecutor.accessMainPhase(TestCaseExecutor.java:299)&#xD;
	at com.kms.katalon.core.main.TestCaseExecutor.execute(TestCaseExecutor.java:233)&#xD;
	at com.kms.katalon.core.main.TestSuiteExecutor.accessTestCaseMainPhase(TestSuiteExecutor.java:133)&#xD;
	at com.kms.katalon.core.main.TestSuiteExecutor.accessTestSuiteMainPhase(TestSuiteExecutor.java:116)&#xD;
	at com.kms.katalon.core.main.TestSuiteExecutor.execute(TestSuiteExecutor.java:83)&#xD;
	at com.kms.katalon.core.main.TestCaseMain.startTestSuite(TestCaseMain.java:157)&#xD;
	at com.kms.katalon.core.main.TestCaseMain$startTestSuite$0.call(Unknown Source)&#xD;
	at TempTestSuite1565770291595.run(TempTestSuite1565770291595.groovy:35)</system-err>
        </testcase>
        <testcase name="Test Cases/Workilo/ManageShop/ShopInfo" classname="Test Cases/Workilo/ManageShop/ShopInfo" status="ERROR">
            <error type="ERROR" message="Test Cases/Workilo/ManageShop/ShopInfo FAILED.&#xA;Reason:&#xA;org.openqa.selenium.ElementNotInteractableException: element not interactable&#xA;  (Session info: chrome=76.0.3809.100)&#xA;Build info: version: '3.141.59', revision: 'e82be7d358', time: '2018-11-14T08:25:53'&#xA;System info: host: 'DAPL-ASSET-180', ip: '192.168.43.246', os.name: 'Windows 8.1', os.arch: 'amd64', os.version: '6.3', java.version: '1.8.0_181'&#xA;Driver info: org.openqa.selenium.chrome.ChromeDriver&#xA;Capabilities {acceptInsecureCerts: false, browserName: chrome, browserVersion: 76.0.3809.100, chrome: {chromedriverVersion: 76.0.3809.25 (a0c95f440512e..., userDataDir: C:\Users\DAPL-A~1\AppData\L...}, goog:chromeOptions: {debuggerAddress: localhost:62345}, javascriptEnabled: true, networkConnectionEnabled: false, pageLoadStrategy: normal, platform: XP, platformName: XP, proxy: Proxy(), setWindowRect: true, strictFileInteractability: false, timeouts: {implicit: 0, pageLoad: 300000, script: 30000}, unhandledPromptBehavior: dismiss and notify}&#xA;Session ID: 912d4e45298877480a31dfa412e150c9&#xD;&#xA;&#x9;at org.openqa.selenium.remote.http.W3CHttpResponseCodec.createException(W3CHttpResponseCodec.java:187)&#xD;&#xA;&#x9;at org.openqa.selenium.remote.http.W3CHttpResponseCodec.decode(W3CHttpResponseCodec.java:122)&#xD;&#xA;&#x9;at org.openqa.selenium.remote.http.W3CHttpResponseCodec.decode(W3CHttpResponseCodec.java:49)&#xD;&#xA;&#x9;at org.openqa.selenium.remote.HttpCommandExecutor.execute(HttpCommandExecutor.java:158)&#xD;&#xA;&#x9;at org.openqa.selenium.remote.service.DriverCommandExecutor.execute(DriverCommandExecutor.java:83)&#xD;&#xA;&#x9;at org.openqa.selenium.remote.RemoteWebDriver.execute(RemoteWebDriver.java:552)&#xD;&#xA;&#x9;at org.openqa.selenium.remote.RemoteWebElement.execute(RemoteWebElement.java:285)&#xD;&#xA;&#x9;at org.openqa.selenium.remote.RemoteWebElement.click(RemoteWebElement.java:84)&#xD;&#xA;&#x9;at org.openqa.selenium.WebElement$click.call(Unknown Source)&#xD;&#xA;&#x9;at ShopInfo.run(ShopInfo:36)&#xD;&#xA;&#x9;at com.kms.katalon.core.main.ScriptEngine.run(ScriptEngine.java:194)&#xD;&#xA;&#x9;at com.kms.katalon.core.main.ScriptEngine.runScriptAsRawText(ScriptEngine.java:119)&#xD;&#xA;&#x9;at com.kms.katalon.core.main.TestCaseExecutor.runScript(TestCaseExecutor.java:337)&#xD;&#xA;&#x9;at com.kms.katalon.core.main.TestCaseExecutor.doExecute(TestCaseExecutor.java:328)&#xD;&#xA;&#x9;at com.kms.katalon.core.main.TestCaseExecutor.processExecutionPhase(TestCaseExecutor.java:307)&#xD;&#xA;&#x9;at com.kms.katalon.core.main.TestCaseExecutor.accessMainPhase(TestCaseExecutor.java:299)&#xD;&#xA;&#x9;at com.kms.katalon.core.main.TestCaseExecutor.execute(TestCaseExecutor.java:233)&#xD;&#xA;&#x9;at com.kms.katalon.core.main.TestSuiteExecutor.accessTestCaseMainPhase(TestSuiteExecutor.java:133)&#xD;&#xA;&#x9;at com.kms.katalon.core.main.TestSuiteExecutor.accessTestSuiteMainPhase(TestSuiteExecutor.java:116)&#xD;&#xA;&#x9;at com.kms.katalon.core.main.TestSuiteExecutor.execute(TestSuiteExecutor.java:83)&#xD;&#xA;&#x9;at com.kms.katalon.core.main.TestCaseMain.startTestSuite(TestCaseMain.java:157)&#xD;&#xA;&#x9;at com.kms.katalon.core.main.TestCaseMain$startTestSuite$0.call(Unknown Source)&#xD;&#xA;&#x9;at TempTestSuite1565770291595.run(TempTestSuite1565770291595.groovy:35)&#xD;&#xA;"/>
            <system-out>2019-08-14 13:52:57 - [TEST_CASE][ERROR] - Test Cases/Workilo/ManageShop/ShopInfo: Test Cases/Workilo/ManageShop/ShopInfo FAILED.
Reason:
org.openqa.selenium.ElementNotInteractableException: element not interactable
  (Session info: chrome=76.0.3809.100)
Build info: version: '3.141.59', revision: 'e82be7d358', time: '2018-11-14T08:25:53'
System info: host: 'DAPL-ASSET-180', ip: '192.168.43.246', os.name: 'Windows 8.1', os.arch: 'amd64', os.version: '6.3', java.version: '1.8.0_181'
Driver info: org.openqa.selenium.chrome.ChromeDriver
Capabilities {acceptInsecureCerts: false, browserName: chrome, browserVersion: 76.0.3809.100, chrome: {chromedriverVersion: 76.0.3809.25 (a0c95f440512e..., userDataDir: C:\Users\DAPL-A~1\AppData\L...}, goog:chromeOptions: {debuggerAddress: localhost:62345}, javascriptEnabled: true, networkConnectionEnabled: false, pageLoadStrategy: normal, platform: XP, platformName: XP, proxy: Proxy(), setWindowRect: true, strictFileInteractability: false, timeouts: {implicit: 0, pageLoad: 300000, script: 30000}, unhandledPromptBehavior: dismiss and notify}
Session ID: 912d4e45298877480a31dfa412e150c9&#xD;
	at org.openqa.selenium.remote.http.W3CHttpResponseCodec.createException(W3CHttpResponseCodec.java:187)&#xD;
	at org.openqa.selenium.remote.http.W3CHttpResponseCodec.decode(W3CHttpResponseCodec.java:122)&#xD;
	at org.openqa.selenium.remote.http.W3CHttpResponseCodec.decode(W3CHttpResponseCodec.java:49)&#xD;
	at org.openqa.selenium.remote.HttpCommandExecutor.execute(HttpCommandExecutor.java:158)&#xD;
	at org.openqa.selenium.remote.service.DriverCommandExecutor.execute(DriverCommandExecutor.java:83)&#xD;
	at org.openqa.selenium.remote.RemoteWebDriver.execute(RemoteWebDriver.java:552)&#xD;
	at org.openqa.selenium.remote.RemoteWebElement.execute(RemoteWebElement.java:285)&#xD;
	at org.openqa.selenium.remote.RemoteWebElement.click(RemoteWebElement.java:84)&#xD;
	at org.openqa.selenium.WebElement$click.call(Unknown Source)&#xD;
	at ShopInfo.run(ShopInfo:36)&#xD;
	at com.kms.katalon.core.main.ScriptEngine.run(ScriptEngine.java:194)&#xD;
	at com.kms.katalon.core.main.ScriptEngine.runScriptAsRawText(ScriptEngine.java:119)&#xD;
	at com.kms.katalon.core.main.TestCaseExecutor.runScript(TestCaseExecutor.java:337)&#xD;
	at com.kms.katalon.core.main.TestCaseExecutor.doExecute(TestCaseExecutor.java:328)&#xD;
	at com.kms.katalon.core.main.TestCaseExecutor.processExecutionPhase(TestCaseExecutor.java:307)&#xD;
	at com.kms.katalon.core.main.TestCaseExecutor.accessMainPhase(TestCaseExecutor.java:299)&#xD;
	at com.kms.katalon.core.main.TestCaseExecutor.execute(TestCaseExecutor.java:233)&#xD;
	at com.kms.katalon.core.main.TestSuiteExecutor.accessTestCaseMainPhase(TestSuiteExecutor.java:133)&#xD;
	at com.kms.katalon.core.main.TestSuiteExecutor.accessTestSuiteMainPhase(TestSuiteExecutor.java:116)&#xD;
	at com.kms.katalon.core.main.TestSuiteExecutor.execute(TestSuiteExecutor.java:83)&#xD;
	at com.kms.katalon.core.main.TestCaseMain.startTestSuite(TestCaseMain.java:157)&#xD;
	at com.kms.katalon.core.main.TestCaseMain$startTestSuite$0.call(Unknown Source)&#xD;
	at TempTestSuite1565770291595.run(TempTestSuite1565770291595.groovy:35)&#xD;
&#xD;
&#xD;
2019-08-14 13:52:57 - [TEST_STEP][PASSED] - System.setProperty("webdriver.chrome.driver", chromePath): null&#xD;
&#xD;
2019-08-14 13:52:57 - [TEST_STEP][PASSED] - driver = new org.openqa.selenium.chrome.ChromeDriver(): null&#xD;
&#xD;
2019-08-14 13:52:59 - [TEST_STEP][PASSED] - window().maximize(): null&#xD;
&#xD;
2019-08-14 13:53:00 - [TEST_STEP][PASSED] - driver.get("http://workilo.com"): null&#xD;
&#xD;
2019-08-14 13:53:08 - [TEST_STEP][PASSED] - timeouts().implicitlyWait(30, SECONDS): null&#xD;
&#xD;
2019-08-14 13:53:08 - [TEST_STEP][PASSED] - linkText("Log In")).click(): null&#xD;
&#xD;
2019-08-14 13:53:08 - [TEST_STEP][PASSED] - Thread.sleep(2000): null&#xD;
&#xD;
2019-08-14 13:53:10 - [TEST_STEP][PASSED] - id("email_login")).sendKeys("testworkilo@gmail.com"): null&#xD;
&#xD;
2019-08-14 13:53:11 - [TEST_STEP][PASSED] - id("password_login")).sendKeys("admin@123"): null&#xD;
&#xD;
2019-08-14 13:53:11 - [TEST_STEP][PASSED] - //*[@value='Log in']")).click(): null&#xD;
&#xD;
2019-08-14 13:53:11 - [TEST_STEP][PASSED] - Thread.sleep(3000): null&#xD;
&#xD;
2019-08-14 13:53:14 - [TEST_STEP][PASSED] - xpath("/html/body/header/div/div[2]/ul/li[1]/a")).click(): null</system-out>
            <system-err>2019-08-14 13:52:57 - [TEST_CASE][ERROR] - Test Cases/Workilo/ManageShop/ShopInfo: Test Cases/Workilo/ManageShop/ShopInfo FAILED.
Reason:
org.openqa.selenium.ElementNotInteractableException: element not interactable
  (Session info: chrome=76.0.3809.100)
Build info: version: '3.141.59', revision: 'e82be7d358', time: '2018-11-14T08:25:53'
System info: host: 'DAPL-ASSET-180', ip: '192.168.43.246', os.name: 'Windows 8.1', os.arch: 'amd64', os.version: '6.3', java.version: '1.8.0_181'
Driver info: org.openqa.selenium.chrome.ChromeDriver
Capabilities {acceptInsecureCerts: false, browserName: chrome, browserVersion: 76.0.3809.100, chrome: {chromedriverVersion: 76.0.3809.25 (a0c95f440512e..., userDataDir: C:\Users\DAPL-A~1\AppData\L...}, goog:chromeOptions: {debuggerAddress: localhost:62345}, javascriptEnabled: true, networkConnectionEnabled: false, pageLoadStrategy: normal, platform: XP, platformName: XP, proxy: Proxy(), setWindowRect: true, strictFileInteractability: false, timeouts: {implicit: 0, pageLoad: 300000, script: 30000}, unhandledPromptBehavior: dismiss and notify}
Session ID: 912d4e45298877480a31dfa412e150c9&#xD;
	at org.openqa.selenium.remote.http.W3CHttpResponseCodec.createException(W3CHttpResponseCodec.java:187)&#xD;
	at org.openqa.selenium.remote.http.W3CHttpResponseCodec.decode(W3CHttpResponseCodec.java:122)&#xD;
	at org.openqa.selenium.remote.http.W3CHttpResponseCodec.decode(W3CHttpResponseCodec.java:49)&#xD;
	at org.openqa.selenium.remote.HttpCommandExecutor.execute(HttpCommandExecutor.java:158)&#xD;
	at org.openqa.selenium.remote.service.DriverCommandExecutor.execute(DriverCommandExecutor.java:83)&#xD;
	at org.openqa.selenium.remote.RemoteWebDriver.execute(RemoteWebDriver.java:552)&#xD;
	at org.openqa.selenium.remote.RemoteWebElement.execute(RemoteWebElement.java:285)&#xD;
	at org.openqa.selenium.remote.RemoteWebElement.click(RemoteWebElement.java:84)&#xD;
	at org.openqa.selenium.WebElement$click.call(Unknown Source)&#xD;
	at ShopInfo.run(ShopInfo:36)&#xD;
	at com.kms.katalon.core.main.ScriptEngine.run(ScriptEngine.java:194)&#xD;
	at com.kms.katalon.core.main.ScriptEngine.runScriptAsRawText(ScriptEngine.java:119)&#xD;
	at com.kms.katalon.core.main.TestCaseExecutor.runScript(TestCaseExecutor.java:337)&#xD;
	at com.kms.katalon.core.main.TestCaseExecutor.doExecute(TestCaseExecutor.java:328)&#xD;
	at com.kms.katalon.core.main.TestCaseExecutor.processExecutionPhase(TestCaseExecutor.java:307)&#xD;
	at com.kms.katalon.core.main.TestCaseExecutor.accessMainPhase(TestCaseExecutor.java:299)&#xD;
	at com.kms.katalon.core.main.TestCaseExecutor.execute(TestCaseExecutor.java:233)&#xD;
	at com.kms.katalon.core.main.TestSuiteExecutor.accessTestCaseMainPhase(TestSuiteExecutor.java:133)&#xD;
	at com.kms.katalon.core.main.TestSuiteExecutor.accessTestSuiteMainPhase(TestSuiteExecutor.java:116)&#xD;
	at com.kms.katalon.core.main.TestSuiteExecutor.execute(TestSuiteExecutor.java:83)&#xD;
	at com.kms.katalon.core.main.TestCaseMain.startTestSuite(TestCaseMain.java:157)&#xD;
	at com.kms.katalon.core.main.TestCaseMain$startTestSuite$0.call(Unknown Source)&#xD;
	at TempTestSuite1565770291595.run(TempTestSuite1565770291595.groovy:35)</system-err>
        </testcase>
        <testcase name="Test Cases/Workilo/ManageShop/ShopStats" classname="Test Cases/Workilo/ManageShop/ShopStats" status="ERROR">
            <error type="ERROR" message="Test Cases/Workilo/ManageShop/ShopStats FAILED.&#xA;Reason:&#xA;org.openqa.selenium.ElementNotInteractableException: element not interactable&#xA;  (Session info: chrome=76.0.3809.100)&#xA;Build info: version: '3.141.59', revision: 'e82be7d358', time: '2018-11-14T08:25:53'&#xA;System info: host: 'DAPL-ASSET-180', ip: '192.168.43.246', os.name: 'Windows 8.1', os.arch: 'amd64', os.version: '6.3', java.version: '1.8.0_181'&#xA;Driver info: org.openqa.selenium.chrome.ChromeDriver&#xA;Capabilities {acceptInsecureCerts: false, browserName: chrome, browserVersion: 76.0.3809.100, chrome: {chromedriverVersion: 76.0.3809.25 (a0c95f440512e..., userDataDir: C:\Users\DAPL-A~1\AppData\L...}, goog:chromeOptions: {debuggerAddress: localhost:51880}, javascriptEnabled: true, networkConnectionEnabled: false, pageLoadStrategy: normal, platform: XP, platformName: XP, proxy: Proxy(), setWindowRect: true, strictFileInteractability: false, timeouts: {implicit: 0, pageLoad: 300000, script: 30000}, unhandledPromptBehavior: dismiss and notify}&#xA;Session ID: 3d8ec6651c8018adddfaa53d2b2ff5e3&#xD;&#xA;&#x9;at org.openqa.selenium.remote.http.W3CHttpResponseCodec.createException(W3CHttpResponseCodec.java:187)&#xD;&#xA;&#x9;at org.openqa.selenium.remote.http.W3CHttpResponseCodec.decode(W3CHttpResponseCodec.java:122)&#xD;&#xA;&#x9;at org.openqa.selenium.remote.http.W3CHttpResponseCodec.decode(W3CHttpResponseCodec.java:49)&#xD;&#xA;&#x9;at org.openqa.selenium.remote.HttpCommandExecutor.execute(HttpCommandExecutor.java:158)&#xD;&#xA;&#x9;at org.openqa.selenium.remote.service.DriverCommandExecutor.execute(DriverCommandExecutor.java:83)&#xD;&#xA;&#x9;at org.openqa.selenium.remote.RemoteWebDriver.execute(RemoteWebDriver.java:552)&#xD;&#xA;&#x9;at org.openqa.selenium.remote.RemoteWebElement.execute(RemoteWebElement.java:285)&#xD;&#xA;&#x9;at org.openqa.selenium.remote.RemoteWebElement.click(RemoteWebElement.java:84)&#xD;&#xA;&#x9;at org.openqa.selenium.WebElement$click.call(Unknown Source)&#xD;&#xA;&#x9;at ShopStats.run(ShopStats:37)&#xD;&#xA;&#x9;at com.kms.katalon.core.main.ScriptEngine.run(ScriptEngine.java:194)&#xD;&#xA;&#x9;at com.kms.katalon.core.main.ScriptEngine.runScriptAsRawText(ScriptEngine.java:119)&#xD;&#xA;&#x9;at com.kms.katalon.core.main.TestCaseExecutor.runScript(TestCaseExecutor.java:337)&#xD;&#xA;&#x9;at com.kms.katalon.core.main.TestCaseExecutor.doExecute(TestCaseExecutor.java:328)&#xD;&#xA;&#x9;at com.kms.katalon.core.main.TestCaseExecutor.processExecutionPhase(TestCaseExecutor.java:307)&#xD;&#xA;&#x9;at com.kms.katalon.core.main.TestCaseExecutor.accessMainPhase(TestCaseExecutor.java:299)&#xD;&#xA;&#x9;at com.kms.katalon.core.main.TestCaseExecutor.execute(TestCaseExecutor.java:233)&#xD;&#xA;&#x9;at com.kms.katalon.core.main.TestSuiteExecutor.accessTestCaseMainPhase(TestSuiteExecutor.java:133)&#xD;&#xA;&#x9;at com.kms.katalon.core.main.TestSuiteExecutor.accessTestSuiteMainPhase(TestSuiteExecutor.java:116)&#xD;&#xA;&#x9;at com.kms.katalon.core.main.TestSuiteExecutor.execute(TestSuiteExecutor.java:83)&#xD;&#xA;&#x9;at com.kms.katalon.core.main.TestCaseMain.startTestSuite(TestCaseMain.java:157)&#xD;&#xA;&#x9;at com.kms.katalon.core.main.TestCaseMain$startTestSuite$0.call(Unknown Source)&#xD;&#xA;&#x9;at TempTestSuite1565770291595.run(TempTestSuite1565770291595.groovy:35)&#xD;&#xA;"/>
            <system-out>2019-08-14 13:53:44 - [TEST_CASE][ERROR] - Test Cases/Workilo/ManageShop/ShopStats: Test Cases/Workilo/ManageShop/ShopStats FAILED.
Reason:
org.openqa.selenium.ElementNotInteractableException: element not interactable
  (Session info: chrome=76.0.3809.100)
Build info: version: '3.141.59', revision: 'e82be7d358', time: '2018-11-14T08:25:53'
System info: host: 'DAPL-ASSET-180', ip: '192.168.43.246', os.name: 'Windows 8.1', os.arch: 'amd64', os.version: '6.3', java.version: '1.8.0_181'
Driver info: org.openqa.selenium.chrome.ChromeDriver
Capabilities {acceptInsecureCerts: false, browserName: chrome, browserVersion: 76.0.3809.100, chrome: {chromedriverVersion: 76.0.3809.25 (a0c95f440512e..., userDataDir: C:\Users\DAPL-A~1\AppData\L...}, goog:chromeOptions: {debuggerAddress: localhost:51880}, javascriptEnabled: true, networkConnectionEnabled: false, pageLoadStrategy: normal, platform: XP, platformName: XP, proxy: Proxy(), setWindowRect: true, strictFileInteractability: false, timeouts: {implicit: 0, pageLoad: 300000, script: 30000}, unhandledPromptBehavior: dismiss and notify}
Session ID: 3d8ec6651c8018adddfaa53d2b2ff5e3&#xD;
	at org.openqa.selenium.remote.http.W3CHttpResponseCodec.createException(W3CHttpResponseCodec.java:187)&#xD;
	at org.openqa.selenium.remote.http.W3CHttpResponseCodec.decode(W3CHttpResponseCodec.java:122)&#xD;
	at org.openqa.selenium.remote.http.W3CHttpResponseCodec.decode(W3CHttpResponseCodec.java:49)&#xD;
	at org.openqa.selenium.remote.HttpCommandExecutor.execute(HttpCommandExecutor.java:158)&#xD;
	at org.openqa.selenium.remote.service.DriverCommandExecutor.execute(DriverCommandExecutor.java:83)&#xD;
	at org.openqa.selenium.remote.RemoteWebDriver.execute(RemoteWebDriver.java:552)&#xD;
	at org.openqa.selenium.remote.RemoteWebElement.execute(RemoteWebElement.java:285)&#xD;
	at org.openqa.selenium.remote.RemoteWebElement.click(RemoteWebElement.java:84)&#xD;
	at org.openqa.selenium.WebElement$click.call(Unknown Source)&#xD;
	at ShopStats.run(ShopStats:37)&#xD;
	at com.kms.katalon.core.main.ScriptEngine.run(ScriptEngine.java:194)&#xD;
	at com.kms.katalon.core.main.ScriptEngine.runScriptAsRawText(ScriptEngine.java:119)&#xD;
	at com.kms.katalon.core.main.TestCaseExecutor.runScript(TestCaseExecutor.java:337)&#xD;
	at com.kms.katalon.core.main.TestCaseExecutor.doExecute(TestCaseExecutor.java:328)&#xD;
	at com.kms.katalon.core.main.TestCaseExecutor.processExecutionPhase(TestCaseExecutor.java:307)&#xD;
	at com.kms.katalon.core.main.TestCaseExecutor.accessMainPhase(TestCaseExecutor.java:299)&#xD;
	at com.kms.katalon.core.main.TestCaseExecutor.execute(TestCaseExecutor.java:233)&#xD;
	at com.kms.katalon.core.main.TestSuiteExecutor.accessTestCaseMainPhase(TestSuiteExecutor.java:133)&#xD;
	at com.kms.katalon.core.main.TestSuiteExecutor.accessTestSuiteMainPhase(TestSuiteExecutor.java:116)&#xD;
	at com.kms.katalon.core.main.TestSuiteExecutor.execute(TestSuiteExecutor.java:83)&#xD;
	at com.kms.katalon.core.main.TestCaseMain.startTestSuite(TestCaseMain.java:157)&#xD;
	at com.kms.katalon.core.main.TestCaseMain$startTestSuite$0.call(Unknown Source)&#xD;
	at TempTestSuite1565770291595.run(TempTestSuite1565770291595.groovy:35)&#xD;
&#xD;
&#xD;
2019-08-14 13:53:44 - [TEST_STEP][PASSED] - System.setProperty("webdriver.chrome.driver", chromePath): null&#xD;
&#xD;
2019-08-14 13:53:44 - [TEST_STEP][PASSED] - driver = new org.openqa.selenium.chrome.ChromeDriver(): null&#xD;
&#xD;
2019-08-14 13:53:46 - [TEST_STEP][PASSED] - window().maximize(): null&#xD;
&#xD;
2019-08-14 13:53:48 - [TEST_STEP][PASSED] - driver.get("http://workilo.com"): null&#xD;
&#xD;
2019-08-14 13:53:57 - [TEST_STEP][PASSED] - timeouts().implicitlyWait(30, SECONDS): null&#xD;
&#xD;
2019-08-14 13:53:57 - [TEST_STEP][PASSED] - linkText("Log In")).click(): null&#xD;
&#xD;
2019-08-14 13:53:58 - [TEST_STEP][PASSED] - Thread.sleep(2000): null&#xD;
&#xD;
2019-08-14 13:54:00 - [TEST_STEP][PASSED] - id("email_login")).sendKeys("testworkilo@gmail.com"): null&#xD;
&#xD;
2019-08-14 13:54:00 - [TEST_STEP][PASSED] - id("password_login")).sendKeys("admin@123"): null&#xD;
&#xD;
2019-08-14 13:54:00 - [TEST_STEP][PASSED] - //*[@value='Log in']")).click(): null&#xD;
&#xD;
2019-08-14 13:54:00 - [TEST_STEP][PASSED] - Thread.sleep(3000): null&#xD;
&#xD;
2019-08-14 13:54:03 - [TEST_STEP][PASSED] - xpath("/html/body/header/div/div[2]/ul/li[1]/a")).click(): null</system-out>
            <system-err>2019-08-14 13:53:44 - [TEST_CASE][ERROR] - Test Cases/Workilo/ManageShop/ShopStats: Test Cases/Workilo/ManageShop/ShopStats FAILED.
Reason:
org.openqa.selenium.ElementNotInteractableException: element not interactable
  (Session info: chrome=76.0.3809.100)
Build info: version: '3.141.59', revision: 'e82be7d358', time: '2018-11-14T08:25:53'
System info: host: 'DAPL-ASSET-180', ip: '192.168.43.246', os.name: 'Windows 8.1', os.arch: 'amd64', os.version: '6.3', java.version: '1.8.0_181'
Driver info: org.openqa.selenium.chrome.ChromeDriver
Capabilities {acceptInsecureCerts: false, browserName: chrome, browserVersion: 76.0.3809.100, chrome: {chromedriverVersion: 76.0.3809.25 (a0c95f440512e..., userDataDir: C:\Users\DAPL-A~1\AppData\L...}, goog:chromeOptions: {debuggerAddress: localhost:51880}, javascriptEnabled: true, networkConnectionEnabled: false, pageLoadStrategy: normal, platform: XP, platformName: XP, proxy: Proxy(), setWindowRect: true, strictFileInteractability: false, timeouts: {implicit: 0, pageLoad: 300000, script: 30000}, unhandledPromptBehavior: dismiss and notify}
Session ID: 3d8ec6651c8018adddfaa53d2b2ff5e3&#xD;
	at org.openqa.selenium.remote.http.W3CHttpResponseCodec.createException(W3CHttpResponseCodec.java:187)&#xD;
	at org.openqa.selenium.remote.http.W3CHttpResponseCodec.decode(W3CHttpResponseCodec.java:122)&#xD;
	at org.openqa.selenium.remote.http.W3CHttpResponseCodec.decode(W3CHttpResponseCodec.java:49)&#xD;
	at org.openqa.selenium.remote.HttpCommandExecutor.execute(HttpCommandExecutor.java:158)&#xD;
	at org.openqa.selenium.remote.service.DriverCommandExecutor.execute(DriverCommandExecutor.java:83)&#xD;
	at org.openqa.selenium.remote.RemoteWebDriver.execute(RemoteWebDriver.java:552)&#xD;
	at org.openqa.selenium.remote.RemoteWebElement.execute(RemoteWebElement.java:285)&#xD;
	at org.openqa.selenium.remote.RemoteWebElement.click(RemoteWebElement.java:84)&#xD;
	at org.openqa.selenium.WebElement$click.call(Unknown Source)&#xD;
	at ShopStats.run(ShopStats:37)&#xD;
	at com.kms.katalon.core.main.ScriptEngine.run(ScriptEngine.java:194)&#xD;
	at com.kms.katalon.core.main.ScriptEngine.runScriptAsRawText(ScriptEngine.java:119)&#xD;
	at com.kms.katalon.core.main.TestCaseExecutor.runScript(TestCaseExecutor.java:337)&#xD;
	at com.kms.katalon.core.main.TestCaseExecutor.doExecute(TestCaseExecutor.java:328)&#xD;
	at com.kms.katalon.core.main.TestCaseExecutor.processExecutionPhase(TestCaseExecutor.java:307)&#xD;
	at com.kms.katalon.core.main.TestCaseExecutor.accessMainPhase(TestCaseExecutor.java:299)&#xD;
	at com.kms.katalon.core.main.TestCaseExecutor.execute(TestCaseExecutor.java:233)&#xD;
	at com.kms.katalon.core.main.TestSuiteExecutor.accessTestCaseMainPhase(TestSuiteExecutor.java:133)&#xD;
	at com.kms.katalon.core.main.TestSuiteExecutor.accessTestSuiteMainPhase(TestSuiteExecutor.java:116)&#xD;
	at com.kms.katalon.core.main.TestSuiteExecutor.execute(TestSuiteExecutor.java:83)&#xD;
	at com.kms.katalon.core.main.TestCaseMain.startTestSuite(TestCaseMain.java:157)&#xD;
	at com.kms.katalon.core.main.TestCaseMain$startTestSuite$0.call(Unknown Source)&#xD;
	at TempTestSuite1565770291595.run(TempTestSuite1565770291595.groovy:35)</system-err>
        </testcase>
        <testcase name="Test Cases/Workilo/Bookings/Customer/PlaceOrder" classname="Test Cases/Workilo/Bookings/Customer/PlaceOrder" status="ERROR">
            <error type="ERROR" message="Test Cases/Workilo/Bookings/Customer/PlaceOrder FAILED.&#xA;Reason:&#xA;org.openqa.selenium.NoSuchElementException: no such element: Unable to locate element: {&quot;method&quot;:&quot;css selector&quot;,&quot;selector&quot;:&quot;#img_334&quot;}&#xA;  (Session info: chrome=76.0.3809.100)&#xA;For documentation on this error, please visit: https://www.seleniumhq.org/exceptions/no_such_element.html&#xA;Build info: version: '3.141.59', revision: 'e82be7d358', time: '2018-11-14T08:25:53'&#xA;System info: host: 'DAPL-ASSET-180', ip: '192.168.43.246', os.name: 'Windows 8.1', os.arch: 'amd64', os.version: '6.3', java.version: '1.8.0_181'&#xA;Driver info: org.openqa.selenium.chrome.ChromeDriver&#xA;Capabilities {acceptInsecureCerts: false, browserName: chrome, browserVersion: 76.0.3809.100, chrome: {chromedriverVersion: 76.0.3809.25 (a0c95f440512e..., userDataDir: C:\Users\DAPL-A~1\AppData\L...}, goog:chromeOptions: {debuggerAddress: localhost:51977}, javascriptEnabled: true, networkConnectionEnabled: false, pageLoadStrategy: normal, platform: XP, platformName: XP, proxy: Proxy(), setWindowRect: true, strictFileInteractability: false, timeouts: {implicit: 0, pageLoad: 300000, script: 30000}, unhandledPromptBehavior: dismiss and notify}&#xA;Session ID: 1de44a603d4b44346ff483cb3cd62781&#xA;*** Element info: {Using=id, value=img_334}&#xD;&#xA;&#x9;at org.openqa.selenium.remote.http.W3CHttpResponseCodec.createException(W3CHttpResponseCodec.java:187)&#xD;&#xA;&#x9;at org.openqa.selenium.remote.http.W3CHttpResponseCodec.decode(W3CHttpResponseCodec.java:122)&#xD;&#xA;&#x9;at org.openqa.selenium.remote.http.W3CHttpResponseCodec.decode(W3CHttpResponseCodec.java:49)&#xD;&#xA;&#x9;at org.openqa.selenium.remote.HttpCommandExecutor.execute(HttpCommandExecutor.java:158)&#xD;&#xA;&#x9;at org.openqa.selenium.remote.service.DriverCommandExecutor.execute(DriverCommandExecutor.java:83)&#xD;&#xA;&#x9;at org.openqa.selenium.remote.RemoteWebDriver.execute(RemoteWebDriver.java:552)&#xD;&#xA;&#x9;at org.openqa.selenium.remote.RemoteWebDriver.findElement(RemoteWebDriver.java:323)&#xD;&#xA;&#x9;at org.openqa.selenium.remote.RemoteWebDriver.findElementById(RemoteWebDriver.java:372)&#xD;&#xA;&#x9;at org.openqa.selenium.By$ById.findElement(By.java:188)&#xD;&#xA;&#x9;at org.openqa.selenium.remote.RemoteWebDriver.findElement(RemoteWebDriver.java:315)&#xD;&#xA;&#x9;at org.openqa.selenium.WebDriver$findElement$1.call(Unknown Source)&#xD;&#xA;&#x9;at PlaceOrder.run(PlaceOrder:33)&#xD;&#xA;&#x9;at com.kms.katalon.core.main.ScriptEngine.run(ScriptEngine.java:194)&#xD;&#xA;&#x9;at com.kms.katalon.core.main.ScriptEngine.runScriptAsRawText(ScriptEngine.java:119)&#xD;&#xA;&#x9;at com.kms.katalon.core.main.TestCaseExecutor.runScript(TestCaseExecutor.java:337)&#xD;&#xA;&#x9;at com.kms.katalon.core.main.TestCaseExecutor.doExecute(TestCaseExecutor.java:328)&#xD;&#xA;&#x9;at com.kms.katalon.core.main.TestCaseExecutor.processExecutionPhase(TestCaseExecutor.java:307)&#xD;&#xA;&#x9;at com.kms.katalon.core.main.TestCaseExecutor.accessMainPhase(TestCaseExecutor.java:299)&#xD;&#xA;&#x9;at com.kms.katalon.core.main.TestCaseExecutor.execute(TestCaseExecutor.java:233)&#xD;&#xA;&#x9;at com.kms.katalon.core.main.TestSuiteExecutor.accessTestCaseMainPhase(TestSuiteExecutor.java:133)&#xD;&#xA;&#x9;at com.kms.katalon.core.main.TestSuiteExecutor.accessTestSuiteMainPhase(TestSuiteExecutor.java:116)&#xD;&#xA;&#x9;at com.kms.katalon.core.main.TestSuiteExecutor.execute(TestSuiteExecutor.java:83)&#xD;&#xA;&#x9;at com.kms.katalon.core.main.TestCaseMain.startTestSuite(TestCaseMain.java:157)&#xD;&#xA;&#x9;at com.kms.katalon.core.main.TestCaseMain$startTestSuite$0.call(Unknown Source)&#xD;&#xA;&#x9;at TempTestSuite1565770291595.run(TempTestSuite1565770291595.groovy:35)&#xD;&#xA;"/>
            <system-out>2019-08-14 13:54:33 - [TEST_CASE][ERROR] - Test Cases/Workilo/Bookings/Customer/PlaceOrder: Test Cases/Workilo/Bookings/Customer/PlaceOrder FAILED.
Reason:
org.openqa.selenium.NoSuchElementException: no such element: Unable to locate element: {"method":"css selector","selector":"#img_334"}
  (Session info: chrome=76.0.3809.100)
For documentation on this error, please visit: https://www.seleniumhq.org/exceptions/no_such_element.html
Build info: version: '3.141.59', revision: 'e82be7d358', time: '2018-11-14T08:25:53'
System info: host: 'DAPL-ASSET-180', ip: '192.168.43.246', os.name: 'Windows 8.1', os.arch: 'amd64', os.version: '6.3', java.version: '1.8.0_181'
Driver info: org.openqa.selenium.chrome.ChromeDriver
Capabilities {acceptInsecureCerts: false, browserName: chrome, browserVersion: 76.0.3809.100, chrome: {chromedriverVersion: 76.0.3809.25 (a0c95f440512e..., userDataDir: C:\Users\DAPL-A~1\AppData\L...}, goog:chromeOptions: {debuggerAddress: localhost:51977}, javascriptEnabled: true, networkConnectionEnabled: false, pageLoadStrategy: normal, platform: XP, platformName: XP, proxy: Proxy(), setWindowRect: true, strictFileInteractability: false, timeouts: {implicit: 0, pageLoad: 300000, script: 30000}, unhandledPromptBehavior: dismiss and notify}
Session ID: 1de44a603d4b44346ff483cb3cd62781
*** Element info: {Using=id, value=img_334}&#xD;
	at org.openqa.selenium.remote.http.W3CHttpResponseCodec.createException(W3CHttpResponseCodec.java:187)&#xD;
	at org.openqa.selenium.remote.http.W3CHttpResponseCodec.decode(W3CHttpResponseCodec.java:122)&#xD;
	at org.openqa.selenium.remote.http.W3CHttpResponseCodec.decode(W3CHttpResponseCodec.java:49)&#xD;
	at org.openqa.selenium.remote.HttpCommandExecutor.execute(HttpCommandExecutor.java:158)&#xD;
	at org.openqa.selenium.remote.service.DriverCommandExecutor.execute(DriverCommandExecutor.java:83)&#xD;
	at org.openqa.selenium.remote.RemoteWebDriver.execute(RemoteWebDriver.java:552)&#xD;
	at org.openqa.selenium.remote.RemoteWebDriver.findElement(RemoteWebDriver.java:323)&#xD;
	at org.openqa.selenium.remote.RemoteWebDriver.findElementById(RemoteWebDriver.java:372)&#xD;
	at org.openqa.selenium.By$ById.findElement(By.java:188)&#xD;
	at org.openqa.selenium.remote.RemoteWebDriver.findElement(RemoteWebDriver.java:315)&#xD;
	at org.openqa.selenium.WebDriver$findElement$1.call(Unknown Source)&#xD;
	at PlaceOrder.run(PlaceOrder:33)&#xD;
	at com.kms.katalon.core.main.ScriptEngine.run(ScriptEngine.java:194)&#xD;
	at com.kms.katalon.core.main.ScriptEngine.runScriptAsRawText(ScriptEngine.java:119)&#xD;
	at com.kms.katalon.core.main.TestCaseExecutor.runScript(TestCaseExecutor.java:337)&#xD;
	at com.kms.katalon.core.main.TestCaseExecutor.doExecute(TestCaseExecutor.java:328)&#xD;
	at com.kms.katalon.core.main.TestCaseExecutor.processExecutionPhase(TestCaseExecutor.java:307)&#xD;
	at com.kms.katalon.core.main.TestCaseExecutor.accessMainPhase(TestCaseExecutor.java:299)&#xD;
	at com.kms.katalon.core.main.TestCaseExecutor.execute(TestCaseExecutor.java:233)&#xD;
	at com.kms.katalon.core.main.TestSuiteExecutor.accessTestCaseMainPhase(TestSuiteExecutor.java:133)&#xD;
	at com.kms.katalon.core.main.TestSuiteExecutor.accessTestSuiteMainPhase(TestSuiteExecutor.java:116)&#xD;
	at com.kms.katalon.core.main.TestSuiteExecutor.execute(TestSuiteExecutor.java:83)&#xD;
	at com.kms.katalon.core.main.TestCaseMain.startTestSuite(TestCaseMain.java:157)&#xD;
	at com.kms.katalon.core.main.TestCaseMain$startTestSuite$0.call(Unknown Source)&#xD;
	at TempTestSuite1565770291595.run(TempTestSuite1565770291595.groovy:35)&#xD;
&#xD;
&#xD;
2019-08-14 13:54:34 - [TEST_STEP][PASSED] - System.setProperty("webdriver.chrome.driver", chromePath): null&#xD;
&#xD;
2019-08-14 13:54:34 - [TEST_STEP][PASSED] - driver = new org.openqa.selenium.chrome.ChromeDriver(): null&#xD;
&#xD;
2019-08-14 13:54:36 - [TEST_STEP][PASSED] - window().maximize(): null&#xD;
&#xD;
2019-08-14 13:54:37 - [TEST_STEP][PASSED] - driver.get("http://workilo.com"): null&#xD;
&#xD;
2019-08-14 13:54:46 - [TEST_STEP][PASSED] - timeouts().implicitlyWait(30, SECONDS): null&#xD;
&#xD;
2019-08-14 13:54:46 - [TEST_STEP][PASSED] - linkText("Log In")).click(): null&#xD;
&#xD;
2019-08-14 13:54:46 - [TEST_STEP][PASSED] - Thread.sleep(2000): null&#xD;
&#xD;
2019-08-14 13:54:48 - [TEST_STEP][PASSED] - id("email_login")).sendKeys("shahbaz.dapl@gmail.com"): null&#xD;
&#xD;
2019-08-14 13:54:48 - [TEST_STEP][PASSED] - id("password_login")).sendKeys("admin#123"): null&#xD;
&#xD;
2019-08-14 13:54:49 - [TEST_STEP][PASSED] - //*[@value='Log in']")).click(): null&#xD;
&#xD;
2019-08-14 13:54:49 - [TEST_STEP][PASSED] - Thread.sleep(3000): null&#xD;
&#xD;
2019-08-14 13:54:52 - [TEST_STEP][PASSED] - js = driver: null&#xD;
&#xD;
2019-08-14 13:54:52 - [TEST_STEP][PASSED] - element = driver.findElement(By.id("img_334")): null</system-out>
            <system-err>2019-08-14 13:54:33 - [TEST_CASE][ERROR] - Test Cases/Workilo/Bookings/Customer/PlaceOrder: Test Cases/Workilo/Bookings/Customer/PlaceOrder FAILED.
Reason:
org.openqa.selenium.NoSuchElementException: no such element: Unable to locate element: {"method":"css selector","selector":"#img_334"}
  (Session info: chrome=76.0.3809.100)
For documentation on this error, please visit: https://www.seleniumhq.org/exceptions/no_such_element.html
Build info: version: '3.141.59', revision: 'e82be7d358', time: '2018-11-14T08:25:53'
System info: host: 'DAPL-ASSET-180', ip: '192.168.43.246', os.name: 'Windows 8.1', os.arch: 'amd64', os.version: '6.3', java.version: '1.8.0_181'
Driver info: org.openqa.selenium.chrome.ChromeDriver
Capabilities {acceptInsecureCerts: false, browserName: chrome, browserVersion: 76.0.3809.100, chrome: {chromedriverVersion: 76.0.3809.25 (a0c95f440512e..., userDataDir: C:\Users\DAPL-A~1\AppData\L...}, goog:chromeOptions: {debuggerAddress: localhost:51977}, javascriptEnabled: true, networkConnectionEnabled: false, pageLoadStrategy: normal, platform: XP, platformName: XP, proxy: Proxy(), setWindowRect: true, strictFileInteractability: false, timeouts: {implicit: 0, pageLoad: 300000, script: 30000}, unhandledPromptBehavior: dismiss and notify}
Session ID: 1de44a603d4b44346ff483cb3cd62781
*** Element info: {Using=id, value=img_334}&#xD;
	at org.openqa.selenium.remote.http.W3CHttpResponseCodec.createException(W3CHttpResponseCodec.java:187)&#xD;
	at org.openqa.selenium.remote.http.W3CHttpResponseCodec.decode(W3CHttpResponseCodec.java:122)&#xD;
	at org.openqa.selenium.remote.http.W3CHttpResponseCodec.decode(W3CHttpResponseCodec.java:49)&#xD;
	at org.openqa.selenium.remote.HttpCommandExecutor.execute(HttpCommandExecutor.java:158)&#xD;
	at org.openqa.selenium.remote.service.DriverCommandExecutor.execute(DriverCommandExecutor.java:83)&#xD;
	at org.openqa.selenium.remote.RemoteWebDriver.execute(RemoteWebDriver.java:552)&#xD;
	at org.openqa.selenium.remote.RemoteWebDriver.findElement(RemoteWebDriver.java:323)&#xD;
	at org.openqa.selenium.remote.RemoteWebDriver.findElementById(RemoteWebDriver.java:372)&#xD;
	at org.openqa.selenium.By$ById.findElement(By.java:188)&#xD;
	at org.openqa.selenium.remote.RemoteWebDriver.findElement(RemoteWebDriver.java:315)&#xD;
	at org.openqa.selenium.WebDriver$findElement$1.call(Unknown Source)&#xD;
	at PlaceOrder.run(PlaceOrder:33)&#xD;
	at com.kms.katalon.core.main.ScriptEngine.run(ScriptEngine.java:194)&#xD;
	at com.kms.katalon.core.main.ScriptEngine.runScriptAsRawText(ScriptEngine.java:119)&#xD;
	at com.kms.katalon.core.main.TestCaseExecutor.runScript(TestCaseExecutor.java:337)&#xD;
	at com.kms.katalon.core.main.TestCaseExecutor.doExecute(TestCaseExecutor.java:328)&#xD;
	at com.kms.katalon.core.main.TestCaseExecutor.processExecutionPhase(TestCaseExecutor.java:307)&#xD;
	at com.kms.katalon.core.main.TestCaseExecutor.accessMainPhase(TestCaseExecutor.java:299)&#xD;
	at com.kms.katalon.core.main.TestCaseExecutor.execute(TestCaseExecutor.java:233)&#xD;
	at com.kms.katalon.core.main.TestSuiteExecutor.accessTestCaseMainPhase(TestSuiteExecutor.java:133)&#xD;
	at com.kms.katalon.core.main.TestSuiteExecutor.accessTestSuiteMainPhase(TestSuiteExecutor.java:116)&#xD;
	at com.kms.katalon.core.main.TestSuiteExecutor.execute(TestSuiteExecutor.java:83)&#xD;
	at com.kms.katalon.core.main.TestCaseMain.startTestSuite(TestCaseMain.java:157)&#xD;
	at com.kms.katalon.core.main.TestCaseMain$startTestSuite$0.call(Unknown Source)&#xD;
	at TempTestSuite1565770291595.run(TempTestSuite1565770291595.groovy:35)</system-err>
        </testcase>
        <system-out>2019-08-14 13:41:35 - [TEST_SUITE][INCOMPLETE] - Functional Testing: null</system-out>
        <system-err>2019-08-14 13:41:35 - [TEST_SUITE][INCOMPLETE] - Functional Testing: null</system-err>
    </testsuite>
</testsuites>
