<?xml version="1.0" encoding="UTF-8" standalone="yes"?>
<testsuites name="Bookings" time="126" tests="2" failures="0" errors="0">
    <testsuite name="Bookings" tests="2" failures="0" errors="0" time="126" timestamp="2019-08-19 20:02:47" hostname="DAPL-Asset-180 - DAPL-Asset-180" id="Test Suites/Bookings">
        <properties>
            <property name="deviceName" value=""/>
            <property name="devicePlatform" value=""/>
            <property name="logFolder" value="C:\\Users\\DAPL-Asset-180\\Desktop\\project folder\\Workilo\\WorkiloAutomation(14.8.19)\\Reports\\Bookings\\20190819_200242"/>
            <property name="logFiles" value="C:\\Users\\DAPL-Asset-180\\Desktop\\project folder\\Workilo\\WorkiloAutomation(14.8.19)\\Reports\\Bookings\\20190819_200242\\execution0.log"/>
            <property name="attachments" value=""/>
            <property name="hostName" value="DAPL-Asset-180 - DAPL-Asset-180"/>
            <property name="hostAddress" value="192.168.1.188"/>
            <property name="os" value="Windows 8.1 64bit"/>
            <property name="katalonVersion" value="6.2.1.2"/>
        </properties>
        <testcase name="Test Cases/Workilo/Bookings/ServiceProvider/InboxAcceptOrder" classname="Test Cases/Workilo/Bookings/ServiceProvider/InboxAcceptOrder" status="PASSED">
            <system-out>2019-08-19 20:02:47 - [TEST_CASE][PASSED] - Test Cases/Workilo/Bookings/ServiceProvider/InboxAcceptOrder: Test Cases/Workilo/Bookings/ServiceProvider/InboxAcceptOrder&#xD;
&#xD;
2019-08-19 20:02:49 - [TEST_STEP][PASSED] - System.setProperty("webdriver.chrome.driver", chromePath): null&#xD;
&#xD;
2019-08-19 20:02:49 - [TEST_STEP][PASSED] - driver = new org.openqa.selenium.chrome.ChromeDriver(): null&#xD;
&#xD;
2019-08-19 20:02:52 - [TEST_STEP][PASSED] - window().maximize(): null&#xD;
&#xD;
2019-08-19 20:02:53 - [TEST_STEP][PASSED] - try: null&#xD;
&#xD;
2019-08-19 20:02:53 - [TEST_STEP][PASSED] - driver.get("http://workilo.com"): null&#xD;
&#xD;
2019-08-19 20:03:05 - [TEST_STEP][PASSED] - timeouts().implicitlyWait(30, SECONDS): null&#xD;
&#xD;
2019-08-19 20:03:05 - [TEST_STEP][PASSED] - linkText("Log In")).click(): null&#xD;
&#xD;
2019-08-19 20:03:05 - [TEST_STEP][PASSED] - Thread.sleep(2000): null&#xD;
&#xD;
2019-08-19 20:03:07 - [TEST_STEP][PASSED] - id("email_login")).sendKeys("testworkilo@gmail.com"): null&#xD;
&#xD;
2019-08-19 20:03:07 - [TEST_STEP][PASSED] - id("password_login")).sendKeys("admin#123"): null&#xD;
&#xD;
2019-08-19 20:03:07 - [TEST_STEP][PASSED] - //*[@value='Log in']")).click(): null&#xD;
&#xD;
2019-08-19 20:03:08 - [TEST_STEP][PASSED] - Thread.sleep(3000): null&#xD;
&#xD;
2019-08-19 20:03:11 - [TEST_STEP][PASSED] - xpath("/html/body/header/div/span[3]")).click(): null&#xD;
&#xD;
2019-08-19 20:03:11 - [TEST_STEP][PASSED] - Thread.sleep(1000): null&#xD;
&#xD;
2019-08-19 20:03:12 - [TEST_STEP][PASSED] - xpath("/html/body/div[4]/div/div[1]/ul/li[1]/a")).click(): null&#xD;
&#xD;
2019-08-19 20:03:17 - [TEST_STEP][PASSED] - Thread.sleep(1000): null&#xD;
&#xD;
2019-08-19 20:03:18 - [TEST_STEP][PASSED] - xpath("/html[1]/body[1]/div[6]/div[1]/div[1]/div[2]/div[1]/div[1]/table[1]/tbody[1]/tr[1]/td[4]")).click(): null&#xD;
&#xD;
2019-08-19 20:03:21 - [TEST_STEP][PASSED] - Thread.sleep(2000): null&#xD;
&#xD;
2019-08-19 20:03:23 - [TEST_STEP][PASSED] - element = driver.findElements(By.xpath("/html[1]/body[1]/div[6]/div[1]/div[1]/form[1]/div[1]/div[1]/a[2]")): null&#xD;
&#xD;
2019-08-19 20:03:53 - [TEST_STEP][PASSED] - if (element.size() == 0): null&#xD;
&#xD;
2019-08-19 20:03:53 - [TEST_STEP][PASSED] - xpath("/html/body/header/div/span[3]")).click(): null&#xD;
&#xD;
2019-08-19 20:03:54 - [TEST_STEP][PASSED] - Thread.sleep(2000): null&#xD;
&#xD;
2019-08-19 20:03:56 - [TEST_STEP][PASSED] - linkText("Sign Out")).click(): null&#xD;
&#xD;
2019-08-19 20:04:02 - [TEST_STEP][PASSED] - Thread.sleep(1000): null&#xD;
&#xD;
2019-08-19 20:04:03 - [TEST_STEP][PASSED] - action = new org.openqa.selenium.interactions.Actions(driver): null&#xD;
&#xD;
2019-08-19 20:04:03 - [TEST_STEP][PASSED] - build().perform(): null&#xD;
&#xD;
2019-08-19 20:04:03 - [TEST_STEP][PASSED] - Thread.sleep(2000): null&#xD;
&#xD;
2019-08-19 20:04:05 - [TEST_STEP][PASSED] - driver.quit(): null</system-out>
            <system-err></system-err>
        </testcase>
        <testcase name="Test Cases/Workilo/Bookings/ServiceProvider/InboxVerifyMessageDetail" classname="Test Cases/Workilo/Bookings/ServiceProvider/InboxVerifyMessageDetail" status="PASSED">
            <system-out>2019-08-19 20:04:06 - [TEST_CASE][PASSED] - Test Cases/Workilo/Bookings/ServiceProvider/InboxVerifyMessageDetail: Test Cases/Workilo/Bookings/ServiceProvider/InboxVerifyMessageDetail&#xD;
&#xD;
2019-08-19 20:04:07 - [TEST_STEP][PASSED] - System.setProperty("webdriver.chrome.driver", chromePath): null&#xD;
&#xD;
2019-08-19 20:04:07 - [TEST_STEP][PASSED] - driver = new org.openqa.selenium.chrome.ChromeDriver(): null&#xD;
&#xD;
2019-08-19 20:04:09 - [TEST_STEP][PASSED] - window().maximize(): null&#xD;
&#xD;
2019-08-19 20:04:10 - [TEST_STEP][PASSED] - try: null&#xD;
&#xD;
2019-08-19 20:04:10 - [TEST_STEP][PASSED] - driver.get("http://workilo.com"): null&#xD;
&#xD;
2019-08-19 20:04:20 - [TEST_STEP][PASSED] - timeouts().implicitlyWait(30, SECONDS): null&#xD;
&#xD;
2019-08-19 20:04:20 - [TEST_STEP][PASSED] - linkText("Log In")).click(): null&#xD;
&#xD;
2019-08-19 20:04:20 - [TEST_STEP][PASSED] - Thread.sleep(2000): null&#xD;
&#xD;
2019-08-19 20:04:22 - [TEST_STEP][PASSED] - id("email_login")).sendKeys("testworkilo@gmail.com"): null&#xD;
&#xD;
2019-08-19 20:04:22 - [TEST_STEP][PASSED] - id("password_login")).sendKeys("admin#123"): null&#xD;
&#xD;
2019-08-19 20:04:22 - [TEST_STEP][PASSED] - //*[@value='Log in']")).click(): null&#xD;
&#xD;
2019-08-19 20:04:23 - [TEST_STEP][PASSED] - Thread.sleep(3000): null&#xD;
&#xD;
2019-08-19 20:04:26 - [TEST_STEP][PASSED] - xpath("/html/body/header/div/span[3]")).click(): null&#xD;
&#xD;
2019-08-19 20:04:28 - [TEST_STEP][PASSED] - Thread.sleep(1000): null&#xD;
&#xD;
2019-08-19 20:04:29 - [TEST_STEP][PASSED] - xpath("/html/body/div[4]/div/div[1]/ul/li[1]/a")).click(): null&#xD;
&#xD;
2019-08-19 20:04:32 - [TEST_STEP][PASSED] - Thread.sleep(1000): null&#xD;
&#xD;
2019-08-19 20:04:33 - [TEST_STEP][PASSED] - xpath("/html[1]/body[1]/div[6]/div[1]/div[1]/div[2]/div[1]/div[1]/table[1]/tbody[1]/tr[1]/td[4]")).click(): null&#xD;
&#xD;
2019-08-19 20:04:36 - [TEST_STEP][PASSED] - Thread.sleep(2000): null&#xD;
&#xD;
2019-08-19 20:04:38 - [TEST_STEP][PASSED] - js = driver: null&#xD;
&#xD;
2019-08-19 20:04:38 - [TEST_STEP][PASSED] - js.executeScript("window.scrollBy(0,230)"): null&#xD;
&#xD;
2019-08-19 20:04:38 - [TEST_STEP][PASSED] - Thread.sleep(1000): null&#xD;
&#xD;
2019-08-19 20:04:39 - [TEST_STEP][PASSED] - message = driver.findElement(By.xpath("/html/body/div[6]/div/div/div[1]/div[2]/div[2]/div/div[2]/p")): null&#xD;
&#xD;
2019-08-19 20:04:39 - [TEST_STEP][PASSED] - js.executeScript("arguments[0].style.border='3px solid red'", message): null&#xD;
&#xD;
2019-08-19 20:04:39 - [TEST_STEP][PASSED] - element = driver.findElements(By.xpath("//*[@id="order-status-form"]/div/div[2]/div/ul/li")): null&#xD;
&#xD;
2019-08-19 20:04:39 - [TEST_STEP][PASSED] - out.println("Total List == " + element.size()): null&#xD;
&#xD;
2019-08-19 20:04:39 - [TEST_STEP][PASSED] - for ([i = 0, i &lt; element.size() - 1, (i++)]): null&#xD;
&#xD;
2019-08-19 20:04:39 - [TEST_STEP][PASSED] - js.executeScript("arguments[0].style.border='3px solid red'", driver.findElement(By.xpath("//*[@id="order-status-form"]/div/div[2]/div/ul/li[" + i + 1 + "]"))): null&#xD;
&#xD;
2019-08-19 20:04:39 - [TEST_STEP][PASSED] - js.executeScript("arguments[0].style.border='3px solid red'", driver.findElement(By.xpath("//*[@id="order-status-form"]/div/div[2]/div/ul/li[" + i + 1 + "]"))): null&#xD;
&#xD;
2019-08-19 20:04:39 - [TEST_STEP][PASSED] - js.executeScript("arguments[0].style.border='3px solid red'", driver.findElement(By.xpath("//*[@id="order-status-form"]/div/div[2]/div/ul/li[" + i + 1 + "]"))): null&#xD;
&#xD;
2019-08-19 20:04:39 - [TEST_STEP][PASSED] - js.executeScript("arguments[0].style.border='3px solid red'", driver.findElement(By.xpath("//*[@id="order-status-form"]/div/div[2]/div/ul/li[" + i + 1 + "]"))): null&#xD;
&#xD;
2019-08-19 20:04:39 - [TEST_STEP][PASSED] - js.executeScript("window.scrollBy(0,430)"): null&#xD;
&#xD;
2019-08-19 20:04:39 - [TEST_STEP][PASSED] - paymentList = driver.findElements(By.xpath("//*[@id="order-status-form"]/div/div[3]/div/ul/li")): null&#xD;
&#xD;
2019-08-19 20:04:39 - [TEST_STEP][PASSED] - out.println("Payment List == " + paymentList.size()): null&#xD;
&#xD;
2019-08-19 20:04:39 - [TEST_STEP][PASSED] - Thread.sleep(2000): null&#xD;
&#xD;
2019-08-19 20:04:41 - [TEST_STEP][PASSED] - for ([i = 0, i &lt; paymentList.size(), (i++)]): null&#xD;
&#xD;
2019-08-19 20:04:41 - [TEST_STEP][PASSED] - js.executeScript("arguments[0].style.border='3px solid red'", driver.findElement(By.xpath("//*[@id="order-status-form"]/div/div[3]/div/ul/li[" + i + 1 + "]"))): null&#xD;
&#xD;
2019-08-19 20:04:41 - [TEST_STEP][PASSED] - js.executeScript("arguments[0].style.border='3px solid red'", driver.findElement(By.xpath("//*[@id="order-status-form"]/div/div[3]/div/ul/li[" + i + 1 + "]"))): null&#xD;
&#xD;
2019-08-19 20:04:41 - [TEST_STEP][PASSED] - js.executeScript("arguments[0].style.border='3px solid red'", driver.findElement(By.xpath("//*[@id="order-status-form"]/div/div[3]/div/ul/li[" + i + 1 + "]"))): null&#xD;
&#xD;
2019-08-19 20:04:41 - [TEST_STEP][PASSED] - js.executeScript("arguments[0].style.border='3px solid red'", driver.findElement(By.xpath("//*[@id="order-status-form"]/div/div[3]/div/ul/li[" + i + 1 + "]"))): null&#xD;
&#xD;
2019-08-19 20:04:41 - [TEST_STEP][PASSED] - js.executeScript("arguments[0].style.border='3px solid red'", driver.findElement(By.xpath("//*[@id="order-status-form"]/div/div[3]/div/ul/li[" + i + 1 + "]"))): null&#xD;
&#xD;
2019-08-19 20:04:41 - [TEST_STEP][PASSED] - js.executeScript("arguments[0].style.border='3px solid red'", driver.findElement(By.xpath("//*[@id="order-status-form"]/div/div[3]/div/ul/li[" + i + 1 + "]"))): null&#xD;
&#xD;
2019-08-19 20:04:41 - [TEST_STEP][PASSED] - js.executeScript("arguments[0].style.border='3px solid red'", driver.findElement(By.xpath("//*[@id="order-status-form"]/div/div[3]/div/ul/li[" + i + 1 + "]"))): null&#xD;
&#xD;
2019-08-19 20:04:41 - [TEST_STEP][PASSED] - xpath("/html/body/header/div/span[3]")).click(): null&#xD;
&#xD;
2019-08-19 20:04:41 - [TEST_STEP][PASSED] - Thread.sleep(2000): null&#xD;
&#xD;
2019-08-19 20:04:43 - [TEST_STEP][PASSED] - linkText("Sign Out")).click(): null&#xD;
&#xD;
2019-08-19 20:04:49 - [TEST_STEP][PASSED] - Thread.sleep(1000): null&#xD;
&#xD;
2019-08-19 20:04:50 - [TEST_STEP][PASSED] - action = new org.openqa.selenium.interactions.Actions(driver): null&#xD;
&#xD;
2019-08-19 20:04:50 - [TEST_STEP][PASSED] - build().perform(): null&#xD;
&#xD;
2019-08-19 20:04:50 - [TEST_STEP][PASSED] - Thread.sleep(2000): null&#xD;
&#xD;
2019-08-19 20:04:52 - [TEST_STEP][PASSED] - driver.quit(): null</system-out>
            <system-err></system-err>
        </testcase>
        <system-out>2019-08-19 20:02:47 - [TEST_SUITE][INCOMPLETE] - Bookings: null</system-out>
        <system-err>2019-08-19 20:02:47 - [TEST_SUITE][INCOMPLETE] - Bookings: null</system-err>
    </testsuite>
</testsuites>
