<?xml version="1.0" encoding="UTF-8" standalone="yes"?>
<testsuites name="CustomerSign IN" time="95" tests="2" failures="0" errors="0">
    <testsuite name="CustomerSign IN" tests="2" failures="0" errors="0" time="95" timestamp="2019-08-20 14:59:05" hostname="DAPL-Asset-180 - DAPL-Asset-180" id="Test Suites/CustomerSign IN">
        <properties>
            <property name="deviceName" value=""/>
            <property name="devicePlatform" value=""/>
            <property name="logFolder" value="C:\\Users\\DAPL-Asset-180\\Desktop\\project folder\\Workilo\\WorkiloAutomation(14.8.19)\\Reports\\CustomerSign IN\\20190820_145301"/>
            <property name="logFiles" value="C:\\Users\\DAPL-Asset-180\\Desktop\\project folder\\Workilo\\WorkiloAutomation(14.8.19)\\Reports\\CustomerSign IN\\20190820_145301\\execution0.log"/>
            <property name="attachments" value=""/>
            <property name="hostName" value="DAPL-Asset-180 - DAPL-Asset-180"/>
            <property name="hostAddress" value="192.168.1.188"/>
            <property name="os" value="Windows 8.1 64bit"/>
            <property name="katalonVersion" value="6.2.1.2"/>
        </properties>
        <testcase name="Test Cases/Workilo/Sign IN/CustSignIn" classname="Test Cases/Workilo/Sign IN/CustSignIn" status="PASSED">
            <system-out>2019-08-20 14:59:06 - [TEST_CASE][PASSED] - Test Cases/Workilo/Sign IN/CustSignIn: Test Cases/Workilo/Sign IN/CustSignIn&#xD;
&#xD;
2019-08-20 14:59:07 - [TEST_STEP][PASSED] - System.setProperty("webdriver.chrome.driver", chromePath): null&#xD;
&#xD;
2019-08-20 14:59:07 - [TEST_STEP][PASSED] - driver = new org.openqa.selenium.chrome.ChromeDriver(): null&#xD;
&#xD;
2019-08-20 14:59:10 - [TEST_STEP][PASSED] - window().maximize(): null&#xD;
&#xD;
2019-08-20 14:59:11 - [TEST_STEP][PASSED] - driver.get("http://workilo.com"): null&#xD;
&#xD;
2019-08-20 14:59:21 - [TEST_STEP][PASSED] - try: null&#xD;
&#xD;
2019-08-20 14:59:21 - [TEST_STEP][PASSED] - timeouts().implicitlyWait(30, SECONDS): null&#xD;
&#xD;
2019-08-20 14:59:21 - [TEST_STEP][PASSED] - linkText("Log In")).click(): null&#xD;
&#xD;
2019-08-20 14:59:21 - [TEST_STEP][PASSED] - Thread.sleep(2000): null&#xD;
&#xD;
2019-08-20 14:59:23 - [TEST_STEP][PASSED] - id("email_login")).sendKeys("nabin@digitalaptech.com"): null&#xD;
&#xD;
2019-08-20 14:59:23 - [TEST_STEP][PASSED] - id("password_login")).sendKeys("admin#123"): null&#xD;
&#xD;
2019-08-20 14:59:23 - [TEST_STEP][PASSED] - //*[@value='Log in']")).click(): null&#xD;
&#xD;
2019-08-20 14:59:23 - [TEST_STEP][PASSED] - Thread.sleep(3000): null&#xD;
&#xD;
2019-08-20 14:59:26 - [TEST_STEP][PASSED] - linkText("Log Out")).click(): null&#xD;
&#xD;
2019-08-20 14:59:40 - [TEST_STEP][PASSED] - Thread.sleep(2000): null&#xD;
&#xD;
2019-08-20 14:59:42 - [TEST_STEP][PASSED] - action = new org.openqa.selenium.interactions.Actions(driver): null&#xD;
&#xD;
2019-08-20 14:59:42 - [TEST_STEP][PASSED] - build().perform(): null&#xD;
&#xD;
2019-08-20 14:59:42 - [TEST_STEP][PASSED] - Thread.sleep(2000): null</system-out>
            <system-err></system-err>
        </testcase>
        <testcase name="Test Cases/Workilo/Sign IN/ServProvSignIn" classname="Test Cases/Workilo/Sign IN/ServProvSignIn" status="PASSED">
            <system-out>2019-08-20 14:59:44 - [TEST_CASE][PASSED] - Test Cases/Workilo/Sign IN/ServProvSignIn: Test Cases/Workilo/Sign IN/ServProvSignIn&#xD;
&#xD;
2019-08-20 14:59:45 - [TEST_STEP][PASSED] - System.setProperty("webdriver.chrome.driver", chromePath): null&#xD;
&#xD;
2019-08-20 14:59:45 - [TEST_STEP][PASSED] - driver = new org.openqa.selenium.chrome.ChromeDriver(): null&#xD;
&#xD;
2019-08-20 14:59:47 - [TEST_STEP][PASSED] - window().maximize(): null&#xD;
&#xD;
2019-08-20 14:59:49 - [TEST_STEP][PASSED] - try: null&#xD;
&#xD;
2019-08-20 14:59:49 - [TEST_STEP][PASSED] - driver.get("http://workilo.com"): null&#xD;
&#xD;
2019-08-20 15:00:04 - [TEST_STEP][PASSED] - timeouts().implicitlyWait(30, SECONDS): null&#xD;
&#xD;
2019-08-20 15:00:04 - [TEST_STEP][PASSED] - linkText("Log In")).click(): null&#xD;
&#xD;
2019-08-20 15:00:04 - [TEST_STEP][PASSED] - Thread.sleep(2000): null&#xD;
&#xD;
2019-08-20 15:00:06 - [TEST_STEP][PASSED] - id("email_login")).sendKeys("testworkilo@gmail.com"): null&#xD;
&#xD;
2019-08-20 15:00:06 - [TEST_STEP][PASSED] - id("password_login")).sendKeys("admin#123"): null&#xD;
&#xD;
2019-08-20 15:00:06 - [TEST_STEP][PASSED] - //*[@value='Log in']")).click(): null&#xD;
&#xD;
2019-08-20 15:00:06 - [TEST_STEP][PASSED] - Thread.sleep(3000): null&#xD;
&#xD;
2019-08-20 15:00:09 - [TEST_STEP][PASSED] - xpath("/html/body/header/div/span[1]")).click(): null&#xD;
&#xD;
2019-08-20 15:00:39 - [TEST_STEP][PASSED] - catch (Exception e): null&#xD;
&#xD;
2019-08-20 15:00:39 - [TEST_STEP][PASSED] - src = driver.getScreenshotAs(FILE): null&#xD;
&#xD;
2019-08-20 15:00:40 - [TEST_STEP][PASSED] - FileUtils.copyFile(src, new java.io.File(((screenshots + java.lang.System.currentTimeMillis()) + .png))): null&#xD;
&#xD;
2019-08-20 15:00:40 - [TEST_STEP][PASSED] - out.println(e.getMessage()): null&#xD;
&#xD;
2019-08-20 15:00:40 - [TEST_STEP][PASSED] - driver.quit(): null</system-out>
            <system-err></system-err>
        </testcase>
        <system-out>2019-08-20 14:59:05 - [TEST_SUITE][INCOMPLETE] - CustomerSign IN: null</system-out>
        <system-err>2019-08-20 14:59:05 - [TEST_SUITE][INCOMPLETE] - CustomerSign IN: null</system-err>
    </testsuite>
</testsuites>
