<?xml version="1.0" encoding="UTF-8" standalone="yes"?>
<testsuites name="SignUp" time="27" tests="1" failures="0" errors="0">
    <testsuite name="SignUp" tests="1" failures="0" errors="0" time="27" timestamp="2019-08-17 22:31:31" hostname="DAPL-Asset-180 - DAPL-Asset-180" id="Test Suites/SignUp">
        <properties>
            <property name="deviceName" value=""/>
            <property name="devicePlatform" value=""/>
            <property name="logFolder" value="C:\\Users\\DAPL-Asset-180\\Desktop\\project folder\\Workilo\\WorkiloAutomation(14.8.19)\\Reports\\SignUp\\20190817_223125"/>
            <property name="logFiles" value="C:\\Users\\DAPL-Asset-180\\Desktop\\project folder\\Workilo\\WorkiloAutomation(14.8.19)\\Reports\\SignUp\\20190817_223125\\execution0.log"/>
            <property name="attachments" value=""/>
            <property name="hostName" value="DAPL-Asset-180 - DAPL-Asset-180"/>
            <property name="hostAddress" value="192.168.43.246"/>
            <property name="os" value="Windows 8.1 64bit"/>
            <property name="katalonVersion" value="6.2.1.2"/>
        </properties>
        <testcase name="Test Cases/Workilo/Sign Up/RegistrationValidation/InvalidEmailIdLogin" classname="Test Cases/Workilo/Sign Up/RegistrationValidation/InvalidEmailIdLogin" status="PASSED">
            <system-out>2019-08-17 22:31:31 - [TEST_CASE][PASSED] - Test Cases/Workilo/Sign Up/RegistrationValidation/InvalidEmailIdLogin: Test Cases/Workilo/Sign Up/RegistrationValidation/InvalidEmailIdLogin&#xD;
&#xD;
2019-08-17 22:31:33 - [TEST_STEP][PASSED] - System.setProperty("webdriver.chrome.driver", chromePath): null&#xD;
&#xD;
2019-08-17 22:31:33 - [TEST_STEP][PASSED] - driver = new org.openqa.selenium.chrome.ChromeDriver(): null&#xD;
&#xD;
2019-08-17 22:31:37 - [TEST_STEP][PASSED] - window().maximize(): null&#xD;
&#xD;
2019-08-17 22:31:38 - [TEST_STEP][PASSED] - driver.get("http://workilo.com"): null&#xD;
&#xD;
2019-08-17 22:31:51 - [TEST_STEP][PASSED] - timeouts().implicitlyWait(30, SECONDS): null&#xD;
&#xD;
2019-08-17 22:31:51 - [TEST_STEP][PASSED] - try: null&#xD;
&#xD;
2019-08-17 22:31:51 - [TEST_STEP][PASSED] - linkText("Log In")).click(): null&#xD;
&#xD;
2019-08-17 22:31:52 - [TEST_STEP][PASSED] - Thread.sleep(2000): null&#xD;
&#xD;
2019-08-17 22:31:54 - [TEST_STEP][PASSED] - id("email_login")).sendKeys("shahbaz.dapl123.com"): null&#xD;
&#xD;
2019-08-17 22:31:54 - [TEST_STEP][PASSED] - id("password_login")).sendKeys("admin#123"): null&#xD;
&#xD;
2019-08-17 22:31:54 - [TEST_STEP][PASSED] - //*[@value='Log in']")).click(): null&#xD;
&#xD;
2019-08-17 22:31:54 - [TEST_STEP][PASSED] - Thread.sleep(2000): null&#xD;
&#xD;
2019-08-17 22:31:56 - [TEST_STEP][PASSED] - action = new org.openqa.selenium.interactions.Actions(driver): null&#xD;
&#xD;
2019-08-17 22:31:56 - [TEST_STEP][PASSED] - build().perform(): null&#xD;
&#xD;
2019-08-17 22:31:56 - [TEST_STEP][PASSED] - Thread.sleep(2000): null</system-out>
            <system-err></system-err>
        </testcase>
        <system-out>2019-08-17 22:31:31 - [TEST_SUITE][INCOMPLETE] - SignUp: null</system-out>
        <system-err>2019-08-17 22:31:31 - [TEST_SUITE][INCOMPLETE] - SignUp: null</system-err>
    </testsuite>
</testsuites>
