<?xml version="1.0" encoding="UTF-8" standalone="yes"?>
<testsuites name="Bookings" time="54" tests="1" failures="0" errors="0">
    <testsuite name="Bookings" tests="1" failures="0" errors="0" time="54" timestamp="2019-08-19 14:39:34" hostname="DAPL-Asset-180 - DAPL-Asset-180" id="Test Suites/Bookings">
        <properties>
            <property name="deviceName" value=""/>
            <property name="devicePlatform" value=""/>
            <property name="logFolder" value="C:\\Users\\DAPL-Asset-180\\Desktop\\project folder\\Workilo\\WorkiloAutomation(14.8.19)\\Reports\\Bookings\\20190819_143931"/>
            <property name="logFiles" value="C:\\Users\\DAPL-Asset-180\\Desktop\\project folder\\Workilo\\WorkiloAutomation(14.8.19)\\Reports\\Bookings\\20190819_143931\\execution0.log"/>
            <property name="attachments" value=""/>
            <property name="hostName" value="DAPL-Asset-180 - DAPL-Asset-180"/>
            <property name="hostAddress" value="192.168.1.188"/>
            <property name="os" value="Windows 8.1 64bit"/>
            <property name="katalonVersion" value="6.2.1.2"/>
        </properties>
        <testcase name="Test Cases/Workilo/Bookings/ServiceProvider/NewBookingOrder" classname="Test Cases/Workilo/Bookings/ServiceProvider/NewBookingOrder" status="PASSED">
            <system-out>2019-08-19 14:39:35 - [TEST_CASE][PASSED] - Test Cases/Workilo/Bookings/ServiceProvider/NewBookingOrder: Test Cases/Workilo/Bookings/ServiceProvider/NewBookingOrder&#xD;
&#xD;
2019-08-19 14:39:36 - [TEST_STEP][PASSED] - System.setProperty("webdriver.chrome.driver", chromePath): null&#xD;
&#xD;
2019-08-19 14:39:36 - [TEST_STEP][PASSED] - driver = new org.openqa.selenium.chrome.ChromeDriver(): null&#xD;
&#xD;
2019-08-19 14:39:39 - [TEST_STEP][PASSED] - window().maximize(): null&#xD;
&#xD;
2019-08-19 14:39:41 - [TEST_STEP][PASSED] - try: null&#xD;
&#xD;
2019-08-19 14:39:41 - [TEST_STEP][PASSED] - driver.get("http://workilo.com"): null&#xD;
&#xD;
2019-08-19 14:39:52 - [TEST_STEP][PASSED] - timeouts().implicitlyWait(30, SECONDS): null&#xD;
&#xD;
2019-08-19 14:39:52 - [TEST_STEP][PASSED] - linkText("Log In")).click(): null&#xD;
&#xD;
2019-08-19 14:39:53 - [TEST_STEP][PASSED] - Thread.sleep(2000): null&#xD;
&#xD;
2019-08-19 14:39:55 - [TEST_STEP][PASSED] - id("email_login")).sendKeys("testworkilo@gmail.com"): null&#xD;
&#xD;
2019-08-19 14:39:55 - [TEST_STEP][PASSED] - id("password_login")).sendKeys("admin#123"): null&#xD;
&#xD;
2019-08-19 14:39:55 - [TEST_STEP][PASSED] - //*[@value='Log in']")).click(): null&#xD;
&#xD;
2019-08-19 14:39:55 - [TEST_STEP][PASSED] - Thread.sleep(3000): null&#xD;
&#xD;
2019-08-19 14:39:58 - [TEST_STEP][PASSED] - xpath("/html/body/header/div/span[1]")).click(): null&#xD;
&#xD;
2019-08-19 14:40:04 - [TEST_STEP][PASSED] - Thread.sleep(1000): null&#xD;
&#xD;
2019-08-19 14:40:05 - [TEST_STEP][PASSED] - xpath("/html/body/div[4]/div/div[1]/ul/li[2]/a")).click(): null&#xD;
&#xD;
2019-08-19 14:40:08 - [TEST_STEP][PASSED] - Thread.sleep(1000): null&#xD;
&#xD;
2019-08-19 14:40:09 - [TEST_STEP][PASSED] - message = xpath("/html/body/div[6]/div/div[1]/div[1]/div/div/ul/li[1]/a")).getText(): null&#xD;
&#xD;
2019-08-19 14:40:10 - [TEST_STEP][PASSED] - if (message.contains("(0)")): null&#xD;
&#xD;
2019-08-19 14:40:10 - [TEST_STEP][PASSED] - else: null&#xD;
&#xD;
2019-08-19 14:40:10 - [TEST_STEP][PASSED] - js = driver: null&#xD;
&#xD;
2019-08-19 14:40:10 - [TEST_STEP][PASSED] - itemList = driver.findElements(By.xpath("//*[@id='tab-1']/table/tbody/tr")): null&#xD;
&#xD;
2019-08-19 14:40:10 - [TEST_STEP][PASSED] - out.println("ItemList == " + itemList.size()): null&#xD;
&#xD;
2019-08-19 14:40:10 - [TEST_STEP][PASSED] - for ([i = 0, i &lt; itemList.size(), (i++)]): null&#xD;
&#xD;
2019-08-19 14:40:10 - [TEST_STEP][PASSED] - js.executeScript("arguments[0].style.border='3px solid red'", driver.findElement(By.xpath("//*[@id='tab-1']/table/tbody/tr[" + i + 1 + "]/td[1]"))): null&#xD;
&#xD;
2019-08-19 14:40:10 - [TEST_STEP][PASSED] - orderValue = driver.findElement(By.xpath("//*[@id='tab-1']/table/tbody/tr[" + i + 1 + "]/td[1]")): null&#xD;
&#xD;
2019-08-19 14:40:10 - [TEST_STEP][PASSED] - js.executeScript("arguments[0].style.border='3px solid red'", driver.findElement(By.xpath("//*[@id='tab-1']/table/tbody/tr[" + i + 1 + "]/td[2]"))): null&#xD;
&#xD;
2019-08-19 14:40:10 - [TEST_STEP][PASSED] - addressValue = driver.findElement(By.xpath("//*[@id='tab-1']/table/tbody/tr[" + i + 1 + "]/td[2]")): null&#xD;
&#xD;
2019-08-19 14:40:10 - [TEST_STEP][PASSED] - js.executeScript("arguments[0].style.border='3px solid red'", driver.findElement(By.xpath("//*[@id='tab-1']/table/tbody/tr[" + i + 1 + "]/td[3]"))): null&#xD;
&#xD;
2019-08-19 14:40:10 - [TEST_STEP][PASSED] - listingValue = driver.findElement(By.xpath("//*[@id='tab-1']/table/tbody/tr[" + i + 1 + "]/td[3]")): null&#xD;
&#xD;
2019-08-19 14:40:10 - [TEST_STEP][PASSED] - js.executeScript("arguments[0].style.border='3px solid red'", driver.findElement(By.xpath("//*[@id='tab-1']/table/tbody/tr[" + i + 1 + "]/td[4]"))): null&#xD;
&#xD;
2019-08-19 14:40:10 - [TEST_STEP][PASSED] - bookingDate = driver.findElement(By.xpath("//*[@id='tab-1']/table/tbody/tr[" + i + 1 + "]/td[4]")): null&#xD;
&#xD;
2019-08-19 14:40:10 - [TEST_STEP][PASSED] - js.executeScript("arguments[0].style.border='3px solid red'", driver.findElement(By.xpath("//*[@id='tab-1']/table/tbody/tr[" + i + 1 + "]/td[5]"))): null&#xD;
&#xD;
2019-08-19 14:40:10 - [TEST_STEP][PASSED] - statusValue = driver.findElement(By.xpath("//*[@id='tab-1']/table/tbody/tr[" + i + 1 + "]/td[5]")): null&#xD;
&#xD;
2019-08-19 14:40:10 - [TEST_STEP][PASSED] - js.executeScript("arguments[0].style.border='3px solid red'", driver.findElement(By.xpath("//*[@id='tab-1']/table/tbody/tr[" + i + 1 + "]/td[6]"))): null&#xD;
&#xD;
2019-08-19 14:40:10 - [TEST_STEP][PASSED] - paymentStatus = driver.findElement(By.xpath("//*[@id='tab-1']/table/tbody/tr[" + i + 1 + "]/td[6]")): null&#xD;
&#xD;
2019-08-19 14:40:10 - [TEST_STEP][PASSED] - js.executeScript("arguments[0].style.border='3px solid red'", driver.findElement(By.xpath("//*[@id='tab-1']/table/tbody/tr[" + i + 1 + "]/td[7]"))): null&#xD;
&#xD;
2019-08-19 14:40:10 - [TEST_STEP][PASSED] - Assert.assertNotEquals(orderValue, null, "Order number is null"): null&#xD;
&#xD;
2019-08-19 14:40:10 - [TEST_STEP][PASSED] - Assert.assertNotEquals(addressValue, null, "Address is null"): null&#xD;
&#xD;
2019-08-19 14:40:10 - [TEST_STEP][PASSED] - Assert.assertNotEquals(listingValue, null, "Listing is null"): null&#xD;
&#xD;
2019-08-19 14:40:10 - [TEST_STEP][PASSED] - Assert.assertNotEquals(bookingDate, null, "Booking date is null"): null&#xD;
&#xD;
2019-08-19 14:40:10 - [TEST_STEP][PASSED] - Assert.assertNotEquals(statusValue, null, "Status is null"): null&#xD;
&#xD;
2019-08-19 14:40:10 - [TEST_STEP][PASSED] - Assert.assertNotEquals(paymentStatus, null, "Payment status is null"): null&#xD;
&#xD;
2019-08-19 14:40:10 - [TEST_STEP][PASSED] - js.executeScript("arguments[0].style.border='3px solid red'", driver.findElement(By.xpath("//*[@id='tab-1']/table/tbody/tr[" + i + 1 + "]/td[1]"))): null&#xD;
&#xD;
2019-08-19 14:40:10 - [TEST_STEP][PASSED] - orderValue = driver.findElement(By.xpath("//*[@id='tab-1']/table/tbody/tr[" + i + 1 + "]/td[1]")): null&#xD;
&#xD;
2019-08-19 14:40:10 - [TEST_STEP][PASSED] - js.executeScript("arguments[0].style.border='3px solid red'", driver.findElement(By.xpath("//*[@id='tab-1']/table/tbody/tr[" + i + 1 + "]/td[2]"))): null&#xD;
&#xD;
2019-08-19 14:40:11 - [TEST_STEP][PASSED] - addressValue = driver.findElement(By.xpath("//*[@id='tab-1']/table/tbody/tr[" + i + 1 + "]/td[2]")): null&#xD;
&#xD;
2019-08-19 14:40:11 - [TEST_STEP][PASSED] - js.executeScript("arguments[0].style.border='3px solid red'", driver.findElement(By.xpath("//*[@id='tab-1']/table/tbody/tr[" + i + 1 + "]/td[3]"))): null&#xD;
&#xD;
2019-08-19 14:40:11 - [TEST_STEP][PASSED] - listingValue = driver.findElement(By.xpath("//*[@id='tab-1']/table/tbody/tr[" + i + 1 + "]/td[3]")): null&#xD;
&#xD;
2019-08-19 14:40:11 - [TEST_STEP][PASSED] - js.executeScript("arguments[0].style.border='3px solid red'", driver.findElement(By.xpath("//*[@id='tab-1']/table/tbody/tr[" + i + 1 + "]/td[4]"))): null&#xD;
&#xD;
2019-08-19 14:40:11 - [TEST_STEP][PASSED] - bookingDate = driver.findElement(By.xpath("//*[@id='tab-1']/table/tbody/tr[" + i + 1 + "]/td[4]")): null&#xD;
&#xD;
2019-08-19 14:40:11 - [TEST_STEP][PASSED] - js.executeScript("arguments[0].style.border='3px solid red'", driver.findElement(By.xpath("//*[@id='tab-1']/table/tbody/tr[" + i + 1 + "]/td[5]"))): null&#xD;
&#xD;
2019-08-19 14:40:11 - [TEST_STEP][PASSED] - statusValue = driver.findElement(By.xpath("//*[@id='tab-1']/table/tbody/tr[" + i + 1 + "]/td[5]")): null&#xD;
&#xD;
2019-08-19 14:40:11 - [TEST_STEP][PASSED] - js.executeScript("arguments[0].style.border='3px solid red'", driver.findElement(By.xpath("//*[@id='tab-1']/table/tbody/tr[" + i + 1 + "]/td[6]"))): null&#xD;
&#xD;
2019-08-19 14:40:11 - [TEST_STEP][PASSED] - paymentStatus = driver.findElement(By.xpath("//*[@id='tab-1']/table/tbody/tr[" + i + 1 + "]/td[6]")): null&#xD;
&#xD;
2019-08-19 14:40:11 - [TEST_STEP][PASSED] - js.executeScript("arguments[0].style.border='3px solid red'", driver.findElement(By.xpath("//*[@id='tab-1']/table/tbody/tr[" + i + 1 + "]/td[7]"))): null&#xD;
&#xD;
2019-08-19 14:40:11 - [TEST_STEP][PASSED] - Assert.assertNotEquals(orderValue, null, "Order number is null"): null&#xD;
&#xD;
2019-08-19 14:40:11 - [TEST_STEP][PASSED] - Assert.assertNotEquals(addressValue, null, "Address is null"): null&#xD;
&#xD;
2019-08-19 14:40:11 - [TEST_STEP][PASSED] - Assert.assertNotEquals(listingValue, null, "Listing is null"): null&#xD;
&#xD;
2019-08-19 14:40:11 - [TEST_STEP][PASSED] - Assert.assertNotEquals(bookingDate, null, "Booking date is null"): null&#xD;
&#xD;
2019-08-19 14:40:11 - [TEST_STEP][PASSED] - Assert.assertNotEquals(statusValue, null, "Status is null"): null&#xD;
&#xD;
2019-08-19 14:40:11 - [TEST_STEP][PASSED] - Assert.assertNotEquals(paymentStatus, null, "Payment status is null"): null&#xD;
&#xD;
2019-08-19 14:40:11 - [TEST_STEP][PASSED] - js.executeScript("arguments[0].style.border='3px solid red'", driver.findElement(By.xpath("//*[@id='tab-1']/table/tbody/tr[" + i + 1 + "]/td[1]"))): null&#xD;
&#xD;
2019-08-19 14:40:11 - [TEST_STEP][PASSED] - orderValue = driver.findElement(By.xpath("//*[@id='tab-1']/table/tbody/tr[" + i + 1 + "]/td[1]")): null&#xD;
&#xD;
2019-08-19 14:40:11 - [TEST_STEP][PASSED] - js.executeScript("arguments[0].style.border='3px solid red'", driver.findElement(By.xpath("//*[@id='tab-1']/table/tbody/tr[" + i + 1 + "]/td[2]"))): null&#xD;
&#xD;
2019-08-19 14:40:11 - [TEST_STEP][PASSED] - addressValue = driver.findElement(By.xpath("//*[@id='tab-1']/table/tbody/tr[" + i + 1 + "]/td[2]")): null&#xD;
&#xD;
2019-08-19 14:40:11 - [TEST_STEP][PASSED] - js.executeScript("arguments[0].style.border='3px solid red'", driver.findElement(By.xpath("//*[@id='tab-1']/table/tbody/tr[" + i + 1 + "]/td[3]"))): null&#xD;
&#xD;
2019-08-19 14:40:11 - [TEST_STEP][PASSED] - listingValue = driver.findElement(By.xpath("//*[@id='tab-1']/table/tbody/tr[" + i + 1 + "]/td[3]")): null&#xD;
&#xD;
2019-08-19 14:40:11 - [TEST_STEP][PASSED] - js.executeScript("arguments[0].style.border='3px solid red'", driver.findElement(By.xpath("//*[@id='tab-1']/table/tbody/tr[" + i + 1 + "]/td[4]"))): null&#xD;
&#xD;
2019-08-19 14:40:11 - [TEST_STEP][PASSED] - bookingDate = driver.findElement(By.xpath("//*[@id='tab-1']/table/tbody/tr[" + i + 1 + "]/td[4]")): null&#xD;
&#xD;
2019-08-19 14:40:11 - [TEST_STEP][PASSED] - js.executeScript("arguments[0].style.border='3px solid red'", driver.findElement(By.xpath("//*[@id='tab-1']/table/tbody/tr[" + i + 1 + "]/td[5]"))): null&#xD;
&#xD;
2019-08-19 14:40:11 - [TEST_STEP][PASSED] - statusValue = driver.findElement(By.xpath("//*[@id='tab-1']/table/tbody/tr[" + i + 1 + "]/td[5]")): null&#xD;
&#xD;
2019-08-19 14:40:11 - [TEST_STEP][PASSED] - js.executeScript("arguments[0].style.border='3px solid red'", driver.findElement(By.xpath("//*[@id='tab-1']/table/tbody/tr[" + i + 1 + "]/td[6]"))): null&#xD;
&#xD;
2019-08-19 14:40:11 - [TEST_STEP][PASSED] - paymentStatus = driver.findElement(By.xpath("//*[@id='tab-1']/table/tbody/tr[" + i + 1 + "]/td[6]")): null&#xD;
&#xD;
2019-08-19 14:40:11 - [TEST_STEP][PASSED] - js.executeScript("arguments[0].style.border='3px solid red'", driver.findElement(By.xpath("//*[@id='tab-1']/table/tbody/tr[" + i + 1 + "]/td[7]"))): null&#xD;
&#xD;
2019-08-19 14:40:12 - [TEST_STEP][PASSED] - Assert.assertNotEquals(orderValue, null, "Order number is null"): null&#xD;
&#xD;
2019-08-19 14:40:12 - [TEST_STEP][PASSED] - Assert.assertNotEquals(addressValue, null, "Address is null"): null&#xD;
&#xD;
2019-08-19 14:40:12 - [TEST_STEP][PASSED] - Assert.assertNotEquals(listingValue, null, "Listing is null"): null&#xD;
&#xD;
2019-08-19 14:40:12 - [TEST_STEP][PASSED] - Assert.assertNotEquals(bookingDate, null, "Booking date is null"): null&#xD;
&#xD;
2019-08-19 14:40:12 - [TEST_STEP][PASSED] - Assert.assertNotEquals(statusValue, null, "Status is null"): null&#xD;
&#xD;
2019-08-19 14:40:12 - [TEST_STEP][PASSED] - Assert.assertNotEquals(paymentStatus, null, "Payment status is null"): null&#xD;
&#xD;
2019-08-19 14:40:12 - [TEST_STEP][PASSED] - xpath("/html/body/header/div/span[1]")).click(): null&#xD;
&#xD;
2019-08-19 14:40:12 - [TEST_STEP][PASSED] - Thread.sleep(2000): null&#xD;
&#xD;
2019-08-19 14:40:14 - [TEST_STEP][PASSED] - linkText("Sign Out")).click(): null&#xD;
&#xD;
2019-08-19 14:40:25 - [TEST_STEP][PASSED] - Thread.sleep(1000): null&#xD;
&#xD;
2019-08-19 14:40:26 - [TEST_STEP][PASSED] - action = new org.openqa.selenium.interactions.Actions(driver): null&#xD;
&#xD;
2019-08-19 14:40:26 - [TEST_STEP][PASSED] - build().perform(): null&#xD;
&#xD;
2019-08-19 14:40:26 - [TEST_STEP][PASSED] - Thread.sleep(2000): null&#xD;
&#xD;
2019-08-19 14:40:28 - [TEST_STEP][PASSED] - driver.quit(): null</system-out>
            <system-err></system-err>
        </testcase>
        <system-out>2019-08-19 14:39:34 - [TEST_SUITE][INCOMPLETE] - Bookings: null</system-out>
        <system-err>2019-08-19 14:39:34 - [TEST_SUITE][INCOMPLETE] - Bookings: null</system-err>
    </testsuite>
</testsuites>
